/home/etlin/Documents/ncsu/spring2023_csc791_ase/ASE_spring23_proj/src/sway1/../../data/auto2.csv

min: 0.5
far: 0.95

sample: 10
 CityMPG+: 29.455000000000002
[27.9, 26.1, 30.2, 31.4, 30.0, 28.7, 28.9, 31.4, 28.3, 28.5, 30.4, 26.5, 29.6, 31.1, 30.6, 31.3, 30.8, 31.5, 31.4, 24.5]
 HighwayMPG+: 35.075
[34.3, 32.9, 35.8, 36.8, 35.6, 34.5, 34.8, 36.8, 34.1, 33.8, 35.8, 31.8, 35.3, 36.1, 36.2, 36.4, 36.2, 36.7, 36.8, 30.8]
 Weight-: 2348.1500000000005
[2454.6, 2615.9, 2268.3, 2278.8, 2272.3, 2394.1, 2333.5, 2278.8, 2348.3, 2285.0, 2295.8, 2738.5, 2307.3, 2204.5, 2228.6, 2170.4, 2312.3, 2176.4, 2278.8, 2720.8]
 Class-: 10.83
[10.8, 14.1, 9.9, 10.2, 10.0, 11.9, 10.3, 10.2, 9.9, 9.5, 10.4, 13.6, 10.1, 9.8, 9.4, 9.2, 10.3, 9.2, 10.2, 17.6]
execution time: 0.13260483741760254 seconds

sample: 25
 CityMPG+: 28.415000000000003
[29.2, 30.0, 28.4, 25.8, 27.4, 30.6, 24.8, 29.5, 26.8, 30.8, 26.8, 30.2, 31.0, 27.5, 25.4, 30.6, 29.1, 28.5, 29.9, 26.0]
 HighwayMPG+: 34.13999999999999
[35.2, 35.6, 33.8, 31.8, 33.5, 36.0, 32.1, 35.1, 32.3, 36.2, 32.8, 34.9, 36.4, 33.2, 32.2, 36.2, 34.0, 33.8, 35.4, 32.3]
 Weight-: 2379.06
[2325.0, 2287.7, 2310.4, 2471.3, 2370.0, 2293.8, 2628.8, 2460.5, 2492.1, 2312.3, 2652.1, 2206.9, 2242.5, 2433.2, 2593.8, 2228.6, 2248.6, 2285.0, 2277.7, 2460.9]
 Class-: 11.020000000000001
[11.4, 10.0, 10.0, 13.4, 11.3, 10.4, 12.4, 12.5, 11.3, 10.3, 15.4, 9.4, 10.0, 11.1, 12.3, 9.4, 9.3, 9.5, 10.0, 11.0]
execution time: 0.14078116416931152 seconds

sample: 50
 CityMPG+: 29.15
[30.1, 27.8, 19.6, 28.2, 30.8, 30.5, 31.2, 30.2, 30.5, 29.8, 30.5, 30.0, 30.0, 30.5, 25.2, 29.2, 31.3, 25.5, 30.6, 31.5]
 HighwayMPG+: 34.545
[35.3, 33.8, 25.0, 34.0, 36.2, 36.0, 36.3, 35.8, 35.6, 35.1, 35.9, 35.3, 34.8, 35.8, 31.1, 34.8, 36.4, 31.6, 35.8, 36.3]
 Weight-: 2345.29
[2219.6, 2346.2, 3418.1, 2445.8, 2313.1, 2247.7, 2169.6, 2256.5, 2234.5, 2262.7, 2242.1, 2236.5, 2220.8, 2220.9, 2495.4, 2266.5, 2356.8, 2567.1, 2220.4, 2165.5]
 Class-: 10.84
[10.0, 10.3, 16.8, 11.9, 10.4, 10.1, 9.2, 10.4, 9.6, 10.0, 9.7, 9.8, 10.0, 9.9, 12.7, 9.5, 10.9, 16.7, 9.8, 9.1]
execution time: 0.1532917022705078 seconds

sample: 100
 CityMPG+: 28.32
[29.1, 30.9, 26.1, 25.7, 31.0, 26.7, 26.4, 23.0, 29.1, 30.2, 28.6, 29.5, 30.5, 28.3, 28.5, 27.3, 30.9, 25.8, 27.8, 31.0]
 HighwayMPG+: 34.035000000000004
[34.6, 36.1, 32.0, 31.5, 36.5, 33.1, 33.2, 29.8, 35.3, 36.5, 33.5, 34.5, 35.3, 34.0, 34.0, 32.9, 35.9, 32.0, 34.0, 36.0]
 Weight-: 2454.925
[2303.6, 2287.3, 2811.4, 2567.3, 2194.1, 2497.3, 2647.3, 2956.0, 2443.3, 2351.9, 2342.3, 2312.1, 2386.5, 2568.8, 2385.5, 2451.8, 2172.3, 2778.8, 2477.3, 2163.6]
 Class-: 12.545
[9.6, 11.4, 18.8, 12.5, 9.1, 12.3, 15.0, 20.8, 11.0, 12.0, 11.0, 11.8, 12.5, 12.4, 10.9, 11.2, 8.9, 19.2, 11.5, 9.0]
execution time: 0.1779613494873047 seconds

sample: 200
 CityMPG+: 27.585
[21.8, 27.8, 29.9, 30.2, 28.2, 27.0, 32.2, 26.7, 32.1, 20.3, 22.6, 32.3, 19.1, 31.0, 31.8, 23.7, 28.5, 31.8, 23.5, 31.2]
 HighwayMPG+: 33.8
[28.3, 34.8, 35.7, 36.2, 34.7, 32.8, 37.4, 33.3, 37.2, 28.3, 29.4, 37.5, 27.6, 36.5, 36.9, 30.3, 34.5, 37.5, 31.2, 35.9]
 Weight-: 2581.3149999999996
[3070.0, 2359.6, 2265.5, 2294.2, 2498.8, 2417.7, 2270.0, 2563.5, 2213.8, 3330.5, 3180.9, 2207.1, 3548.5, 2248.5, 2289.2, 2833.2, 2519.6, 2374.1, 2881.2, 2260.4]
 Class-: 14.485
[21.3, 10.2, 9.8, 11.3, 12.4, 10.8, 10.7, 14.8, 10.1, 20.8, 29.3, 10.1, 23.8, 10.0, 12.1, 15.9, 17.0, 11.9, 16.7, 10.7]
execution time: 0.22826433181762695 seconds

sample: 500
 CityMPG+: 25.835
[22.8, 32.0, 18.5, 31.1, 24.7, 25.6, 31.1, 23.9, 24.7, 29.8, 23.2, 25.6, 25.8, 25.4, 30.8, 20.3, 23.8, 23.0, 29.5, 25.1]
 HighwayMPG+: 32.135
[29.6, 36.8, 25.7, 36.3, 31.3, 33.2, 36.5, 29.8, 30.8, 36.0, 29.7, 31.8, 32.3, 31.7, 36.0, 27.3, 30.8, 29.8, 35.4, 31.9]
 Weight-: 2667.7400000000002
[2874.2, 2188.8, 3607.9, 2174.5, 2537.3, 2689.2, 2293.8, 2611.0, 2843.8, 2373.8, 2975.8, 2785.0, 2637.7, 2747.9, 2299.2, 3246.3, 2691.3, 2915.5, 2246.4, 2615.4]
 Class-: 14.684999999999999
[17.2, 9.7, 20.5, 9.0, 13.5, 14.5, 10.2, 13.7, 19.9, 10.1, 16.4, 18.5, 13.6, 15.5, 10.4, 24.0, 14.0, 17.9, 10.2, 14.9]
execution time: 0.3781428337097168 seconds

sample: 1000
 CityMPG+: 26.305
[25.1, 30.9, 32.1, 22.4, 24.9, 24.8, 21.6, 24.2, 29.0, 26.3, 30.5, 29.2, 28.3, 25.5, 20.8, 21.6, 31.2, 30.8, 23.7, 23.2]
 HighwayMPG+: 32.62
[31.9, 36.1, 37.0, 29.8, 31.5, 31.2, 28.4, 31.8, 34.8, 32.4, 36.2, 34.5, 34.1, 32.3, 27.7, 28.5, 36.1, 36.4, 31.3, 30.4]
 Weight-: 2649.345
[2661.9, 2279.6, 2196.9, 2988.8, 2767.3, 2934.2, 3026.3, 2690.0, 2383.8, 2686.3, 2230.0, 2290.8, 2441.7, 2779.2, 3153.3, 3055.4, 2267.7, 2330.0, 2807.5, 3016.2]
 Class-: 14.36
[14.1, 10.3, 9.7, 15.7, 15.6, 19.1, 20.3, 13.9, 10.5, 14.4, 9.2, 10.1, 13.7, 14.3, 25.1, 19.1, 10.5, 10.7, 14.6, 16.3]
execution time: 0.6313183307647705 seconds

