/home/etlin/Documents/ncsu/spring2023_csc791_ase/ASE_spring23_proj/src/sway1/../../data/auto93.csv

min: 0.5
far: 0.95

sample: 10
Lbs-: 2298.36
[2431.2, 2289.2, 2294.8, 2361.7, 2605.4, 2388.0, 2100.6, 2495.8, 2145.8, 2147.9, 2271.5, 2393.9, 2286.5, 2589.8, 2068.5, 2127.3, 2170.6, 2210.3, 2088.0, 2500.4]
Acc+: 16.47
[16.2, 15.7, 16.2, 15.3, 16.2, 15.9, 16.8, 17.9, 16.2, 16.4, 16.8, 17.7, 16.8, 16.0, 16.8, 16.4, 16.7, 16.5, 16.4, 16.5]
Mpg+: 30.119999999999997
[29.2, 28.8, 32.5, 26.9, 26.5, 31.6, 30.0, 32.7, 35.0, 26.5, 26.0, 33.5, 26.2, 30.4, 29.6, 30.0, 31.2, 30.4, 35.0, 30.4]
execution time: 0.1821892261505127 seconds

sample: 25
Lbs-: 2277.74
[2215.5, 2281.2, 2431.5, 2359.1, 2537.9, 2142.8, 2361.7, 2171.1, 2102.2, 2132.4, 2280.3, 2578.6, 2065.5, 2183.5, 2121.3, 2296.3, 2430.7, 2327.7, 2378.1, 2157.4]
Acc+: 16.529999999999998
[16.3, 16.8, 18.0, 18.0, 16.7, 16.6, 15.3, 16.6, 16.4, 16.5, 15.8, 16.5, 16.9, 16.2, 16.7, 15.9, 15.9, 16.4, 16.8, 16.3]
Mpg+: 30.735000000000003
[29.6, 26.4, 33.3, 36.2, 30.0, 31.5, 26.9, 30.8, 35.0, 35.0, 33.5, 30.0, 33.1, 26.2, 33.8, 26.5, 29.2, 30.8, 30.4, 26.5]
execution time: 0.18669342994689941 seconds

sample: 50
Lbs-: 2297.71
[2188.0, 2286.5, 2184.2, 2077.6, 2572.6, 2403.4, 2220.6, 2153.3, 2076.4, 2429.3, 2120.5, 2286.9, 2489.4, 2409.2, 2160.7, 2276.5, 2442.3, 2504.2, 2403.4, 2269.2]
Acc+: 16.675
[16.4, 16.8, 16.7, 16.5, 17.8, 15.7, 16.3, 16.9, 16.8, 16.7, 16.5, 16.8, 16.5, 17.6, 16.5, 16.9, 17.8, 16.5, 15.7, 16.1]
Mpg+: 30.764999999999997
[30.8, 26.2, 32.4, 35.0, 31.9, 27.7, 32.1, 27.3, 28.0, 29.2, 33.1, 26.2, 30.8, 33.3, 33.5, 32.7, 32.8, 30.8, 27.7, 33.8]
execution time: 0.19193434715270996 seconds

sample: 100
Lbs-: 2232.1650000000004
[2147.9, 2120.5, 2280.3, 2477.5, 2394.1, 2296.3, 2100.7, 2065.1, 2522.7, 2278.6, 2194.3, 2286.9, 2123.7, 2200.8, 2363.5, 2101.4, 2138.6, 2150.8, 2357.3, 2042.3]
Acc+: 16.545
[16.4, 16.6, 15.8, 16.2, 16.4, 15.9, 16.8, 16.6, 17.8, 16.1, 16.2, 16.8, 16.4, 15.8, 16.6, 16.6, 16.8, 16.7, 17.2, 17.2]
Mpg+: 31.290000000000003
[26.5, 33.1, 33.5, 31.9, 25.0, 26.5, 33.1, 35.0, 32.4, 30.0, 34.6, 26.2, 35.4, 33.5, 30.0, 33.1, 29.2, 35.2, 32.0, 29.6]
execution time: 0.20237421989440918 seconds

sample: 200
Lbs-: 2314.085
[2037.0, 2397.1, 2036.1, 2579.6, 2189.6, 2348.4, 2443.8, 2345.0, 2561.0, 2222.2, 2344.1, 2271.2, 1998.6, 2277.9, 2503.0, 2298.0, 2220.7, 2331.7, 2577.5, 2299.2]
Acc+: 16.415
[17.0, 16.5, 17.0, 15.9, 16.4, 17.0, 16.9, 16.8, 16.4, 15.3, 15.8, 16.4, 16.8, 17.6, 16.2, 15.7, 16.4, 16.2, 15.8, 16.2]
Mpg+: 31.115
[33.5, 32.7, 33.1, 30.4, 33.1, 26.0, 31.6, 30.4, 31.6, 33.0, 30.0, 25.4, 35.8, 34.4, 30.4, 28.3, 30.0, 31.3, 28.5, 32.8]
execution time: 0.2214648723602295 seconds

sample: 500
Lbs-: 2282.79
[2250.2, 2165.2, 2038.5, 2801.0, 2065.9, 2223.5, 2176.1, 2272.8, 2097.9, 2387.4, 2024.4, 2461.7, 2586.6, 2152.0, 2394.8, 2021.0, 2054.6, 2302.4, 2985.1, 2194.7]
Acc+: 16.500000000000004
[16.6, 17.4, 17.2, 15.7, 17.1, 16.2, 16.9, 16.4, 16.8, 16.5, 17.4, 16.3, 15.9, 16.4, 16.0, 17.1, 16.6, 15.7, 15.6, 16.2]
Mpg+: 30.074999999999996
[26.8, 35.4, 34.8, 25.4, 36.0, 26.5, 26.0, 27.6, 35.0, 31.3, 28.5, 30.4, 30.0, 26.5, 31.9, 36.2, 35.4, 28.8, 23.0, 26.0]
execution time: 0.28094935417175293 seconds

sample: 1000
Lbs-: 2224.0
[2286.3, 2489.4, 2115.9, 2076.2, 2645.8, 2049.4, 2264.4, 2049.4, 2148.9, 2160.4, 2645.1, 1990.8, 2042.2, 2045.2, 2009.4, 2283.0, 2183.7, 2181.7, 2506.0, 2306.8]
Acc+: 16.77
[17.2, 16.5, 17.0, 16.8, 16.5, 17.1, 16.4, 17.1, 16.9, 17.2, 16.6, 17.4, 16.9, 16.7, 17.1, 16.0, 16.8, 16.5, 16.5, 16.2]
Mpg+: 31.340000000000003
[26.2, 30.8, 28.8, 35.2, 29.2, 35.2, 25.4, 35.2, 30.4, 35.8, 23.8, 35.0, 33.8, 33.1, 36.2, 25.8, 35.0, 34.2, 30.8, 26.9]
execution time: 0.3763282299041748 seconds

