/home/etlin/Documents/ncsu/spring2023_csc791_ase/ASE_spring23_proj/src/sway1/../../data/china.csv

min: 0.5
far: 0.95

sample: 10
N_effort-: 1376.4199999999998
[950.0, 609.3, 657.0, 570.4, 599.3, 364.2, 818.3, 494.3, 807.3, 5346.9, 1489.1, 1101.1, 466.4, 420.8, 1797.0, 523.1, 900.5, 8047.5, 965.1, 600.8]
execution time: 0.5880000591278076 seconds

sample: 25
N_effort-: 1157.0700000000002
[707.0, 1949.6, 1825.0, 1709.1, 698.2, 3469.7, 438.5, 552.3, 760.1, 461.5, 818.2, 553.2, 555.0, 418.6, 635.1, 2686.7, 1272.0, 1334.1, 1657.2, 640.3]
execution time: 0.6024277210235596 seconds

sample: 50
N_effort-: 1209.7699999999998
[1320.8, 484.9, 973.1, 471.3, 495.3, 543.2, 393.2, 467.4, 4959.2, 2501.0, 2223.4, 492.5, 2286.0, 1333.1, 1209.1, 475.8, 723.4, 398.8, 352.8, 2091.1]
execution time: 0.6252813339233398 seconds

sample: 100
N_effort-: 2175.8
[584.6, 9112.4, 1200.0, 1072.9, 5017.0, 832.3, 1474.1, 2382.9, 500.5, 469.8, 348.3, 2292.0, 790.0, 338.3, 762.7, 403.1, 1655.2, 2044.0, 6209.0, 6026.9]
execution time: 0.6531674861907959 seconds

sample: 200
N_effort-: 1698.3799999999999
[3409.1, 8697.6, 1161.9, 1586.4, 5299.8, 522.3, 754.1, 428.2, 801.0, 653.4, 411.3, 3729.4, 413.5, 2061.5, 417.3, 658.2, 1133.8, 515.0, 477.9, 835.9]
execution time: 0.7172913551330566 seconds

sample: 500
N_effort-: 1416.8800000000003
[1825.5, 1101.3, 497.3, 455.0, 648.1, 400.3, 2865.8, 351.9, 1133.7, 443.6, 2074.6, 1173.9, 3091.3, 1928.3, 5971.0, 482.3, 705.2, 461.4, 1722.9, 1004.2]
execution time: 0.9086649417877197 seconds

sample: 1000
N_effort-: 1167.79
[427.3, 1768.8, 510.2, 856.6, 1025.0, 420.1, 310.8, 1817.5, 343.6, 768.9, 634.1, 3289.5, 890.2, 550.3, 546.5, 1279.1, 3077.2, 425.5, 3446.8, 967.8]
execution time: 1.2438836097717285 seconds

