/home/etlin/Documents/ncsu/spring2023_csc791_ase/ASE_spring23_proj/src/sway1/../../data/coc1000.csv

min: 0.5
far: 0.95

sample: 10
LOC+: 1026.355
[947.4, 1054.0, 996.0, 990.7, 980.4, 1031.5, 997.9, 1138.4, 1060.2, 1089.8, 1121.1, 971.3, 1034.7, 953.6, 1267.5, 997.3, 988.3, 896.8, 951.9, 1058.3]
 AEXP-: 2.9299999999999997
[2.9, 3.0, 2.9, 3.2, 2.9, 3.0, 2.9, 3.0, 3.0, 3.0, 2.9, 3.0, 2.7, 3.2, 2.8, 2.8, 3.0, 2.7, 2.9, 2.8]
 PLEX-: 2.9999999999999996
[3.4, 2.8, 3.0, 2.7, 2.8, 3.1, 2.9, 3.0, 3.1, 2.9, 3.3, 3.0, 3.0, 2.8, 3.0, 2.9, 3.0, 3.4, 3.0, 2.9]
 RISK-: 5.54
[2.5, 4.2, 5.8, 4.8, 5.2, 4.8, 5.6, 6.9, 6.1, 6.6, 2.3, 4.3, 13.3, 5.8, 5.7, 4.2, 4.8, 7.9, 6.1, 3.9]
 EFFORT-: 29210.495000000003
[14553.2, 25222.4, 29308.8, 34246.9, 32503.4, 37147.6, 26186.9, 41577.2, 32887.3, 37762.6, 16356.9, 19280.6, 50653.0, 15833.9, 47644.9, 26467.4, 25013.5, 25217.2, 29417.6, 16928.6]
execution time: 2.041212558746338 seconds

sample: 25
LOC+: 988.29
[882.8, 1100.3, 960.7, 884.4, 1000.0, 1103.0, 1023.6, 823.7, 1030.4, 890.3, 1061.1, 935.7, 1049.9, 1001.8, 946.6, 887.3, 1017.6, 1037.8, 1099.2, 1029.6]
 AEXP-: 2.9699999999999998
[2.4, 3.0, 2.8, 3.1, 3.1, 3.2, 3.0, 3.1, 2.9, 3.0, 3.1, 3.2, 2.8, 3.0, 2.7, 2.8, 3.1, 3.0, 3.2, 2.9]
 PLEX-: 2.9850000000000003
[2.8, 3.0, 3.4, 3.0, 3.1, 2.9, 2.7, 2.7, 3.2, 2.9, 3.3, 2.7, 3.1, 3.2, 2.9, 3.1, 2.9, 2.6, 3.2, 3.0]
 RISK-: 5.035000000000001
[6.8, 1.3, 3.5, 6.4, 2.4, 3.0, 4.6, 3.6, 3.8, 5.8, 3.6, 7.1, 8.6, 4.4, 4.5, 5.2, 7.4, 6.2, 5.2, 7.3]
 EFFORT-: 25445.99
[30743.6, 13142.0, 15818.3, 23653.7, 13843.8, 24538.0, 36980.0, 16858.7, 25877.5, 30381.7, 19029.0, 32914.8, 40331.3, 20775.3, 31562.9, 18784.8, 25123.2, 23145.1, 25445.2, 39970.9]
execution time: 1.9181902408599854 seconds

sample: 50
LOC+: 1001.65
[957.2, 1038.2, 988.3, 1090.5, 1026.7, 971.3, 1004.9, 960.2, 1018.1, 987.9, 982.4, 982.1, 929.8, 928.3, 1021.7, 963.5, 976.0, 978.7, 1255.7, 971.5]
 AEXP-: 3.005
[3.1, 2.8, 3.2, 2.9, 2.9, 3.3, 3.2, 2.9, 3.0, 3.0, 3.0, 3.2, 3.0, 2.8, 3.3, 2.7, 2.7, 3.2, 2.9, 3.0]
 PLEX-: 3.005
[2.7, 3.0, 3.3, 3.0, 3.0, 3.0, 2.9, 2.9, 3.0, 2.8, 2.9, 2.6, 3.1, 3.1, 3.0, 3.0, 3.5, 3.3, 3.1, 2.9]
 RISK-: 5.584999999999999
[6.0, 3.0, 10.8, 2.1, 8.9, 2.9, 4.3, 6.8, 2.7, 4.9, 8.9, 14.1, 5.2, 5.7, 5.6, 6.1, 5.5, 2.2, 2.6, 3.4]
 EFFORT-: 25969.385
[23410.0, 21234.5, 34947.9, 22696.9, 34408.0, 14339.4, 23848.6, 38042.0, 19158.6, 25525.1, 30890.5, 61440.8, 21923.4, 21716.3, 21118.6, 27452.6, 24068.9, 14476.6, 23069.3, 15619.7]
execution time: 2.04715633392334 seconds

sample: 100
LOC+: 1018.915
[1046.0, 1022.4, 970.7, 932.8, 927.5, 949.1, 1008.8, 1063.7, 1005.7, 1004.5, 923.0, 1076.3, 1181.4, 1168.3, 863.8, 1006.4, 904.9, 1129.1, 1060.2, 1133.7]
 AEXP-: 2.965
[2.9, 2.8, 2.9, 2.8, 3.1, 2.9, 2.9, 3.2, 2.8, 2.7, 3.2, 3.1, 2.9, 3.1, 3.4, 3.1, 2.8, 2.6, 3.1, 3.0]
 PLEX-: 3.02
[3.3, 2.9, 2.9, 3.2, 3.2, 3.3, 3.3, 3.1, 2.8, 3.0, 3.1, 3.0, 2.8, 2.8, 2.7, 2.9, 2.8, 3.0, 3.1, 3.2]
 RISK-: 5.7700000000000005
[3.1, 5.7, 3.6, 3.9, 3.4, 6.1, 5.6, 7.8, 9.0, 7.4, 7.3, 5.9, 6.7, 2.7, 2.8, 6.1, 5.7, 10.7, 6.5, 5.4]
 EFFORT-: 27154.155
[23845.8, 30569.5, 22326.6, 20568.4, 14227.1, 29516.5, 30722.4, 25040.8, 36229.1, 31768.2, 17594.4, 33420.3, 33825.6, 31156.2, 10826.2, 28962.1, 24967.8, 35379.8, 35295.0, 26841.3]
execution time: 2.145326614379883 seconds

sample: 200
LOC+: 1018.6200000000001
[856.6, 1015.9, 1115.8, 888.2, 1049.2, 1055.6, 961.3, 1007.6, 1100.3, 1018.1, 1058.5, 1055.6, 1031.6, 951.0, 1003.0, 1101.2, 901.4, 988.1, 1123.5, 1089.9]
 AEXP-: 2.9799999999999995
[3.0, 2.9, 3.0, 2.7, 3.0, 3.4, 3.1, 3.2, 3.1, 2.7, 2.9, 2.8, 3.0, 3.0, 3.0, 3.0, 2.8, 2.9, 3.2, 2.9]
 PLEX-: 2.99
[3.0, 3.0, 2.9, 3.0, 2.8, 2.9, 3.1, 3.0, 3.0, 3.1, 2.9, 2.9, 3.1, 3.3, 3.1, 3.2, 2.5, 2.9, 3.2, 2.9]
 RISK-: 4.615
[3.1, 4.1, 3.3, 3.5, 4.6, 4.0, 5.9, 4.9, 1.7, 9.2, 2.7, 7.1, 6.4, 5.0, 8.7, 2.9, 1.9, 6.3, 4.3, 2.7]
 EFFORT-: 25412.935
[18751.9, 22801.3, 35711.4, 22770.1, 28169.4, 25850.6, 26817.4, 23379.2, 19976.5, 37938.1, 18702.7, 37993.8, 22448.3, 20992.6, 33473.4, 12631.1, 19262.4, 27375.4, 21938.8, 31274.3]
execution time: 2.340550184249878 seconds

sample: 500
LOC+: 1015.845
[1040.6, 1094.7, 1048.3, 1005.8, 1018.1, 995.1, 950.2, 988.5, 986.0, 1056.8, 920.8, 1138.7, 1002.2, 1010.7, 1069.5, 1018.4, 925.1, 1075.5, 1025.9, 946.0]
 AEXP-: 3.07
[3.3, 3.0, 2.8, 3.1, 3.0, 3.0, 2.9, 3.4, 3.2, 2.9, 2.9, 3.1, 3.2, 3.0, 3.0, 3.2, 3.3, 3.3, 3.1, 2.7]
 PLEX-: 2.9949999999999997
[3.3, 3.0, 2.9, 2.8, 3.0, 3.4, 2.9, 3.0, 3.1, 2.7, 3.1, 2.7, 3.0, 2.8, 3.3, 3.0, 3.0, 3.0, 2.8, 3.1]
 RISK-: 4.970000000000001
[2.3, 6.7, 4.0, 3.5, 9.9, 4.6, 5.2, 1.9, 5.5, 5.9, 4.9, 5.7, 3.3, 5.5, 2.4, 4.4, 8.7, 4.2, 4.1, 6.7]
 EFFORT-: 23822.814999999995
[15604.9, 29123.4, 19153.4, 27585.9, 30009.6, 22033.9, 27540.2, 10196.5, 13031.9, 29149.0, 16772.4, 29510.5, 19773.6, 30574.1, 16866.9, 22676.6, 39004.3, 25320.7, 20721.4, 31807.1]
execution time: 2.6270029544830322 seconds

sample: 1000
LOC+: 1023.9449999999997
[986.1, 1052.7, 1157.7, 1050.1, 1067.7, 1056.0, 1038.6, 894.5, 960.3, 1029.4, 947.5, 1111.2, 1050.9, 941.2, 922.2, 989.5, 1065.0, 1068.1, 989.6, 1100.6]
 AEXP-: 2.975
[2.9, 3.0, 3.3, 3.0, 2.9, 3.3, 2.9, 2.8, 2.9, 2.9, 2.7, 2.7, 2.9, 2.9, 2.7, 3.3, 3.2, 3.1, 3.1, 3.0]
 PLEX-: 3.04
[2.8, 2.8, 3.2, 2.8, 3.2, 3.0, 3.0, 2.9, 3.1, 3.1, 3.3, 3.1, 3.1, 2.9, 3.3, 3.0, 3.0, 3.2, 3.0, 3.0]
 RISK-: 5.96
[3.9, 4.2, 4.0, 5.7, 12.1, 3.0, 6.2, 9.9, 9.3, 6.2, 6.2, 3.4, 5.3, 3.8, 10.2, 4.4, 6.0, 2.6, 6.6, 6.2]
 EFFORT-: 28707.035000000003
[24247.0, 24389.7, 22663.2, 30338.7, 46354.4, 29888.8, 36081.9, 30289.8, 38310.8, 33767.4, 28204.7, 24593.1, 24852.3, 19764.9, 28495.9, 26690.3, 25469.9, 25128.8, 21571.8, 33037.3]
execution time: 2.971940279006958 seconds

