/home/etlin/Documents/ncsu/spring2023_csc791_ase/ASE_spring23_proj/src/sway1/../../data/coc10000.csv

min: 0.5
far: 0.95

sample: 10
Loc+: 1017.8999999999999
[1065.0, 1050.5, 994.3, 1012.7, 1007.0, 987.1, 1045.8, 1071.5, 999.4, 1061.2, 937.0, 951.9, 1117.4, 1059.9, 935.7, 965.1, 990.7, 1133.1, 989.6, 983.1]
 Risk-: 5.56
[4.9, 4.8, 4.4, 4.4, 4.4, 6.0, 3.9, 4.6, 6.1, 4.3, 6.3, 9.1, 5.8, 5.7, 5.0, 6.6, 8.1, 5.9, 4.3, 6.6]
 Effort-: 25829.360000000004
[19889.9, 20083.9, 30309.7, 17975.1, 32023.9, 34701.4, 18856.9, 29790.7, 25250.3, 18795.6, 24164.1, 27466.2, 16255.1, 31590.9, 24631.9, 28265.0, 34155.7, 32167.3, 26518.4, 23695.2]
execution time: 25.186188459396362 seconds

sample: 25
Loc+: 1006.2049999999999
[1015.5, 1078.3, 1019.8, 984.7, 1012.0, 943.5, 993.1, 992.2, 1006.5, 1061.4, 1058.3, 973.8, 989.0, 999.9, 1002.7, 941.4, 986.4, 964.6, 1042.4, 1058.6]
 Risk-: 5.109999999999999
[6.2, 4.7, 3.6, 5.3, 5.6, 4.0, 9.1, 7.0, 4.6, 3.7, 3.2, 2.0, 7.5, 8.0, 6.0, 6.0, 4.8, 4.8, 3.5, 2.6]
 Effort-: 22507.47
[21480.8, 26555.8, 23438.5, 27172.8, 21210.1, 15527.4, 32609.7, 19163.7, 33290.5, 28962.1, 23263.4, 14607.7, 19357.6, 24457.9, 15287.5, 25943.5, 17490.2, 14266.5, 27219.1, 18844.6]
execution time: 23.110713481903076 seconds

sample: 50
Loc+: 999.5799999999999
[971.1, 982.2, 1009.0, 914.3, 990.7, 889.6, 1014.4, 1046.9, 1001.0, 1079.1, 1078.8, 956.9, 1006.8, 1051.6, 944.4, 1016.0, 1041.8, 1009.5, 976.3, 1011.2]
 Risk-: 5.5200000000000005
[3.9, 4.0, 8.3, 5.2, 7.8, 5.9, 7.1, 2.6, 7.2, 3.5, 4.1, 3.0, 10.3, 3.4, 3.5, 4.6, 4.5, 8.3, 5.2, 8.0]
 Effort-: 26228.165
[25824.4, 24932.0, 31045.6, 22810.6, 28260.8, 17294.7, 36926.4, 26063.3, 21213.8, 20135.6, 25052.3, 18769.6, 35368.9, 22898.4, 22124.4, 22767.5, 26762.5, 29825.6, 24241.1, 42245.8]
execution time: 23.290347814559937 seconds

sample: 100
Loc+: 1005.0350000000001
[1026.1, 921.4, 1022.0, 997.3, 1051.0, 1034.5, 1035.7, 983.3, 1016.1, 1061.9, 915.1, 987.3, 1015.7, 1087.0, 970.6, 1067.0, 1000.8, 964.5, 1014.2, 929.2]
 Risk-: 5.185
[3.0, 5.3, 3.7, 3.5, 4.4, 3.7, 6.6, 6.4, 4.9, 3.5, 4.0, 3.7, 8.6, 5.5, 6.1, 5.3, 10.6, 5.4, 5.2, 4.3]
 Effort-: 24511.379999999997
[15555.8, 32459.6, 21384.8, 18468.2, 23718.3, 15335.4, 19917.4, 27017.5, 15256.0, 21782.4, 17627.8, 19059.7, 41497.5, 36802.2, 24019.7, 27381.6, 44378.6, 26383.3, 28926.3, 13255.5]
execution time: 26.954349756240845 seconds

sample: 200
Loc+: 1020.2199999999999
[1049.4, 988.0, 988.3, 1034.8, 998.1, 995.1, 995.3, 1045.6, 1033.3, 1015.4, 945.5, 1045.8, 1084.3, 1042.7, 1020.7, 994.9, 1104.9, 978.3, 979.7, 1064.3]
 Risk-: 5.4399999999999995
[5.9, 3.8, 4.5, 3.4, 7.5, 5.7, 3.2, 5.4, 3.5, 6.7, 3.7, 7.3, 6.4, 4.5, 7.8, 10.2, 5.2, 5.8, 4.2, 4.1]
 Effort-: 25160.5
[34488.2, 19421.6, 22290.9, 23061.1, 23356.3, 43534.5, 15369.7, 26449.5, 20639.2, 20468.8, 16107.3, 25412.4, 31971.3, 25592.9, 28479.1, 31756.9, 23633.3, 21666.0, 22913.6, 26597.4]
execution time: 24.554625749588013 seconds

sample: 500
Loc+: 1015.8700000000001
[924.1, 1012.1, 1109.1, 1019.0, 1026.0, 1127.0, 1019.4, 974.8, 955.4, 1034.7, 1012.1, 1083.2, 943.2, 1026.0, 1024.8, 995.7, 1038.3, 984.6, 1006.7, 1001.2]
 Risk-: 5.47
[3.9, 6.4, 8.7, 4.4, 8.1, 5.7, 2.8, 6.7, 5.8, 5.1, 5.0, 4.9, 4.0, 7.7, 5.5, 7.6, 4.6, 3.7, 4.0, 4.8]
 Effort-: 23839.71
[28416.6, 14409.4, 35180.9, 28349.3, 29192.9, 23896.7, 16677.1, 26855.9, 19581.9, 18503.7, 20970.0, 26547.3, 15429.8, 40696.1, 16234.8, 29774.6, 28737.4, 15090.3, 18752.5, 23497.0]
execution time: 26.403788089752197 seconds

sample: 1000
Loc+: 1020.9250000000002
[952.4, 1057.4, 1071.8, 1033.8, 1005.7, 1071.4, 974.3, 1025.3, 961.3, 1088.8, 966.1, 1099.3, 1021.2, 1002.7, 1003.9, 1043.1, 1042.5, 1018.7, 1031.9, 946.9]
 Risk-: 5.299999999999999
[5.7, 8.3, 9.3, 6.8, 3.8, 3.2, 5.7, 5.4, 3.3, 6.7, 4.7, 3.1, 4.1, 3.9, 6.5, 2.8, 6.7, 6.3, 4.6, 5.1]
 Effort-: 23465.110000000008
[25516.5, 28677.9, 29365.6, 26158.1, 12191.8, 24195.5, 14077.6, 33856.7, 12101.7, 38191.1, 18783.1, 21240.4, 16272.4, 14965.9, 23506.6, 26720.7, 32717.9, 28655.3, 25756.7, 16350.7]
execution time: 27.616925716400146 seconds

