/home/etlin/Documents/ncsu/spring2023_csc791_ase/ASE_spring23_proj/src/sway1/../../data/healthCloseIsses12mths0001-hard.csv

min: 0.5
far: 0.95

sample: 10
MRE-: 74.7
[74.1, 73.6, 74.0, 91.5, 73.8, 74.0, 73.8, 73.9, 73.5, 73.5, 73.8, 75.1, 73.5, 73.5, 73.9, 73.6, 73.8, 73.9, 73.8, 73.4]
ACC+: 7.374999999999998
[8.9, 7.6, 7.5, 2.5, 7.5, 7.5, 7.5, 7.5, 7.9, 7.6, 7.5, 7.1, 7.6, 8.0, 7.5, 7.6, 7.5, 7.5, 7.5, 7.7]
PRED40+: 18.684999999999995
[16.8, 20.4, 16.8, 23.6, 18.0, 14.6, 16.5, 16.2, 19.7, 16.3, 20.4, 20.0, 21.0, 19.8, 17.6, 20.9, 18.2, 17.4, 18.7, 20.8]
execution time: 8.195420742034912 seconds

sample: 25
MRE-: 73.745
[73.7, 73.8, 73.6, 73.6, 73.9, 74.5, 73.8, 73.5, 73.7, 73.6, 73.9, 73.9, 73.6, 73.7, 73.5, 74.0, 73.7, 73.9, 73.4, 73.6]
ACC+: 7.725
[7.5, 7.5, 7.6, 7.6, 7.5, 7.6, 7.5, 7.6, 7.5, 7.6, 7.5, 7.7, 7.6, 8.0, 8.3, 8.0, 8.7, 7.8, 7.6, 7.8]
PRED40+: 17.955
[17.0, 20.7, 20.5, 21.2, 15.3, 19.4, 18.7, 15.8, 21.0, 19.6, 16.0, 17.8, 16.1, 18.3, 18.2, 15.4, 16.4, 15.6, 18.8, 17.3]
execution time: 7.916242599487305 seconds

sample: 50
MRE-: 73.70000000000002
[73.8, 73.6, 73.6, 73.4, 73.6, 73.6, 73.6, 74.1, 73.7, 73.5, 74.0, 73.4, 73.9, 73.5, 73.9, 73.7, 74.0, 73.7, 73.7, 73.7]
ACC+: 7.729999999999999
[7.5, 7.6, 7.6, 7.6, 7.6, 7.6, 8.3, 7.8, 7.5, 8.5, 8.3, 7.7, 8.1, 7.6, 7.5, 7.5, 7.5, 7.6, 7.6, 7.6]
PRED40+: 18.890000000000004
[17.7, 21.8, 19.7, 17.5, 15.6, 18.0, 18.0, 19.3, 20.8, 18.4, 18.5, 20.7, 18.4, 18.9, 19.6, 19.8, 15.3, 17.6, 21.5, 20.7]
execution time: 8.511121988296509 seconds

sample: 100
MRE-: 74.36500000000001
[73.9, 73.7, 73.7, 73.7, 73.9, 73.6, 85.3, 74.3, 73.5, 73.9, 74.0, 74.1, 73.7, 74.0, 73.4, 74.1, 73.9, 73.7, 73.5, 73.4]
ACC+: 7.609999999999998
[8.2, 7.6, 7.6, 7.6, 7.9, 7.6, 4.4, 8.9, 8.1, 7.5, 7.5, 8.0, 7.6, 7.7, 7.6, 8.3, 7.5, 7.5, 7.6, 7.5]
PRED40+: 18.015
[15.9, 16.1, 20.7, 17.7, 17.2, 20.3, 18.7, 14.9, 20.3, 17.4, 16.6, 16.6, 15.3, 17.8, 17.3, 17.3, 19.2, 21.0, 20.9, 19.1]
execution time: 9.003413200378418 seconds

sample: 200
MRE-: 73.84
[74.6, 73.8, 74.9, 73.6, 74.3, 73.7, 73.9, 73.7, 73.8, 73.7, 73.7, 73.1, 73.0, 73.6, 74.4, 73.7, 73.6, 73.3, 74.8, 73.6]
ACC+: 7.705
[7.3, 8.4, 7.3, 7.6, 8.4, 7.6, 7.6, 7.6, 7.5, 7.5, 7.5, 7.7, 8.9, 7.6, 8.3, 7.5, 7.6, 7.6, 7.2, 7.4]
PRED40+: 18.599999999999998
[21.2, 17.7, 19.2, 18.2, 13.9, 17.5, 19.8, 17.7, 14.9, 18.2, 20.7, 17.0, 20.6, 20.7, 16.8, 20.7, 17.3, 21.0, 21.2, 17.7]
execution time: 8.379921913146973 seconds

sample: 500
MRE-: 74.84
[73.6, 74.8, 73.7, 73.7, 74.0, 73.7, 78.6, 73.9, 73.7, 73.9, 73.9, 73.8, 73.6, 73.6, 73.4, 74.8, 88.9, 73.8, 73.7, 73.7]
ACC+: 7.44
[7.6, 7.2, 8.3, 7.6, 7.5, 7.6, 7.4, 8.1, 7.5, 7.5, 7.6, 7.5, 7.6, 7.6, 7.7, 8.3, 3.2, 7.6, 7.5, 7.9]
PRED40+: 18.9
[19.1, 22.2, 18.8, 20.7, 15.9, 21.5, 18.2, 18.3, 20.1, 16.0, 20.0, 20.2, 19.9, 17.5, 16.0, 15.4, 21.1, 21.0, 16.1, 20.0]
execution time: 8.36638069152832 seconds

sample: 1000
MRE-: 73.81
[73.7, 73.2, 73.9, 76.3, 73.8, 73.5, 73.6, 73.6, 73.6, 73.8, 73.8, 73.8, 73.9, 73.6, 73.8, 73.4, 74.5, 73.9, 73.6, 72.9]
ACC+: 7.524999999999999
[7.6, 7.4, 7.5, 6.8, 7.5, 7.6, 7.6, 7.6, 7.6, 7.7, 7.6, 7.6, 7.5, 7.6, 7.5, 7.6, 7.3, 7.5, 7.6, 7.8]
PRED40+: 18.279999999999998
[18.0, 18.4, 18.9, 20.9, 16.6, 18.9, 17.1, 19.9, 16.4, 16.7, 18.7, 21.3, 18.2, 20.2, 18.2, 17.7, 17.3, 15.4, 16.6, 20.2]
execution time: 8.772129535675049 seconds

