/home/etlin/Documents/ncsu/spring2023_csc791_ase/ASE_spring23_proj/src/sway1/../../data/healthCloseIsses12mths0011-easy.csv

min: 0.5
far: 0.95

sample: 10
MRE-: 34.43500000000001
[29.1, 55.6, 14.8, 22.6, 40.5, 44.7, 53.1, 37.9, 27.2, 54.8, 20.1, 13.8, 45.6, 24.5, 23.5, 39.7, 42.5, 20.7, 22.5, 55.5]
ACC+: -0.48000000000000015
[-0.5, -0.6, -0.2, -0.4, -0.4, -0.4, -0.5, -0.5, -0.8, -0.7, -0.4, -0.5, -0.4, -0.6, -0.7, -0.5, -0.4, -0.4, -0.3, -0.4]
PRED40+: 55.205
[59.6, 37.7, 71.2, 64.9, 49.9, 46.4, 39.6, 52.2, 62.3, 39.1, 67.0, 72.3, 45.6, 63.8, 64.8, 50.6, 48.3, 66.5, 64.9, 37.4]
execution time: 8.664066076278687 seconds

sample: 25
MRE-: 35.58
[25.7, 46.6, 14.4, 14.3, 34.1, 38.7, 50.6, 43.0, 41.5, 40.3, 53.0, 35.4, 22.1, 41.9, 38.3, 22.5, 56.2, 21.8, 15.0, 56.2]
ACC+: -0.5750000000000001
[-0.4, -1.2, -0.4, -0.4, -0.5, -0.4, -0.9, -0.5, -0.4, -0.4, -1.4, -1.1, -0.5, -0.5, -0.4, -0.6, -0.4, -0.3, -0.3, -0.5]
PRED40+: 54.339999999999996
[62.2, 45.9, 71.7, 71.7, 55.4, 51.5, 42.7, 48.0, 49.1, 50.1, 40.9, 55.9, 65.4, 48.8, 51.7, 65.5, 36.9, 65.4, 71.1, 36.9]
execution time: 8.518818616867065 seconds

sample: 50
MRE-: 31.839999999999996
[51.1, 36.5, 8.5, 48.8, 24.5, 33.4, 6.6, 14.5, 15.5, 22.5, 47.9, 58.1, 47.2, 25.7, 33.0, 29.6, 47.3, 26.0, 32.9, 27.2]
ACC+: -0.4600000000000001
[-0.4, -0.4, -0.2, -0.6, -0.7, -0.5, -0.2, -0.5, -0.3, -0.3, -0.4, -0.9, -0.4, -0.3, -0.7, -0.5, -0.5, -0.5, -0.4, -0.5]
PRED40+: 57.27499999999999
[41.1, 53.3, 76.5, 43.2, 64.2, 55.9, 78.1, 71.7, 70.7, 64.9, 43.8, 35.9, 44.3, 62.2, 56.6, 59.1, 44.3, 62.1, 56.3, 61.3]
execution time: 8.405848264694214 seconds

sample: 100
MRE-: 32.334999999999994
[38.5, 22.0, 12.3, 48.9, 11.4, 53.6, 49.5, 51.0, 16.9, 36.3, 56.8, 12.5, 19.5, 36.7, 54.3, 16.8, 27.9, 20.1, 19.5, 42.2]
ACC+: -0.4450000000000001
[-0.5, -0.5, -0.3, -0.4, -0.5, -0.4, -0.4, -0.5, -0.4, -0.8, -0.5, -0.3, -0.4, -0.8, -0.5, -0.2, -0.4, -0.4, -0.3, -0.4]
PRED40+: 56.88499999999999
[51.7, 65.4, 73.3, 43.0, 74.4, 39.0, 42.5, 41.4, 69.6, 54.3, 36.4, 73.2, 67.5, 54.4, 38.5, 69.5, 60.6, 67.0, 67.5, 48.5]
execution time: 8.847389698028564 seconds

sample: 200
MRE-: 38.239999999999995
[29.2, 56.9, 42.2, 52.0, 21.4, 43.1, 22.7, 25.2, 56.3, 22.5, 53.0, 54.9, 39.1, 15.8, 19.5, 16.8, 50.1, 47.8, 47.8, 48.5]
ACC+: -0.4900000000000001
[-0.5, -0.5, -0.5, -0.4, -1.2, -0.4, -0.5, -0.3, -0.5, -0.4, -0.5, -0.5, -0.7, -0.5, -0.4, -0.3, -0.4, -0.4, -0.5, -0.4]
PRED40+: 51.935
[59.4, 36.3, 48.5, 40.3, 67.0, 47.8, 64.9, 62.6, 36.9, 64.9, 39.6, 38.0, 51.7, 70.7, 67.4, 69.6, 41.9, 43.8, 44.1, 43.3]
execution time: 8.897343397140503 seconds

sample: 500
MRE-: 34.370000000000005
[17.0, 20.2, 36.9, 29.1, 27.8, 13.2, 38.7, 38.1, 24.8, 35.9, 20.8, 46.0, 57.0, 54.9, 47.9, 22.2, 55.9, 29.1, 53.2, 18.7]
ACC+: -0.52
[-0.5, -0.5, -0.6, -0.6, -0.5, -0.4, -0.5, -1.1, -0.6, -0.4, -0.5, -0.4, -0.6, -0.4, -0.4, -0.6, -0.5, -0.4, -0.6, -0.3]
PRED40+: 55.264999999999986
[69.6, 67.0, 53.3, 59.7, 60.7, 72.9, 51.5, 53.7, 63.4, 53.8, 66.5, 45.4, 36.4, 38.0, 43.8, 65.4, 37.2, 59.4, 39.6, 68.0]
execution time: 8.585153102874756 seconds

sample: 1000
MRE-: 39.385000000000005
[46.0, 40.0, 36.1, 23.2, 51.7, 33.3, 47.3, 29.1, 48.6, 33.4, 11.1, 18.2, 17.6, 40.6, 30.9, 72.0, 33.9, 46.4, 44.7, 83.6]
ACC+: -1.1199999999999999
[-0.4, -0.6, -0.8, -0.4, -0.4, -1.0, -0.5, -0.6, -0.5, -0.4, -0.3, -0.4, -0.4, -0.5, -0.5, -6.6, -0.8, -0.5, -0.4, -6.4]
PRED40+: 51.875
[45.4, 50.8, 54.4, 64.3, 40.6, 57.2, 44.3, 59.6, 43.2, 55.9, 74.4, 68.6, 69.0, 49.9, 58.0, 32.2, 56.0, 45.1, 46.4, 22.2]
execution time: 8.590249300003052 seconds

