/home/etlin/Documents/ncsu/spring2023_csc791_ase/ASE_spring23_proj/src/sway1/../../data/nasa93dem.csv

min: 0.5
far: 0.95

sample: 10
Kloc+: 56.145
[47.4, 20.2, 21.5, 79.4, 23.7, 24.3, 31.6, 55.1, 81.6, 22.6, 140.2, 72.2, 19.7, 45.4, 52.6, 79.3, 88.6, 25.5, 118.0, 74.0]
Effort-: 329.055
[308.0, 89.8, 96.0, 196.2, 256.5, 121.1, 352.2, 147.6, 465.6, 102.6, 504.8, 315.1, 87.5, 361.0, 430.8, 414.6, 303.9, 109.9, 1554.3, 363.6]
Defects-: 2038.9950000000001
[1397.3, 630.2, 671.9, 2340.1, 1035.1, 1006.0, 1407.1, 2000.5, 3180.7, 705.9, 5278.8, 3039.6, 615.4, 2159.2, 2101.0, 2678.6, 2835.2, 858.9, 4040.8, 2797.6]
Months-: 19.089999999999996
[14.8, 12.4, 13.0, 20.4, 16.7, 14.8, 19.6, 20.3, 23.1, 12.9, 28.4, 20.9, 12.1, 20.6, 21.3, 21.9, 22.9, 13.4, 29.3, 23.0]
execution time: 0.16953158378601074 seconds

sample: 25
Kloc+: 47.925
[20.2, 22.5, 36.7, 24.0, 74.3, 116.1, 20.2, 54.8, 50.2, 25.1, 34.8, 46.9, 61.7, 20.5, 46.7, 75.2, 66.0, 52.4, 89.4, 20.8]
Effort-: 250.97000000000003
[89.8, 99.8, 111.2, 107.2, 353.2, 356.7, 89.8, 502.5, 315.1, 178.2, 347.4, 167.7, 231.8, 88.3, 292.3, 282.4, 388.0, 513.0, 412.9, 92.1]
Defects-: 1743.8849999999998
[630.2, 700.9, 1154.4, 749.0, 2320.6, 3751.4, 630.2, 2740.7, 1482.5, 829.4, 1546.5, 1928.0, 2154.5, 638.7, 1632.6, 3351.1, 2219.8, 2643.3, 3125.8, 648.1]
Months-: 17.865000000000002
[12.4, 13.1, 16.9, 13.5, 19.6, 24.8, 12.4, 23.6, 16.1, 14.5, 20.7, 19.7, 19.5, 12.9, 16.8, 21.1, 21.3, 23.1, 23.0, 12.3]
execution time: 0.17116594314575195 seconds

sample: 50
Kloc+: 64.64000000000001
[28.5, 38.3, 75.9, 53.5, 71.2, 100.9, 47.4, 24.7, 125.9, 53.0, 48.7, 46.6, 112.3, 49.2, 74.9, 76.7, 48.9, 41.2, 70.4, 104.6]
Effort-: 311.21500000000003
[121.7, 191.5, 310.1, 347.4, 357.4, 351.4, 308.0, 112.3, 509.5, 339.2, 462.3, 301.2, 357.7, 166.6, 401.5, 366.3, 195.8, 368.8, 320.2, 335.4]
Defects-: 2427.0
[990.1, 1363.2, 2523.2, 2334.5, 2783.6, 3206.9, 1397.3, 769.5, 5732.3, 1688.5, 2408.6, 2048.3, 3705.0, 1964.4, 2489.5, 2984.8, 2323.3, 1709.5, 2589.3, 3528.2]
Months-: 20.08
[14.5, 15.9, 21.3, 20.1, 22.1, 22.9, 14.8, 13.6, 25.0, 16.9, 22.3, 20.4, 25.5, 20.0, 21.2, 22.7, 16.9, 19.9, 20.9, 24.7]
execution time: 0.17981362342834473 seconds

sample: 100
Kloc+: 62.24000000000001
[40.8, 45.4, 84.3, 22.6, 20.2, 82.8, 80.8, 49.6, 117.1, 74.1, 60.0, 100.3, 130.4, 116.1, 67.7, 20.2, 13.8, 20.2, 78.7, 19.7]
Effort-: 314.84000000000003
[226.5, 501.9, 392.6, 109.0, 89.8, 365.9, 211.6, 320.0, 590.5, 371.3, 200.2, 493.5, 600.4, 431.3, 421.6, 89.8, 70.2, 89.8, 633.4, 87.5]
Defects-: 2325.335
[1840.4, 1897.3, 3592.3, 952.4, 630.2, 3042.5, 2422.7, 1725.8, 5275.7, 2741.3, 2321.6, 3556.3, 4243.5, 3969.6, 2435.6, 630.2, 558.3, 630.2, 3425.4, 615.4]
Months-: 19.145
[20.0, 21.1, 22.3, 14.4, 12.4, 23.0, 19.9, 18.1, 22.2, 22.5, 21.5, 23.6, 22.3, 23.7, 21.0, 12.4, 13.0, 12.4, 25.0, 12.1]
execution time: 0.20169281959533691 seconds

sample: 200
Kloc+: 94.33000000000001
[121.4, 97.3, 65.7, 41.0, 121.3, 57.2, 59.7, 62.4, 42.1, 146.1, 85.0, 106.5, 63.9, 88.6, 55.5, 218.0, 144.0, 89.2, 98.8, 122.9]
Effort-: 602.875
[875.3, 427.4, 367.1, 456.1, 842.8, 189.3, 363.0, 419.7, 322.5, 549.6, 253.8, 1701.0, 316.8, 307.7, 357.1, 888.6, 682.6, 383.5, 1850.8, 502.8]
Defects-: 3629.3899999999994
[5591.8, 2808.7, 2879.1, 2250.5, 5535.3, 1779.2, 1973.5, 2086.3, 2042.8, 4989.1, 2640.5, 3771.9, 2737.4, 2996.2, 1872.5, 9063.0, 6869.2, 2648.2, 3517.9, 4534.7]
Months-: 24.345000000000006
[31.4, 21.3, 21.4, 21.9, 30.9, 17.0, 19.0, 20.9, 21.4, 27.3, 23.7, 29.2, 22.0, 22.2, 18.8, 32.8, 27.8, 21.6, 31.5, 24.8]
execution time: 0.2566845417022705 seconds

sample: 500
Kloc+: 86.285
[107.7, 20.2, 98.8, 79.5, 107.5, 138.5, 111.5, 89.1, 98.4, 34.5, 146.7, 20.2, 89.1, 87.8, 20.2, 87.0, 98.2, 140.2, 25.3, 125.3]
Effort-: 489.41500000000013
[385.9, 89.8, 1850.8, 353.3, 666.4, 970.5, 394.0, 337.0, 437.5, 196.6, 700.7, 89.8, 328.0, 349.7, 89.8, 436.6, 670.7, 681.1, 179.5, 580.6]
Defects-: 3323.6949999999997
[4518.3, 630.2, 3517.9, 2314.1, 4883.8, 5049.2, 3786.3, 2964.8, 4190.8, 1494.4, 5903.3, 630.2, 3536.2, 3517.6, 630.2, 3510.5, 3685.8, 6768.7, 835.5, 4106.1]
Months-: 22.119999999999997
[24.0, 12.4, 31.5, 18.9, 27.8, 29.1, 22.5, 21.7, 23.5, 15.7, 27.2, 12.4, 21.4, 23.0, 12.4, 24.3, 27.3, 27.2, 14.5, 25.6]
execution time: 0.4276566505432129 seconds

sample: 1000
Kloc+: 106.18500000000002
[79.5, 72.6, 188.6, 107.6, 25.5, 44.1, 93.7, 121.0, 117.6, 125.2, 49.0, 167.2, 127.8, 127.8, 79.7, 60.1, 132.8, 224.7, 106.4, 72.8]
Effort-: 635.1
[198.4, 567.8, 943.5, 251.0, 111.3, 446.9, 242.2, 417.2, 534.2, 626.5, 275.1, 2050.5, 678.5, 678.5, 485.8, 264.2, 666.1, 2313.9, 747.5, 202.9]
Defects-: 4117.545000000001
[2559.8, 2462.2, 7160.6, 3166.6, 967.8, 2280.5, 2661.8, 3907.2, 4886.3, 4693.0, 1925.8, 7151.5, 4999.4, 4999.4, 3215.8, 2474.1, 6054.2, 10204.3, 4058.3, 2522.3]
Months-: 25.47
[21.4, 22.6, 31.3, 24.3, 14.5, 21.5, 23.7, 24.0, 27.4, 29.0, 17.4, 36.7, 27.7, 27.7, 22.3, 21.6, 24.5, 41.7, 29.0, 21.1]
execution time: 0.7529292106628418 seconds

