/home/etlin/Documents/ncsu/spring2023_csc791_ase/ASE_spring23_proj/src/sway1/../../data/pom.csv

min: 0.5
far: 0.95

sample: 10
Cost-: 293.11
[229.4, 569.5, 274.0, 259.4, 311.9, 222.8, 390.0, 374.2, 162.9, 392.2, 199.0, 198.2, 254.5, 308.7, 168.3, 247.3, 244.1, 622.4, 162.9, 270.5]
Completion+: 0.8750000000000002
[0.8, 0.9, 0.9, 0.9, 0.9, 0.8, 0.8, 0.9, 0.9, 0.9, 0.9, 0.9, 0.9, 0.9, 0.9, 0.9, 0.9, 0.8, 0.9, 0.8]
Idle-: 0.24999999999999994
[0.2, 0.3, 0.2, 0.2, 0.2, 0.2, 0.2, 0.3, 0.3, 0.3, 0.3, 0.3, 0.3, 0.2, 0.3, 0.3, 0.2, 0.2, 0.2, 0.3]
execution time: 12.399058818817139 seconds

sample: 25
Cost-: 237.815
[181.5, 355.5, 214.6, 300.4, 351.6, 265.7, 178.6, 274.7, 172.4, 175.2, 181.1, 306.4, 239.3, 172.6, 295.4, 220.9, 172.3, 192.4, 247.2, 258.5]
Completion+: 0.8750000000000002
[0.9, 0.9, 0.9, 0.8, 0.9, 0.9, 0.9, 0.8, 0.9, 0.9, 0.8, 0.9, 0.9, 0.9, 0.9, 0.9, 0.9, 0.9, 0.8, 0.8]
Idle-: 0.24499999999999997
[0.3, 0.3, 0.3, 0.2, 0.2, 0.2, 0.2, 0.2, 0.2, 0.3, 0.2, 0.3, 0.2, 0.3, 0.3, 0.2, 0.3, 0.3, 0.2, 0.2]
execution time: 13.261695384979248 seconds

sample: 50
Cost-: 255.55
[251.2, 293.4, 258.6, 276.9, 244.1, 164.0, 210.9, 216.7, 254.9, 139.0, 230.0, 319.1, 282.9, 244.1, 290.7, 247.4, 214.8, 237.0, 387.1, 348.2]
Completion+: 0.8700000000000001
[0.8, 0.9, 0.9, 0.9, 0.9, 0.8, 0.8, 0.9, 0.9, 0.8, 0.9, 0.9, 0.9, 0.9, 0.9, 0.9, 0.8, 0.8, 0.9, 0.9]
Idle-: 0.21500000000000008
[0.2, 0.3, 0.3, 0.2, 0.2, 0.2, 0.2, 0.2, 0.2, 0.2, 0.2, 0.2, 0.2, 0.2, 0.2, 0.2, 0.2, 0.2, 0.3, 0.2]
execution time: 13.2718665599823 seconds

sample: 100
Cost-: 239.1
[167.0, 290.1, 292.5, 267.9, 242.4, 312.1, 248.0, 175.8, 223.3, 206.8, 180.3, 352.5, 216.5, 224.2, 250.5, 172.6, 211.6, 296.8, 270.5, 180.6]
Completion+: 0.8750000000000002
[0.9, 0.9, 0.9, 0.9, 0.9, 0.8, 0.9, 0.9, 0.9, 0.9, 0.8, 0.9, 0.9, 0.9, 0.8, 0.8, 0.8, 0.9, 0.9, 0.9]
Idle-: 0.22500000000000003
[0.2, 0.3, 0.3, 0.3, 0.2, 0.2, 0.2, 0.2, 0.2, 0.2, 0.2, 0.2, 0.2, 0.2, 0.2, 0.2, 0.3, 0.2, 0.3, 0.2]
execution time: 13.694955587387085 seconds

sample: 200
Cost-: 250.51
[312.4, 238.2, 330.5, 158.2, 149.7, 302.8, 228.7, 153.4, 217.6, 275.0, 262.9, 419.6, 169.7, 346.4, 237.2, 404.1, 143.6, 180.9, 227.0, 252.3]
Completion+: 0.8700000000000003
[0.9, 0.9, 0.9, 0.9, 0.9, 0.8, 0.9, 0.8, 0.9, 0.9, 0.8, 0.9, 0.8, 0.9, 0.9, 0.9, 0.8, 0.9, 0.9, 0.8]
Idle-: 0.23500000000000001
[0.3, 0.3, 0.2, 0.2, 0.2, 0.2, 0.3, 0.2, 0.3, 0.2, 0.2, 0.2, 0.2, 0.2, 0.3, 0.3, 0.2, 0.3, 0.2, 0.2]
execution time: 13.699532508850098 seconds

sample: 500
Cost-: 285.0850000000001
[197.5, 214.7, 200.9, 272.5, 309.9, 264.2, 181.3, 186.7, 241.8, 235.5, 419.5, 340.7, 227.3, 474.9, 263.4, 703.6, 275.3, 164.1, 279.6, 248.3]
Completion+: 0.8800000000000002
[0.9, 0.9, 0.8, 0.8, 0.9, 0.9, 0.9, 0.9, 0.9, 0.9, 0.9, 0.9, 0.9, 0.9, 0.8, 0.9, 0.9, 0.9, 0.9, 0.8]
Idle-: 0.22000000000000006
[0.2, 0.2, 0.2, 0.2, 0.2, 0.2, 0.2, 0.3, 0.2, 0.2, 0.3, 0.3, 0.2, 0.2, 0.2, 0.2, 0.2, 0.3, 0.2, 0.2]
execution time: 14.084436893463135 seconds

sample: 1000
Cost-: 300.545
[557.3, 437.7, 234.4, 286.2, 406.7, 368.7, 330.2, 157.8, 382.8, 255.8, 323.1, 228.1, 180.8, 213.2, 241.3, 238.0, 298.9, 470.1, 172.6, 227.2]
Completion+: 0.8750000000000002
[0.9, 0.8, 0.9, 0.9, 0.9, 0.9, 0.9, 0.9, 0.9, 0.8, 0.9, 0.9, 0.8, 0.8, 0.8, 0.9, 0.9, 0.9, 0.9, 0.9]
Idle-: 0.25
[0.2, 0.2, 0.3, 0.3, 0.2, 0.2, 0.3, 0.2, 0.2, 0.3, 0.3, 0.3, 0.2, 0.3, 0.2, 0.3, 0.3, 0.2, 0.2, 0.3]
execution time: 13.456331014633179 seconds

