/home/etlin/Documents/ncsu/spring2023_csc791_ase/ASE_spring23_proj/src/sway1/../../data/SSM.csv

min: 0.5
far: 0.95

sample: 10
NUMBERITERATIONS-: 6.360000000000001
[4.2, 4.5, 4.9, 12.7, 7.7, 5.0, 4.0, 6.4, 4.2, 5.0, 4.1, 7.0, 5.8, 7.4, 9.4, 4.8, 14.2, 4.9, 6.7, 4.3]
execution time: 347.02740597724915 seconds

sample: 25
NUMBERITERATIONS-: 6.075
[4.4, 8.4, 8.8, 4.2, 5.5, 6.4, 6.2, 6.4, 5.2, 4.5, 4.6, 7.4, 8.1, 4.8, 6.3, 5.0, 4.4, 4.7, 12.1, 4.1]
execution time: 355.26154923439026 seconds

sample: 50
NUMBERITERATIONS-: 7.1049999999999995
[5.0, 11.1, 4.6, 16.1, 8.0, 4.6, 15.8, 6.8, 4.8, 5.6, 4.4, 5.1, 4.0, 5.1, 4.3, 7.5, 5.1, 6.0, 4.9, 13.3]
execution time: 342.8617925643921 seconds

sample: 100
NUMBERITERATIONS-: 6.335000000000001
[7.6, 8.1, 4.2, 4.8, 4.9, 5.0, 6.7, 14.6, 4.7, 4.1, 18.1, 4.6, 4.9, 9.2, 4.2, 4.0, 4.2, 4.3, 4.1, 4.4]
execution time: 376.1973078250885 seconds

sample: 200
NUMBERITERATIONS-: 5.99
[6.2, 8.4, 6.0, 4.9, 7.3, 4.7, 6.4, 4.8, 4.0, 6.0, 5.5, 6.6, 5.5, 8.7, 4.6, 7.4, 6.2, 4.4, 4.5, 7.7]
execution time: 361.58052372932434 seconds

sample: 500
NUMBERITERATIONS-: 8.435
[23.0, 8.9, 4.8, 5.8, 5.6, 20.7, 4.6, 6.3, 5.4, 5.3, 4.9, 25.1, 4.3, 4.4, 6.0, 5.5, 5.7, 7.8, 7.3, 7.3]
execution time: 379.001580953598 seconds

sample: 1000
NUMBERITERATIONS-: 7.345000000000001
[4.7, 4.8, 21.6, 4.8, 4.7, 4.7, 5.2, 8.1, 6.2, 7.2, 5.1, 10.2, 4.7, 8.6, 11.2, 6.8, 4.8, 4.9, 10.7, 7.9]
execution time: 347.8922200202942 seconds

