/home/etlin/Documents/ncsu/spring2023_csc791_ase/ASE_spring23_proj/src/sway1/../../data/SSN.csv

min: 0.5
far: 0.95

sample: 10
PSNR-: 44.36
[47.1, 41.9, 42.8, 42.9, 46.8, 42.7, 46.2, 43.4, 44.0, 46.2, 46.0, 44.5, 43.0, 42.9, 42.2, 42.2, 47.3, 42.6, 43.4, 49.1]
 Energy-: 1318.4599999999998
[672.0, 3517.2, 1396.0, 1473.9, 1265.0, 1322.0, 1463.0, 1671.4, 972.0, 582.6, 1059.6, 1539.0, 1499.3, 1643.0, 1495.3, 1243.3, 681.0, 1267.6, 1067.5, 538.5]
execution time: 99.09073567390442 seconds

sample: 25
PSNR-: 44.25
[45.2, 42.9, 45.0, 44.3, 43.3, 42.5, 44.4, 44.1, 45.8, 44.9, 43.3, 45.2, 45.7, 43.7, 45.9, 44.0, 42.9, 42.8, 44.4, 44.7]
 Energy-: 1122.5099999999998
[570.0, 1220.2, 686.2, 797.4, 1176.2, 4090.5, 898.0, 1505.9, 512.5, 1488.2, 1097.3, 463.8, 902.6, 1006.6, 551.4, 1115.0, 1177.3, 1137.6, 831.0, 1222.5]
execution time: 103.40773749351501 seconds

sample: 50
PSNR-: 44.33
[43.8, 45.7, 44.7, 43.1, 44.9, 46.7, 43.1, 44.2, 43.3, 43.1, 44.1, 46.4, 44.2, 44.8, 42.4, 44.8, 46.3, 45.3, 43.2, 42.5]
 Energy-: 1557.885
[1227.3, 546.5, 1563.6, 1070.1, 2221.0, 520.1, 1175.5, 1344.7, 1327.1, 2427.4, 2636.2, 1082.1, 2516.8, 794.5, 1570.4, 796.9, 1151.2, 597.2, 1948.6, 4640.5]
execution time: 109.97307062149048 seconds

sample: 100
PSNR-: 44.370000000000005
[45.1, 44.9, 46.1, 46.0, 43.3, 43.6, 42.9, 42.4, 45.2, 45.3, 43.1, 46.1, 42.6, 43.5, 43.3, 44.5, 44.1, 45.6, 44.6, 45.2]
 Energy-: 1197.9549999999997
[1313.0, 1295.8, 1135.7, 485.5, 1071.6, 1840.4, 1168.1, 3318.1, 608.8, 552.1, 2178.1, 549.6, 1078.4, 1027.3, 1477.1, 1953.8, 902.3, 596.6, 823.3, 583.5]
execution time: 101.23701858520508 seconds

sample: 200
PSNR-: 44.33
[45.4, 40.7, 42.5, 48.1, 42.1, 42.8, 44.3, 43.0, 43.8, 44.7, 44.5, 45.7, 44.0, 43.7, 45.3, 45.2, 45.3, 48.8, 43.5, 43.2]
 Energy-: 1361.84
[1552.6, 2846.5, 1067.8, 853.4, 1340.8, 1126.3, 1636.2, 1309.5, 1245.7, 721.2, 816.9, 1963.4, 1017.5, 2908.1, 548.6, 585.5, 711.5, 618.1, 918.2, 3449.0]
execution time: 102.39051795005798 seconds

sample: 500
PSNR-: 44.39999999999999
[45.3, 44.9, 43.6, 44.1, 44.3, 42.8, 43.4, 45.0, 42.2, 45.0, 42.8, 47.3, 45.8, 43.7, 45.8, 49.8, 42.3, 42.8, 42.4, 44.7]
 Energy-: 1138.8
[637.1, 1524.2, 1106.9, 1023.0, 907.3, 1417.1, 2094.4, 1476.7, 1567.2, 639.3, 1113.9, 706.9, 1624.8, 1025.5, 622.3, 499.7, 1299.4, 1402.0, 1372.7, 715.6]
execution time: 102.25319361686707 seconds

sample: 1000
PSNR-: 43.68000000000001
[42.9, 42.2, 43.9, 42.7, 44.4, 43.4, 42.6, 42.0, 42.7, 44.8, 45.1, 43.2, 42.7, 44.5, 44.3, 46.4, 43.2, 43.5, 45.5, 43.6]
 Energy-: 1558.4599999999998
[1242.4, 1347.8, 778.6, 3487.7, 780.7, 1119.6, 1289.0, 1563.9, 1748.9, 4877.3, 731.3, 1573.4, 1355.7, 2112.3, 932.2, 586.5, 1842.5, 1028.0, 1543.1, 1228.3]
execution time: 109.44102001190186 seconds

