/home/etlin/Documents/ncsu/spring2023_csc791_ase/ASE_spring23_proj/src/sway_with_ablation/../../data/auto2_ablation/auto2_fueltank.csv

min: 0.5
far: 0.95

sample: 10
 CityMPG+: 29.645
[28.5, 31.8, 30.2, 31.4, 30.5, 30.5, 29.7, 30.8, 27.2, 31.2, 29.6, 26.1, 29.4, 27.4, 30.1, 31.0, 30.1, 31.5, 31.4, 24.5]
 HighwayMPG+: 35.21
[34.8, 37.3, 35.8, 36.8, 35.8, 35.8, 35.3, 36.3, 33.6, 36.6, 35.3, 31.3, 34.8, 33.3, 35.3, 36.3, 35.5, 36.7, 36.8, 30.8]
 Weight-: 2344.3700000000003
[2436.5, 2261.4, 2268.3, 2278.8, 2213.8, 2209.5, 2320.0, 2222.3, 2441.4, 2196.9, 2331.2, 2780.0, 2414.2, 2380.9, 2487.7, 2200.0, 2268.5, 2176.4, 2278.8, 2720.8]
 Class-: 10.83
[11.0, 9.8, 9.9, 10.2, 9.2, 9.2, 10.3, 9.4, 13.1, 9.4, 10.7, 14.5, 11.1, 10.7, 11.9, 9.3, 9.9, 9.2, 10.2, 17.6]
execution time: 0.1834869384765625 seconds

sample: 25
 CityMPG+: 29.024999999999995
[27.0, 31.4, 29.5, 23.4, 25.8, 28.6, 31.4, 28.9, 26.8, 31.4, 30.4, 31.4, 30.4, 29.2, 26.5, 29.2, 29.8, 28.5, 30.1, 30.8]
 HighwayMPG+: 34.705000000000005
[33.2, 36.3, 34.7, 30.8, 31.6, 34.4, 36.7, 34.8, 32.3, 36.8, 36.0, 36.5, 36.3, 34.9, 32.9, 35.2, 35.7, 33.8, 35.5, 35.7]
 Weight-: 2360.5899999999992
[2689.5, 2225.0, 2244.1, 2795.0, 2441.2, 2400.9, 2262.3, 2345.0, 2492.1, 2278.8, 2257.1, 2210.0, 2287.1, 2310.0, 2505.0, 2315.8, 2254.1, 2285.0, 2289.6, 2324.2]
 Class-: 11.309999999999999
[17.6, 9.6, 12.0, 18.6, 12.3, 10.7, 9.8, 10.8, 11.3, 10.2, 9.7, 9.6, 10.4, 11.0, 12.0, 10.2, 10.1, 9.5, 10.1, 10.7]
execution time: 0.19479155540466309 seconds

sample: 50
 CityMPG+: 27.355
[29.9, 30.0, 24.8, 28.2, 24.7, 30.7, 27.9, 25.5, 30.8, 30.0, 30.5, 18.5, 29.3, 26.2, 21.7, 25.5, 21.5, 29.1, 30.8, 31.5]
 HighwayMPG+: 33.255
[35.2, 35.6, 31.3, 34.2, 30.6, 35.8, 33.4, 32.0, 36.2, 35.1, 35.8, 26.5, 34.8, 32.8, 28.4, 31.8, 28.7, 34.4, 35.8, 36.7]
 Weight-: 2535.0649999999996
[2274.6, 2287.7, 2750.8, 2339.6, 2855.0, 2180.0, 2409.2, 2473.1, 2203.8, 2203.8, 2403.2, 3660.9, 2289.2, 2447.5, 3086.3, 2785.0, 3189.1, 2476.3, 2242.1, 2144.1]
 Class-: 13.439999999999998
[10.1, 10.0, 12.5, 9.8, 17.6, 9.5, 11.4, 11.6, 9.5, 9.7, 11.6, 23.9, 10.2, 11.3, 24.1, 17.7, 25.3, 14.0, 10.0, 9.0]
execution time: 0.21462678909301758 seconds

sample: 100
 CityMPG+: 28.305
[29.2, 25.9, 23.5, 30.5, 31.0, 26.2, 27.4, 30.3, 28.1, 29.2, 31.1, 25.2, 31.5, 30.8, 25.5, 27.4, 30.5, 29.3, 27.8, 25.7]
 HighwayMPG+: 34.190000000000005
[34.7, 32.5, 29.8, 36.5, 36.5, 32.5, 33.9, 36.2, 33.6, 35.6, 36.8, 32.0, 36.2, 36.7, 31.3, 33.0, 35.5, 34.8, 34.0, 31.7]
 Weight-: 2466.7
[2397.9, 2818.8, 3163.6, 2240.9, 2194.1, 2541.5, 2623.2, 2233.3, 2616.5, 2526.5, 2295.9, 2483.5, 2170.5, 2198.3, 2476.7, 2589.1, 2423.8, 2301.2, 2477.3, 2561.4]
 Class-: 12.27
[10.8, 16.9, 21.3, 9.5, 9.1, 12.8, 13.9, 9.4, 13.3, 13.2, 10.5, 12.2, 9.4, 9.2, 13.5, 13.1, 12.6, 10.4, 11.5, 12.8]
execution time: 0.2486591339111328 seconds

sample: 200
 CityMPG+: 26.570000000000004
[28.4, 31.5, 24.7, 30.9, 29.6, 27.0, 29.2, 22.9, 32.1, 22.1, 23.5, 26.5, 18.3, 22.3, 27.6, 23.2, 28.5, 29.7, 22.9, 30.5]
 HighwayMPG+: 32.94499999999999
[34.3, 36.7, 32.1, 36.3, 35.5, 32.8, 35.0, 29.8, 37.2, 29.2, 30.7, 32.0, 26.8, 29.8, 33.7, 29.6, 34.5, 35.3, 30.8, 36.8]
 Weight-: 2626.58
[2522.1, 2277.7, 2754.5, 2239.6, 2325.4, 2417.7, 2335.5, 2950.4, 2213.8, 2936.7, 2947.3, 2558.1, 3650.0, 3044.1, 2511.7, 2912.7, 2337.9, 2482.3, 2882.7, 2231.4]
 Class-: 13.95
[11.8, 10.0, 14.4, 9.7, 10.1, 10.8, 11.1, 20.1, 10.1, 18.9, 23.5, 13.0, 24.9, 14.1, 13.7, 16.3, 10.3, 12.3, 14.0, 9.9]
execution time: 0.3308084011077881 seconds

sample: 500
 CityMPG+: 26.620000000000005
[22.7, 30.9, 18.5, 31.1, 28.6, 29.0, 31.6, 23.9, 24.7, 31.2, 30.3, 26.0, 24.7, 23.8, 30.8, 20.1, 22.8, 23.0, 29.5, 29.2]
 HighwayMPG+: 32.739999999999995
[29.7, 36.0, 25.7, 36.3, 33.7, 36.0, 36.8, 29.8, 30.8, 37.4, 35.6, 32.5, 31.8, 30.1, 36.0, 26.8, 29.1, 29.8, 35.4, 35.5]
 Weight-: 2622.1299999999997
[2885.4, 2195.8, 3607.9, 2174.5, 2396.2, 2361.2, 2263.1, 2611.0, 2843.8, 2302.9, 2290.4, 2487.5, 2755.0, 3104.6, 2299.2, 3336.3, 3039.2, 2915.5, 2246.4, 2326.7]
 Class-: 14.414999999999997
[17.5, 9.6, 20.5, 9.0, 12.5, 10.0, 10.3, 13.7, 19.9, 9.8, 10.2, 12.2, 15.9, 25.3, 10.4, 25.3, 16.7, 17.9, 10.2, 11.4]
execution time: 0.5631453990936279 seconds

sample: 1000
 CityMPG+: 25.925
[27.3, 30.9, 30.8, 22.0, 24.9, 24.8, 23.6, 24.2, 29.0, 26.5, 30.1, 29.2, 28.3, 24.2, 20.3, 21.8, 31.2, 22.2, 23.7, 23.5]
 HighwayMPG+: 32.395
[33.3, 36.1, 35.9, 29.1, 31.5, 31.2, 31.1, 31.8, 34.8, 33.0, 35.5, 34.5, 34.1, 31.3, 27.3, 28.7, 36.1, 30.2, 31.3, 31.1]
 Weight-: 2662.185
[2405.0, 2279.6, 2226.3, 3100.4, 2767.3, 2934.2, 2782.7, 2690.0, 2383.8, 2465.0, 2257.3, 2290.8, 2441.7, 2968.1, 3241.7, 2976.9, 2267.7, 2975.4, 2807.5, 2982.3]
 Class-: 14.55
[10.5, 10.3, 9.6, 16.6, 15.6, 19.1, 16.3, 13.9, 10.5, 11.4, 9.6, 10.1, 13.7, 17.9, 26.3, 18.5, 10.5, 19.6, 14.6, 16.4]
execution time: 0.9097330570220947 seconds

