/home/etlin/Documents/ncsu/spring2023_csc791_ase/ASE_spring23_proj/src/sway_with_ablation/../../data/auto2_ablation/auto2_drivetrain.csv

min: 0.5
far: 0.95

sample: 10
 CityMPG+: 29.925
[30.7, 31.5, 30.1, 31.4, 30.0, 31.1, 28.9, 31.4, 30.5, 31.2, 30.1, 27.0, 30.8, 30.9, 28.2, 26.5, 30.8, 31.8, 31.1, 24.5]
 HighwayMPG+: 35.404999999999994
[35.9, 36.7, 35.5, 36.8, 35.6, 36.4, 34.8, 36.8, 36.1, 36.3, 35.5, 32.4, 36.2, 36.0, 34.4, 32.3, 36.2, 36.9, 36.5, 30.8]
 Weight-: 2332.27
[2238.2, 2160.0, 2289.6, 2278.8, 2272.3, 2207.7, 2333.5, 2278.8, 2295.8, 2282.7, 2289.6, 2678.8, 2312.3, 2217.3, 2460.4, 2542.3, 2312.3, 2199.6, 2274.6, 2720.8]
 Class-: 10.700000000000001
[9.4, 9.0, 10.1, 10.2, 10.0, 9.4, 10.3, 10.2, 10.4, 10.1, 10.1, 14.4, 10.3, 10.0, 10.9, 11.8, 10.3, 9.4, 10.1, 17.6]
execution time: 0.14693498611450195 seconds

sample: 25
 CityMPG+: 28.29
[29.2, 31.0, 30.3, 26.9, 23.2, 31.7, 22.2, 29.5, 29.3, 30.2, 19.2, 31.6, 30.4, 28.5, 26.2, 30.8, 30.1, 28.5, 31.1, 25.9]
 HighwayMPG+: 34.089999999999996
[35.2, 36.3, 36.0, 33.1, 29.5, 37.0, 29.7, 35.1, 33.7, 35.5, 27.5, 36.6, 36.0, 34.4, 32.8, 36.2, 35.5, 33.8, 35.8, 32.1]
 Weight-: 2450.325
[2325.0, 2230.0, 2362.9, 2395.5, 2766.9, 2262.5, 3092.3, 2460.5, 2455.0, 2346.5, 3579.2, 2174.6, 2257.1, 2375.0, 2442.7, 2203.8, 2289.6, 2285.0, 2216.5, 2485.9]
 Class-: 11.7
[11.4, 9.7, 12.7, 11.1, 15.4, 9.8, 17.2, 12.5, 11.1, 10.4, 22.1, 9.3, 9.7, 10.4, 11.2, 9.5, 10.1, 9.5, 9.5, 11.4]
execution time: 0.1488780975341797 seconds

sample: 50
 CityMPG+: 29.189999999999998
[30.5, 26.6, 29.2, 30.1, 31.2, 28.1, 30.3, 31.2, 30.5, 30.5, 30.9, 20.2, 30.6, 30.5, 32.5, 30.1, 29.8, 25.5, 24.8, 30.7]
 HighwayMPG+: 34.75500000000001
[35.8, 32.8, 35.7, 35.3, 36.7, 34.2, 35.3, 36.7, 35.6, 35.3, 36.3, 27.1, 35.6, 35.8, 37.7, 35.5, 35.1, 31.6, 31.3, 35.7]
 Weight-: 2346.505
[2240.0, 2637.5, 2269.6, 2246.2, 2168.6, 2341.5, 2237.5, 2188.6, 2234.5, 2196.5, 2210.0, 3237.9, 2198.5, 2220.9, 2222.3, 2324.2, 2293.6, 2567.1, 2736.9, 2158.2]
 Class-: 11.52
[10.0, 18.0, 11.1, 9.7, 8.8, 12.6, 10.5, 9.2, 9.6, 9.5, 9.1, 18.1, 9.6, 9.9, 9.9, 10.5, 10.1, 16.7, 18.1, 9.4]
execution time: 0.16109156608581543 seconds

sample: 100
 CityMPG+: 29.119999999999997
[30.5, 30.1, 28.5, 31.4, 27.8, 32.4, 30.2, 23.4, 29.1, 30.3, 30.1, 30.2, 30.9, 27.9, 24.8, 30.1, 28.9, 25.8, 30.6, 29.4]
 HighwayMPG+: 34.790000000000006
[35.5, 35.0, 34.6, 36.9, 34.0, 37.2, 35.1, 29.7, 35.3, 36.0, 36.0, 36.2, 36.1, 33.9, 31.2, 35.4, 34.6, 32.0, 36.0, 35.1]
 Weight-: 2388.1649999999995
[2257.7, 2227.7, 2416.8, 2178.2, 2421.7, 2186.3, 2222.3, 3098.2, 2443.3, 2380.4, 2269.1, 2245.0, 2199.6, 2580.5, 2797.7, 2228.2, 2368.2, 2778.8, 2173.6, 2290.0]
 Class-: 11.959999999999999
[9.4, 10.0, 13.4, 9.2, 13.2, 9.5, 9.5, 21.4, 11.0, 11.6, 9.9, 9.3, 9.5, 13.0, 21.1, 9.3, 11.1, 19.2, 9.0, 9.6]
execution time: 0.18247175216674805 seconds

sample: 200
 CityMPG+: 26.775
[30.0, 22.6, 28.7, 29.5, 28.5, 27.0, 32.2, 31.2, 29.9, 19.4, 24.1, 23.4, 19.1, 23.6, 21.8, 31.5, 32.2, 25.8, 32.4, 22.6]
 HighwayMPG+: 32.955
[35.3, 29.9, 34.9, 34.8, 34.5, 32.8, 37.5, 36.6, 35.6, 27.0, 31.1, 30.6, 27.6, 29.9, 28.3, 36.9, 37.3, 31.9, 37.5, 29.1]
 Weight-: 2665.8750000000005
[2282.7, 2948.8, 2345.8, 2247.3, 2519.6, 2417.7, 2265.4, 2200.0, 2237.7, 3540.5, 2880.9, 3045.0, 3548.5, 3072.7, 3248.3, 2189.5, 2156.5, 2731.2, 2243.5, 3195.9]
 Class-: 15.485000000000003
[10.1, 15.0, 10.9, 9.9, 17.0, 10.8, 10.5, 10.0, 9.4, 25.4, 17.9, 17.0, 23.8, 20.6, 29.4, 9.3, 8.8, 15.9, 10.0, 28.0]
execution time: 0.23308157920837402 seconds

sample: 500
 CityMPG+: 26.570000000000004
[22.8, 31.2, 18.5, 29.5, 23.2, 25.5, 31.6, 22.7, 24.7, 29.2, 28.3, 26.8, 26.8, 24.6, 30.0, 27.6, 25.1, 28.3, 29.5, 25.5]
 HighwayMPG+: 32.894999999999996
[29.8, 35.5, 25.7, 35.1, 30.0, 33.1, 36.8, 29.9, 30.8, 35.7, 33.9, 32.8, 33.3, 32.2, 35.2, 34.2, 31.9, 33.9, 35.4, 32.7]
 Weight-: 2580.34
[2836.3, 2197.3, 3607.9, 2364.6, 2808.2, 2699.6, 2263.1, 2913.3, 2843.8, 2380.0, 2369.2, 2425.9, 2410.0, 2685.0, 2273.8, 2479.6, 2537.9, 2749.5, 2246.4, 2515.4]
 Class-: 13.26
[17.4, 10.1, 20.5, 10.5, 16.0, 14.5, 10.3, 19.2, 19.9, 9.9, 10.7, 12.4, 10.5, 13.3, 10.1, 12.0, 11.8, 13.7, 10.2, 12.2]
execution time: 0.3908388614654541 seconds

sample: 1000
 CityMPG+: 25.659999999999997
[21.6, 30.9, 31.5, 24.4, 29.9, 23.2, 21.6, 20.5, 20.5, 24.1, 29.8, 29.2, 27.3, 30.4, 21.0, 23.4, 31.2, 26.0, 23.3, 23.4]
 HighwayMPG+: 32.025000000000006
[28.4, 36.1, 36.5, 30.5, 35.4, 29.9, 28.4, 28.4, 27.7, 30.8, 35.6, 34.5, 34.4, 35.8, 28.0, 30.2, 36.1, 32.6, 30.7, 30.5]
 Weight-: 2702.455
[3026.3, 2279.6, 2246.9, 2878.8, 2309.2, 3043.1, 3026.3, 3284.6, 3289.6, 2806.9, 2291.2, 2290.8, 2399.2, 2242.1, 3172.9, 2894.2, 2267.7, 2485.8, 2880.4, 2933.5]
 Class-: 15.1
[20.3, 10.3, 10.2, 16.3, 10.1, 22.4, 20.3, 18.5, 20.5, 16.0, 9.7, 10.1, 10.4, 9.5, 24.5, 17.9, 10.5, 11.8, 16.3, 16.4]
execution time: 0.6753976345062256 seconds

