/home/etlin/Documents/ncsu/spring2023_csc791_ase/ASE_spring23_proj/src/sway_with_ablation/../../data/auto2_ablation/auto2_cynlinders.csv

min: 0.5
far: 0.95

sample: 10
 CityMPG+: 30.035000000000004
[30.7, 31.6, 30.2, 30.1, 30.0, 30.5, 28.9, 30.8, 31.0, 28.5, 31.2, 32.5, 31.3, 31.1, 27.8, 30.1, 30.1, 31.5, 28.5, 24.3]
 HighwayMPG+: 35.435
[35.9, 36.3, 35.8, 35.5, 35.6, 35.8, 34.8, 36.3, 36.5, 33.8, 36.3, 37.7, 36.4, 36.1, 33.9, 35.5, 35.5, 36.7, 33.8, 30.5]
 Weight-: 2282.275
[2238.2, 2227.3, 2268.3, 2289.6, 2272.3, 2209.5, 2333.5, 2222.3, 2208.6, 2285.0, 2282.7, 2172.7, 2170.4, 2204.5, 2452.7, 2289.6, 2268.5, 2162.1, 2307.3, 2780.4]
 Class-: 10.415000000000001
[9.4, 11.6, 9.9, 10.1, 10.0, 9.2, 10.3, 9.4, 9.2, 9.5, 10.1, 9.5, 9.2, 9.8, 13.1, 10.1, 9.9, 9.2, 9.9, 18.9]
execution time: 0.13685083389282227 seconds

sample: 25
 CityMPG+: 28.750000000000007
[28.4, 30.4, 29.8, 26.4, 27.4, 31.1, 21.1, 26.4, 30.3, 30.8, 26.8, 31.6, 30.5, 28.6, 26.6, 30.0, 28.6, 30.4, 29.8, 30.0]
 HighwayMPG+: 34.525000000000006
[33.8, 35.8, 35.7, 32.7, 33.5, 36.3, 27.9, 32.5, 35.5, 36.2, 32.8, 36.6, 35.3, 34.6, 33.7, 35.6, 34.5, 36.3, 35.6, 35.6]
 Weight-: 2386.9699999999993
[2478.1, 2280.8, 2291.7, 2442.9, 2370.0, 2330.4, 3235.0, 2450.0, 2254.2, 2312.3, 2652.1, 2174.6, 2202.5, 2393.2, 2464.6, 2287.7, 2318.2, 2243.8, 2269.6, 2287.7]
 Class-: 11.164999999999997
[11.5, 10.3, 10.3, 11.9, 11.3, 10.5, 21.4, 11.3, 9.7, 10.3, 15.4, 9.3, 9.2, 10.7, 10.7, 10.0, 10.1, 9.5, 9.9, 10.0]
execution time: 0.15691709518432617 seconds

sample: 50
 CityMPG+: 27.595
[30.5, 24.8, 26.1, 25.6, 28.5, 28.1, 30.7, 27.3, 30.6, 30.0, 30.5, 19.8, 30.6, 28.4, 25.3, 24.5, 25.7, 25.5, 29.9, 29.5]
 HighwayMPG+: 33.50000000000001
[35.8, 31.5, 32.8, 31.9, 34.3, 34.2, 35.3, 34.1, 35.5, 35.1, 35.9, 27.2, 36.2, 34.5, 31.7, 30.9, 31.7, 31.6, 35.1, 34.7]
 Weight-: 2432.1699999999996
[2240.0, 2638.8, 2440.9, 2483.5, 2446.5, 2341.5, 2205.4, 2429.5, 2191.2, 2203.8, 2242.1, 3329.6, 2196.2, 2355.0, 2517.3, 2582.7, 2499.1, 2567.1, 2224.1, 2509.1]
 Class-: 12.35
[10.0, 12.2, 11.0, 11.8, 11.5, 12.6, 9.9, 10.8, 9.3, 9.7, 9.7, 25.1, 9.3, 10.5, 12.5, 12.4, 15.3, 16.7, 9.2, 17.5]
execution time: 0.16614699363708496 seconds

sample: 100
 CityMPG+: 27.170000000000005
[22.8, 30.9, 26.1, 27.3, 29.8, 26.7, 28.5, 23.0, 28.5, 30.2, 28.6, 29.6, 29.8, 19.8, 22.2, 25.8, 30.0, 25.8, 27.9, 30.1]
 HighwayMPG+: 33.114999999999995
[29.7, 36.1, 32.0, 33.2, 35.1, 33.1, 34.9, 29.8, 34.9, 36.5, 33.5, 35.5, 34.6, 26.1, 28.9, 31.4, 35.6, 32.0, 34.0, 35.4]
 Weight-: 2555.5099999999998
[3039.5, 2287.3, 2811.4, 2537.7, 2224.5, 2497.3, 2409.5, 2956.0, 2300.0, 2351.9, 2342.3, 2375.0, 2347.7, 3388.3, 2957.1, 2524.2, 2287.7, 2778.8, 2465.8, 2228.2]
 Class-: 13.819999999999999
[19.4, 11.4, 18.8, 11.8, 9.5, 12.3, 11.1, 20.8, 9.5, 12.0, 11.0, 12.0, 11.9, 18.0, 23.9, 13.3, 10.0, 19.2, 11.2, 9.3]
execution time: 0.19889068603515625 seconds

sample: 200
 CityMPG+: 26.240000000000002
[28.3, 30.1, 22.6, 30.2, 29.9, 26.4, 30.5, 22.2, 32.1, 19.1, 22.6, 21.1, 20.8, 19.8, 21.8, 27.9, 27.8, 29.7, 30.6, 31.3]
 HighwayMPG+: 32.425
[33.9, 35.2, 29.9, 36.2, 35.0, 31.9, 36.5, 28.9, 37.2, 26.8, 29.4, 26.9, 28.2, 27.4, 28.3, 33.8, 34.7, 35.7, 35.8, 36.8]
 Weight-: 2696.2300000000005
[2409.5, 2225.8, 2806.9, 2294.2, 2273.2, 2541.8, 2251.4, 3203.1, 2213.8, 3616.0, 3180.9, 3365.0, 3174.6, 3372.9, 3248.3, 2435.0, 2523.5, 2383.2, 2229.1, 2176.4]
 Class-: 16.150000000000002
[12.5, 10.2, 18.3, 11.3, 10.0, 12.9, 9.7, 27.7, 10.1, 25.4, 29.3, 19.4, 19.4, 20.8, 29.4, 14.1, 11.5, 12.0, 9.6, 9.4]
execution time: 0.25922536849975586 seconds

sample: 500
 CityMPG+: 27.270000000000003
[25.4, 27.0, 18.5, 31.4, 27.5, 31.4, 31.1, 25.3, 23.2, 31.2, 29.9, 25.7, 25.8, 26.1, 30.8, 26.3, 23.8, 25.3, 29.5, 30.2]
 HighwayMPG+: 33.36999999999999
[32.0, 33.3, 25.7, 36.6, 33.3, 36.5, 36.5, 31.8, 30.3, 37.4, 35.1, 31.9, 32.3, 32.6, 36.0, 33.0, 30.8, 31.8, 35.4, 35.1]
 Weight-: 2557.31
[2492.1, 2737.9, 3607.9, 2262.1, 2415.4, 2298.1, 2293.8, 2672.1, 2756.3, 2302.9, 2224.6, 2823.8, 2637.7, 2836.2, 2299.2, 2535.4, 2691.3, 2781.2, 2246.4, 2231.8]
 Class-: 13.125
[12.0, 15.0, 20.5, 10.2, 14.1, 10.3, 10.2, 13.1, 15.6, 9.8, 9.3, 19.3, 13.6, 17.5, 10.4, 12.2, 14.0, 15.2, 10.2, 10.0]
execution time: 0.4086418151855469 seconds

sample: 1000
 CityMPG+: 25.865
[26.0, 30.9, 31.4, 19.7, 23.4, 24.4, 27.2, 24.2, 24.1, 18.8, 30.5, 31.8, 28.3, 25.5, 20.3, 24.2, 31.2, 30.4, 22.2, 22.8]
 HighwayMPG+: 32.355000000000004
[32.6, 36.1, 36.6, 27.5, 31.1, 30.7, 33.0, 31.8, 30.8, 26.6, 36.2, 36.8, 34.1, 32.3, 27.3, 31.3, 36.1, 36.0, 30.0, 30.2]
 Weight-: 2715.7349999999997
[2485.8, 2279.6, 2201.7, 3468.8, 2853.8, 2983.8, 2526.5, 2690.0, 2674.2, 3616.3, 2230.0, 2228.5, 2441.7, 2779.2, 3241.7, 2846.3, 2267.7, 2335.8, 3108.3, 3055.0]
 Class-: 15.275
[11.8, 10.3, 9.5, 21.7, 17.4, 19.8, 13.8, 13.9, 14.1, 22.2, 9.2, 10.1, 13.7, 14.3, 26.3, 17.0, 10.5, 11.8, 20.1, 18.0]
execution time: 0.6597511768341064 seconds

