/home/etlin/Documents/ncsu/spring2023_csc791_ase/ASE_spring23_proj/src/sway_with_ablation/../../data/auto2_ablation/auto2_rearseat.csv

min: 0.5
far: 0.95

sample: 10
 CityMPG+: 29.82
[28.5, 27.1, 30.6, 30.8, 30.1, 28.7, 29.6, 30.9, 28.8, 30.1, 30.8, 31.9, 30.1, 28.5, 32.5, 30.1, 31.1, 32.8, 29.9, 23.5]
 HighwayMPG+: 35.37499999999999
[34.2, 33.1, 36.3, 35.8, 35.5, 34.5, 35.3, 36.5, 34.7, 35.5, 36.2, 36.3, 35.5, 34.7, 37.7, 35.8, 36.4, 38.0, 35.4, 30.1]
 Weight-: 2317.285
[2395.8, 2442.7, 2267.1, 2193.1, 2289.6, 2394.1, 2307.3, 2296.5, 2416.8, 2289.6, 2246.5, 2251.9, 2289.6, 2365.8, 2204.1, 2299.5, 2140.9, 2204.2, 2277.7, 2772.9]
 Class-: 10.814999999999998
[11.2, 13.0, 10.1, 9.3, 10.1, 11.9, 10.1, 10.2, 11.2, 10.1, 10.2, 10.3, 10.1, 11.7, 9.6, 11.0, 9.2, 9.5, 10.0, 17.5]
execution time: 0.18795561790466309 seconds

sample: 25
 CityMPG+: 28.73
[29.2, 30.0, 31.3, 26.6, 25.3, 31.0, 24.4, 28.8, 27.3, 30.1, 31.4, 29.9, 30.4, 32.1, 27.5, 28.5, 24.6, 30.4, 29.8, 26.0]
 HighwayMPG+: 34.515
[35.2, 35.6, 36.4, 32.8, 30.8, 35.9, 31.9, 34.6, 32.9, 35.5, 36.9, 36.2, 35.7, 37.0, 33.1, 34.4, 31.7, 36.3, 35.6, 31.8]
 Weight-: 2366.9
[2325.0, 2287.7, 2195.9, 2432.9, 2539.2, 2236.7, 2707.9, 2382.3, 2501.3, 2289.6, 2190.8, 2310.8, 2254.6, 2196.9, 2431.5, 2341.2, 2750.8, 2243.8, 2269.6, 2449.5]
 Class-: 11.205000000000002
[11.4, 10.0, 9.1, 11.7, 13.6, 9.8, 13.0, 13.0, 11.2, 10.1, 9.6, 10.1, 9.8, 9.7, 11.2, 10.3, 19.8, 9.5, 9.9, 11.3]
execution time: 0.19644832611083984 seconds

sample: 50
 CityMPG+: 29.75
[27.1, 24.8, 26.3, 30.5, 30.8, 28.1, 31.2, 29.4, 30.8, 30.9, 30.6, 30.5, 30.1, 31.7, 28.0, 29.4, 31.5, 30.8, 31.0, 31.5]
 HighwayMPG+: 35.245000000000005
[33.1, 30.7, 33.3, 36.6, 36.2, 34.2, 36.3, 35.1, 36.2, 36.4, 35.7, 35.5, 35.0, 36.6, 33.6, 35.0, 36.6, 35.7, 36.4, 36.7]
 Weight-: 2284.2799999999997
[2557.3, 2579.2, 2451.4, 2295.9, 2312.3, 2341.5, 2169.6, 2275.5, 2203.8, 2262.3, 2190.5, 2218.5, 2215.4, 2193.6, 2371.8, 2267.3, 2187.7, 2205.4, 2242.5, 2144.1]
 Class-: 10.355
[14.2, 12.3, 11.0, 10.6, 10.3, 12.6, 9.2, 9.6, 9.5, 10.5, 9.8, 10.0, 10.1, 9.6, 10.6, 9.6, 9.3, 9.3, 10.0, 9.0]
execution time: 0.20734786987304688 seconds

sample: 100
 CityMPG+: 27.51
[31.8, 30.4, 27.3, 28.5, 30.8, 29.5, 26.4, 23.3, 29.1, 26.0, 23.5, 27.1, 30.3, 21.8, 28.1, 25.7, 23.2, 29.6, 27.5, 30.3]
 HighwayMPG+: 33.58
[37.2, 36.0, 32.8, 34.1, 36.0, 35.1, 33.2, 30.5, 35.3, 32.2, 30.3, 33.5, 35.8, 28.9, 34.5, 31.6, 30.0, 35.3, 33.9, 35.4]
 Weight-: 2509.93
[2261.8, 2257.1, 2614.1, 2429.6, 2461.2, 2231.8, 2647.3, 2623.3, 2443.3, 2696.2, 2604.2, 2459.1, 2327.3, 3155.4, 2440.0, 2578.1, 2935.5, 2305.4, 2498.8, 2229.1]
 Class-: 13.184999999999999
[9.9, 9.7, 13.2, 13.6, 12.5, 9.0, 15.0, 15.2, 11.0, 19.6, 13.5, 16.3, 9.9, 20.7, 11.1, 13.6, 17.7, 10.0, 12.8, 9.4]
execution time: 0.2436814308166504 seconds

sample: 200
 CityMPG+: 27.05
[28.1, 24.5, 28.3, 30.2, 28.8, 27.0, 22.1, 19.3, 29.9, 22.3, 30.5, 32.2, 19.1, 29.1, 25.9, 28.5, 26.1, 32.1, 25.7, 31.3]
 HighwayMPG+: 33.37500000000001
[34.9, 30.7, 34.3, 36.2, 35.0, 32.8, 28.4, 26.9, 35.6, 30.9, 36.1, 37.2, 27.6, 35.0, 32.4, 34.6, 32.7, 38.0, 31.6, 36.6]
 Weight-: 2625.6349999999998
[2531.3, 2792.7, 2477.1, 2294.2, 2488.0, 2417.7, 3243.5, 3513.5, 2237.7, 2874.2, 2333.8, 2203.8, 3548.5, 2440.0, 2790.0, 2515.5, 2661.3, 2403.0, 2502.7, 2244.2]
 Class-: 14.704999999999998
[11.9, 14.5, 11.7, 11.3, 11.7, 10.8, 30.4, 21.8, 9.4, 18.2, 11.8, 10.4, 23.8, 11.8, 19.6, 12.9, 18.4, 11.9, 11.3, 10.5]
execution time: 0.3229646682739258 seconds

sample: 500
 CityMPG+: 26.325000000000006
[26.8, 32.0, 22.5, 31.5, 26.0, 25.6, 31.8, 22.2, 24.5, 30.2, 26.6, 26.7, 25.3, 29.4, 23.1, 22.8, 24.1, 23.7, 30.1, 21.6]
 HighwayMPG+: 32.559999999999995
[33.3, 36.8, 29.5, 36.5, 32.2, 33.2, 36.8, 29.2, 30.5, 35.5, 32.9, 32.8, 31.9, 35.5, 30.2, 29.5, 31.0, 30.4, 36.0, 27.5]
 Weight-: 2610.5000000000005
[2418.8, 2188.8, 3110.8, 2179.5, 2496.3, 2689.2, 2230.4, 3057.7, 2949.2, 2388.5, 2490.9, 2348.3, 2571.2, 2328.5, 2924.2, 2894.1, 2698.3, 2851.8, 2215.0, 3178.5]
 Class-: 14.295000000000002
[12.5, 9.7, 19.6, 9.1, 11.4, 14.5, 10.2, 15.9, 20.4, 14.0, 11.8, 10.2, 13.3, 10.0, 16.4, 21.5, 14.5, 16.4, 9.7, 24.8]
execution time: 0.6055772304534912 seconds

sample: 1000
 CityMPG+: 24.865
[18.2, 31.4, 32.1, 22.4, 18.4, 22.9, 25.5, 23.5, 29.0, 18.8, 30.5, 29.2, 26.8, 26.0, 20.9, 22.2, 31.2, 21.4, 23.7, 23.2]
 HighwayMPG+: 31.544999999999998
[25.0, 37.1, 37.0, 29.8, 25.7, 30.3, 32.3, 30.8, 34.8, 26.3, 36.2, 34.5, 33.9, 33.2, 28.0, 28.8, 36.1, 29.2, 31.3, 30.6]
 Weight-: 2810.4
[3663.8, 2316.9, 2196.9, 2988.8, 3653.1, 2856.7, 2510.8, 2781.2, 2383.8, 3600.0, 2230.0, 2290.8, 2618.3, 2739.2, 3146.7, 2993.5, 2267.7, 3161.9, 2807.5, 3000.4]
 Class-: 15.805000000000001
[25.9, 11.3, 9.7, 15.8, 23.5, 17.7, 11.8, 17.3, 10.5, 22.0, 9.2, 10.1, 13.0, 14.1, 23.6, 19.1, 10.5, 20.1, 14.6, 16.3]
execution time: 0.9685831069946289 seconds

