/home/etlin/Documents/ncsu/spring2023_csc791_ase/ASE_spring23_proj/src/sway_with_ablation/../../data/auto2_ablation/auto2_enginerevs.csv

min: 0.5
far: 0.95

sample: 10
 CityMPG+: 29.69500000000001
[28.5, 31.0, 32.2, 30.1, 30.8, 30.6, 28.9, 30.1, 28.1, 30.1, 31.3, 26.5, 29.6, 27.5, 32.5, 31.2, 30.1, 30.5, 29.6, 24.7]
 HighwayMPG+: 35.32
[34.8, 36.5, 37.4, 35.5, 36.2, 36.4, 34.8, 35.7, 33.7, 35.5, 36.4, 31.8, 35.3, 33.4, 37.7, 36.6, 35.5, 36.7, 35.3, 31.2]
 Weight-: 2329.2650000000003
[2421.2, 2233.6, 2261.4, 2289.6, 2312.3, 2218.2, 2333.5, 2331.5, 2337.9, 2289.6, 2185.8, 2738.5, 2307.3, 2386.8, 2205.0, 2181.5, 2268.5, 2247.9, 2307.3, 2727.9]
 Class-: 10.434999999999999
[10.7, 9.5, 9.8, 10.1, 10.3, 9.5, 10.3, 11.8, 10.1, 10.1, 9.5, 13.6, 10.1, 10.8, 9.8, 9.2, 9.9, 9.8, 10.1, 13.7]
execution time: 0.13853836059570312 seconds

sample: 25
 CityMPG+: 29.559999999999995
[29.2, 30.0, 32.3, 31.5, 27.1, 31.6, 29.8, 25.0, 30.3, 28.5, 31.4, 30.0, 31.0, 29.7, 25.4, 30.6, 30.1, 31.8, 29.6, 26.3]
 HighwayMPG+: 35.14
[35.2, 35.6, 37.2, 36.9, 33.0, 36.9, 35.3, 31.3, 35.5, 33.8, 36.6, 35.5, 36.4, 35.2, 32.2, 35.5, 35.5, 36.8, 35.3, 33.1]
 Weight-: 2310.6249999999995
[2325.0, 2287.7, 2186.3, 2258.1, 2411.4, 2200.8, 2306.9, 2611.2, 2237.3, 2285.0, 2262.1, 2259.2, 2242.5, 2273.8, 2593.8, 2194.1, 2289.6, 2237.7, 2307.3, 2442.7]
 Class-: 10.53
[11.4, 10.0, 9.6, 10.0, 12.0, 9.2, 10.2, 15.7, 9.8, 9.5, 10.2, 9.9, 10.0, 10.0, 12.3, 9.6, 10.1, 9.8, 10.1, 11.2]
execution time: 0.1477828025817871 seconds

sample: 50
 CityMPG+: 28.564999999999998
[30.4, 24.8, 22.3, 28.8, 30.0, 30.2, 31.2, 30.7, 30.8, 30.3, 27.0, 20.2, 30.4, 30.3, 28.4, 27.2, 26.5, 30.1, 31.9, 29.8]
 HighwayMPG+: 34.15499999999999
[35.9, 30.7, 28.2, 34.1, 35.6, 36.1, 36.3, 35.9, 36.2, 35.2, 33.5, 27.5, 35.6, 36.1, 34.4, 32.8, 32.5, 35.3, 36.3, 34.9]
 Weight-: 2405.5
[2248.8, 2579.2, 2965.8, 2391.2, 2287.7, 2226.2, 2169.6, 2204.5, 2203.8, 2233.8, 2386.8, 3355.8, 2224.2, 2305.5, 2341.5, 2684.5, 2402.3, 2418.3, 2154.0, 2326.5]
 Class-: 11.555000000000003
[9.9, 12.3, 14.2, 10.8, 10.0, 9.2, 9.2, 9.2, 9.5, 10.2, 10.4, 26.0, 10.0, 10.4, 10.8, 15.9, 11.3, 11.6, 9.3, 10.9]
execution time: 0.16071653366088867 seconds

sample: 100
 CityMPG+: 26.904999999999994
[29.6, 24.1, 31.4, 25.7, 23.9, 25.5, 30.8, 26.1, 23.9, 30.5, 22.7, 29.6, 29.5, 29.2, 21.9, 23.2, 28.7, 26.0, 29.5, 26.3]
 HighwayMPG+: 33.14
[34.9, 31.0, 35.9, 31.6, 30.9, 32.5, 36.2, 33.7, 31.6, 36.5, 29.5, 35.7, 34.8, 35.2, 29.2, 29.7, 34.1, 32.3, 34.8, 32.7]
 Weight-: 2559.43
[2395.5, 2901.5, 2161.8, 2806.7, 2690.0, 2540.9, 2318.8, 2554.5, 2744.2, 2402.3, 2765.0, 2316.4, 2268.1, 2294.2, 3105.8, 2887.3, 2436.2, 2757.1, 2268.1, 2574.2]
 Class-: 13.680000000000001
[10.6, 17.6, 9.6, 17.2, 14.6, 11.0, 11.9, 16.6, 15.2, 13.0, 13.7, 10.6, 10.9, 10.2, 18.2, 16.9, 10.9, 18.4, 10.9, 15.6]
execution time: 0.18712425231933594 seconds

sample: 200
 CityMPG+: 26.7
[23.0, 29.0, 27.2, 31.9, 30.6, 26.1, 24.8, 27.3, 29.2, 23.6, 24.8, 32.7, 19.2, 29.4, 20.6, 26.5, 25.7, 21.5, 29.8, 31.1]
 HighwayMPG+: 32.78
[29.7, 35.1, 33.2, 36.8, 35.5, 32.5, 31.3, 33.5, 34.8, 29.9, 31.1, 37.3, 27.2, 34.8, 29.1, 32.4, 31.9, 28.3, 35.6, 35.6]
 Weight-: 2625.01
[2997.7, 2391.5, 2476.9, 2209.2, 2247.5, 2476.4, 2830.8, 2628.3, 2262.7, 2738.8, 2857.3, 2182.9, 3418.1, 2378.8, 3303.6, 2691.9, 2632.5, 3061.0, 2426.0, 2288.3]
 Class-: 14.779999999999998
[18.5, 11.9, 12.3, 9.7, 10.0, 11.1, 18.1, 18.9, 9.9, 14.5, 18.8, 9.6, 22.2, 10.8, 20.4, 16.7, 17.5, 22.0, 12.4, 10.3]
execution time: 0.23544096946716309 seconds

sample: 500
 CityMPG+: 26.57
[23.1, 32.3, 18.5, 31.3, 28.6, 31.7, 31.1, 22.9, 28.9, 18.1, 30.2, 29.2, 23.8, 31.3, 31.4, 22.6, 23.2, 22.7, 29.2, 21.3]
 HighwayMPG+: 32.61
[30.0, 36.8, 25.7, 36.3, 33.9, 37.1, 36.5, 29.3, 34.5, 26.0, 35.3, 35.1, 30.9, 35.9, 36.5, 29.8, 29.7, 29.2, 35.4, 28.3]
 Weight-: 2657.5849999999996
[2868.8, 2196.9, 3607.9, 2279.2, 2376.9, 2278.8, 2293.8, 2947.3, 2345.9, 3684.1, 2208.1, 2346.5, 2980.9, 2338.0, 2244.2, 2937.9, 3036.5, 2892.7, 2257.7, 3029.6]
 Class-: 14.770000000000001
[16.8, 9.6, 20.5, 10.3, 12.4, 10.6, 10.2, 14.9, 12.2, 27.1, 9.6, 10.6, 22.8, 11.6, 9.8, 21.8, 16.8, 18.9, 9.5, 19.4]
execution time: 0.39005327224731445 seconds

sample: 1000
 CityMPG+: 25.19
[21.6, 30.6, 31.5, 24.9, 21.6, 24.8, 30.5, 24.5, 30.8, 18.8, 29.8, 21.2, 23.4, 26.4, 20.5, 21.6, 31.7, 24.8, 23.3, 21.5]
 HighwayMPG+: 31.620000000000005
[28.4, 36.1, 36.8, 30.7, 28.4, 31.2, 36.0, 30.7, 36.5, 25.9, 35.6, 28.6, 30.8, 33.1, 27.6, 28.5, 36.8, 31.2, 31.0, 28.5]
 Weight-: 2775.38
[3026.3, 2317.7, 2263.1, 2880.0, 3026.3, 2934.2, 2272.9, 2643.1, 2317.5, 3579.6, 2291.2, 3195.0, 2881.9, 2710.8, 3235.0, 3055.4, 2281.2, 2652.1, 2855.8, 3088.5]
 Class-: 15.920000000000002
[20.3, 11.0, 10.3, 18.0, 20.3, 19.1, 10.0, 12.4, 10.3, 21.8, 9.7, 19.3, 18.2, 13.6, 24.9, 19.1, 10.2, 13.7, 15.1, 21.1]
execution time: 0.6530447006225586 seconds

