/home/etlin/Documents/ncsu/spring2023_csc791_ase/ASE_spring23_proj/src/sway_with_ablation/../../data/auto2_ablation/auto2_horsepower.csv

min: 0.5
far: 0.95

sample: 10
 CityMPG+: 29.845000000000006
[30.7, 30.7, 30.2, 31.4, 31.2, 30.4, 28.9, 30.1, 31.8, 30.1, 31.2, 27.0, 30.1, 27.5, 31.9, 27.1, 30.1, 30.6, 31.2, 24.7]
 HighwayMPG+: 35.355000000000004
[35.9, 36.0, 35.8, 36.8, 36.3, 35.6, 34.8, 35.7, 36.7, 35.5, 36.6, 33.1, 35.5, 33.4, 36.9, 33.2, 35.5, 36.3, 36.3, 31.2]
 Weight-: 2323.025
[2238.2, 2257.7, 2268.3, 2278.8, 2282.7, 2195.5, 2333.5, 2331.5, 2257.9, 2289.6, 2183.5, 2645.4, 2289.6, 2380.5, 2263.2, 2437.3, 2268.5, 2248.2, 2282.7, 2727.9]
 Class-: 10.655000000000001
[9.4, 9.9, 9.9, 10.2, 10.1, 9.0, 10.3, 11.8, 10.3, 10.1, 9.4, 15.1, 10.1, 10.8, 10.3, 12.8, 9.9, 9.9, 10.1, 13.7]
execution time: 0.20448923110961914 seconds

sample: 25
 CityMPG+: 28.639999999999997
[28.2, 30.4, 31.1, 26.4, 26.9, 30.5, 23.5, 27.0, 31.2, 30.8, 31.4, 29.9, 28.7, 29.2, 25.8, 30.6, 25.9, 28.9, 30.1, 26.3]
 HighwayMPG+: 34.49000000000001
[33.9, 35.8, 36.4, 32.6, 33.5, 35.8, 30.8, 32.8, 36.3, 36.2, 36.8, 34.9, 34.6, 35.2, 32.7, 36.2, 32.7, 34.4, 35.5, 32.7]
 Weight-: 2373.685
[2406.4, 2280.8, 2160.0, 2439.2, 2371.4, 2249.2, 2812.3, 2486.4, 2282.7, 2312.3, 2246.7, 2227.7, 2285.9, 2325.0, 2546.9, 2228.6, 2708.5, 2388.6, 2289.6, 2425.5]
 Class-: 11.229999999999999
[11.0, 10.3, 9.2, 11.8, 11.4, 9.6, 13.6, 11.9, 10.1, 10.3, 9.6, 9.3, 13.2, 11.4, 12.5, 9.4, 17.7, 11.0, 10.1, 11.2]
execution time: 0.219041109085083 seconds

sample: 50
 CityMPG+: 28.505000000000003
[30.6, 30.0, 21.7, 29.8, 30.8, 30.4, 30.9, 30.6, 29.7, 30.0, 23.9, 30.4, 29.9, 27.6, 27.7, 24.6, 26.6, 29.1, 28.1, 27.7]
 HighwayMPG+: 34.33
[36.2, 35.6, 28.7, 35.5, 36.2, 35.4, 35.8, 36.5, 35.1, 35.1, 30.4, 35.9, 35.7, 33.8, 33.5, 32.0, 32.8, 35.2, 33.8, 33.4]
 Weight-: 2384.095
[2230.4, 2287.7, 3063.6, 2291.9, 2312.3, 2210.5, 2229.5, 2267.7, 2294.5, 2203.8, 2812.3, 2216.3, 2275.4, 2395.0, 2363.5, 2691.7, 2406.7, 2296.4, 2348.1, 2484.6]
 Class-: 11.209999999999999
[9.7, 10.0, 15.2, 10.1, 10.3, 9.5, 9.5, 9.7, 10.3, 9.7, 18.5, 10.4, 10.1, 11.3, 11.7, 13.0, 11.0, 10.6, 12.2, 11.4]
execution time: 0.23917460441589355 seconds

sample: 100
 CityMPG+: 27.365000000000002
[25.1, 24.6, 27.0, 29.6, 31.3, 30.5, 24.2, 23.0, 25.3, 28.7, 29.0, 29.5, 29.5, 28.5, 23.6, 24.5, 30.6, 28.6, 27.7, 26.5]
 HighwayMPG+: 33.375
[31.3, 31.9, 33.5, 34.8, 36.3, 35.8, 31.3, 29.8, 31.4, 34.6, 33.9, 35.5, 34.7, 34.9, 30.1, 30.0, 36.2, 34.2, 34.5, 32.8]
 Weight-: 2510.385
[2781.7, 2624.6, 2488.5, 2307.3, 2350.0, 2257.9, 2574.6, 2956.0, 2865.4, 2558.1, 2290.9, 2331.7, 2343.1, 2409.5, 2682.9, 2593.6, 2228.6, 2607.7, 2352.3, 2603.3]
 Class-: 13.9
[16.5, 13.9, 11.1, 12.0, 11.8, 10.0, 17.9, 20.8, 19.4, 16.4, 10.4, 10.8, 12.0, 11.1, 17.0, 14.1, 9.4, 16.4, 11.7, 15.3]
execution time: 0.26656508445739746 seconds

sample: 200
 CityMPG+: 27.185000000000002
[25.3, 23.6, 26.6, 29.2, 30.8, 27.0, 24.3, 29.8, 32.1, 21.6, 25.4, 32.2, 18.5, 31.0, 27.6, 28.5, 27.6, 23.1, 28.2, 31.3]
 HighwayMPG+: 33.48
[31.8, 31.2, 33.2, 35.0, 36.3, 32.8, 31.4, 35.2, 37.2, 28.6, 32.1, 37.5, 27.0, 36.5, 33.7, 34.6, 34.1, 30.3, 34.8, 36.3]
 Weight-: 2561.6749999999997
[2535.5, 2843.1, 2510.4, 2283.5, 2248.0, 2417.7, 2747.1, 2581.7, 2233.1, 2957.5, 2759.1, 2210.4, 3598.5, 2248.5, 2511.7, 2355.8, 2494.2, 2885.0, 2517.7, 2295.0]
 Class-: 13.554999999999998
[13.3, 14.7, 12.6, 11.2, 10.1, 10.8, 14.7, 14.3, 10.2, 18.2, 17.2, 10.0, 24.8, 10.0, 13.7, 10.7, 13.5, 17.7, 12.2, 11.2]
execution time: 0.3415534496307373 seconds

sample: 500
 CityMPG+: 25.77
[22.6, 32.0, 18.5, 23.7, 28.6, 31.4, 31.6, 23.3, 25.5, 30.8, 22.0, 29.4, 25.1, 26.1, 24.5, 22.4, 24.6, 23.3, 27.2, 22.8]
 HighwayMPG+: 32.155
[29.5, 36.8, 25.7, 30.8, 33.8, 36.5, 36.8, 30.6, 31.9, 36.8, 28.0, 35.0, 31.9, 32.7, 32.1, 29.1, 32.0, 30.1, 33.5, 29.5]
 Weight-: 2683.2599999999998
[2931.7, 2188.8, 3607.9, 2902.7, 2412.7, 2298.1, 2263.1, 2888.8, 2760.0, 2245.4, 3153.8, 2239.6, 2594.6, 2840.0, 2703.5, 2902.9, 2717.5, 2851.4, 2357.7, 2805.0]
 Class-: 14.575
[17.7, 9.7, 20.5, 15.8, 12.9, 10.3, 10.3, 19.1, 14.8, 9.3, 18.1, 9.7, 14.8, 17.9, 13.0, 20.3, 14.4, 16.3, 12.4, 14.2]
execution time: 0.5603303909301758 seconds

sample: 1000
 CityMPG+: 25.464999999999996
[23.4, 30.2, 31.5, 26.3, 26.0, 24.8, 17.8, 20.0, 25.2, 26.9, 30.1, 29.5, 28.3, 24.7, 20.3, 22.5, 31.5, 26.0, 23.4, 20.9]
 HighwayMPG+: 31.95
[31.1, 35.8, 36.5, 32.6, 32.6, 31.2, 25.2, 28.0, 31.7, 32.6, 35.5, 35.2, 34.1, 31.8, 27.3, 29.5, 36.8, 32.6, 31.1, 27.8]
 Weight-: 2729.465
[2853.8, 2257.3, 2246.9, 2590.8, 2485.8, 2934.2, 3717.7, 3350.0, 2728.5, 2647.9, 2257.3, 2274.6, 2441.7, 2875.8, 3241.7, 2896.2, 2251.5, 2485.8, 2878.3, 3173.5]
 Class-: 15.320000000000002
[17.4, 9.6, 10.2, 14.4, 11.8, 19.1, 24.0, 20.6, 14.9, 13.4, 9.6, 9.7, 13.7, 15.6, 26.3, 16.9, 10.1, 11.8, 15.0, 22.3]
execution time: 0.908013105392456 seconds

