/home/etlin/Documents/ncsu/spring2023_csc791_ase/ASE_spring23_proj/src/sway_with_ablation/../../data/auto2_ablation/auto2_length.csv

min: 0.5
far: 0.95

sample: 10
 CityMPG+: 29.575000000000006
[28.5, 25.8, 28.7, 31.1, 32.6, 30.5, 28.9, 31.4, 30.7, 29.2, 29.6, 26.5, 29.6, 30.8, 32.5, 28.2, 30.8, 31.5, 29.9, 24.7]
 HighwayMPG+: 35.14000000000001
[34.8, 32.3, 34.5, 36.2, 37.1, 35.8, 34.8, 36.8, 35.4, 35.1, 35.3, 31.8, 35.3, 35.8, 38.2, 34.1, 36.2, 36.7, 35.4, 31.2]
 Weight-: 2342.54
[2436.5, 2485.0, 2343.2, 2291.5, 2195.8, 2209.5, 2333.5, 2278.8, 2260.4, 2348.8, 2331.2, 2738.5, 2307.3, 2226.8, 2188.1, 2379.2, 2312.3, 2178.8, 2277.7, 2727.9]
 Class-: 10.635000000000002
[11.0, 11.2, 10.2, 10.4, 9.7, 9.2, 10.3, 10.2, 10.4, 10.7, 10.7, 13.6, 10.1, 10.2, 9.5, 11.8, 10.3, 9.5, 10.0, 13.7]
execution time: 0.20124077796936035 seconds

sample: 25
 CityMPG+: 28.8
[29.2, 31.7, 30.5, 25.8, 25.2, 29.8, 29.2, 28.4, 26.8, 30.8, 30.5, 30.4, 30.5, 29.2, 25.5, 30.9, 24.2, 28.9, 29.9, 28.6]
 HighwayMPG+: 34.555
[35.2, 36.8, 36.1, 31.8, 31.1, 35.3, 35.1, 34.1, 32.3, 36.2, 35.9, 35.8, 36.1, 34.9, 32.2, 36.6, 31.2, 34.4, 35.4, 34.6]
 Weight-: 2367.115
[2325.0, 2247.5, 2254.1, 2471.3, 2496.5, 2286.3, 2348.8, 2406.5, 2492.1, 2312.3, 2360.9, 2273.2, 2295.8, 2310.0, 2541.5, 2214.6, 2751.9, 2388.6, 2277.7, 2287.7]
 Class-: 11.360000000000001
[11.4, 9.6, 10.2, 13.4, 12.6, 9.8, 10.7, 13.5, 11.3, 10.3, 10.6, 9.6, 10.4, 11.0, 11.7, 9.4, 20.3, 11.0, 10.0, 10.4]
execution time: 0.21073317527770996 seconds

sample: 50
 CityMPG+: 28.195
[30.6, 24.9, 24.8, 29.8, 25.2, 32.6, 30.4, 26.3, 22.7, 30.2, 29.4, 30.0, 29.8, 31.7, 28.4, 25.0, 25.3, 30.8, 30.5, 25.5]
 HighwayMPG+: 33.93
[35.8, 30.8, 31.3, 35.5, 30.9, 37.9, 35.8, 33.2, 29.6, 35.9, 34.3, 35.3, 35.1, 37.2, 34.4, 31.3, 31.2, 35.7, 35.5, 31.9]
 Weight-: 2417.605
[2249.6, 2600.0, 2750.8, 2291.9, 2824.6, 2227.7, 2203.8, 2454.1, 2807.3, 2283.5, 2503.3, 2236.5, 2228.5, 2282.3, 2341.5, 2646.7, 2518.3, 2205.4, 2197.1, 2499.2]
 Class-: 11.74
[9.9, 12.2, 12.5, 10.1, 16.1, 9.9, 9.3, 10.7, 19.4, 10.1, 14.1, 9.8, 9.6, 10.6, 10.8, 13.9, 14.8, 9.3, 9.6, 12.1]
execution time: 0.2222738265991211 seconds

sample: 100
 CityMPG+: 28.340000000000003
[29.5, 22.8, 23.7, 30.2, 27.6, 26.4, 30.0, 25.8, 31.4, 30.2, 29.8, 28.7, 29.9, 22.9, 28.5, 26.3, 30.7, 30.6, 29.7, 32.1]
 HighwayMPG+: 34.269999999999996
[35.1, 30.0, 30.3, 35.2, 33.8, 33.1, 35.6, 33.5, 36.3, 36.5, 35.5, 34.9, 34.9, 29.5, 34.0, 32.7, 35.9, 35.9, 35.5, 37.2]
 Weight-: 2419.455
[2231.8, 2927.5, 3110.0, 2271.8, 2338.2, 2526.5, 2290.4, 2565.0, 2155.5, 2351.9, 2260.8, 2361.8, 2315.0, 2647.1, 2385.5, 2595.0, 2175.5, 2200.0, 2412.1, 2267.7]
 Class-: 12.264999999999999
[9.0, 19.8, 21.6, 9.8, 10.7, 12.6, 10.4, 14.3, 9.3, 12.0, 9.6, 11.3, 11.6, 16.7, 10.9, 15.6, 8.9, 9.1, 11.6, 10.5]
execution time: 0.2553679943084717 seconds

sample: 200
 CityMPG+: 27.825
[20.6, 22.6, 29.9, 30.2, 32.4, 27.0, 26.1, 26.7, 32.1, 30.2, 23.8, 32.3, 18.3, 29.7, 30.0, 26.8, 29.9, 31.8, 25.2, 30.9]
 HighwayMPG+: 33.825
[26.7, 29.9, 35.7, 36.2, 37.4, 32.8, 32.2, 32.3, 37.1, 35.5, 30.6, 37.5, 26.8, 35.4, 35.6, 33.1, 35.7, 37.5, 31.8, 36.7]
 Weight-: 2536.6400000000003
[3250.9, 2948.8, 2265.5, 2294.2, 2200.4, 2417.7, 2514.2, 2787.5, 2237.3, 2280.0, 2980.0, 2207.1, 3630.4, 2354.2, 2357.3, 2584.0, 2265.5, 2374.1, 2592.3, 2191.4]
 Class-: 13.495000000000001
[22.6, 15.0, 9.8, 11.3, 9.3, 10.8, 12.4, 18.2, 10.5, 10.0, 23.6, 10.1, 24.2, 11.1, 11.4, 16.0, 9.8, 11.9, 12.1, 9.8]
execution time: 0.3131980895996094 seconds

sample: 500
 CityMPG+: 25.975
[22.8, 25.9, 20.8, 31.1, 31.8, 25.1, 31.1, 23.9, 24.8, 31.2, 22.9, 25.7, 25.5, 24.6, 31.4, 20.1, 23.9, 28.3, 29.5, 19.1]
 HighwayMPG+: 32.325
[30.2, 32.3, 28.1, 36.3, 37.6, 32.7, 36.5, 29.8, 30.7, 37.4, 29.3, 32.1, 32.1, 32.2, 36.6, 26.8, 31.0, 33.9, 35.4, 25.5]
 Weight-: 2692.53
[2920.8, 2735.0, 3152.7, 2174.5, 2288.2, 2678.5, 2293.8, 2611.0, 2908.1, 2302.9, 3066.8, 2519.6, 2630.8, 2685.0, 2262.1, 3336.3, 2711.3, 2749.5, 2246.4, 3577.3]
 Class-: 14.344999999999999
[16.9, 13.0, 22.2, 9.0, 12.3, 14.8, 10.2, 13.7, 19.4, 9.8, 14.6, 11.7, 13.5, 13.3, 10.2, 25.3, 14.1, 13.7, 10.2, 19.0]
execution time: 0.5265762805938721 seconds

sample: 1000
 CityMPG+: 25.73
[21.6, 30.9, 31.5, 23.3, 26.8, 24.8, 27.3, 24.2, 25.2, 26.3, 19.3, 29.2, 25.6, 30.5, 21.1, 21.6, 31.2, 27.6, 23.4, 23.2]
 HighwayMPG+: 32.17
[28.4, 36.1, 36.5, 30.1, 32.9, 31.2, 33.3, 31.8, 31.7, 32.4, 27.4, 34.5, 32.5, 36.2, 28.0, 28.8, 36.1, 33.8, 31.1, 30.6]
 Weight-: 2705.82
[3026.3, 2279.6, 2246.9, 2837.9, 2765.8, 2934.2, 2405.0, 2690.0, 2728.5, 2686.3, 3430.0, 2290.8, 2803.1, 2230.0, 3122.5, 2976.2, 2267.7, 2516.9, 2878.3, 3000.4]
 Class-: 14.985
[20.3, 10.3, 10.2, 15.9, 16.7, 19.1, 10.5, 13.9, 14.9, 14.4, 22.1, 10.1, 14.5, 9.2, 23.9, 18.5, 10.5, 13.4, 15.0, 16.3]
execution time: 0.8717131614685059 seconds

