/home/etlin/Documents/ncsu/spring2023_csc791_ase/ASE_spring23_proj/src/sway_with_ablation/../../data/auto2_ablation/auto2_wheelbase.csv

min: 0.5
far: 0.95

sample: 10
 CityMPG+: 29.580000000000002
[28.2, 26.1, 30.3, 30.8, 32.6, 30.5, 29.6, 30.1, 30.7, 31.3, 30.1, 31.9, 28.7, 30.8, 25.8, 30.4, 29.8, 28.5, 31.1, 24.3]
 HighwayMPG+: 35.035
[33.8, 31.9, 36.0, 36.2, 37.1, 35.8, 35.3, 35.7, 35.4, 36.6, 35.5, 36.3, 34.7, 35.8, 32.4, 35.8, 35.2, 33.9, 36.5, 30.8]
 Weight-: 2327.1000000000004
[2400.4, 2508.3, 2265.9, 2312.3, 2195.8, 2209.5, 2307.3, 2331.5, 2260.4, 2286.2, 2289.6, 2251.9, 2334.2, 2226.8, 2489.6, 2259.1, 2286.9, 2286.3, 2274.6, 2765.4]
 Class-: 10.759999999999998
[11.3, 11.3, 9.9, 10.3, 9.7, 9.2, 10.1, 11.8, 10.4, 10.4, 10.1, 10.3, 11.7, 10.2, 11.4, 9.7, 10.1, 9.6, 10.1, 17.6]
execution time: 0.22801995277404785 seconds

sample: 25
 CityMPG+: 29.215000000000003
[31.1, 30.8, 30.5, 21.0, 27.4, 30.5, 29.6, 29.3, 29.2, 28.3, 31.5, 30.0, 26.0, 27.7, 33.1, 30.1, 26.1, 29.9, 29.8, 32.4]
 HighwayMPG+: 34.895
[36.8, 36.1, 36.1, 28.1, 33.5, 36.0, 35.3, 34.8, 34.8, 34.1, 37.1, 35.5, 31.8, 33.8, 37.5, 35.2, 32.8, 35.5, 35.6, 37.5]
 Weight-: 2345.43
[2289.6, 2338.6, 2254.1, 3051.9, 2370.0, 2244.6, 2331.2, 2315.4, 2269.2, 2384.5, 2240.8, 2276.9, 2449.5, 2366.4, 2197.3, 2229.6, 2537.7, 2254.6, 2269.6, 2237.1]
 Class-: 10.81
[10.5, 12.2, 10.2, 17.6, 11.3, 9.4, 10.7, 10.4, 9.2, 12.6, 9.7, 10.1, 11.3, 10.5, 9.9, 9.4, 11.6, 9.6, 9.9, 10.1]
execution time: 0.22916388511657715 seconds

sample: 50
 CityMPG+: 29.479999999999997
[30.2, 29.7, 25.5, 24.6, 30.8, 30.6, 31.8, 25.5, 30.3, 29.3, 32.5, 30.3, 29.9, 32.6, 31.4, 25.8, 30.2, 30.5, 30.8, 27.3]
 HighwayMPG+: 34.97500000000001
[35.9, 35.9, 31.8, 31.5, 36.2, 35.7, 36.4, 32.0, 35.4, 34.8, 37.6, 35.3, 35.7, 37.8, 36.5, 31.7, 35.1, 35.3, 35.7, 33.2]
 Weight-: 2353.6449999999995
[2283.5, 2318.6, 2809.5, 2689.2, 2313.1, 2188.2, 2189.2, 2473.1, 2249.5, 2289.2, 2185.0, 2240.8, 2275.4, 2181.3, 2177.7, 2842.7, 2259.6, 2491.7, 2182.5, 2433.1]
 Class-: 11.345
[10.1, 12.3, 18.3, 12.8, 10.4, 9.5, 10.0, 11.6, 10.5, 10.2, 10.0, 10.0, 10.1, 9.4, 9.9, 18.3, 10.4, 13.0, 9.2, 10.9]
execution time: 0.2417457103729248 seconds

sample: 100
 CityMPG+: 27.630000000000003
[28.0, 24.3, 28.8, 27.8, 28.7, 30.5, 27.2, 23.0, 30.4, 26.0, 29.8, 26.0, 30.8, 31.1, 27.4, 25.4, 29.9, 22.6, 27.9, 27.0]
 HighwayMPG+: 33.584999999999994
[33.7, 31.8, 34.8, 33.2, 34.8, 35.8, 33.5, 29.8, 35.5, 32.2, 35.5, 31.7, 35.6, 36.7, 33.7, 31.2, 35.8, 30.0, 34.0, 32.4]
 Weight-: 2501.66
[2357.9, 2722.0, 2387.3, 2451.9, 2294.6, 2257.9, 2480.5, 2956.0, 2208.6, 2696.2, 2260.8, 2566.8, 2348.1, 2190.4, 2736.9, 2775.0, 2300.4, 2906.5, 2465.8, 2669.6]
 Class-: 13.549999999999997
[13.9, 13.1, 11.7, 11.4, 12.2, 10.0, 12.1, 20.8, 9.1, 19.6, 9.6, 13.2, 12.2, 9.3, 18.2, 16.9, 12.2, 19.4, 11.2, 14.9]
execution time: 0.26407337188720703 seconds

sample: 200
 CityMPG+: 26.020000000000003
[20.6, 19.5, 29.5, 32.4, 28.4, 30.2, 21.9, 19.0, 29.9, 20.3, 29.7, 27.8, 28.6, 28.2, 23.5, 22.0, 28.2, 22.6, 26.3, 31.8]
 HighwayMPG+: 32.345000000000006
[28.0, 27.5, 35.7, 37.6, 34.3, 35.5, 28.2, 26.4, 35.6, 28.7, 34.9, 33.9, 34.1, 34.2, 30.6, 27.8, 34.7, 29.5, 32.5, 37.2]
 Weight-: 2722.415
[3283.2, 3415.0, 2291.5, 2184.6, 2527.1, 2213.6, 3233.5, 3586.5, 2237.7, 3298.3, 2380.0, 2456.9, 2311.4, 2477.3, 2964.2, 3002.9, 2498.8, 3004.5, 2829.2, 2252.1]
 Class-: 15.334999999999999
[20.7, 22.4, 10.2, 9.5, 15.8, 9.1, 30.7, 21.2, 9.4, 21.6, 12.8, 11.7, 10.2, 11.9, 17.1, 14.7, 12.3, 18.0, 17.1, 10.3]
execution time: 0.31936168670654297 seconds

sample: 500
 CityMPG+: 26.145
[24.5, 32.0, 18.5, 30.8, 26.0, 31.7, 31.1, 24.3, 21.9, 29.2, 23.4, 25.2, 25.4, 22.5, 27.5, 21.5, 24.1, 23.2, 29.5, 30.6]
 HighwayMPG+: 32.265
[30.6, 36.8, 25.7, 35.9, 31.8, 37.1, 36.5, 30.2, 28.7, 35.7, 29.8, 31.7, 31.7, 29.0, 33.5, 28.4, 31.4, 29.6, 35.4, 35.8]
 Weight-: 2659.3550000000005
[2746.4, 2188.8, 3607.9, 2196.4, 2480.4, 2278.8, 2293.8, 2550.5, 3124.2, 2380.0, 2974.5, 2900.0, 2622.7, 2949.5, 2743.8, 2944.2, 2732.5, 2924.5, 2246.4, 2301.8]
 Class-: 14.27
[17.5, 9.7, 20.5, 9.2, 11.4, 10.6, 10.2, 12.7, 22.2, 9.9, 13.9, 19.9, 14.5, 14.2, 16.2, 20.9, 14.3, 17.5, 10.2, 9.9]
execution time: 0.572779655456543 seconds

sample: 1000
 CityMPG+: 24.825000000000003
[26.0, 30.9, 31.5, 22.4, 26.0, 25.9, 21.1, 24.2, 26.8, 18.8, 29.8, 21.1, 23.6, 26.5, 20.6, 20.9, 31.2, 22.8, 22.9, 23.5]
 HighwayMPG+: 31.610000000000003
[32.1, 36.1, 36.5, 29.8, 32.1, 32.2, 28.1, 31.8, 33.4, 26.6, 35.6, 28.8, 31.5, 33.2, 27.7, 28.0, 36.1, 30.8, 30.6, 31.2]
 Weight-: 2797.49
[2673.5, 2279.6, 2246.9, 2988.8, 2673.5, 2805.4, 3158.8, 2690.0, 2430.0, 3616.3, 2291.2, 3187.7, 2878.8, 2693.5, 3207.9, 3108.1, 2267.7, 2844.2, 2932.5, 2975.4]
 Class-: 15.944999999999999
[14.7, 10.3, 10.2, 15.7, 14.7, 17.8, 20.4, 13.9, 10.6, 22.2, 9.7, 20.0, 17.0, 14.2, 25.8, 20.5, 10.5, 17.5, 16.7, 16.5]
execution time: 1.0446336269378662 seconds

