/home/etlin/Documents/ncsu/spring2023_csc791_ase/ASE_spring23_proj/src/sway_with_ablation/../../data/auto2_ablation/auto2_maker.csv

min: 0.5
far: 0.95

sample: 10
 CityMPG+: 29.65
[30.5, 31.6, 30.4, 30.7, 30.0, 28.7, 31.4, 30.8, 30.2, 29.6, 30.8, 26.8, 29.6, 30.2, 24.6, 30.4, 29.8, 31.7, 31.4, 23.8]
 HighwayMPG+: 35.199999999999996
[36.0, 36.8, 35.8, 35.3, 35.6, 34.5, 36.8, 36.2, 35.8, 35.3, 36.3, 32.2, 35.3, 35.5, 31.9, 35.8, 35.2, 36.3, 36.8, 30.6]
 Weight-: 2329.665
[2214.5, 2249.5, 2273.2, 2217.7, 2272.3, 2394.1, 2278.8, 2313.1, 2226.7, 2307.3, 2246.2, 2692.3, 2307.3, 2256.4, 2619.2, 2259.1, 2245.5, 2160.0, 2278.8, 2781.3]
 Class-: 10.679999999999998
[9.3, 10.8, 9.6, 9.9, 10.0, 11.9, 10.2, 10.4, 9.0, 10.1, 9.8, 13.1, 10.1, 10.1, 12.2, 9.7, 10.1, 9.3, 10.2, 17.8]
execution time: 0.1910252571105957 seconds

sample: 25
 CityMPG+: 28.475
[28.1, 30.0, 32.1, 21.9, 27.4, 31.0, 23.6, 26.5, 30.5, 28.8, 27.4, 30.6, 25.0, 30.5, 25.7, 29.7, 29.0, 31.2, 29.9, 30.6]
 HighwayMPG+: 34.31499999999999
[33.6, 35.6, 37.4, 29.2, 33.5, 36.1, 30.8, 32.8, 35.9, 34.7, 33.8, 35.8, 31.8, 36.0, 32.6, 35.3, 34.8, 35.8, 35.4, 35.4]
 Weight-: 2375.435
[2404.5, 2255.4, 2234.6, 2973.1, 2370.0, 2197.9, 2763.8, 2423.2, 2232.1, 2327.7, 2476.3, 2196.2, 2585.8, 2225.0, 2498.8, 2294.2, 2392.0, 2185.4, 2277.7, 2195.0]
 Class-: 10.86
[11.2, 9.8, 9.8, 16.6, 11.3, 9.2, 13.5, 10.8, 9.4, 11.0, 11.7, 9.3, 13.6, 9.2, 11.4, 10.1, 10.7, 9.4, 10.0, 9.2]
execution time: 0.19683527946472168 seconds

sample: 50
 CityMPG+: 29.700000000000006
[31.2, 30.2, 22.0, 30.0, 25.4, 31.4, 31.8, 30.2, 28.1, 30.1, 30.9, 30.0, 30.1, 31.7, 32.6, 27.5, 31.3, 26.9, 31.1, 31.5]
 HighwayMPG+: 35.12
[36.4, 35.3, 28.9, 35.6, 31.5, 36.4, 37.0, 35.5, 33.8, 35.0, 35.8, 35.3, 35.3, 37.0, 37.8, 34.1, 36.4, 32.9, 36.1, 36.3]
 Weight-: 2321.215
[2200.4, 2244.1, 3001.4, 2287.7, 2784.6, 2175.0, 2167.5, 2239.2, 2372.7, 2215.4, 2176.4, 2236.5, 2219.6, 2147.7, 2193.5, 2509.5, 2356.8, 2555.4, 2175.4, 2165.5]
 Class-: 10.855
[9.5, 9.9, 14.9, 10.0, 16.5, 9.8, 9.1, 10.2, 11.2, 10.1, 9.6, 9.8, 10.0, 8.8, 9.3, 12.4, 10.9, 16.8, 9.2, 9.1]
execution time: 0.21015024185180664 seconds

sample: 100
 CityMPG+: 27.71
[23.9, 29.9, 24.2, 30.0, 29.3, 31.1, 30.4, 21.3, 29.4, 24.2, 23.4, 30.1, 30.6, 28.3, 27.8, 31.5, 25.2, 31.2, 29.0, 23.4]
 HighwayMPG+: 33.62
[30.5, 35.5, 30.5, 35.4, 35.3, 35.9, 35.5, 28.6, 35.3, 30.5, 30.0, 35.9, 36.2, 34.3, 34.2, 36.5, 31.3, 36.2, 35.1, 29.7]
 Weight-: 2486.175
[2799.1, 2474.6, 2871.5, 2389.6, 2299.2, 2207.0, 2225.5, 2913.8, 2332.1, 2913.8, 2690.8, 2249.5, 2251.4, 2557.7, 2436.4, 2180.9, 2629.2, 2178.6, 2327.3, 2795.5]
 Class-: 13.025
[17.1, 15.3, 15.8, 11.6, 11.1, 9.6, 9.8, 21.9, 10.4, 21.0, 14.3, 9.4, 9.5, 12.7, 11.3, 9.3, 15.1, 9.1, 10.3, 15.9]
execution time: 0.2516927719116211 seconds

sample: 200
 CityMPG+: 26.574999999999996
[27.9, 28.2, 30.5, 32.2, 26.2, 23.9, 24.1, 21.5, 32.2, 24.8, 20.5, 24.2, 19.3, 29.2, 27.6, 29.4, 28.7, 22.9, 25.4, 32.8]
 HighwayMPG+: 32.88
[33.9, 34.4, 35.8, 37.4, 32.6, 30.5, 30.1, 28.4, 37.4, 31.6, 27.3, 30.6, 27.9, 35.4, 34.6, 35.1, 34.8, 30.1, 31.7, 38.0]
 Weight-: 2611.005
[2673.3, 2398.8, 2197.1, 2185.4, 2503.6, 2715.9, 2945.4, 3090.0, 2185.4, 2547.5, 3380.9, 2811.3, 3440.8, 2392.7, 2460.5, 2274.5, 2456.7, 2940.8, 2459.5, 2160.0]
 Class-: 14.755
[13.2, 12.1, 9.9, 9.5, 12.6, 14.2, 18.8, 19.5, 9.5, 13.9, 29.9, 16.1, 24.0, 11.3, 13.4, 10.1, 16.3, 18.3, 13.1, 9.4]
execution time: 0.3608114719390869 seconds

sample: 500
 CityMPG+: 25.109999999999996
[23.2, 29.1, 24.6, 25.4, 26.9, 26.0, 31.4, 20.8, 23.7, 31.4, 18.5, 25.2, 27.9, 23.5, 28.8, 20.4, 30.2, 18.9, 23.0, 23.3]
 HighwayMPG+: 31.529999999999994
[30.1, 34.7, 31.7, 32.0, 32.9, 32.4, 36.8, 27.9, 30.2, 36.9, 24.5, 31.5, 33.9, 29.8, 34.3, 27.0, 35.7, 27.5, 30.5, 30.3]
 Weight-: 2812.9749999999995
[2761.4, 2500.5, 2954.5, 2766.5, 2522.5, 2833.1, 2278.8, 3194.6, 3091.5, 2182.7, 3588.8, 2807.9, 2410.0, 3141.2, 2410.0, 3265.4, 2225.0, 3617.7, 2798.2, 2909.2]
 Class-: 16.590000000000003
[17.6, 15.3, 17.7, 16.8, 11.8, 18.1, 10.2, 15.9, 20.9, 9.0, 18.5, 20.4, 11.4, 26.5, 10.9, 26.2, 10.0, 22.5, 14.5, 17.6]
execution time: 0.6632306575775146 seconds

sample: 1000
 CityMPG+: 25.089999999999996
[26.0, 31.1, 28.0, 26.3, 21.2, 29.3, 18.9, 20.2, 19.3, 31.1, 30.8, 29.2, 22.9, 22.9, 25.2, 25.4, 23.2, 27.6, 23.7, 19.5]
 HighwayMPG+: 31.575
[32.0, 36.2, 33.9, 33.0, 28.3, 35.2, 24.9, 28.2, 27.2, 36.7, 36.3, 34.8, 30.4, 30.4, 31.7, 32.1, 29.8, 32.9, 31.3, 26.2]
 Weight-: 2752.995
[2798.8, 2291.5, 2472.1, 2456.7, 3198.8, 2308.8, 3571.5, 3290.8, 3492.3, 2194.0, 2212.3, 2303.8, 2855.4, 2855.4, 2527.5, 2581.5, 2744.6, 2615.8, 2807.5, 3480.8]
 Class-: 15.170000000000002
[17.1, 10.4, 13.2, 11.0, 23.2, 10.1, 21.1, 19.1, 24.1, 9.3, 9.3, 10.3, 16.7, 16.7, 12.9, 12.6, 18.8, 13.4, 14.6, 19.5]
execution time: 1.0258781909942627 seconds

