/home/etlin/Documents/ncsu/spring2023_csc791_ase/ASE_spring23_proj/src/sway_with_ablation/../../data/auto2_ablation/auto2_engines.csv

min: 0.5
far: 0.95

sample: 10
 CityMPG+: 29.005000000000003
[28.2, 24.2, 29.5, 30.1, 30.5, 30.5, 28.1, 30.1, 30.2, 29.2, 29.6, 26.5, 29.4, 28.1, 30.6, 31.3, 30.8, 31.2, 28.5, 23.5]
 HighwayMPG+: 34.58500000000001
[33.8, 31.3, 35.4, 35.5, 35.8, 35.8, 33.9, 35.7, 34.8, 35.1, 35.3, 31.8, 34.8, 33.4, 36.2, 36.4, 36.2, 36.6, 33.8, 30.1]
 Weight-: 2366.9900000000002
[2400.4, 2730.0, 2359.5, 2289.6, 2213.8, 2209.5, 2370.8, 2331.5, 2253.8, 2348.8, 2331.2, 2738.5, 2414.2, 2362.5, 2228.6, 2170.4, 2312.3, 2194.2, 2307.3, 2772.9]
 Class-: 11.105
[11.3, 15.0, 10.8, 10.1, 9.2, 9.2, 11.4, 11.8, 10.3, 10.7, 10.7, 13.6, 11.1, 11.2, 9.4, 9.2, 10.3, 9.4, 9.9, 17.5]
execution time: 0.14159250259399414 seconds

sample: 25
 CityMPG+: 28.814999999999998
[31.4, 29.6, 30.9, 25.3, 27.4, 29.5, 25.7, 28.5, 28.5, 30.8, 29.7, 29.5, 27.4, 29.7, 25.5, 30.4, 27.4, 29.9, 31.2, 28.0]
 HighwayMPG+: 34.504999999999995
[36.8, 35.2, 36.3, 31.2, 33.5, 34.8, 32.7, 34.0, 33.8, 36.2, 35.3, 34.4, 33.8, 35.2, 32.1, 35.7, 33.3, 35.5, 36.3, 34.0]
 Weight-: 2360.075
[2278.8, 2327.9, 2191.7, 2600.8, 2370.0, 2280.8, 2560.0, 2357.3, 2307.3, 2312.3, 2445.0, 2258.6, 2482.7, 2273.8, 2513.1, 2252.7, 2385.5, 2254.6, 2282.7, 2465.9]
 Class-: 10.900000000000002
[10.2, 10.3, 9.2, 12.9, 11.3, 10.6, 12.7, 11.0, 9.9, 10.3, 13.4, 10.4, 11.8, 10.0, 11.5, 9.8, 10.3, 9.6, 10.1, 12.7]
execution time: 0.14853644371032715 seconds

sample: 50
 CityMPG+: 27.514999999999997
[30.5, 29.2, 18.6, 30.0, 30.8, 27.1, 28.7, 25.9, 30.6, 30.0, 32.5, 18.6, 29.5, 27.6, 31.7, 24.5, 26.1, 25.4, 26.2, 26.8]
 HighwayMPG+: 33.365
[36.2, 35.3, 23.8, 35.6, 36.2, 33.5, 34.1, 32.2, 35.5, 35.1, 37.1, 26.7, 34.5, 33.8, 37.0, 30.9, 32.8, 31.8, 32.1, 33.1]
 Weight-: 2507.2099999999996
[2265.0, 2291.4, 3548.1, 2287.7, 2313.1, 2486.9, 2322.1, 2695.4, 2191.2, 2203.8, 2174.1, 3658.6, 2262.3, 2395.0, 2143.2, 2582.7, 2668.6, 2572.7, 2625.8, 2456.5]
 Class-: 12.52
[10.1, 10.9, 17.4, 10.0, 10.4, 13.5, 10.8, 16.9, 9.3, 9.7, 9.8, 24.0, 10.6, 11.3, 9.2, 12.4, 15.2, 12.6, 15.2, 11.1]
execution time: 0.1614682674407959 seconds

sample: 100
 CityMPG+: 27.205000000000002
[24.4, 30.4, 24.8, 27.8, 28.9, 30.5, 30.8, 23.0, 27.9, 23.1, 28.6, 25.4, 30.0, 26.0, 24.5, 31.2, 23.9, 25.3, 27.9, 29.7]
 HighwayMPG+: 33.22500000000001
[30.5, 35.7, 31.5, 34.3, 34.6, 35.8, 36.7, 29.8, 34.0, 29.8, 33.5, 32.1, 35.6, 31.8, 31.0, 36.5, 30.5, 31.7, 34.0, 35.1]
 Weight-: 2547.9200000000005
[2763.2, 2254.6, 2731.5, 2555.0, 2393.3, 2257.9, 2198.3, 2956.0, 2465.8, 2847.7, 2342.3, 2825.8, 2287.7, 2450.0, 2894.0, 2390.9, 2821.8, 2664.5, 2465.8, 2392.3]
 Class-: 14.139999999999997
[16.8, 9.8, 17.1, 14.2, 10.6, 10.0, 9.2, 20.8, 11.2, 21.8, 11.0, 19.2, 10.0, 11.7, 20.4, 11.7, 17.2, 17.8, 11.2, 11.1]
execution time: 0.1859900951385498 seconds

sample: 200
 CityMPG+: 26.02
[27.8, 23.0, 26.6, 30.2, 30.1, 26.5, 19.3, 25.6, 32.1, 19.1, 22.0, 32.1, 18.4, 31.0, 27.6, 23.4, 21.6, 22.9, 29.8, 31.3]
 HighwayMPG+: 32.50499999999999
[33.9, 30.5, 33.2, 36.2, 36.8, 32.5, 27.5, 31.4, 37.4, 26.9, 28.6, 37.2, 26.7, 36.5, 33.7, 29.7, 29.0, 29.8, 35.8, 36.8]
 Weight-: 2714.2599999999998
[2428.0, 2946.2, 2510.4, 2294.2, 2401.2, 2441.4, 3482.1, 2884.0, 2239.6, 3541.5, 3194.5, 2238.8, 3638.1, 2248.5, 2511.7, 2976.5, 2916.9, 2959.2, 2256.0, 2176.4]
 Class-: 15.809999999999999
[11.0, 15.1, 12.6, 11.3, 11.5, 10.9, 22.2, 19.8, 10.2, 27.3, 29.7, 10.2, 24.9, 10.0, 13.7, 18.0, 20.7, 18.6, 9.1, 9.4]
execution time: 0.2434711456298828 seconds

sample: 500
 CityMPG+: 27.175000000000004
[22.3, 32.0, 18.5, 31.7, 28.4, 31.8, 31.1, 23.9, 28.3, 31.2, 30.2, 26.2, 25.8, 26.1, 24.5, 20.3, 23.5, 28.4, 30.1, 29.2]
 HighwayMPG+: 33.36
[29.6, 36.8, 25.8, 36.6, 34.0, 36.8, 36.5, 30.7, 33.9, 37.4, 35.6, 32.6, 32.3, 32.7, 32.1, 27.3, 30.8, 34.2, 36.0, 35.5]
 Weight-: 2579.82
[2971.3, 2188.8, 3607.9, 2145.0, 2376.2, 2230.4, 2293.8, 2783.8, 2399.5, 2302.9, 2291.3, 2443.3, 2637.7, 2840.0, 2703.5, 3246.3, 2863.5, 2729.5, 2215.0, 2326.7]
 Class-: 13.475
[18.4, 9.7, 20.5, 9.2, 12.3, 10.2, 10.2, 12.4, 14.4, 9.8, 10.3, 11.6, 13.6, 17.9, 13.0, 24.0, 16.8, 14.1, 9.7, 11.4]
execution time: 0.3922231197357178 seconds

sample: 1000
 CityMPG+: 25.049999999999997
[23.6, 30.9, 31.2, 22.8, 23.6, 23.2, 21.6, 23.5, 25.2, 26.5, 30.5, 29.2, 23.6, 24.7, 20.3, 21.9, 31.2, 23.8, 22.8, 20.9]
 HighwayMPG+: 31.635
[31.1, 36.1, 35.8, 30.4, 31.1, 30.3, 28.4, 30.6, 31.7, 33.0, 36.2, 34.5, 31.5, 31.8, 27.3, 28.8, 36.1, 30.1, 30.3, 27.6]
 Weight-: 2718.88
[2782.7, 2279.6, 2265.8, 2865.4, 2782.7, 2845.8, 3026.3, 2776.9, 2728.5, 2465.0, 2230.0, 2290.8, 2878.8, 2875.8, 3241.7, 2980.4, 2267.7, 2690.4, 3002.9, 3100.4]
 Class-: 15.485
[16.3, 10.3, 10.1, 14.1, 16.3, 17.8, 20.3, 17.4, 14.9, 11.4, 9.2, 10.1, 17.0, 15.6, 26.3, 18.5, 10.5, 15.0, 17.7, 20.9]
execution time: 0.7256999015808105 seconds

