/home/etlin/Documents/ncsu/spring2023_csc791_ase/ASE_spring23_proj/src/sway_with_ablation/../../data/auto2_ablation/auto2_domestic.csv

min: 0.5
far: 0.95

sample: 10
 CityMPG+: 30.135
[30.6, 31.6, 30.6, 32.2, 30.8, 31.2, 31.3, 30.2, 30.1, 28.5, 30.4, 28.2, 31.0, 29.6, 31.2, 31.5, 29.5, 28.5, 31.5, 24.2]
 HighwayMPG+: 35.565
[36.3, 36.5, 36.1, 36.8, 35.8, 36.7, 36.4, 35.5, 35.9, 33.8, 35.9, 34.5, 36.3, 34.9, 36.9, 35.9, 35.3, 34.9, 36.2, 30.7]
 Weight-: 2285.32
[2219.2, 2272.3, 2217.7, 2210.0, 2193.1, 2171.4, 2189.6, 2265.0, 2243.3, 2285.0, 2248.8, 2510.4, 2200.0, 2258.5, 2270.8, 2162.7, 2332.7, 2434.1, 2263.5, 2758.3]
 Class-: 10.215
[9.1, 11.0, 9.1, 9.8, 9.3, 8.9, 9.3, 10.2, 9.3, 9.5, 9.9, 12.5, 9.3, 9.4, 9.9, 9.4, 10.2, 11.8, 10.3, 16.1]
execution time: 0.1356191635131836 seconds

sample: 25
 CityMPG+: 30.389999999999997
[31.6, 31.5, 29.9, 28.5, 30.7, 30.2, 22.2, 32.5, 30.2, 29.8, 31.5, 31.3, 31.5, 30.9, 28.7, 32.5, 31.8, 31.1, 31.5, 29.9]
 HighwayMPG+: 35.75
[36.3, 36.7, 35.5, 34.9, 36.5, 35.5, 29.0, 37.3, 35.6, 35.2, 35.9, 36.4, 36.6, 36.1, 34.9, 37.5, 36.8, 35.5, 36.7, 36.1]
 Weight-: 2280.535
[2253.6, 2160.0, 2223.3, 2445.9, 2219.5, 2265.0, 3040.4, 2153.2, 2231.2, 2251.2, 2162.7, 2185.8, 2169.5, 2324.2, 2426.5, 2204.5, 2234.2, 2188.6, 2218.1, 2253.3]
 Class-: 10.275
[10.4, 9.1, 9.1, 11.6, 9.4, 10.2, 18.2, 9.4, 9.7, 9.3, 9.4, 9.5, 9.0, 10.7, 11.1, 9.6, 10.3, 10.0, 10.1, 9.4]
execution time: 0.14275312423706055 seconds

sample: 50
 CityMPG+: 28.655
[30.4, 31.0, 31.5, 30.8, 26.8, 28.6, 28.8, 29.8, 31.3, 30.0, 31.2, 21.2, 30.3, 30.1, 19.1, 30.7, 28.4, 30.1, 21.8, 31.2]
 HighwayMPG+: 34.3
[35.6, 36.6, 36.7, 35.9, 33.3, 34.5, 35.6, 35.5, 36.4, 34.8, 35.7, 27.9, 35.2, 35.9, 26.8, 36.0, 34.0, 35.0, 28.3, 36.3]
 Weight-: 2418.2200000000003
[2224.2, 2222.7, 2174.1, 2240.5, 2569.2, 2327.7, 2354.0, 2274.5, 2189.6, 2220.8, 2177.1, 3185.8, 2233.8, 2232.3, 3513.3, 2207.1, 2457.3, 2227.7, 3135.4, 2197.3]
 Class-: 11.57
[10.0, 9.2, 8.9, 9.4, 14.1, 10.1, 10.4, 9.6, 9.3, 10.0, 9.4, 17.8, 10.2, 9.5, 25.5, 9.1, 11.3, 10.0, 18.2, 9.4]
execution time: 0.1558241844177246 seconds

sample: 100
 CityMPG+: 28.784999999999997
[28.4, 32.1, 32.3, 26.2, 28.5, 29.7, 29.8, 28.3, 31.3, 30.3, 29.4, 25.8, 23.0, 29.8, 29.2, 27.7, 28.7, 26.3, 30.9, 28.0]
 HighwayMPG+: 34.49999999999999
[35.0, 36.8, 37.5, 31.8, 34.4, 35.2, 35.2, 33.5, 35.9, 36.0, 34.9, 32.4, 29.8, 35.2, 34.8, 33.8, 34.3, 32.7, 36.1, 34.7]
 Weight-: 2421.26
[2467.3, 2170.4, 2207.1, 2633.3, 2492.5, 2285.4, 2327.7, 2315.0, 2306.5, 2222.1, 2282.1, 2799.2, 2933.1, 2382.3, 2272.3, 2534.2, 2306.3, 2592.1, 2302.5, 2593.8]
 Class-: 12.555
[11.8, 10.0, 10.1, 16.5, 12.2, 10.3, 10.7, 11.8, 14.4, 9.2, 10.5, 16.2, 18.7, 11.8, 9.7, 14.5, 9.8, 15.7, 10.4, 16.8]
execution time: 0.18050122261047363 seconds

sample: 200
 CityMPG+: 26.875
[29.1, 27.3, 27.2, 30.9, 27.6, 30.2, 21.5, 24.2, 29.6, 29.6, 22.1, 22.7, 30.4, 26.1, 23.8, 28.6, 26.3, 20.7, 30.9, 28.7]
 HighwayMPG+: 33.11
[34.3, 33.8, 33.0, 36.4, 34.2, 35.5, 28.4, 31.9, 35.1, 35.3, 28.8, 30.2, 35.9, 32.3, 30.2, 35.9, 32.8, 27.1, 36.7, 34.4]
 Weight-: 2583.1500000000005
[2412.3, 2598.1, 2402.1, 2337.7, 2329.0, 2237.9, 3292.7, 2682.7, 2268.8, 2408.0, 3213.6, 2985.4, 2212.1, 2620.0, 3011.9, 2334.1, 2450.8, 3199.5, 2227.5, 2438.8]
 Class-: 13.555000000000001
[11.5, 13.0, 12.5, 10.7, 10.1, 9.9, 28.0, 16.1, 9.5, 11.9, 23.5, 14.8, 9.1, 11.4, 20.3, 10.1, 11.2, 15.7, 9.8, 12.0]
execution time: 0.24648070335388184 seconds

sample: 500
 CityMPG+: 27.125
[30.0, 28.7, 29.4, 25.2, 25.4, 29.8, 30.6, 18.7, 23.7, 19.8, 30.0, 30.3, 30.5, 32.1, 27.2, 28.0, 24.4, 27.8, 20.4, 30.5]
 HighwayMPG+: 33.324999999999996
[35.4, 35.0, 34.5, 32.5, 32.0, 35.8, 35.6, 26.5, 30.5, 27.1, 36.2, 35.7, 35.9, 37.5, 33.3, 34.1, 31.8, 33.7, 26.8, 36.6]
 Weight-: 2606.63
[2335.9, 2536.3, 2321.4, 2833.8, 2810.4, 2348.1, 2231.9, 3650.0, 2896.8, 3452.5, 2324.6, 2298.2, 2220.9, 2265.5, 2373.3, 2457.7, 2742.9, 2483.1, 3168.5, 2380.8]
 Class-: 13.895000000000001
[12.1, 13.6, 10.7, 15.0, 15.9, 10.9, 9.8, 23.3, 15.4, 28.6, 10.3, 11.0, 9.5, 9.9, 10.2, 11.8, 13.3, 14.0, 19.9, 12.7]
execution time: 0.3907308578491211 seconds

sample: 1000
 CityMPG+: 23.980000000000008
[25.9, 21.5, 31.8, 23.7, 26.7, 22.6, 24.8, 23.8, 20.4, 23.5, 21.6, 20.8, 23.5, 25.3, 23.1, 23.3, 24.6, 25.6, 23.5, 23.6]
 HighwayMPG+: 30.669999999999995
[31.7, 28.5, 37.2, 30.7, 32.9, 29.7, 32.1, 31.2, 27.3, 30.3, 28.2, 27.2, 29.9, 31.1, 30.0, 30.4, 31.2, 32.1, 30.9, 30.8]
 Weight-: 2846.8500000000004
[2629.6, 3139.6, 2207.1, 2750.4, 2571.7, 3012.3, 2680.0, 2663.5, 3322.3, 2825.4, 3213.8, 3338.1, 2895.8, 2815.0, 2880.8, 2873.3, 2600.0, 2640.8, 2916.7, 2960.8]
 Class-: 16.33
[14.0, 19.3, 9.4, 13.0, 12.7, 19.5, 13.7, 15.5, 26.0, 13.7, 19.2, 19.8, 16.4, 17.7, 16.7, 18.6, 14.8, 14.9, 15.9, 15.8]
execution time: 0.6521928310394287 seconds

