/home/etlin/Documents/ncsu/spring2023_csc791_ase/ASE_spring23_proj/src/sway_with_ablation/../../data/auto2_ablation/auto2_type.csv

min: 0.5
far: 0.95

sample: 10
 CityMPG+: 29.044999999999995
[30.3, 27.4, 30.4, 30.8, 30.7, 25.8, 28.9, 28.0, 30.2, 30.3, 29.8, 25.5, 28.9, 29.9, 30.0, 28.0, 30.2, 30.1, 30.4, 25.3]
 HighwayMPG+: 34.79
[35.4, 33.3, 35.9, 35.7, 36.4, 32.5, 35.2, 34.2, 35.2, 36.1, 35.3, 31.5, 34.5, 35.5, 36.0, 34.4, 35.8, 35.8, 35.9, 31.2]
 Weight-: 2379.2300000000005
[2199.6, 2499.1, 2254.5, 2194.5, 2295.4, 2475.0, 2368.1, 2464.5, 2259.2, 2306.9, 2306.9, 2830.0, 2375.0, 2290.4, 2287.1, 2388.8, 2257.3, 2386.4, 2324.6, 2821.3]
 Class-: 11.565000000000001
[9.5, 13.1, 9.7, 10.1, 11.5, 11.4, 11.7, 12.9, 10.2, 10.5, 10.2, 15.0, 10.3, 9.9, 10.2, 13.8, 9.6, 11.0, 12.1, 18.6]
execution time: 0.24669981002807617 seconds

sample: 25
 CityMPG+: 28.475
[27.1, 29.7, 28.2, 24.5, 26.5, 31.5, 23.3, 29.3, 29.3, 28.6, 30.5, 26.0, 29.3, 28.0, 31.0, 25.1, 30.9, 30.6, 30.3, 29.8]
 HighwayMPG+: 34.32000000000001
[32.7, 35.4, 34.1, 30.8, 32.9, 36.6, 30.5, 34.8, 35.1, 34.8, 35.8, 32.3, 34.7, 34.5, 36.1, 32.2, 35.9, 36.2, 35.8, 35.2]
 Weight-: 2390.55
[2397.7, 2342.9, 2451.8, 2707.7, 2428.1, 2229.1, 2720.4, 2315.4, 2417.5, 2371.5, 2292.5, 2502.7, 2359.6, 2383.1, 2262.9, 2590.8, 2226.2, 2281.5, 2260.0, 2269.6]
 Class-: 11.840000000000002
[11.3, 10.5, 16.9, 19.2, 11.2, 9.7, 15.0, 10.4, 12.8, 11.0, 10.1, 11.4, 10.9, 13.0, 10.3, 11.8, 10.4, 11.3, 9.7, 9.9]
execution time: 0.2700018882751465 seconds

sample: 50
 CityMPG+: 28.05
[30.5, 30.1, 21.9, 29.7, 26.6, 26.8, 31.0, 24.8, 31.1, 29.8, 28.0, 30.2, 29.9, 20.2, 28.9, 27.0, 29.8, 28.8, 27.8, 28.1]
 HighwayMPG+: 34.06
[35.5, 36.0, 29.3, 36.5, 32.7, 32.9, 36.5, 31.8, 36.6, 35.2, 33.9, 35.7, 35.3, 26.8, 34.8, 33.6, 35.5, 35.0, 33.2, 34.4]
 Weight-: 2439.675
[2258.8, 2269.1, 3035.5, 2348.2, 2593.5, 2484.6, 2254.5, 2613.2, 2240.0, 2318.5, 2347.5, 2223.8, 2253.1, 3363.8, 2378.6, 2405.0, 2308.6, 2364.6, 2315.8, 2416.8]
 Class-: 11.455000000000002
[10.4, 9.9, 14.8, 10.3, 16.1, 10.9, 10.4, 12.3, 9.9, 10.6, 10.6, 9.6, 9.9, 17.0, 11.8, 10.6, 10.1, 10.8, 10.4, 12.7]
execution time: 0.28281283378601074 seconds

sample: 100
 CityMPG+: 27.350000000000005
[31.8, 27.9, 25.2, 23.2, 25.9, 31.1, 29.9, 23.0, 25.1, 22.5, 30.3, 31.1, 29.2, 26.3, 30.1, 30.9, 25.5, 25.5, 24.8, 27.7]
 HighwayMPG+: 33.32
[37.1, 34.1, 32.2, 29.3, 31.8, 36.0, 35.3, 29.9, 32.2, 29.1, 35.4, 36.4, 34.4, 32.9, 34.8, 36.7, 32.0, 31.1, 32.0, 33.7]
 Weight-: 2522.605
[2287.9, 2432.7, 2563.5, 2942.5, 2517.7, 2202.1, 2248.2, 3049.6, 2818.8, 3183.1, 2311.9, 2317.5, 2230.0, 2805.8, 2252.7, 2191.3, 2507.1, 2665.0, 2588.5, 2336.2]
 Class-: 13.569999999999999
[10.8, 11.1, 13.9, 17.0, 12.7, 9.9, 10.1, 23.1, 18.4, 22.9, 10.7, 11.5, 9.2, 15.0, 10.2, 9.1, 12.4, 16.9, 15.4, 11.1]
execution time: 0.3000302314758301 seconds

sample: 200
 CityMPG+: 26.380000000000006
[29.4, 20.5, 27.1, 31.4, 26.2, 20.2, 18.9, 30.6, 30.2, 25.0, 25.7, 29.5, 20.5, 24.3, 29.1, 28.1, 26.3, 26.8, 27.1, 30.7]
 HighwayMPG+: 32.56
[34.8, 27.8, 33.6, 36.9, 32.4, 27.5, 26.3, 35.7, 36.2, 30.9, 31.8, 35.1, 28.1, 30.6, 34.8, 34.1, 32.2, 32.8, 33.2, 36.4]
 Weight-: 2670.565
[2364.2, 3283.5, 2579.1, 2213.1, 2615.5, 3394.6, 3474.1, 2396.4, 2290.4, 2542.0, 2657.7, 2264.6, 3251.5, 2902.5, 2405.4, 2644.5, 2651.5, 2642.3, 2622.5, 2215.9]
 Class-: 14.9
[10.8, 19.2, 13.8, 9.5, 15.4, 18.8, 23.1, 15.1, 11.2, 11.8, 16.3, 9.9, 19.7, 20.4, 11.5, 16.1, 14.6, 16.7, 14.5, 9.6]
execution time: 0.3488657474517822 seconds

sample: 500
 CityMPG+: 26.359999999999996
[26.8, 31.9, 22.8, 22.2, 28.1, 26.5, 30.5, 20.8, 28.2, 30.0, 23.5, 26.9, 31.0, 25.8, 28.2, 24.4, 31.2, 22.5, 26.9, 19.0]
 HighwayMPG+: 32.565000000000005
[32.4, 37.3, 30.3, 29.3, 33.3, 32.6, 36.0, 27.4, 34.2, 35.1, 30.5, 32.8, 36.1, 32.2, 34.1, 30.7, 36.7, 29.3, 33.5, 27.5]
 Weight-: 2621.4900000000002
[2520.0, 2266.2, 2998.3, 2916.5, 2413.8, 2449.6, 2360.0, 3240.0, 2372.7, 2223.5, 2865.9, 2430.0, 2197.3, 2840.4, 2402.1, 2976.3, 2192.7, 2828.2, 2425.5, 3510.8]
 Class-: 13.679999999999998
[12.6, 10.3, 17.2, 14.3, 11.0, 10.7, 12.7, 17.7, 11.6, 9.8, 16.5, 10.9, 9.7, 16.6, 12.0, 20.5, 9.1, 15.0, 11.4, 24.0]
execution time: 0.5395264625549316 seconds

sample: 1000
 CityMPG+: 25.415000000000003
[18.8, 29.6, 30.8, 24.1, 25.6, 25.7, 24.8, 22.4, 25.2, 20.8, 26.3, 25.3, 28.6, 26.1, 24.6, 28.4, 22.0, 25.7, 27.1, 26.4]
 HighwayMPG+: 32.07500000000001
[27.1, 35.2, 36.5, 31.9, 32.2, 32.1, 32.2, 30.5, 31.7, 27.9, 32.5, 32.6, 34.4, 33.3, 32.3, 34.4, 28.6, 31.7, 32.7, 31.7]
 Weight-: 2700.495
[3565.4, 2273.8, 2350.4, 2753.0, 2712.1, 2877.1, 2693.6, 2930.8, 2762.3, 3274.6, 2414.2, 2581.2, 2325.4, 2714.2, 2640.0, 2410.4, 3043.8, 2709.6, 2493.8, 2484.2]
 Class-: 14.780000000000001
[23.5, 9.8, 11.4, 14.9, 18.2, 17.6, 16.1, 15.1, 15.9, 18.8, 11.4, 15.8, 10.2, 13.7, 13.0, 11.6, 17.0, 14.8, 13.1, 13.7]
execution time: 0.8603899478912354 seconds

