/home/etlin/Documents/ncsu/spring2023_csc791_ase/ASE_spring23_proj/src/sway_with_ablation/../../data/auto2_ablation/auto2_passenger.csv

min: 0.5
far: 0.95

sample: 10
 CityMPG+: 29.95
[30.5, 25.5, 30.0, 31.4, 31.5, 24.8, 30.8, 31.4, 30.4, 30.1, 31.2, 32.0, 30.8, 31.1, 32.7, 28.2, 30.8, 31.8, 29.9, 24.1]
 HighwayMPG+: 35.43
[36.0, 32.3, 35.6, 36.8, 36.7, 32.3, 36.2, 36.8, 35.7, 35.5, 36.3, 36.3, 36.2, 36.1, 37.1, 34.1, 36.2, 36.9, 35.4, 30.1]
 Weight-: 2327.68
[2214.5, 2640.5, 2287.7, 2278.8, 2265.0, 2606.8, 2312.3, 2278.8, 2252.7, 2289.6, 2282.7, 2226.2, 2329.2, 2204.5, 2170.0, 2379.2, 2312.3, 2199.6, 2277.7, 2745.5]
 Class-: 10.89
[9.3, 14.1, 10.0, 10.2, 9.9, 11.6, 10.3, 10.2, 9.8, 10.1, 10.1, 10.2, 12.0, 9.8, 9.5, 11.8, 10.3, 9.4, 10.0, 19.2]
execution time: 0.190354585647583 seconds

sample: 25
 CityMPG+: 28.959999999999997
[30.8, 31.0, 27.1, 25.9, 27.4, 30.9, 24.7, 28.4, 28.6, 29.9, 29.3, 30.2, 32.9, 29.7, 28.7, 30.1, 29.2, 28.5, 29.9, 26.0]
 HighwayMPG+: 34.53499999999999
[36.2, 36.3, 32.7, 32.5, 33.5, 35.3, 32.1, 34.1, 34.3, 35.4, 35.4, 34.9, 37.4, 35.1, 34.0, 35.2, 35.3, 33.8, 35.4, 31.8]
 Weight-: 2329.5950000000003
[2304.6, 2300.0, 2393.6, 2481.4, 2370.0, 2208.8, 2654.6, 2406.5, 2325.4, 2277.7, 2306.7, 2206.9, 2166.7, 2349.1, 2321.7, 2229.6, 2276.4, 2285.0, 2277.7, 2449.5]
 Class-: 10.705000000000002
[11.4, 10.3, 11.1, 13.0, 11.3, 9.5, 12.6, 13.5, 9.5, 10.0, 11.4, 9.4, 9.5, 11.0, 10.0, 9.4, 10.4, 9.5, 10.0, 11.3]
execution time: 0.1980295181274414 seconds

sample: 50
 CityMPG+: 28.655
[30.6, 24.9, 25.8, 25.5, 30.8, 30.5, 29.0, 26.1, 25.0, 30.6, 30.0, 30.0, 29.5, 32.1, 26.9, 29.2, 30.9, 27.6, 30.6, 27.5]
 HighwayMPG+: 34.345
[36.2, 30.8, 33.0, 31.5, 36.2, 36.0, 34.1, 33.1, 30.7, 36.2, 35.6, 35.4, 34.5, 37.0, 33.1, 34.8, 36.2, 33.5, 35.5, 33.5]
 Weight-: 2348.67
[2230.4, 2600.0, 2491.4, 2490.0, 2312.3, 2247.7, 2400.8, 2450.0, 2526.5, 2230.4, 2287.7, 2242.3, 2262.3, 2170.9, 2359.6, 2266.5, 2339.5, 2395.9, 2238.8, 2430.4]
 Class-: 10.59
[9.7, 12.2, 11.4, 11.6, 10.3, 10.1, 11.9, 10.5, 11.8, 9.7, 10.0, 9.8, 10.6, 9.3, 10.8, 9.5, 10.7, 10.5, 10.1, 11.3]
execution time: 0.21015620231628418 seconds

sample: 100
 CityMPG+: 28.165
[24.9, 31.8, 23.5, 32.0, 29.8, 30.7, 30.5, 23.2, 28.2, 23.7, 30.1, 30.2, 29.8, 30.8, 24.5, 24.2, 29.9, 29.0, 25.1, 31.4]
 HighwayMPG+: 33.98
[31.3, 37.0, 29.8, 37.5, 35.1, 35.5, 36.1, 30.2, 34.9, 29.5, 36.0, 36.2, 34.6, 36.7, 31.0, 29.5, 35.8, 34.5, 32.1, 36.3]
 Weight-: 2472.24
[2778.8, 2260.0, 3163.6, 2161.4, 2224.5, 2366.2, 2333.2, 2605.8, 2487.5, 2984.6, 2269.1, 2245.0, 2347.7, 2198.3, 2894.0, 2649.1, 2300.4, 2292.7, 2737.0, 2145.9]
 Class-: 13.115
[16.4, 9.9, 21.3, 9.2, 9.5, 12.2, 10.3, 15.9, 11.2, 19.7, 9.9, 9.3, 11.9, 9.2, 20.4, 16.4, 12.2, 10.0, 18.3, 9.1]
execution time: 0.24368906021118164 seconds

sample: 200
 CityMPG+: 27.74
[20.9, 24.5, 28.5, 30.2, 24.2, 27.7, 31.4, 25.8, 32.1, 24.5, 30.7, 32.2, 19.1, 30.5, 31.8, 27.8, 27.8, 27.9, 28.9, 28.3]
 HighwayMPG+: 33.78500000000001
[27.1, 30.7, 34.4, 36.2, 31.6, 32.8, 37.3, 32.4, 37.2, 31.8, 35.4, 37.3, 27.6, 35.6, 36.9, 34.2, 34.7, 34.2, 35.2, 33.1]
 Weight-: 2568.2550000000006
[3226.8, 2792.7, 2289.5, 2294.2, 2713.0, 2689.6, 2243.8, 2794.2, 2213.8, 2626.0, 2323.2, 2231.3, 3548.5, 2397.3, 2289.2, 2680.4, 2523.5, 2618.5, 2340.8, 2528.8]
 Class-: 14.314999999999994
[22.9, 14.5, 9.7, 11.3, 16.6, 15.7, 9.6, 17.5, 10.1, 14.2, 14.1, 10.2, 23.8, 14.6, 12.1, 18.2, 11.5, 15.4, 11.4, 12.9]
execution time: 0.3116295337677002 seconds

sample: 500
 CityMPG+: 26.470000000000006
[24.3, 30.9, 18.8, 31.1, 26.5, 26.8, 31.1, 29.0, 21.2, 30.2, 26.5, 22.0, 23.1, 31.6, 30.8, 19.8, 24.5, 23.3, 28.6, 29.3]
 HighwayMPG+: 32.61000000000001
[30.2, 36.0, 26.3, 36.3, 32.5, 33.3, 36.5, 34.6, 27.8, 35.5, 32.2, 29.4, 30.5, 36.3, 36.0, 26.8, 31.5, 30.2, 34.7, 35.6]
 Weight-: 2636.9200000000005
[2764.2, 2195.8, 3511.7, 2174.5, 2637.3, 2408.1, 2293.8, 2365.0, 3191.5, 2388.5, 2680.0, 3129.6, 3061.4, 2302.5, 2299.2, 3230.8, 2667.9, 2867.3, 2286.8, 2282.5]
 Class-: 14.830000000000002
[17.6, 9.6, 20.7, 9.0, 15.1, 10.6, 10.2, 11.9, 22.2, 14.0, 16.0, 18.9, 22.4, 11.1, 10.4, 21.7, 13.8, 19.2, 12.0, 10.2]
execution time: 0.5086650848388672 seconds

sample: 1000
 CityMPG+: 26.125
[23.6, 30.9, 32.1, 25.5, 23.6, 25.4, 21.3, 24.2, 29.0, 29.4, 30.5, 23.2, 26.8, 25.8, 21.0, 21.8, 31.5, 30.8, 22.9, 23.2]
 HighwayMPG+: 32.529999999999994
[31.4, 36.1, 37.0, 31.2, 31.4, 31.8, 28.4, 31.8, 34.8, 34.4, 36.2, 29.7, 33.9, 32.8, 28.0, 28.2, 36.8, 36.4, 29.9, 30.4]
 Weight-: 2686.72
[2797.3, 2279.6, 2196.9, 2829.2, 2797.3, 2874.2, 3121.3, 2690.0, 2383.8, 2358.0, 2230.0, 3062.3, 2618.3, 2758.1, 3172.9, 3071.2, 2251.5, 2330.0, 2896.3, 3016.2]
 Class-: 14.795000000000002
[16.3, 10.3, 9.7, 17.5, 16.3, 18.5, 18.3, 13.9, 10.5, 11.1, 9.2, 19.9, 13.0, 14.7, 24.5, 20.0, 10.1, 10.7, 15.1, 16.3]
execution time: 0.8676226139068604 seconds

