/home/etlin/Documents/ncsu/spring2023_csc791_ase/ASE_spring23_proj/src/sway_with_ablation/../../data/auto2_ablation/auto2_airbags.csv

min: 0.5
far: 0.95

sample: 10
 CityMPG+: 30.71
[28.2, 30.4, 31.2, 31.4, 32.3, 30.9, 29.5, 31.4, 31.2, 31.4, 31.2, 28.8, 30.8, 28.8, 31.5, 31.4, 31.4, 31.5, 31.2, 29.7]
 HighwayMPG+: 36.0
[34.5, 34.6, 36.1, 36.7, 37.1, 36.5, 35.1, 36.8, 36.5, 36.7, 35.8, 34.6, 36.2, 33.9, 37.2, 36.7, 36.8, 36.7, 36.3, 35.2]
 Weight-: 2278.8250000000003
[2442.3, 2240.9, 2201.7, 2262.3, 2191.5, 2211.4, 2291.5, 2278.8, 2313.3, 2262.3, 2185.4, 2441.5, 2313.1, 2408.6, 2183.8, 2262.3, 2278.8, 2178.8, 2282.7, 2345.5]
 Class-: 10.105
[10.5, 10.3, 9.4, 9.8, 9.5, 10.0, 9.8, 10.2, 10.4, 9.8, 9.4, 11.8, 10.4, 11.6, 9.4, 9.8, 10.2, 9.5, 10.1, 10.2]
execution time: 0.12802481651306152 seconds

sample: 25
 CityMPG+: 29.035000000000004
[28.1, 30.5, 29.6, 25.5, 25.7, 30.3, 30.4, 26.3, 29.1, 31.2, 26.4, 30.3, 31.3, 29.7, 29.5, 31.5, 27.5, 30.8, 31.3, 25.7]
 HighwayMPG+: 34.62
[33.6, 35.6, 35.0, 32.0, 31.6, 36.1, 35.8, 32.8, 34.5, 36.3, 32.5, 35.8, 36.0, 35.2, 34.7, 36.3, 33.5, 36.5, 36.5, 32.1]
 Weight-: 2366.95
[2404.5, 2300.0, 2301.3, 2635.8, 2596.2, 2292.9, 2295.8, 2437.3, 2404.2, 2282.7, 2647.5, 2253.8, 2176.3, 2320.4, 2319.5, 2142.7, 2460.0, 2297.3, 2278.5, 2492.3]
 Class-: 11.49
[11.2, 10.2, 10.7, 18.2, 13.8, 10.4, 10.4, 11.0, 10.6, 10.1, 15.4, 9.7, 9.3, 10.8, 10.2, 9.1, 15.1, 10.3, 10.4, 12.9]
execution time: 0.1369469165802002 seconds

sample: 50
 CityMPG+: 28.624999999999993
[29.5, 30.5, 26.1, 29.9, 31.4, 31.4, 30.7, 25.8, 27.2, 30.1, 27.4, 30.9, 31.2, 32.0, 21.5, 25.5, 25.5, 22.5, 31.5, 31.9]
 HighwayMPG+: 34.209999999999994
[34.6, 35.5, 32.8, 34.7, 36.7, 36.3, 35.4, 32.5, 33.0, 35.0, 33.7, 36.8, 35.8, 37.3, 28.3, 31.6, 31.5, 29.8, 35.8, 37.1]
 Weight-: 2382.2300000000005
[2271.3, 2274.5, 2440.9, 2261.2, 2262.3, 2155.5, 2180.0, 2480.4, 2422.3, 2215.4, 2636.4, 2232.5, 2185.4, 2163.6, 3050.4, 2578.3, 2490.0, 2896.5, 2204.5, 2243.2]
 Class-: 11.749999999999998
[10.5, 10.5, 11.0, 10.0, 9.8, 9.3, 9.7, 11.6, 11.4, 10.1, 15.1, 10.7, 9.4, 9.5, 23.7, 13.0, 11.6, 18.8, 9.7, 9.6]
execution time: 0.14945101737976074 seconds

sample: 100
 CityMPG+: 28.635
[27.8, 27.5, 27.7, 29.0, 24.5, 28.4, 31.7, 29.6, 25.8, 26.5, 29.8, 28.8, 31.7, 29.5, 26.1, 28.0, 29.8, 28.8, 30.6, 31.1]
 HighwayMPG+: 34.36
[34.2, 33.0, 32.7, 35.1, 30.7, 34.7, 36.6, 35.5, 32.5, 33.2, 34.9, 34.3, 36.6, 35.5, 32.9, 33.2, 35.0, 34.0, 36.0, 36.6]
 Weight-: 2418.5649999999996
[2590.8, 2596.5, 2592.7, 2500.8, 2549.6, 2471.9, 2167.7, 2363.3, 2596.5, 2690.8, 2280.8, 2436.3, 2145.0, 2297.3, 2598.1, 2554.6, 2300.5, 2285.0, 2173.6, 2179.5]
 Class-: 12.535
[15.1, 14.8, 13.0, 14.2, 15.4, 11.7, 9.1, 12.1, 13.4, 16.7, 10.5, 13.4, 9.2, 10.0, 17.2, 14.1, 12.5, 10.4, 9.0, 8.9]
execution time: 0.17487287521362305 seconds

sample: 200
 CityMPG+: 27.185000000000002
[31.5, 23.6, 22.6, 30.2, 30.1, 29.5, 27.4, 24.0, 31.1, 21.9, 30.8, 23.1, 19.1, 30.8, 31.5, 24.9, 23.1, 29.4, 31.7, 27.4]
 HighwayMPG+: 33.355000000000004
[36.8, 31.3, 28.8, 35.8, 35.3, 35.3, 33.3, 31.3, 36.2, 29.8, 35.8, 30.7, 26.0, 36.4, 37.0, 31.5, 30.2, 36.1, 36.6, 32.9]
 Weight-: 2566.1349999999998
[2192.5, 2916.7, 2893.8, 2246.9, 2295.5, 2326.4, 2689.6, 2871.9, 2246.9, 2917.1, 2189.1, 2938.8, 3459.6, 2291.0, 2211.4, 2606.8, 2966.7, 2337.0, 2167.7, 2557.3]
 Class-: 13.559999999999999
[9.5, 16.5, 13.4, 9.4, 10.5, 10.3, 18.4, 17.9, 9.7, 23.4, 9.4, 15.4, 18.5, 10.3, 9.2, 12.5, 19.2, 12.2, 9.1, 16.4]
execution time: 0.22297096252441406 seconds

sample: 500
 CityMPG+: 26.705000000000002
[30.5, 32.0, 26.2, 24.5, 30.2, 28.7, 31.6, 22.2, 29.5, 29.3, 29.5, 19.8, 20.8, 26.3, 24.9, 24.9, 23.6, 21.5, 27.5, 30.6]
 HighwayMPG+: 32.98
[35.7, 36.8, 32.9, 31.5, 34.7, 34.7, 36.8, 30.8, 34.7, 35.4, 35.5, 26.8, 28.9, 32.3, 31.7, 32.0, 30.4, 28.3, 33.9, 35.8]
 Weight-: 2590.885
[2188.2, 2188.8, 2475.5, 2725.5, 2241.4, 2371.5, 2263.1, 3034.6, 2304.1, 2375.8, 2307.1, 3466.5, 3183.3, 2499.6, 2822.5, 2878.3, 2700.4, 3156.4, 2333.3, 2301.8]
 Class-: 13.025
[9.8, 9.7, 11.6, 13.5, 9.8, 10.0, 10.3, 16.4, 10.6, 10.2, 9.6, 19.9, 18.9, 12.9, 17.9, 16.8, 13.7, 16.8, 12.2, 9.9]
execution time: 0.37329912185668945 seconds

sample: 1000
 CityMPG+: 24.055
[21.7, 25.4, 31.4, 23.4, 23.6, 27.8, 18.2, 24.5, 21.7, 18.8, 29.7, 20.2, 23.7, 23.7, 25.5, 23.5, 31.3, 25.2, 23.0, 18.8]
 HighwayMPG+: 30.875
[28.6, 31.8, 36.6, 30.6, 31.2, 33.7, 25.0, 31.8, 29.5, 26.3, 35.6, 26.7, 30.9, 30.9, 32.1, 30.6, 36.8, 30.8, 30.8, 27.2]
 Weight-: 2857.26
[3066.3, 2820.8, 2201.7, 2718.8, 2831.5, 2515.0, 3663.8, 2712.7, 3062.7, 3600.0, 2291.9, 3306.9, 2849.6, 2849.6, 2519.6, 2864.2, 2298.3, 2508.3, 2843.1, 3620.4]
 Class-: 16.530000000000005
[20.8, 17.7, 9.5, 14.4, 16.4, 11.9, 25.9, 12.5, 20.3, 22.0, 9.8, 27.8, 14.9, 14.9, 12.0, 16.9, 10.3, 13.7, 14.8, 24.1]
execution time: 0.6218187808990479 seconds

