/home/etlin/Documents/ncsu/spring2023_csc791_ase/ASE_spring23_proj/src/sway_with_ablation/../../data/auto2_ablation/auto2_luggage.csv

min: 0.5
far: 0.95

sample: 10
 CityMPG+: 29.774999999999995
[30.5, 26.2, 29.5, 31.4, 30.8, 30.5, 31.1, 30.3, 32.4, 30.1, 29.6, 28.0, 31.4, 29.6, 25.9, 31.2, 29.8, 32.6, 30.3, 24.3]
 HighwayMPG+: 35.38
[36.0, 32.5, 35.4, 36.8, 35.8, 36.1, 36.5, 36.1, 36.6, 35.5, 35.3, 34.2, 36.8, 35.3, 32.6, 36.6, 35.2, 37.7, 35.8, 30.8]
 Weight-: 2327.87
[2214.5, 2665.4, 2359.5, 2278.8, 2193.1, 2266.8, 2274.6, 2311.2, 2217.1, 2289.6, 2307.3, 2470.0, 2278.8, 2286.2, 2469.6, 2181.5, 2286.9, 2246.7, 2217.7, 2742.1]
 Class-: 10.894999999999998
[9.3, 17.7, 10.8, 10.2, 9.3, 9.6, 10.1, 11.5, 10.1, 10.1, 10.1, 11.9, 10.2, 9.9, 11.4, 9.2, 10.1, 10.1, 9.3, 17.0]
execution time: 0.19533157348632812 seconds

sample: 25
 CityMPG+: 28.945
[29.2, 30.4, 29.7, 25.6, 26.9, 31.2, 23.4, 31.5, 26.8, 31.2, 30.4, 29.5, 30.5, 27.8, 25.4, 30.5, 31.3, 30.2, 31.4, 26.0]
 HighwayMPG+: 34.69
[35.2, 35.8, 35.5, 31.8, 33.2, 36.4, 30.8, 36.5, 32.3, 36.6, 36.0, 35.3, 36.1, 33.3, 32.2, 35.4, 36.8, 36.0, 36.8, 31.8]
 Weight-: 2357.66
[2325.0, 2280.8, 2278.8, 2535.8, 2413.2, 2215.9, 2846.5, 2207.7, 2492.1, 2266.9, 2257.1, 2332.7, 2295.8, 2378.2, 2523.5, 2209.1, 2294.6, 2271.2, 2278.8, 2449.5]
 Class-: 10.735000000000001
[11.4, 10.3, 10.2, 12.4, 11.9, 9.4, 14.0, 9.9, 11.3, 10.1, 9.7, 10.2, 10.4, 10.5, 11.8, 9.7, 10.2, 9.8, 10.2, 11.3]
execution time: 0.20445561408996582 seconds

sample: 50
 CityMPG+: 29.845
[29.5, 29.7, 31.8, 29.8, 25.0, 29.7, 31.3, 30.7, 30.5, 30.8, 29.8, 31.2, 30.2, 31.2, 28.8, 29.8, 29.7, 25.4, 31.3, 30.7]
 HighwayMPG+: 35.38999999999999
[34.8, 35.9, 36.7, 35.5, 31.0, 35.5, 36.7, 36.1, 35.6, 36.4, 35.3, 36.7, 35.4, 36.4, 34.7, 35.9, 34.8, 31.8, 36.5, 36.1]
 Weight-: 2289.46
[2266.5, 2318.6, 2203.6, 2291.9, 2876.5, 2276.5, 2171.7, 2195.9, 2234.5, 2295.0, 2232.9, 2183.5, 2205.8, 2212.3, 2327.7, 2247.7, 2238.5, 2572.7, 2261.9, 2175.5]
 Class-: 10.515
[10.5, 12.3, 9.8, 10.1, 16.6, 11.5, 9.3, 9.2, 9.6, 10.6, 9.4, 9.2, 9.8, 10.2, 11.0, 9.3, 9.9, 12.6, 10.0, 9.4]
execution time: 0.21441030502319336 seconds

sample: 100
 CityMPG+: 27.445
[30.8, 25.7, 22.1, 25.6, 23.1, 30.0, 30.2, 20.8, 29.7, 23.0, 29.0, 30.4, 30.6, 30.4, 25.7, 26.8, 30.3, 27.9, 28.8, 28.0]
 HighwayMPG+: 33.46999999999999
[36.2, 31.7, 29.1, 31.6, 29.9, 35.2, 35.4, 28.8, 35.4, 29.7, 35.3, 35.4, 35.9, 35.4, 32.2, 32.8, 35.9, 34.0, 35.7, 33.8]
 Weight-: 2534.46
[2255.9, 2797.3, 3033.5, 2837.9, 2894.5, 2346.8, 2206.7, 3164.6, 2221.4, 3024.2, 2329.5, 2272.7, 2392.7, 2198.8, 2478.6, 2516.7, 2208.6, 2612.7, 2336.9, 2559.2]
 Class-: 13.669999999999998
[10.3, 18.0, 20.0, 17.7, 17.4, 10.2, 9.6, 17.1, 9.4, 23.5, 11.5, 10.1, 12.4, 9.7, 11.2, 13.3, 9.2, 18.6, 10.4, 13.8]
execution time: 0.2430415153503418 seconds

sample: 200
 CityMPG+: 26.839999999999996
[26.5, 24.3, 26.2, 31.8, 25.4, 25.7, 27.2, 31.3, 29.9, 19.6, 25.2, 32.3, 18.7, 23.6, 30.6, 32.2, 29.5, 29.9, 23.5, 23.4]
 HighwayMPG+: 33.145
[32.8, 31.1, 32.5, 36.8, 32.0, 32.1, 32.8, 36.9, 35.6, 27.7, 31.3, 37.5, 27.3, 30.4, 36.5, 38.1, 34.7, 36.1, 31.2, 29.5]
 Weight-: 2611.7949999999996
[2652.5, 2740.9, 2665.4, 2246.9, 2600.9, 2806.8, 2687.7, 2193.0, 2237.7, 3328.5, 2715.0, 2207.1, 3637.3, 2729.2, 2310.5, 2128.0, 2267.3, 2326.2, 2881.2, 2873.8]
 Class-: 13.959999999999997
[13.3, 15.5, 14.5, 10.0, 12.9, 15.9, 13.0, 9.5, 9.4, 19.1, 14.6, 10.1, 25.7, 19.0, 10.5, 9.2, 11.7, 12.2, 16.7, 16.4]
execution time: 0.30938148498535156 seconds

sample: 500
 CityMPG+: 25.689999999999998
[23.1, 30.9, 20.0, 22.5, 22.7, 30.5, 31.1, 20.9, 24.7, 28.4, 21.9, 29.7, 25.5, 30.2, 30.8, 23.8, 25.0, 23.0, 29.4, 19.7]
 HighwayMPG+: 32.02499999999999
[30.0, 36.0, 27.5, 30.0, 29.8, 35.8, 36.5, 27.2, 30.8, 34.8, 28.6, 35.5, 32.0, 35.5, 36.0, 30.8, 31.8, 29.8, 35.8, 26.3]
 Weight-: 2702.2099999999996
[2868.8, 2195.8, 3268.8, 2993.8, 2914.6, 2307.7, 2293.8, 3223.1, 2843.8, 2359.2, 3041.3, 2373.6, 2605.4, 2290.0, 2299.2, 2923.6, 2545.4, 2915.5, 2307.7, 3473.1]
 Class-: 14.920000000000002
[16.8, 9.6, 24.1, 15.6, 18.5, 10.3, 10.2, 16.9, 19.9, 9.9, 17.0, 12.8, 13.2, 10.0, 10.4, 22.5, 11.8, 17.9, 10.5, 20.5]
execution time: 0.5185544490814209 seconds

sample: 1000
 CityMPG+: 24.574999999999996
[23.2, 30.9, 31.5, 24.8, 25.5, 25.4, 20.8, 23.5, 25.2, 22.3, 30.5, 29.4, 22.8, 22.8, 23.0, 23.2, 20.2, 23.4, 23.7, 19.4]
 HighwayMPG+: 31.209999999999997
[29.5, 36.1, 37.2, 30.7, 31.5, 31.8, 28.5, 30.8, 31.7, 29.3, 36.2, 35.2, 30.3, 30.2, 29.7, 30.4, 26.8, 31.1, 31.3, 25.9]
 Weight-: 2799.9200000000005
[2770.8, 2279.6, 2285.8, 2866.7, 2641.5, 2874.2, 3277.3, 2781.2, 2728.5, 2968.3, 2230.0, 2296.9, 2912.1, 2809.6, 2822.1, 2873.3, 3427.3, 2853.8, 2807.5, 3491.9]
 Class-: 15.944999999999999
[15.3, 10.3, 10.3, 16.1, 14.8, 18.5, 18.7, 17.3, 14.9, 14.4, 9.2, 10.1, 17.2, 14.9, 16.3, 18.6, 18.1, 17.4, 14.6, 31.9]
execution time: 0.8506157398223877 seconds

