/home/etlin/Documents/ncsu/spring2023_csc791_ase/ASE_spring23_proj/src/sway_with_ablation/../../data/auto2_ablation/auto2_manualtransmission.csv

min: 0.5
far: 0.95

sample: 10
 CityMPG+: 29.955000000000005
[28.6, 29.6, 30.2, 31.4, 30.0, 29.3, 29.6, 31.3, 29.4, 30.1, 30.3, 27.4, 30.2, 28.5, 33.3, 25.9, 29.6, 31.1, 31.1, 32.2]
 HighwayMPG+: 35.535
[34.3, 35.9, 35.8, 36.8, 35.6, 34.6, 35.3, 36.5, 35.2, 35.5, 36.0, 33.8, 35.5, 34.2, 38.5, 31.8, 35.3, 36.6, 36.5, 37.0]
 Weight-: 2319.665
[2370.8, 2331.8, 2268.3, 2278.8, 2272.3, 2343.2, 2307.3, 2341.2, 2354.2, 2289.6, 2259.6, 2621.9, 2235.8, 2351.9, 2153.2, 2621.5, 2307.3, 2216.2, 2274.6, 2193.8]
 Class-: 10.54
[10.8, 10.0, 9.9, 10.2, 10.0, 11.1, 10.1, 10.7, 10.8, 10.1, 9.5, 15.5, 9.7, 11.9, 9.3, 12.1, 10.1, 9.5, 10.1, 9.4]
execution time: 0.1985645294189453 seconds

sample: 25
 CityMPG+: 28.32
[29.2, 31.0, 32.4, 28.2, 21.2, 30.3, 25.2, 26.4, 26.8, 27.8, 31.6, 31.4, 26.1, 24.4, 29.7, 30.0, 28.2, 30.8, 29.9, 25.8]
 HighwayMPG+: 34.059999999999995
[35.2, 35.1, 37.7, 34.2, 27.8, 36.1, 32.2, 32.5, 32.3, 33.9, 36.4, 36.5, 31.7, 31.4, 34.7, 35.5, 33.8, 36.2, 35.4, 32.6]
 Weight-: 2408.54
[2325.0, 2203.8, 2218.3, 2369.6, 3103.5, 2292.9, 2555.8, 2450.0, 2492.1, 2375.9, 2193.8, 2297.7, 2418.2, 2719.6, 2280.5, 2283.1, 2434.2, 2312.3, 2277.7, 2566.8]
 Class-: 11.770000000000001
[11.4, 10.2, 9.8, 11.6, 19.0, 10.4, 12.4, 11.3, 11.3, 10.7, 9.4, 12.6, 16.3, 12.5, 10.7, 9.9, 13.4, 10.3, 10.0, 12.2]
execution time: 0.20059561729431152 seconds

sample: 50
 CityMPG+: 28.195
[30.1, 23.9, 22.7, 25.7, 30.7, 31.5, 30.6, 25.7, 31.0, 29.8, 30.0, 20.1, 30.0, 28.4, 25.2, 29.2, 30.4, 26.8, 30.6, 31.5]
 HighwayMPG+: 33.99499999999999
[35.3, 29.9, 30.5, 32.2, 36.2, 36.7, 35.5, 32.2, 36.4, 35.1, 35.4, 28.7, 34.8, 34.4, 31.1, 34.8, 35.9, 32.7, 35.8, 36.3]
 Weight-: 2413.13
[2219.6, 2713.8, 3056.8, 2477.7, 2296.2, 2144.1, 2201.5, 2474.6, 2246.4, 2262.7, 2242.3, 3340.5, 2220.8, 2341.5, 2495.4, 2266.5, 2225.0, 2651.3, 2220.4, 2165.5]
 Class-: 11.53
[10.0, 13.7, 15.2, 11.4, 10.2, 9.0, 9.5, 11.8, 9.8, 10.0, 9.8, 22.2, 10.0, 10.8, 12.7, 9.5, 9.6, 16.5, 9.8, 9.1]
execution time: 0.2160484790802002 seconds

sample: 100
 CityMPG+: 27.0
[31.9, 24.0, 29.9, 21.2, 27.6, 30.5, 24.2, 25.1, 29.1, 23.1, 25.5, 26.3, 30.5, 19.0, 28.5, 26.2, 30.6, 25.8, 30.3, 30.7]
 HighwayMPG+: 33.055
[36.5, 30.5, 35.3, 28.2, 33.8, 35.8, 31.2, 32.2, 35.3, 29.8, 31.4, 32.7, 35.3, 27.4, 34.0, 32.1, 35.5, 32.0, 36.2, 35.9]
 Weight-: 2567.0299999999997
[2263.3, 2832.5, 2231.3, 3131.2, 2338.2, 2274.6, 2773.2, 2612.7, 2443.3, 2847.7, 2527.1, 2686.9, 2386.5, 3549.5, 2385.5, 2533.2, 2194.1, 2778.8, 2375.5, 2175.5]
 Class-: 13.754999999999999
[11.3, 13.3, 9.5, 17.1, 10.7, 10.3, 15.6, 12.5, 11.0, 21.8, 14.1, 17.6, 12.5, 24.7, 10.9, 13.8, 9.1, 19.2, 11.2, 8.9]
execution time: 0.24382591247558594 seconds

sample: 200
 CityMPG+: 27.575
[27.3, 30.2, 18.8, 30.2, 30.8, 29.6, 26.7, 31.6, 32.1, 32.3, 22.6, 27.8, 19.3, 30.5, 26.3, 28.5, 28.2, 25.8, 24.6, 28.3]
 HighwayMPG+: 33.73000000000001
[33.8, 35.9, 27.1, 36.2, 36.3, 35.4, 33.7, 36.6, 37.2, 37.5, 29.4, 33.9, 27.2, 36.1, 32.6, 34.5, 34.7, 32.7, 30.7, 33.1]
 Weight-: 2572.4950000000003
[2593.3, 2391.7, 3616.3, 2294.2, 2248.0, 2339.1, 2496.3, 2200.0, 2213.8, 2207.1, 3180.9, 2456.9, 3446.5, 2315.9, 2597.9, 2419.2, 2498.8, 2609.2, 2796.0, 2528.8]
 Class-: 14.035
[12.5, 13.5, 22.3, 11.3, 10.1, 10.5, 12.4, 9.4, 10.1, 10.1, 29.3, 11.7, 24.4, 12.2, 13.6, 11.0, 12.4, 13.8, 17.2, 12.9]
execution time: 0.3132963180541992 seconds

sample: 500
 CityMPG+: 25.22
[25.3, 32.0, 20.6, 28.6, 20.5, 25.6, 31.1, 24.4, 21.1, 27.3, 22.8, 26.8, 25.8, 25.5, 25.0, 26.9, 21.2, 23.0, 22.4, 28.5]
 HighwayMPG+: 31.825
[32.0, 36.8, 28.3, 34.2, 27.8, 33.2, 36.5, 31.5, 28.9, 33.3, 29.2, 32.8, 32.3, 32.1, 32.2, 33.2, 28.2, 29.8, 29.8, 34.4]
 Weight-: 2689.13
[2537.9, 2188.8, 3188.8, 2347.1, 3197.9, 2689.2, 2293.8, 2713.8, 3156.5, 2405.0, 3072.7, 2425.9, 2637.7, 2572.1, 2625.8, 2505.8, 3068.1, 2915.5, 2901.7, 2338.5]
 Class-: 14.23
[12.1, 9.7, 23.6, 10.2, 21.8, 14.5, 10.2, 13.0, 18.2, 10.5, 16.6, 12.4, 13.6, 12.3, 12.1, 12.2, 19.0, 17.9, 14.1, 10.6]
execution time: 0.513641357421875 seconds

sample: 1000
 CityMPG+: 26.195000000000004
[28.2, 30.9, 32.1, 26.9, 26.3, 20.8, 26.3, 24.2, 22.8, 23.8, 30.5, 29.2, 27.3, 27.3, 22.8, 23.2, 31.2, 24.6, 22.3, 23.2]
 HighwayMPG+: 32.62999999999999
[34.7, 36.1, 37.0, 33.3, 33.1, 27.7, 33.1, 31.2, 30.2, 30.4, 36.2, 34.5, 34.4, 34.4, 29.4, 29.8, 36.1, 30.8, 29.8, 30.4]
 Weight-: 2608.1349999999998
[2444.6, 2279.6, 2196.9, 2591.3, 2468.8, 3307.3, 2468.8, 2702.7, 2980.4, 2781.7, 2230.0, 2290.8, 2399.2, 2399.2, 2831.3, 2950.8, 2267.7, 2595.8, 2959.6, 3016.2]
 Class-: 13.55
[11.4, 10.3, 9.7, 15.4, 11.8, 18.9, 11.8, 14.6, 19.8, 15.0, 9.2, 10.1, 10.4, 10.4, 16.5, 19.0, 10.5, 13.8, 16.1, 16.3]
execution time: 0.8536334037780762 seconds

