/home/etlin/Documents/ncsu/spring2023_csc791_ase/ASE_spring23_proj/src/sway_with_ablation/../../data/auto2_ablation/auto2_rpm.csv

min: 0.5
far: 0.95

sample: 10
 CityMPG+: 29.76
[30.5, 27.1, 30.1, 30.1, 32.6, 29.5, 29.8, 31.4, 26.2, 30.1, 29.6, 31.6, 30.8, 31.1, 30.0, 31.3, 30.1, 30.0, 28.8, 24.5]
 HighwayMPG+: 35.3
[36.0, 33.1, 35.5, 35.5, 37.1, 35.1, 35.6, 36.8, 32.9, 35.5, 35.3, 37.1, 36.3, 36.1, 35.6, 36.4, 35.5, 35.6, 34.2, 30.8]
 Weight-: 2316.9199999999996
[2214.5, 2442.7, 2289.6, 2289.6, 2195.8, 2339.1, 2269.6, 2278.8, 2558.6, 2289.6, 2331.2, 2328.1, 2293.5, 2204.5, 2287.7, 2170.4, 2268.5, 2287.7, 2278.1, 2720.8]
 Class-: 10.88
[9.3, 13.0, 10.1, 10.1, 9.7, 11.3, 9.9, 10.2, 14.9, 10.1, 10.7, 11.0, 11.5, 9.8, 10.0, 9.2, 9.9, 10.0, 9.3, 17.6]
execution time: 0.1946887969970703 seconds

sample: 25
 CityMPG+: 28.199999999999996
[28.8, 30.0, 26.9, 25.6, 27.1, 30.3, 23.5, 28.1, 27.0, 30.8, 32.3, 30.3, 22.7, 28.2, 27.9, 28.5, 28.3, 28.5, 31.4, 27.8]
 HighwayMPG+: 34.05499999999999
[33.9, 35.6, 32.7, 32.3, 33.0, 36.1, 30.8, 34.1, 33.0, 36.2, 37.6, 35.6, 29.9, 33.9, 34.1, 34.5, 33.8, 33.8, 36.8, 33.4]
 Weight-: 2406.54
[2305.0, 2287.7, 2407.3, 2542.1, 2411.4, 2292.9, 2812.3, 2421.7, 2472.5, 2312.3, 2194.6, 2259.2, 2900.8, 2406.4, 2487.7, 2393.5, 2312.3, 2285.0, 2278.8, 2347.3]
 Class-: 11.415
[10.8, 10.0, 11.4, 11.6, 12.0, 10.4, 13.6, 11.4, 10.7, 10.3, 9.8, 10.0, 18.6, 11.0, 12.1, 10.7, 9.8, 9.5, 10.2, 14.4]
execution time: 0.19938421249389648 seconds

sample: 50
 CityMPG+: 27.700000000000006
[30.4, 25.1, 24.9, 25.8, 25.0, 27.2, 31.8, 31.2, 30.5, 30.1, 31.5, 18.2, 30.0, 31.1, 28.5, 24.6, 30.1, 25.4, 24.4, 28.2]
 HighwayMPG+: 33.540000000000006
[35.9, 31.0, 30.7, 32.4, 31.0, 33.4, 37.0, 36.5, 35.6, 35.0, 36.7, 26.3, 34.8, 36.5, 34.3, 31.6, 35.0, 31.8, 31.1, 34.2]
 Weight-: 2475.6400000000003
[2214.6, 2584.6, 2698.6, 2468.1, 2876.5, 2484.2, 2134.0, 2310.9, 2234.5, 2215.4, 2325.0, 3672.7, 2220.8, 2202.3, 2300.9, 2613.2, 2256.5, 2572.7, 2777.3, 2350.0]
 Class-: 12.445
[9.5, 12.8, 11.8, 11.2, 16.6, 13.8, 8.8, 10.8, 9.6, 10.1, 12.5, 25.0, 10.0, 9.8, 10.3, 12.2, 10.2, 12.6, 19.9, 11.4]
execution time: 0.2105555534362793 seconds

sample: 100
 CityMPG+: 28.01
[29.5, 22.8, 25.3, 30.6, 27.2, 22.9, 27.0, 30.4, 28.7, 31.1, 29.5, 32.1, 30.7, 25.3, 24.3, 28.2, 30.7, 30.8, 29.9, 23.2]
 HighwayMPG+: 33.955
[34.7, 30.1, 32.1, 36.0, 33.4, 29.6, 33.1, 35.9, 35.1, 36.4, 35.2, 36.8, 35.5, 33.0, 31.7, 34.0, 35.5, 36.0, 35.3, 29.7]
 Weight-: 2444.0900000000006
[2229.1, 2970.8, 2735.4, 2218.2, 2516.3, 2756.0, 2521.8, 2257.7, 2352.9, 2272.7, 2367.3, 2139.5, 2345.0, 2522.5, 2693.8, 2308.6, 2388.3, 2167.3, 2231.3, 2887.3]
 Class-: 12.22
[9.3, 19.8, 17.3, 9.7, 13.2, 13.6, 11.9, 10.1, 10.9, 10.8, 11.9, 9.6, 12.0, 13.4, 12.9, 10.1, 12.4, 9.1, 9.5, 16.9]
execution time: 0.24138283729553223 seconds

sample: 200
 CityMPG+: 27.809999999999995
[26.4, 24.7, 28.9, 30.8, 27.8, 27.0, 26.3, 25.7, 32.1, 31.2, 26.2, 32.2, 18.8, 28.5, 30.8, 25.2, 26.5, 32.4, 23.4, 31.3]
 HighwayMPG+: 33.839999999999996
[33.3, 32.2, 34.5, 36.3, 34.1, 32.8, 32.1, 32.0, 37.4, 36.1, 32.9, 37.1, 26.6, 34.6, 36.6, 31.3, 32.4, 37.5, 30.7, 36.3]
 Weight-: 2525.975
[2490.4, 2663.5, 2306.8, 2235.8, 2506.7, 2417.7, 2841.0, 2775.8, 2239.6, 2209.5, 2558.6, 2185.8, 3518.1, 2474.1, 2268.3, 2875.8, 2657.3, 2243.5, 2781.2, 2270.0]
 Class-: 13.185000000000002
[12.8, 13.9, 9.9, 9.6, 11.5, 10.8, 19.5, 19.2, 10.2, 10.4, 14.8, 10.0, 23.8, 11.9, 9.8, 15.1, 13.0, 10.0, 16.2, 11.3]
execution time: 0.33870744705200195 seconds

sample: 500
 CityMPG+: 26.565000000000005
[22.8, 30.9, 24.6, 32.1, 25.3, 31.4, 31.8, 22.7, 25.1, 30.2, 23.5, 18.7, 25.1, 31.3, 27.8, 22.7, 24.6, 28.3, 30.5, 21.9]
 HighwayMPG+: 32.584999999999994
[30.0, 36.0, 30.7, 36.9, 31.6, 36.5, 36.8, 29.9, 31.3, 35.8, 29.9, 24.8, 32.3, 36.8, 34.1, 29.3, 30.9, 33.9, 36.3, 27.9]
 Weight-: 2637.4450000000006
[2920.8, 2195.8, 2883.8, 2127.3, 2546.7, 2298.1, 2230.4, 2913.3, 2811.9, 2268.3, 3074.2, 3583.8, 2658.8, 2298.3, 2363.8, 2928.8, 2570.8, 2749.5, 2195.0, 3129.5]
 Class-: 14.425000000000002
[17.4, 9.6, 20.4, 9.1, 11.9, 10.3, 10.2, 19.2, 18.8, 9.9, 18.3, 19.4, 14.7, 10.3, 10.0, 19.2, 11.9, 13.7, 9.6, 24.6]
execution time: 0.6604952812194824 seconds

sample: 1000
 CityMPG+: 26.595000000000006
[26.8, 31.7, 30.6, 25.4, 26.8, 25.9, 24.8, 20.5, 20.4, 25.1, 30.7, 30.5, 28.3, 28.3, 20.8, 29.5, 31.2, 24.3, 26.6, 23.7]
 HighwayMPG+: 32.849999999999994
[32.9, 37.2, 35.7, 31.5, 32.9, 32.2, 32.0, 28.4, 27.3, 31.7, 36.1, 36.2, 33.9, 33.9, 27.7, 35.5, 36.5, 30.9, 33.4, 31.1]
 Weight-: 2654.1400000000003
[2765.8, 2314.2, 2321.7, 2849.2, 2765.8, 2805.4, 2661.2, 3284.6, 3383.1, 2525.4, 2202.3, 2230.8, 2480.4, 2480.4, 3153.3, 2290.8, 2268.8, 2676.7, 2652.9, 2970.0]
 Class-: 14.264999999999997
[16.7, 11.2, 10.6, 14.4, 16.7, 17.8, 13.9, 18.5, 16.7, 11.6, 9.1, 9.9, 14.2, 14.2, 25.1, 9.9, 10.2, 14.2, 14.8, 15.6]
execution time: 1.0610628128051758 seconds

