/home/etlin/Documents/ncsu/spring2023_csc791_ase/ASE_spring23_proj/src/sway_with_ablation/../../data/auto2_ablation/auto2_uturn.csv

min: 0.5
far: 0.95

sample: 10
 CityMPG+: 30.21
[30.5, 30.3, 30.2, 31.4, 31.4, 28.9, 30.9, 29.8, 30.2, 31.2, 29.6, 31.9, 30.1, 27.5, 32.5, 30.1, 31.2, 32.5, 29.8, 24.2]
 HighwayMPG+: 35.675000000000004
[36.0, 35.9, 35.8, 36.8, 36.6, 35.2, 36.5, 35.5, 34.8, 36.3, 35.3, 36.8, 35.5, 33.4, 37.7, 35.5, 36.0, 37.6, 35.6, 30.7]
 Weight-: 2297.685
[2214.5, 2293.6, 2268.3, 2278.8, 2180.4, 2424.5, 2296.5, 2229.1, 2253.8, 2282.7, 2331.2, 2213.1, 2289.6, 2386.8, 2193.8, 2289.6, 2280.4, 2243.6, 2269.6, 2733.8]
 Class-: 10.465
[9.3, 10.2, 9.9, 10.2, 9.5, 11.6, 10.2, 9.7, 10.3, 10.1, 10.7, 9.6, 10.1, 10.8, 9.7, 10.1, 10.4, 9.8, 9.9, 17.2]
execution time: 0.18395495414733887 seconds

sample: 25
 CityMPG+: 28.195
[26.4, 30.7, 30.8, 25.9, 25.8, 26.6, 29.8, 28.4, 30.2, 31.1, 24.9, 29.8, 26.0, 28.2, 29.3, 27.1, 25.6, 29.9, 31.1, 26.3]
 HighwayMPG+: 33.945
[32.2, 36.1, 36.0, 32.7, 31.6, 32.0, 35.6, 34.1, 35.3, 36.5, 30.7, 34.8, 31.8, 34.2, 35.3, 33.4, 32.3, 35.5, 36.5, 32.3]
 Weight-: 2363.74
[2430.9, 2233.2, 2167.5, 2497.1, 2438.1, 2434.2, 2269.6, 2406.5, 2243.1, 2274.6, 2556.4, 2236.5, 2449.5, 2369.6, 2381.9, 2413.5, 2493.1, 2290.4, 2274.6, 2414.5]
 Class-: 10.924999999999999
[11.4, 9.6, 9.2, 10.9, 11.8, 11.6, 9.9, 13.5, 9.8, 10.1, 14.3, 9.6, 11.3, 11.6, 10.4, 10.6, 11.6, 10.0, 10.1, 11.2]
execution time: 0.19139862060546875 seconds

sample: 50
 CityMPG+: 27.380000000000003
[30.4, 24.2, 19.9, 24.6, 30.9, 31.8, 26.2, 26.3, 29.8, 29.8, 30.4, 18.6, 29.9, 31.7, 24.5, 25.2, 26.6, 25.4, 31.2, 30.2]
 HighwayMPG+: 33.57
[36.5, 31.0, 27.9, 31.5, 36.3, 36.9, 31.9, 33.3, 35.1, 35.1, 35.6, 26.7, 35.7, 37.0, 32.0, 32.3, 32.8, 31.8, 36.3, 35.7]
 Weight-: 2504.62
[2297.3, 2692.7, 3464.1, 2689.2, 2177.7, 2161.4, 2455.0, 2505.0, 2281.4, 2230.4, 2210.0, 3658.6, 2275.4, 2145.5, 2616.2, 2573.6, 2406.7, 2572.7, 2220.0, 2459.5]
 Class-: 12.64
[10.3, 12.5, 23.1, 12.8, 9.1, 9.2, 11.8, 14.9, 10.3, 9.7, 9.2, 24.0, 10.1, 9.3, 15.2, 12.0, 11.0, 12.6, 9.9, 15.8]
execution time: 0.20704936981201172 seconds

sample: 100
 CityMPG+: 28.935000000000002
[30.9, 30.2, 30.1, 27.6, 29.8, 28.3, 29.9, 26.7, 28.8, 30.5, 27.3, 27.9, 30.6, 31.0, 22.9, 26.6, 30.1, 29.5, 27.9, 32.1]
 HighwayMPG+: 34.675
[36.1, 35.2, 35.3, 33.6, 35.1, 34.5, 34.9, 33.3, 34.3, 36.2, 33.3, 34.1, 36.0, 36.2, 30.0, 32.8, 35.9, 35.5, 34.0, 37.2]
 Weight-: 2418.76
[2191.8, 2467.7, 2221.7, 2344.1, 2224.5, 2412.9, 2330.4, 2514.5, 2402.1, 2313.8, 2713.2, 2590.4, 2418.1, 2315.9, 3025.0, 2608.8, 2249.5, 2297.3, 2465.8, 2267.7]
 Class-: 12.15
[9.3, 12.1, 9.5, 10.4, 9.5, 11.4, 11.9, 13.9, 11.6, 11.1, 15.9, 16.8, 13.5, 14.0, 16.4, 14.6, 9.4, 10.0, 11.2, 10.5]
execution time: 0.23624134063720703 seconds

sample: 200
 CityMPG+: 27.365
[28.4, 32.3, 30.5, 30.9, 31.9, 27.4, 19.3, 29.4, 29.9, 20.9, 31.0, 32.3, 19.2, 24.3, 22.9, 25.2, 27.9, 27.0, 25.5, 31.1]
 HighwayMPG+: 33.475
[34.3, 37.8, 35.2, 36.3, 36.5, 33.4, 27.5, 35.3, 35.6, 27.8, 35.4, 37.5, 26.4, 31.8, 30.0, 32.3, 33.6, 33.0, 32.3, 37.5]
 Weight-: 2570.8999999999996
[2522.1, 2240.4, 2236.0, 2239.6, 2132.0, 2574.2, 3482.1, 2333.5, 2237.7, 3135.0, 2300.5, 2207.1, 3509.2, 2695.0, 3053.8, 2562.1, 2506.0, 2672.0, 2564.2, 2215.5]
 Class-: 13.219999999999999
[11.8, 10.0, 10.0, 9.7, 9.0, 15.4, 22.2, 13.3, 9.4, 18.8, 12.2, 10.1, 19.7, 12.2, 18.1, 12.0, 12.9, 15.3, 12.5, 9.8]
execution time: 0.31107044219970703 seconds

sample: 500
 CityMPG+: 26.425
[22.7, 32.0, 20.2, 25.6, 25.5, 31.4, 31.1, 23.7, 25.9, 31.2, 23.3, 19.4, 23.6, 27.2, 20.4, 30.0, 26.1, 29.5, 29.5, 30.2]
 HighwayMPG+: 32.589999999999996
[29.6, 36.8, 27.1, 32.8, 31.8, 36.5, 36.5, 29.9, 31.7, 37.4, 29.6, 25.8, 30.5, 32.9, 28.1, 35.7, 32.8, 35.1, 35.4, 35.8]
 Weight-: 2667.9500000000003
[2880.0, 2188.8, 3385.8, 2842.3, 2448.5, 2298.1, 2293.8, 2858.5, 2778.5, 2302.9, 3120.0, 3467.7, 3005.5, 2462.0, 3320.8, 2303.3, 2513.8, 2364.6, 2246.4, 2277.7]
 Class-: 14.454999999999998
[18.5, 9.7, 22.9, 15.7, 12.4, 10.3, 10.2, 15.3, 18.1, 9.8, 22.7, 19.9, 20.8, 11.1, 19.1, 10.2, 11.5, 10.5, 10.2, 10.2]
execution time: 0.5138339996337891 seconds

sample: 1000
 CityMPG+: 25.75
[26.4, 30.9, 30.8, 21.2, 27.3, 24.8, 27.3, 20.5, 27.3, 18.8, 29.8, 22.2, 26.2, 30.5, 21.1, 22.9, 31.5, 26.5, 25.4, 23.6]
 HighwayMPG+: 32.225
[32.7, 36.1, 35.8, 28.8, 33.3, 31.2, 33.3, 28.2, 33.3, 26.3, 35.6, 30.2, 32.8, 36.3, 28.3, 29.2, 36.8, 32.5, 32.8, 31.0]
 Weight-: 2720.395
[2755.8, 2279.6, 2249.6, 3175.0, 2405.0, 2934.2, 2405.0, 3320.4, 2382.9, 3600.0, 2291.2, 3013.1, 2733.8, 2221.2, 3165.8, 2919.2, 2251.5, 2555.8, 2809.6, 2939.2]
 Class-: 14.615
[17.9, 10.3, 9.5, 16.8, 10.5, 19.1, 10.5, 18.4, 10.3, 22.0, 9.7, 17.4, 14.2, 9.4, 24.1, 17.9, 10.1, 13.5, 15.4, 15.3]
execution time: 0.9028909206390381 seconds

