/home/etlin/Documents/ncsu/spring2023_csc791_ase/ASE_spring23_proj/src/sway2/../../data/auto93.csv

min: 0.5
far: 0.95
randomness: 0.15

sample: 10
Lbs-: 2317.5750000000003
[2204.9, 2343.5, 2363.7, 2232.3, 2451.0, 2282.4, 2194.5, 2359.6, 2456.5, 2464.2, 2474.5, 2358.6, 2142.1, 2176.9, 2262.3, 2184.3, 2394.3, 2432.3, 2408.9, 2164.7]
Acc+: 16.445
[16.2, 15.7, 16.3, 16.1, 16.4, 16.6, 16.1, 16.5, 17.3, 16.8, 17.4, 15.8, 16.6, 16.4, 16.3, 16.2, 17.7, 15.9, 16.3, 16.3]
Mpg+: 30.080000000000002
[33.1, 31.5, 30.4, 29.2, 28.5, 26.5, 34.6, 28.1, 33.3, 29.2, 33.6, 26.8, 31.6, 31.5, 30.8, 26.8, 31.2, 29.6, 28.8, 26.5]
execution time: 0.19053101539611816 seconds

sample: 25
Lbs-: 2327.88
[2473.1, 2520.8, 2541.0, 2211.8, 2449.7, 2471.8, 2510.1, 2281.3, 2302.6, 2152.8, 2317.0, 2151.5, 2470.2, 2285.9, 2213.4, 2242.3, 2203.6, 2126.7, 2425.5, 2206.5]
Acc+: 16.590000000000003
[16.9, 16.2, 16.0, 16.3, 17.1, 17.7, 16.0, 17.2, 16.3, 16.7, 16.8, 16.4, 16.3, 16.9, 16.8, 16.2, 16.3, 16.5, 16.7, 16.5]
Mpg+: 30.07499999999999
[30.4, 30.4, 28.5, 26.0, 32.3, 33.8, 28.8, 33.5, 26.0, 35.4, 26.7, 31.2, 30.0, 26.0, 30.4, 31.9, 27.7, 34.8, 30.4, 27.3]
execution time: 0.19416284561157227 seconds

sample: 50
Lbs-: 2279.4549999999995
[2274.9, 2219.2, 2286.7, 2368.4, 2206.4, 2202.5, 2410.2, 2283.8, 2179.8, 2176.8, 2309.2, 2208.0, 2405.7, 2406.0, 2282.6, 2448.7, 2292.7, 2207.6, 2306.1, 2113.8]
Acc+: 16.6
[15.9, 16.2, 16.5, 16.6, 16.2, 16.0, 17.0, 17.7, 17.2, 16.4, 16.7, 16.4, 17.0, 17.7, 16.4, 15.5, 16.8, 16.5, 16.5, 16.8]
Mpg+: 29.974999999999994
[33.8, 34.4, 26.7, 27.6, 30.0, 27.1, 31.2, 35.0, 33.8, 33.8, 26.0, 34.2, 31.5, 33.3, 26.3, 28.7, 27.3, 26.3, 25.8, 26.7]
execution time: 0.2005910873413086 seconds

sample: 100
Lbs-: 2342.88
[2385.5, 2430.3, 2258.8, 2319.4, 2391.4, 2406.5, 2376.0, 2308.2, 2147.9, 2298.3, 2254.8, 2522.7, 2361.1, 2224.8, 2525.7, 2194.7, 2469.9, 2256.6, 2433.2, 2291.8]
Acc+: 16.745
[15.7, 17.7, 16.3, 17.1, 15.7, 15.9, 16.7, 17.6, 16.4, 17.7, 16.2, 17.8, 16.2, 15.9, 16.8, 16.2, 17.5, 16.3, 17.8, 17.4]
Mpg+: 30.064999999999998
[26.7, 34.6, 28.7, 34.2, 27.2, 27.9, 26.3, 33.8, 26.5, 34.4, 33.5, 32.4, 28.8, 32.0, 30.4, 26.0, 32.5, 26.3, 33.7, 25.4]
execution time: 0.2097911834716797 seconds

sample: 200
Lbs-: 2327.1300000000006
[2145.8, 2257.6, 2339.3, 2163.0, 2319.1, 2201.1, 2318.9, 2565.3, 2262.0, 2533.2, 2598.0, 2259.7, 2192.8, 2462.6, 2219.8, 2233.3, 2233.9, 2406.3, 2544.5, 2286.4]
Acc+: 16.574999999999996
[16.7, 16.5, 15.9, 16.9, 15.8, 16.3, 17.1, 16.1, 16.5, 17.5, 17.1, 16.2, 16.7, 16.9, 16.1, 16.5, 16.5, 16.7, 17.3, 16.2]
Mpg+: 30.195
[28.1, 30.0, 31.7, 27.8, 29.2, 34.0, 33.3, 30.0, 31.9, 30.0, 27.8, 32.4, 28.4, 29.6, 25.6, 34.6, 33.1, 28.5, 29.6, 28.3]
execution time: 0.2328319549560547 seconds

sample: 500
Lbs-: 2309.1899999999996
[2279.5, 2157.1, 2422.8, 2842.7, 2171.9, 2381.1, 2268.2, 2316.6, 2202.2, 2218.6, 2426.1, 2315.5, 2164.7, 2230.5, 2501.4, 2176.6, 2253.2, 2327.7, 2320.4, 2207.0]
Acc+: 16.435000000000002
[16.2, 16.3, 15.7, 16.2, 16.4, 15.9, 15.6, 16.6, 16.3, 17.0, 16.2, 16.5, 16.4, 16.2, 16.8, 16.6, 16.8, 16.4, 17.5, 17.1]
Mpg+: 28.624999999999993
[32.6, 27.0, 30.4, 23.1, 30.0, 26.0, 31.7, 30.0, 25.8, 32.7, 27.6, 31.7, 27.2, 30.4, 27.2, 28.5, 25.8, 29.2, 28.3, 27.3]
execution time: 0.295626163482666 seconds

sample: 1000
Lbs-: 2454.065
[2399.8, 2404.3, 2242.2, 2209.0, 2741.0, 2187.8, 2472.5, 2275.5, 2239.3, 2262.2, 2145.3, 2295.0, 2334.4, 3636.9, 2413.3, 2139.9, 2240.0, 2209.9, 2231.5, 4001.5]
Acc+: 16.39
[16.5, 16.5, 16.5, 16.4, 15.7, 16.8, 16.8, 16.0, 16.7, 17.0, 17.4, 16.9, 15.7, 15.6, 16.2, 16.9, 16.9, 16.6, 16.6, 14.1]
Mpg+: 28.875
[28.8, 29.6, 30.4, 33.2, 26.4, 26.9, 26.9, 27.5, 32.8, 30.8, 32.9, 32.2, 27.9, 17.3, 31.2, 33.5, 33.8, 26.9, 32.0, 16.5]
execution time: 0.4041450023651123 seconds

