/home/etlin/Documents/ncsu/spring2023_csc791_ase/ASE_spring23_proj/src/sway2/../../data/auto2.csv

min: 0.5
far: 0.95
randomness: 0.15

sample: 10
 CityMPG+: 29.459999999999997
[31.4, 28.6, 31.6, 31.2, 27.6, 28.6, 31.2, 29.9, 31.9, 30.9, 26.2, 28.2, 31.5, 30.0, 30.3, 30.8, 24.2, 30.7, 30.5, 23.9]
 HighwayMPG+: 35.00000000000001
[36.8, 34.6, 37.1, 36.3, 33.2, 34.5, 36.5, 35.0, 36.5, 36.4, 31.6, 34.0, 36.8, 35.6, 35.6, 35.5, 31.2, 36.0, 35.6, 31.2]
 Weight-: 2332.52
[2278.8, 2433.6, 2273.3, 2202.7, 2336.5, 2385.9, 2312.7, 2231.7, 2235.4, 2236.4, 2424.5, 2431.9, 2268.2, 2326.5, 2263.2, 2210.8, 2588.2, 2204.2, 2245.5, 2760.4]
 Class-: 10.985000000000003
[10.2, 12.9, 10.4, 9.4, 10.6, 12.8, 10.4, 9.3, 10.4, 9.9, 11.5, 12.6, 10.3, 10.3, 10.1, 9.9, 12.4, 9.3, 9.9, 17.1]
execution time: 0.13532447814941406 seconds

sample: 25
 CityMPG+: 28.929999999999996
[30.3, 32.5, 30.3, 25.5, 28.4, 26.3, 30.1, 30.9, 30.4, 30.4, 21.6, 30.6, 25.3, 29.7, 26.2, 29.1, 30.9, 28.8, 31.4, 29.9]
 HighwayMPG+: 34.614999999999995
[35.8, 37.5, 35.3, 31.6, 34.8, 32.5, 35.9, 35.4, 35.8, 35.8, 28.8, 36.1, 31.5, 35.6, 32.3, 34.9, 35.8, 35.0, 36.5, 35.4]
 Weight-: 2355.185
[2240.8, 2213.6, 2209.6, 2485.8, 2388.2, 2553.5, 2272.3, 2161.8, 2273.2, 2273.2, 2965.5, 2230.0, 2471.2, 2276.5, 2606.3, 2331.9, 2216.4, 2358.1, 2298.1, 2277.7]
 Class-: 10.934999999999999
[9.7, 9.6, 9.3, 11.9, 11.8, 13.1, 9.6, 9.5, 9.6, 9.6, 15.4, 9.4, 11.6, 10.6, 15.2, 11.1, 9.5, 11.9, 10.3, 10.0]
execution time: 0.14492464065551758 seconds

sample: 50
 CityMPG+: 27.794999999999998
[24.2, 31.3, 29.1, 31.2, 27.6, 21.9, 28.5, 30.6, 27.7, 28.9, 29.3, 20.4, 31.9, 29.6, 27.5, 21.6, 31.5, 27.3, 29.3, 26.5]
 HighwayMPG+: 33.76
[30.5, 36.4, 34.3, 36.7, 35.1, 28.6, 35.0, 35.9, 33.7, 34.7, 34.8, 27.3, 36.9, 34.9, 33.5, 28.9, 36.2, 34.4, 34.8, 32.6]
 Weight-: 2496.415
[2911.5, 2239.1, 2297.0, 2249.1, 2445.5, 2992.5, 2399.2, 2200.0, 2674.1, 2314.5, 2292.3, 3363.0, 2262.7, 2332.1, 2466.2, 3045.4, 2263.5, 2442.5, 2335.4, 2402.7]
 Class-: 12.765
[18.6, 9.9, 9.9, 10.0, 10.7, 17.5, 11.0, 9.1, 17.5, 10.0, 10.0, 27.5, 10.1, 10.9, 11.9, 17.3, 10.4, 11.1, 11.1, 10.8]
execution time: 0.15634417533874512 seconds

sample: 100
 CityMPG+: 27.704999999999995
[31.5, 23.6, 30.8, 30.6, 27.4, 31.3, 30.8, 24.9, 25.0, 26.0, 29.0, 27.2, 26.8, 28.5, 31.5, 24.7, 30.7, 24.7, 24.3, 24.8]
 HighwayMPG+: 33.59499999999999
[36.3, 30.8, 36.1, 36.2, 33.2, 36.8, 36.2, 31.8, 31.2, 32.2, 35.0, 33.0, 32.9, 33.9, 36.2, 31.2, 36.2, 31.8, 30.0, 30.9]
 Weight-: 2479.8400000000006
[2142.7, 2830.9, 2292.5, 2228.6, 2327.7, 2179.0, 2243.3, 2629.2, 2743.2, 2657.7, 2357.3, 2550.4, 2606.4, 2322.0, 2146.5, 2738.3, 2362.1, 2639.6, 2728.0, 2871.4]
 Class-: 12.91
[9.1, 15.7, 10.2, 9.4, 12.1, 9.5, 10.1, 12.4, 14.5, 12.6, 11.1, 16.8, 14.4, 10.3, 9.3, 16.7, 12.1, 12.2, 17.8, 21.9]
execution time: 0.18305349349975586 seconds

sample: 200
 CityMPG+: 26.955000000000002
[22.9, 24.4, 28.5, 26.8, 27.5, 30.3, 22.1, 21.5, 28.9, 28.1, 31.3, 29.1, 23.9, 26.7, 25.8, 23.5, 28.7, 28.5, 27.6, 33.0]
 HighwayMPG+: 32.95
[29.7, 31.4, 34.2, 33.0, 33.0, 35.8, 29.3, 28.8, 34.2, 33.6, 36.8, 34.4, 30.4, 32.5, 31.7, 29.8, 34.6, 34.7, 32.9, 38.2]
 Weight-: 2601.8100000000004
[2953.6, 2725.9, 2369.0, 2452.9, 2508.5, 2195.0, 3092.5, 3159.5, 2436.4, 2362.1, 2272.9, 2405.0, 2739.6, 2671.8, 2831.8, 3070.5, 2424.5, 2576.7, 2607.1, 2180.9]
 Class-: 14.024999999999997
[23.2, 12.7, 12.2, 10.9, 13.6, 9.6, 26.8, 17.9, 11.8, 10.4, 10.1, 10.9, 15.7, 13.5, 15.2, 15.5, 10.9, 12.9, 16.8, 9.9]
execution time: 0.2341756820678711 seconds

sample: 500
 CityMPG+: 25.175000000000004
[29.3, 29.9, 28.3, 23.8, 21.6, 30.8, 22.0, 28.3, 24.2, 23.2, 26.7, 18.7, 22.6, 20.9, 24.7, 28.7, 25.3, 25.8, 25.6, 23.1]
 HighwayMPG+: 31.740000000000002
[35.0, 35.4, 34.0, 30.7, 28.8, 36.3, 28.7, 34.2, 30.5, 29.8, 33.6, 27.1, 30.7, 28.1, 30.8, 34.5, 32.1, 32.3, 32.7, 29.5]
 Weight-: 2741.7200000000007
[2330.0, 2350.8, 2512.7, 2665.8, 3144.1, 2316.5, 3093.1, 2444.6, 2764.2, 2840.0, 2672.3, 3544.2, 3010.0, 3111.7, 2648.3, 2533.3, 2483.8, 2655.4, 2697.3, 3016.3]
 Class-: 15.735000000000003
[10.3, 11.0, 14.7, 14.0, 21.2, 10.4, 21.4, 13.6, 15.6, 16.2, 15.4, 25.0, 15.3, 20.1, 14.3, 15.6, 11.9, 15.6, 14.8, 18.3]
execution time: 0.3914523124694824 seconds

sample: 1000
 CityMPG+: 24.575
[19.4, 21.2, 23.5, 26.6, 29.2, 24.7, 22.8, 26.5, 22.4, 20.6, 26.3, 20.5, 29.1, 30.1, 24.6, 23.0, 28.4, 29.4, 23.2, 20.0]
 HighwayMPG+: 31.175
[26.7, 27.8, 29.0, 32.7, 35.6, 31.6, 29.8, 33.3, 28.8, 27.8, 32.8, 27.9, 35.0, 35.4, 31.3, 31.4, 34.7, 35.4, 29.6, 26.9]
 Weight-: 2828.83
[3455.4, 3103.5, 3039.2, 2665.4, 2404.2, 2726.3, 2986.3, 2600.0, 2958.8, 3281.9, 2601.7, 3269.2, 2523.3, 2307.5, 2720.8, 2964.6, 2430.4, 2296.7, 2926.4, 3315.0]
 Class-: 16.13
[21.6, 15.7, 19.3, 15.9, 11.0, 16.8, 16.7, 13.7, 19.9, 18.4, 14.6, 24.3, 13.2, 9.6, 13.8, 18.9, 13.1, 9.9, 15.0, 21.2]
execution time: 0.6623382568359375 seconds

