/home/etlin/Documents/ncsu/spring2023_csc791_ase/ASE_spring23_proj/src/sway2/../../data/china.csv

min: 0.5
far: 0.95
randomness: 0.15

sample: 10
N_effort-: 1383.8749999999998
[4015.1, 2001.0, 375.5, 496.8, 428.3, 386.9, 542.5, 465.2, 8820.3, 536.8, 1027.8, 457.4, 444.6, 867.7, 1285.1, 396.8, 760.7, 3242.0, 573.7, 553.3]
execution time: 0.5935642719268799 seconds

sample: 25
N_effort-: 894.5550000000001
[409.6, 623.1, 583.2, 1206.4, 531.7, 513.2, 2293.4, 369.9, 508.8, 1108.6, 764.9, 586.6, 2590.5, 796.5, 2075.9, 412.2, 435.7, 757.7, 523.5, 799.7]
execution time: 0.6065504550933838 seconds

sample: 50
N_effort-: 1364.6650000000002
[1419.7, 7879.0, 1855.6, 373.9, 516.5, 726.4, 660.0, 548.5, 408.7, 562.2, 4130.7, 637.4, 1472.0, 474.2, 1438.4, 1123.1, 497.8, 1456.2, 413.4, 699.6]
execution time: 0.6240720748901367 seconds

sample: 100
N_effort-: 1008.7149999999999
[1771.9, 1177.2, 767.1, 1053.7, 923.3, 748.3, 779.9, 482.4, 1862.7, 1579.3, 1117.9, 676.9, 373.9, 448.9, 840.2, 672.6, 1313.9, 746.9, 1900.5, 936.8]
execution time: 0.659975528717041 seconds

sample: 200
N_effort-: 1445.9350000000002
[667.5, 964.2, 5669.4, 4044.2, 2966.7, 710.9, 470.6, 473.1, 2394.9, 1192.4, 535.3, 1253.2, 1453.7, 1085.6, 779.2, 668.7, 886.7, 391.4, 339.9, 1971.1]
execution time: 0.7195918560028076 seconds

sample: 500
N_effort-: 1187.1649999999995
[2548.1, 1253.3, 961.4, 1760.0, 530.4, 407.3, 572.4, 959.4, 412.3, 1054.8, 793.9, 1182.0, 721.8, 1062.4, 2175.1, 1256.5, 1465.6, 686.2, 2024.8, 1915.6]
execution time: 0.908034086227417 seconds

sample: 1000
N_effort-: 2115.055
[987.3, 1270.5, 3350.2, 1009.4, 412.2, 2426.5, 1942.3, 1347.5, 682.7, 1590.7, 785.2, 1755.2, 1194.0, 1996.8, 5158.4, 417.6, 787.9, 3952.9, 8086.7, 3147.1]
execution time: 1.2204194068908691 seconds

