/home/etlin/Documents/ncsu/spring2023_csc791_ase/ASE_spring23_proj/src/sway2/../../data/coc1000.csv

min: 0.5
far: 0.95
randomness: 0.15

sample: 10
LOC+: 1054.075
[1119.4, 977.6, 1111.1, 1060.7, 937.1, 1088.8, 1059.4, 1089.6, 992.4, 1231.4, 1066.5, 1024.8, 1039.8, 1091.2, 1088.4, 1007.5, 1021.9, 1066.5, 1081.7, 925.7]
 AEXP-: 2.9850000000000003
[3.1, 2.9, 3.0, 2.8, 2.8, 2.9, 3.1, 3.0, 3.0, 3.0, 3.0, 2.8, 2.8, 2.8, 3.2, 3.0, 3.1, 3.0, 3.2, 3.2]
 PLEX-: 3.0249999999999995
[3.1, 3.5, 3.1, 2.8, 3.0, 2.9, 3.0, 2.9, 2.9, 3.3, 3.2, 3.0, 3.0, 3.0, 2.9, 3.1, 3.0, 3.0, 2.9, 2.9]
 RISK-: 5.635
[6.8, 6.3, 6.8, 7.1, 4.5, 5.5, 4.9, 2.7, 6.6, 3.1, 9.2, 5.5, 4.6, 4.0, 5.6, 5.9, 7.4, 5.6, 3.8, 6.8]
 EFFORT-: 31124.120000000006
[28652.8, 26187.4, 38027.8, 36059.1, 23584.3, 26625.7, 24510.9, 26807.7, 31883.3, 35365.0, 41587.5, 31456.6, 34814.7, 32580.4, 38969.9, 31258.0, 33313.1, 30267.3, 27731.8, 22799.1]
execution time: 1.9230642318725586 seconds

sample: 25
LOC+: 1032.3300000000002
[1017.3, 1096.8, 955.0, 867.0, 1112.0, 1046.0, 1048.2, 1062.4, 1067.5, 1022.6, 934.7, 1100.3, 1037.4, 974.5, 1167.0, 1086.9, 914.5, 1000.3, 1042.7, 1093.5]
 AEXP-: 2.9449999999999994
[3.0, 2.8, 2.7, 2.9, 3.0, 2.9, 2.9, 3.2, 3.1, 3.2, 3.1, 2.9, 3.1, 2.9, 2.6, 2.8, 3.0, 3.0, 2.8, 3.0]
 PLEX-: 3.04
[3.2, 3.1, 2.8, 3.0, 3.0, 3.1, 3.1, 3.5, 3.0, 2.9, 3.0, 3.2, 2.9, 2.8, 2.7, 2.9, 3.2, 3.1, 3.0, 3.3]
 RISK-: 5.034999999999998
[8.6, 4.5, 5.2, 5.1, 2.7, 1.5, 4.5, 3.8, 4.3, 3.5, 4.2, 4.8, 8.5, 7.1, 4.1, 5.7, 4.3, 4.1, 11.5, 2.7]
 EFFORT-: 26946.184999999998
[42582.2, 23400.3, 30867.3, 15878.5, 27319.8, 19087.7, 30511.5, 15291.3, 21562.7, 23908.8, 15848.5, 41808.5, 30634.1, 29949.7, 24143.4, 28656.9, 25672.4, 20706.6, 46703.6, 24389.9]
execution time: 1.9194526672363281 seconds

sample: 50
LOC+: 1005.4199999999998
[970.4, 1189.0, 979.8, 1058.2, 1035.3, 962.3, 988.8, 1021.4, 982.8, 1072.5, 930.4, 988.8, 836.0, 976.9, 911.9, 938.8, 1030.3, 1158.1, 1065.3, 1011.4]
 AEXP-: 2.9199999999999995
[2.7, 2.5, 2.7, 2.9, 3.1, 3.0, 3.1, 3.4, 2.8, 2.9, 3.4, 2.6, 2.8, 3.1, 3.0, 2.9, 2.8, 2.9, 2.9, 2.9]
 PLEX-: 2.9900000000000007
[3.0, 2.8, 3.1, 3.1, 3.1, 3.3, 3.1, 3.1, 2.9, 2.9, 2.7, 2.7, 3.1, 3.2, 2.7, 3.1, 2.9, 3.1, 3.0, 2.9]
 RISK-: 5.86
[5.5, 7.5, 5.9, 8.4, 4.2, 9.1, 5.7, 2.7, 7.7, 6.8, 3.7, 7.5, 7.5, 6.0, 9.5, 4.5, 1.7, 1.9, 8.6, 2.8]
 EFFORT-: 28175.63499999999
[33876.8, 39268.6, 34532.7, 41839.1, 17691.0, 27812.9, 27504.4, 25979.9, 39224.7, 36034.6, 13435.5, 33610.3, 25277.3, 24292.1, 31542.1, 27678.3, 17617.6, 15891.8, 35067.1, 15335.9]
execution time: 1.9389424324035645 seconds

sample: 100
LOC+: 1035.0700000000002
[1020.9, 1123.0, 1034.2, 1089.9, 1096.5, 1128.2, 1149.2, 1078.7, 848.0, 1033.6, 1083.3, 1081.3, 960.1, 928.7, 1130.3, 983.0, 946.8, 1041.5, 979.9, 964.3]
 AEXP-: 2.965
[3.3, 3.0, 3.0, 2.9, 3.0, 3.3, 3.0, 3.0, 2.9, 2.7, 2.9, 3.0, 2.8, 3.1, 3.0, 2.9, 3.2, 2.8, 2.6, 2.9]
 PLEX-: 3.005
[3.0, 3.1, 3.3, 3.1, 2.8, 2.6, 3.0, 3.0, 2.9, 2.9, 3.2, 3.0, 3.0, 2.8, 3.0, 3.2, 3.0, 3.1, 2.8, 3.3]
 RISK-: 5.63
[4.4, 5.5, 3.2, 6.9, 3.5, 5.0, 6.0, 8.2, 8.5, 4.8, 4.2, 5.0, 5.5, 9.5, 2.7, 7.0, 5.3, 7.1, 5.2, 5.1]
 EFFORT-: 26660.05
[22155.9, 31224.7, 22982.5, 24855.2, 21631.4, 16489.2, 30378.4, 29064.2, 26201.8, 31915.3, 25837.2, 27554.1, 28267.4, 37043.8, 22864.4, 34097.5, 20622.1, 30766.1, 26045.5, 23204.3]
execution time: 1.998776912689209 seconds

sample: 200
LOC+: 1023.1500000000002
[880.6, 1023.4, 1057.3, 985.4, 1118.1, 985.8, 965.7, 1009.2, 1050.5, 1041.5, 969.6, 1176.9, 1077.8, 1008.2, 1007.4, 923.1, 1073.0, 1087.2, 876.4, 1145.9]
 AEXP-: 2.9299999999999997
[2.6, 3.0, 3.0, 3.0, 3.0, 2.8, 3.1, 2.7, 3.2, 3.3, 2.9, 2.8, 2.9, 3.1, 3.0, 2.9, 2.7, 3.0, 2.8, 2.8]
 PLEX-: 3.01
[3.1, 3.0, 3.0, 3.1, 3.0, 3.2, 3.0, 2.9, 3.0, 2.8, 2.9, 2.9, 2.9, 3.0, 3.0, 2.8, 3.1, 3.1, 2.9, 3.5]
 RISK-: 5.375000000000001
[9.6, 5.1, 3.3, 3.7, 5.2, 6.0, 2.4, 10.5, 4.2, 4.7, 5.7, 2.3, 2.9, 4.2, 7.2, 3.3, 12.4, 4.7, 7.0, 3.1]
 EFFORT-: 26036.18
[33129.7, 24649.6, 34722.0, 15296.4, 23253.2, 24161.7, 18826.4, 41229.1, 22173.7, 23802.2, 22156.9, 26415.0, 16861.7, 24474.6, 27583.1, 19121.4, 34754.4, 30275.0, 39251.0, 18586.5]
execution time: 2.0929677486419678 seconds

sample: 500
LOC+: 1026.16
[1075.7, 986.4, 987.0, 978.5, 1086.2, 1012.4, 1054.0, 1064.5, 981.0, 1051.5, 997.2, 1082.4, 1069.9, 1053.1, 1003.1, 863.8, 1127.3, 935.6, 981.4, 1132.2]
 AEXP-: 2.98
[2.9, 2.9, 3.2, 3.0, 3.0, 2.9, 2.8, 2.8, 3.0, 3.1, 3.3, 2.9, 3.1, 3.2, 2.9, 2.9, 3.0, 2.7, 3.0, 3.0]
 PLEX-: 2.9849999999999994
[2.8, 3.0, 3.2, 3.0, 3.0, 3.2, 2.9, 3.4, 2.9, 2.9, 2.9, 3.2, 2.8, 2.8, 2.9, 3.1, 3.0, 3.0, 2.8, 2.9]
 RISK-: 5.75
[4.0, 4.8, 6.4, 2.4, 5.4, 8.1, 8.8, 4.3, 4.8, 5.5, 3.7, 8.0, 3.0, 3.2, 7.5, 6.5, 5.6, 9.0, 4.8, 9.2]
 EFFORT-: 27833.885
[25091.6, 25572.5, 28362.3, 20005.7, 26516.8, 27297.0, 45552.3, 28327.4, 17968.5, 32115.5, 15597.8, 31886.4, 19284.3, 18566.3, 34467.8, 24575.4, 30674.9, 24112.1, 24013.2, 56689.9]
execution time: 2.3819973468780518 seconds

sample: 1000
LOC+: 1031.33
[1046.4, 1049.6, 890.9, 929.4, 995.0, 1091.6, 1028.1, 1119.0, 1003.0, 1051.0, 1103.3, 975.6, 1112.0, 1046.5, 950.8, 1042.0, 1067.5, 968.9, 1156.6, 999.4]
 AEXP-: 2.995
[3.1, 3.1, 3.1, 2.9, 3.2, 2.6, 3.2, 3.3, 3.2, 3.3, 2.9, 2.6, 2.9, 3.0, 3.0, 2.8, 3.1, 2.7, 2.8, 3.1]
 PLEX-: 3.0850000000000004
[3.0, 3.1, 3.2, 3.3, 3.0, 2.8, 3.2, 2.8, 3.1, 3.3, 3.2, 3.1, 3.1, 3.0, 2.5, 3.2, 2.9, 2.9, 3.4, 3.6]
 RISK-: 6.375
[7.8, 3.9, 8.8, 5.2, 7.5, 9.6, 6.3, 7.6, 7.6, 7.2, 4.7, 6.1, 2.9, 5.5, 6.5, 7.6, 6.7, 6.7, 4.7, 4.6]
 EFFORT-: 29372.065000000002
[30667.2, 19381.3, 30842.0, 19678.4, 26360.2, 37330.1, 14148.8, 31989.7, 36032.8, 36114.7, 33095.5, 36708.9, 21783.7, 25721.9, 31002.0, 24537.1, 36643.8, 39338.3, 36119.4, 19945.5]
execution time: 2.8292388916015625 seconds

