/home/etlin/Documents/ncsu/spring2023_csc791_ase/ASE_spring23_proj/src/sway2/../../data/coc10000.csv

min: 0.5
far: 0.95
randomness: 0.15

sample: 10
Loc+: 1027.2149999999997
[996.1, 978.3, 1015.3, 1021.7, 1011.3, 1085.2, 995.7, 1016.8, 944.6, 1137.5, 1059.3, 1080.3, 1038.2, 1001.5, 1158.4, 1079.3, 1015.6, 1015.8, 924.8, 968.6]
 Risk-: 5.17
[4.7, 6.7, 2.8, 6.2, 6.3, 6.6, 5.7, 7.1, 5.0, 7.3, 2.9, 5.1, 4.2, 3.6, 8.3, 7.7, 4.4, 3.4, 1.9, 3.5]
 Effort-: 24670.845000000005
[14469.8, 25700.5, 16683.3, 27973.4, 41309.4, 30061.3, 27117.9, 23290.0, 24257.8, 27936.6, 19587.8, 28075.4, 18973.7, 22331.9, 36625.2, 26825.9, 18193.2, 24621.7, 12447.1, 26935.0]
execution time: 24.71902108192444 seconds

sample: 25
Loc+: 1024.6299999999997
[1007.6, 1050.1, 1016.9, 1100.8, 1069.1, 1036.5, 988.5, 1074.8, 993.8, 1005.1, 998.6, 991.8, 1000.5, 1001.5, 1033.7, 1022.6, 924.3, 1039.3, 1088.8, 1048.3]
 Risk-: 5.124999999999999
[5.1, 3.4, 3.4, 6.6, 3.9, 4.3, 6.1, 5.2, 4.6, 5.3, 3.7, 4.9, 8.1, 4.4, 3.6, 7.7, 6.7, 6.8, 4.1, 4.6]
 Effort-: 25462.32
[28491.6, 17880.8, 21766.3, 39624.2, 19181.6, 24524.4, 19815.0, 34209.4, 22809.5, 23441.1, 24118.3, 22904.9, 22613.8, 20413.7, 22009.1, 33654.6, 29345.6, 32247.9, 19210.5, 30984.1]
execution time: 24.071248769760132 seconds

sample: 50
Loc+: 1013.485
[999.9, 998.3, 1059.4, 1046.1, 1099.9, 1026.1, 960.9, 965.8, 990.2, 1028.0, 1053.4, 969.8, 998.8, 1023.6, 1006.9, 980.6, 1066.1, 1003.9, 1011.6, 980.4]
 Risk-: 5.26
[5.8, 5.3, 4.1, 3.1, 6.1, 7.8, 4.1, 2.7, 5.3, 5.5, 6.1, 3.1, 8.9, 6.8, 5.0, 6.6, 4.8, 6.2, 4.9, 3.0]
 Effort-: 26371.594999999994
[33780.0, 24820.6, 19836.9, 27095.5, 32864.8, 24022.0, 22925.9, 21499.5, 19449.8, 19705.8, 44969.7, 20305.4, 29595.6, 34019.4, 26975.3, 30390.8, 25993.7, 25993.7, 27410.5, 15777.0]
execution time: 23.078466176986694 seconds

sample: 100
Loc+: 991.9
[1089.5, 1046.6, 1032.9, 967.7, 968.4, 955.1, 1033.7, 1048.9, 919.2, 1068.9, 1014.4, 986.0, 1034.6, 964.3, 942.4, 959.6, 999.1, 953.4, 918.3, 935.0]
 Risk-: 5.215
[6.4, 3.5, 5.8, 6.7, 5.4, 6.3, 2.7, 9.1, 2.2, 6.1, 6.7, 3.8, 5.8, 4.0, 9.8, 4.3, 4.1, 4.7, 3.5, 3.4]
 Effort-: 23576.295
[31957.3, 16041.2, 36157.3, 27840.8, 29613.8, 22089.7, 21560.8, 20753.0, 11162.7, 20797.4, 35098.8, 22187.7, 22482.5, 23746.4, 39884.1, 12587.6, 23745.1, 21972.0, 17147.8, 14699.9]
execution time: 23.23627781867981 seconds

sample: 200
Loc+: 1029.4499999999998
[960.8, 1062.3, 1057.1, 988.3, 980.9, 1002.0, 1214.5, 1078.4, 1000.9, 1002.8, 998.2, 998.3, 980.5, 1034.7, 1042.3, 1037.9, 1050.3, 966.3, 1022.2, 1110.3]
 Risk-: 4.820000000000001
[6.2, 3.3, 6.5, 5.2, 2.9, 5.6, 5.2, 3.1, 4.1, 1.8, 3.9, 5.7, 5.7, 5.8, 2.8, 4.4, 5.4, 7.2, 4.9, 6.7]
 Effort-: 23951.835
[22494.0, 17724.6, 32754.4, 22432.5, 19288.4, 21334.0, 24347.3, 13889.2, 18605.3, 16286.5, 30757.4, 32560.6, 20394.8, 20560.5, 18340.7, 25199.6, 21251.5, 34849.0, 26010.4, 39956.0]
execution time: 23.428573608398438 seconds

sample: 500
Loc+: 1025.15
[944.4, 1055.6, 1047.0, 1026.6, 996.1, 976.8, 1010.7, 1018.0, 1004.2, 1060.6, 973.7, 998.3, 1063.9, 1034.6, 1056.9, 1106.8, 1007.6, 1074.7, 1049.9, 996.6]
 Risk-: 4.810000000000002
[4.5, 5.1, 3.7, 5.0, 5.9, 3.5, 3.2, 5.7, 3.2, 6.7, 4.0, 5.0, 5.2, 4.5, 4.7, 4.4, 4.9, 7.4, 4.2, 5.4]
 Effort-: 22953.845
[27583.2, 33778.8, 18875.7, 26043.0, 24162.9, 17627.9, 18427.0, 25700.6, 20147.6, 22572.2, 12170.0, 16005.4, 24198.8, 25224.3, 26988.2, 22353.9, 19663.6, 25672.3, 15038.8, 36842.7]
execution time: 24.013172388076782 seconds

sample: 1000
Loc+: 1004.82
[960.7, 1051.8, 1041.3, 994.3, 963.9, 1003.9, 1004.0, 927.6, 1009.0, 940.0, 1058.8, 993.2, 1033.9, 1077.7, 976.0, 1042.9, 981.4, 1016.1, 1038.5, 981.4]
 Risk-: 4.68
[4.4, 4.7, 5.5, 3.1, 4.1, 4.4, 8.3, 5.0, 3.5, 2.4, 4.6, 4.3, 6.2, 5.1, 8.3, 3.7, 2.3, 4.9, 4.8, 4.0]
 Effort-: 23824.57
[12530.4, 34519.1, 25434.5, 15995.4, 23962.8, 23395.3, 27215.0, 28395.1, 18194.3, 18629.9, 22962.9, 24640.3, 49748.6, 27666.5, 27093.8, 21752.9, 11251.3, 25826.2, 18589.7, 18687.4]
execution time: 24.88104009628296 seconds

