/home/etlin/Documents/ncsu/spring2023_csc791_ase/ASE_spring23_proj/src/sway2/../../data/healthCloseIsses12mths0011-easy.csv

min: 0.5
far: 0.95
randomness: 0.15

sample: 10
MRE-: 35.005
[27.8, 45.0, 10.7, 47.4, 38.2, 32.0, 37.8, 53.3, 54.4, 36.3, 60.7, 15.6, 25.4, 26.0, 49.8, 18.6, 9.9, 49.4, 43.7, 18.1]
ACC+: -0.5800000000000001
[-0.3, -0.4, -0.4, -0.9, -0.4, -0.6, -0.4, -0.6, -0.5, -0.5, -0.7, -0.7, -1.2, -1.4, -0.4, -0.6, -0.3, -0.6, -0.4, -0.3]
PRED40+: 54.78000000000001
[60.5, 46.2, 74.9, 44.9, 51.8, 57.3, 52.2, 39.5, 38.5, 53.6, 33.4, 71.2, 63.6, 63.4, 42.2, 68.6, 75.4, 42.7, 47.2, 68.5]
execution time: 7.785123348236084 seconds

sample: 25
MRE-: 27.875000000000007
[31.6, 44.7, 48.4, 18.4, 15.7, 12.4, 33.8, 24.9, 18.0, 27.8, 38.6, 28.6, 16.8, 30.7, 33.1, 23.1, 37.3, 31.0, 24.6, 18.0]
ACC+: -0.605
[-0.4, -0.4, -1.7, -0.5, -0.4, -0.3, -1.3, -0.5, -0.6, -0.4, -0.6, -0.4, -0.3, -0.7, -0.4, -0.6, -0.3, -1.2, -0.4, -0.7]
PRED40+: 60.735
[57.3, 46.5, 45.1, 68.6, 70.8, 73.2, 56.6, 63.0, 69.0, 60.5, 51.7, 59.8, 69.6, 58.6, 56.1, 64.6, 52.5, 58.9, 63.2, 69.1]
execution time: 7.821251392364502 seconds

sample: 50
MRE-: 36.40499999999999
[28.8, 14.0, 27.3, 13.1, 45.9, 49.6, 26.2, 29.0, 45.7, 56.2, 51.4, 11.9, 28.6, 117.8, 29.0, 24.7, 44.9, 25.3, 16.4, 42.3]
ACC+: -1.065
[-0.6, -0.4, -0.5, -0.3, -1.0, -0.7, -0.5, -0.3, -0.4, -0.4, -0.4, -0.4, -0.4, -12.0, -0.7, -0.4, -0.6, -0.4, -0.4, -0.5]
PRED40+: 54.269999999999996
[60.0, 72.2, 61.0, 72.7, 46.6, 42.7, 62.0, 59.4, 45.6, 36.9, 40.9, 73.8, 59.8, 1.1, 59.8, 63.2, 46.5, 62.6, 70.1, 48.5]
execution time: 7.8562939167022705 seconds

sample: 100
MRE-: 33.275000000000006
[24.6, 20.4, 28.3, 56.1, 50.4, 29.5, 46.1, 22.1, 48.9, 12.2, 45.3, 40.3, 19.0, 25.9, 44.7, 45.4, 22.7, 31.7, 22.2, 29.7]
ACC+: -0.5650000000000001
[-0.4, -0.4, -0.4, -0.4, -0.4, -0.4, -0.5, -0.4, -0.4, -0.6, -1.0, -0.4, -0.3, -0.4, -0.5, -0.5, -0.4, -0.5, -0.9, -2.1]
PRED40+: 56.185
[63.2, 66.8, 60.1, 36.9, 41.7, 59.1, 45.4, 65.3, 43.0, 73.8, 46.7, 50.1, 67.8, 62.1, 46.5, 45.9, 64.8, 57.3, 66.0, 61.2]
execution time: 7.85287880897522 seconds

sample: 200
MRE-: 34.94
[31.8, 26.8, 21.8, 52.8, 26.6, 39.9, 28.4, 36.7, 52.5, 50.9, 25.3, 28.1, 47.2, 54.0, 9.3, 24.6, 42.0, 48.1, 19.0, 33.0]
ACC+: -0.445
[-0.4, -0.3, -0.2, -0.5, -0.3, -0.9, -0.3, -0.4, -0.5, -0.5, -0.4, -0.5, -0.6, -0.5, -0.3, -0.4, -0.6, -0.4, -0.5, -0.4]
PRED40+: 54.68000000000002
[57.2, 61.3, 65.4, 39.8, 61.4, 51.4, 60.0, 53.1, 40.1, 41.4, 62.6, 60.4, 44.6, 38.7, 75.9, 63.2, 49.2, 43.5, 68.0, 56.4]
execution time: 7.924972295761108 seconds

sample: 500
MRE-: 32.13999999999999
[37.3, 11.9, 41.2, 46.9, 18.4, 22.3, 11.7, 27.5, 23.4, 32.7, 21.6, 43.0, 35.7, 29.4, 17.7, 40.8, 53.3, 34.3, 55.3, 38.4]
ACC+: -0.45499999999999996
[-0.4, -0.4, -0.4, -0.4, -0.4, -0.5, -0.2, -0.5, -0.3, -0.4, -0.4, -0.4, -0.5, -0.6, -0.4, -0.8, -0.4, -0.7, -0.5, -0.5]
PRED40+: 56.98999999999999
[52.5, 73.8, 49.4, 44.6, 68.4, 65.3, 73.8, 60.9, 64.1, 56.4, 65.9, 47.8, 54.2, 59.4, 69.0, 50.2, 39.3, 55.4, 37.6, 51.8]
execution time: 8.205098867416382 seconds

sample: 1000
MRE-: 40.075
[16.6, 46.3, 118.9, 17.5, 14.4, 108.7, 46.7, 54.0, 43.4, 23.6, 35.9, 17.6, 22.7, 34.8, 16.5, 33.1, 28.3, 38.4, 51.1, 33.0]
ACC+: -1.8349999999999997
[-0.5, -0.4, -12.3, -0.4, -0.8, -11.1, -0.5, -4.5, -0.4, -0.6, -0.7, -0.3, -0.4, -0.4, -0.5, -0.6, -0.5, -0.4, -0.8, -0.6]
PRED40+: 52.27500000000001
[70.1, 45.1, 0.5, 69.1, 72.3, 7.5, 44.9, 44.5, 47.5, 64.3, 54.5, 69.0, 64.8, 54.7, 70.1, 56.7, 60.1, 51.7, 41.7, 56.4]
execution time: 8.416489362716675 seconds

