/home/etlin/Documents/ncsu/spring2023_csc791_ase/ASE_spring23_proj/src/sway2/../../data/healthCloseIsses12mths0001-hard.csv

min: 0.5
far: 0.95
randomness: 0.15

sample: 10
MRE-: 74.76999999999998
[73.7, 73.7, 73.6, 73.7, 73.6, 73.8, 73.9, 73.9, 73.8, 93.9, 73.7, 73.5, 73.6, 73.7, 73.6, 74.5, 73.6, 73.8, 74.0, 73.8]
ACC+: 7.369999999999999
[7.5, 7.5, 7.6, 7.5, 7.6, 7.5, 7.5, 7.8, 7.5, 1.8, 7.6, 7.6, 7.6, 7.5, 7.6, 9.0, 7.6, 7.8, 7.5, 7.8]
PRED40+: 19.67
[20.0, 17.0, 21.0, 20.9, 21.8, 18.0, 18.1, 18.5, 18.0, 30.3, 22.0, 20.7, 17.6, 16.1, 20.1, 16.2, 20.5, 20.4, 16.8, 19.4]
execution time: 7.906218528747559 seconds

sample: 25
MRE-: 73.71
[73.8, 73.9, 73.9, 73.5, 73.1, 73.6, 73.6, 73.6, 73.8, 73.6, 73.9, 73.6, 73.9, 74.1, 73.7, 73.8, 73.6, 73.8, 73.6, 73.8]
ACC+: 7.659999999999999
[7.5, 7.5, 7.5, 7.6, 7.8, 7.6, 7.6, 9.0, 7.6, 7.6, 7.5, 8.3, 7.5, 7.4, 7.5, 7.5, 7.6, 7.5, 7.6, 7.5]
PRED40+: 18.574999999999996
[15.1, 15.9, 16.1, 18.1, 16.9, 20.7, 18.9, 18.2, 19.9, 20.5, 18.2, 18.3, 17.4, 20.7, 20.0, 18.7, 21.5, 16.9, 20.2, 19.3]
execution time: 7.89510703086853 seconds

sample: 50
MRE-: 73.74000000000001
[73.4, 73.7, 73.9, 73.6, 73.8, 73.6, 73.6, 73.8, 73.7, 73.8, 73.6, 73.5, 73.8, 73.4, 73.9, 73.8, 74.7, 73.7, 73.6, 73.9]
ACC+: 7.714999999999999
[7.6, 7.6, 7.5, 7.6, 8.0, 7.6, 7.5, 8.5, 7.5, 7.5, 7.6, 7.6, 7.5, 7.6, 7.8, 7.9, 8.8, 7.5, 7.6, 7.5]
PRED40+: 19.020000000000003
[18.2, 18.7, 20.4, 19.5, 17.0, 21.7, 20.4, 17.2, 20.1, 20.5, 19.9, 17.8, 18.4, 20.8, 18.5, 19.4, 14.6, 20.7, 18.8, 17.8]
execution time: 7.928157091140747 seconds

sample: 100
MRE-: 73.83499999999998
[73.6, 73.9, 73.7, 73.6, 75.6, 73.6, 73.8, 73.9, 74.0, 73.7, 73.8, 73.9, 73.8, 73.6, 73.8, 73.7, 73.6, 73.5, 74.0, 73.6]
ACC+: 7.664999999999999
[7.6, 8.0, 7.6, 7.6, 7.0, 7.7, 7.9, 7.5, 7.5, 7.6, 8.1, 7.7, 7.6, 7.6, 7.7, 7.6, 7.6, 7.6, 7.5, 8.3]
PRED40+: 18.86
[17.5, 19.2, 20.8, 21.0, 16.7, 20.6, 19.7, 19.5, 18.8, 18.8, 17.8, 17.2, 19.7, 20.1, 14.4, 18.4, 22.0, 20.3, 16.0, 18.7]
execution time: 7.943228483200073 seconds

sample: 200
MRE-: 75.07000000000002
[73.7, 73.9, 73.9, 73.9, 73.7, 73.8, 73.4, 99.6, 73.7, 73.8, 73.9, 73.6, 73.8, 73.5, 73.9, 73.7, 73.7, 74.2, 73.7, 74.0]
ACC+: 7.265000000000001
[7.5, 7.9, 7.4, 7.5, 7.5, 7.5, 8.0, 0.1, 7.6, 7.5, 8.4, 7.8, 7.5, 7.6, 7.5, 7.6, 7.6, 8.0, 7.4, 7.4]
PRED40+: 18.969999999999995
[20.7, 16.3, 19.2, 20.8, 21.5, 15.8, 18.7, 27.5, 19.3, 18.6, 18.9, 19.0, 20.7, 15.9, 17.9, 20.4, 18.9, 15.8, 18.0, 15.5]
execution time: 8.045032262802124 seconds

sample: 500
MRE-: 75.15
[73.7, 73.5, 73.8, 73.6, 73.7, 73.7, 99.9, 73.9, 73.5, 74.2, 73.6, 73.7, 73.8, 74.1, 74.2, 73.6, 73.8, 74.3, 74.7, 73.7]
ACC+: 7.2799999999999985
[7.5, 7.6, 7.5, 7.6, 8.1, 7.5, 0.0, 8.1, 7.6, 7.4, 7.6, 7.6, 7.6, 8.5, 7.4, 7.5, 7.6, 8.1, 7.2, 7.6]
PRED40+: 18.725
[19.7, 17.3, 18.4, 21.2, 17.9, 19.4, 28.7, 18.7, 20.1, 17.0, 20.7, 15.2, 19.5, 17.3, 17.5, 15.4, 16.1, 14.3, 18.5, 21.6]
execution time: 8.20803451538086 seconds

sample: 1000
MRE-: 77.1
[73.8, 78.9, 73.5, 74.1, 73.7, 74.5, 73.8, 74.0, 88.0, 73.7, 94.1, 73.9, 73.6, 73.7, 73.8, 73.9, 99.9, 73.7, 73.8, 73.6]
ACC+: 6.664999999999999
[7.7, 7.1, 7.7, 7.4, 7.5, 7.3, 7.9, 7.5, 3.4, 7.5, 1.7, 7.5, 7.6, 7.5, 7.7, 7.5, 0.0, 7.6, 7.5, 7.7]
PRED40+: 20.18
[20.1, 19.0, 18.4, 21.7, 17.3, 20.1, 18.3, 19.6, 24.0, 17.4, 27.6, 15.7, 20.8, 18.7, 19.0, 17.7, 31.8, 19.6, 18.7, 18.1]
execution time: 8.490410804748535 seconds

