/home/etlin/Documents/ncsu/spring2023_csc791_ase/ASE_spring23_proj/src/sway2/../../data/nasa93dem.csv

min: 0.5
far: 0.95
randomness: 0.15

sample: 10
Kloc+: 61.07499999999999
[83.1, 16.1, 40.4, 96.1, 41.9, 54.3, 21.5, 62.0, 51.7, 48.5, 98.4, 33.9, 95.8, 52.8, 89.3, 61.8, 74.0, 77.4, 73.4, 49.1]
Effort-: 336.44
[460.0, 67.9, 257.0, 319.6, 472.8, 373.6, 92.1, 163.3, 360.5, 318.4, 407.9, 217.8, 305.3, 315.8, 384.8, 308.2, 416.4, 446.0, 688.4, 353.0]
Defects-: 2283.48
[3737.5, 500.9, 1508.6, 2921.0, 2296.5, 1995.1, 671.5, 2469.4, 1817.5, 1562.5, 3181.2, 1594.0, 2989.2, 1545.6, 2892.2, 1908.8, 3369.1, 2692.5, 3438.8, 2577.7]
Months-: 19.889999999999997
[23.6, 11.4, 18.0, 22.3, 21.2, 18.7, 12.7, 20.4, 18.8, 17.1, 24.0, 18.5, 20.4, 16.4, 21.5, 19.9, 23.7, 20.8, 27.4, 21.0]
execution time: 0.1643688678741455 seconds

sample: 25
Kloc+: 63.875000000000014
[21.3, 32.8, 43.4, 51.1, 43.6, 26.9, 21.8, 66.9, 99.0, 42.6, 163.1, 79.7, 44.8, 23.2, 35.2, 78.3, 137.9, 83.1, 97.9, 84.9]
Effort-: 370.44
[265.8, 181.6, 321.7, 151.9, 105.2, 124.8, 99.0, 484.9, 404.8, 189.5, 1817.7, 513.1, 210.8, 103.9, 130.5, 337.8, 561.7, 361.0, 612.8, 430.3]
Defects-: 2287.26
[1172.2, 1274.2, 1342.7, 1504.3, 1163.4, 966.5, 679.8, 2686.6, 2967.6, 1436.0, 7211.3, 3536.7, 1524.8, 721.9, 1100.2, 2617.5, 5013.5, 2781.8, 3270.1, 2774.1]
Months-: 18.995
[17.0, 14.4, 15.5, 15.6, 14.0, 14.7, 12.6, 21.1, 22.1, 15.2, 35.2, 22.5, 16.3, 12.8, 13.5, 19.9, 29.1, 20.1, 24.8, 23.5]
execution time: 0.16673016548156738 seconds

sample: 50
Kloc+: 73.93499999999999
[47.8, 20.1, 93.6, 15.1, 140.7, 153.2, 27.1, 149.3, 93.7, 76.1, 44.1, 104.9, 79.3, 84.2, 18.8, 31.3, 71.8, 63.1, 94.3, 70.2]
Effort-: 448.88499999999993
[307.7, 89.8, 241.3, 97.6, 561.1, 1029.4, 158.4, 571.9, 366.6, 430.5, 391.9, 1615.1, 269.5, 319.8, 83.1, 176.1, 219.7, 1168.4, 700.3, 179.5]
Defects-: 2754.0599999999995
[1525.4, 627.1, 3325.2, 555.4, 4198.2, 7396.4, 1276.7, 6153.3, 2988.6, 2458.8, 1636.0, 3648.2, 3335.6, 3625.5, 586.5, 1226.0, 2511.2, 2515.3, 3371.2, 2120.6]
Months-: 20.985000000000003
[16.9, 12.3, 22.5, 13.1, 28.9, 32.8, 17.9, 25.6, 22.5, 19.5, 18.4, 30.1, 21.8, 22.2, 12.0, 13.6, 18.6, 26.3, 24.9, 19.8]
execution time: 0.1775052547454834 seconds

sample: 100
Kloc+: 60.33000000000002
[66.2, 17.6, 33.7, 53.2, 73.9, 120.9, 64.8, 86.4, 189.3, 53.1, 40.9, 131.1, 20.2, 59.6, 69.9, 20.2, 52.5, 19.7, 15.5, 17.9]
Effort-: 278.7200000000001
[247.5, 79.6, 145.8, 346.0, 492.3, 459.6, 309.6, 377.4, 767.6, 267.5, 339.1, 439.3, 91.6, 324.8, 321.8, 89.8, 242.5, 87.5, 68.1, 77.0]
Defects-: 2284.995
[2054.1, 549.8, 1229.9, 1580.3, 2498.3, 4538.9, 2936.5, 3056.3, 7937.6, 2431.3, 1667.8, 4698.3, 629.6, 2185.1, 3246.8, 630.2, 2172.7, 615.4, 482.5, 558.5]
Months-: 18.205
[17.7, 12.1, 17.7, 16.5, 22.4, 23.6, 20.4, 21.5, 30.4, 19.6, 18.9, 25.5, 12.2, 17.9, 20.7, 12.4, 19.3, 12.1, 11.3, 11.9]
execution time: 0.20454192161560059 seconds

sample: 200
Kloc+: 76.26499999999999
[19.7, 49.0, 19.7, 83.3, 87.8, 112.5, 66.3, 103.5, 90.3, 62.8, 49.3, 32.8, 95.9, 91.0, 63.9, 107.6, 82.3, 128.4, 83.5, 95.7]
Effort-: 511.5600000000001
[87.5, 299.0, 87.5, 420.5, 506.2, 972.6, 385.1, 641.5, 785.5, 315.1, 229.7, 165.3, 504.8, 621.5, 355.3, 497.6, 235.1, 1762.7, 1031.7, 327.0]
Defects-: 2820.0850000000005
[615.4, 2169.5, 615.4, 2489.4, 3222.9, 3945.6, 2013.6, 3856.6, 3705.7, 2000.3, 2022.2, 1417.9, 3536.9, 3619.1, 2043.5, 5279.3, 2564.8, 4723.6, 3126.8, 3433.2]
Months-: 21.974999999999998
[12.1, 18.2, 12.1, 20.9, 23.4, 28.4, 18.9, 24.8, 26.9, 18.2, 20.2, 17.9, 24.2, 25.5, 19.9, 21.3, 21.9, 33.7, 28.2, 22.8]
execution time: 0.2562861442565918 seconds

sample: 500
Kloc+: 73.545
[35.4, 76.1, 179.9, 16.0, 117.7, 17.5, 17.3, 95.6, 62.0, 63.0, 113.7, 80.2, 89.5, 52.6, 85.6, 60.0, 130.5, 105.1, 38.8, 34.4]
Effort-: 436.2000000000001
[277.9, 191.0, 1076.1, 179.2, 1329.7, 229.3, 78.1, 442.8, 161.8, 278.5, 413.9, 405.6, 981.8, 226.6, 348.7, 193.2, 740.3, 410.1, 369.8, 389.6]
Defects-: 2928.5950000000003
[1786.1, 2468.1, 8883.4, 799.5, 5099.2, 915.7, 562.4, 3587.4, 1756.3, 2693.5, 4376.7, 2540.1, 3125.6, 2399.5, 3856.4, 1875.9, 4669.9, 3515.6, 1713.3, 1947.3]
Months-: 20.889999999999997
[16.4, 20.5, 34.5, 14.8, 26.4, 14.9, 12.6, 23.7, 16.6, 17.3, 24.6, 19.0, 26.1, 18.7, 22.1, 19.4, 29.7, 22.2, 19.0, 19.3]
execution time: 0.4230947494506836 seconds

sample: 1000
Kloc+: 75.255
[88.1, 82.0, 113.8, 127.7, 94.6, 26.8, 148.5, 111.8, 39.7, 87.0, 38.7, 34.6, 130.8, 55.0, 68.4, 21.3, 78.0, 118.3, 19.6, 20.4]
Effort-: 372.90999999999997
[457.9, 589.9, 427.7, 346.4, 554.8, 120.7, 779.1, 408.5, 173.8, 432.4, 834.5, 127.6, 462.8, 429.8, 218.7, 103.3, 193.9, 580.6, 101.4, 114.4]
Defects-: 2960.25
[3666.9, 3369.2, 4244.0, 4495.4, 4121.6, 900.1, 7003.8, 3840.3, 1577.7, 3445.7, 1694.9, 1095.8, 5138.7, 2594.5, 3032.2, 944.3, 2549.3, 3981.5, 742.8, 766.3]
Months-: 20.984999999999996
[20.7, 24.2, 20.6, 28.5, 25.0, 13.5, 28.5, 24.9, 16.8, 22.8, 23.5, 15.0, 25.9, 22.4, 21.5, 14.4, 21.3, 23.4, 13.1, 13.7]
execution time: 0.7011799812316895 seconds

