/home/etlin/Documents/ncsu/spring2023_csc791_ase/ASE_spring23_proj/src/sway2/../../data/pom.csv

min: 0.5
far: 0.95
randomness: 0.15

sample: 10
Cost-: 262.2799999999999
[168.7, 348.8, 284.3, 145.4, 233.7, 246.3, 253.3, 271.6, 238.1, 369.6, 197.7, 188.1, 256.6, 392.9, 343.6, 212.0, 493.0, 238.8, 210.7, 152.4]
Completion+: 0.89
[0.9, 0.8, 0.9, 0.9, 0.9, 0.9, 0.9, 0.9, 0.9, 0.9, 0.9, 0.9, 0.9, 0.9, 0.9, 0.9, 0.9, 0.8, 0.9, 0.9]
Idle-: 0.24499999999999997
[0.2, 0.2, 0.2, 0.3, 0.2, 0.2, 0.3, 0.3, 0.2, 0.3, 0.2, 0.3, 0.3, 0.3, 0.2, 0.3, 0.2, 0.2, 0.2, 0.3]
execution time: 12.477704763412476 seconds

sample: 25
Cost-: 240.55000000000004
[272.5, 325.8, 170.6, 147.8, 167.2, 191.9, 277.4, 245.5, 241.8, 338.7, 180.3, 279.6, 147.6, 220.0, 163.4, 166.9, 171.8, 408.9, 248.1, 445.2]
Completion+: 0.8800000000000001
[0.8, 0.9, 0.9, 0.9, 0.8, 0.9, 0.9, 0.9, 0.9, 0.9, 0.9, 0.9, 0.9, 0.9, 0.8, 0.9, 0.9, 0.9, 0.8, 0.9]
Idle-: 0.24500000000000002
[0.2, 0.2, 0.3, 0.3, 0.2, 0.3, 0.3, 0.2, 0.3, 0.3, 0.2, 0.2, 0.2, 0.3, 0.2, 0.3, 0.2, 0.3, 0.2, 0.2]
execution time: 12.566256999969482 seconds

sample: 50
Cost-: 264.805
[251.8, 191.0, 400.3, 185.9, 384.9, 211.1, 199.3, 282.0, 164.8, 322.0, 197.3, 229.7, 183.9, 282.0, 236.0, 353.6, 265.8, 397.7, 305.7, 251.3]
Completion+: 0.8700000000000001
[0.9, 0.8, 0.9, 0.9, 0.9, 0.8, 0.9, 0.9, 0.8, 0.8, 0.9, 0.9, 0.9, 0.9, 0.9, 0.8, 0.9, 0.9, 0.8, 0.9]
Idle-: 0.23499999999999996
[0.3, 0.2, 0.2, 0.2, 0.3, 0.2, 0.2, 0.2, 0.2, 0.2, 0.3, 0.3, 0.3, 0.2, 0.2, 0.2, 0.3, 0.2, 0.2, 0.3]
execution time: 12.568960189819336 seconds

sample: 100
Cost-: 264.115
[396.5, 137.7, 167.4, 301.6, 304.9, 222.6, 227.0, 240.8, 358.0, 326.2, 388.8, 232.9, 272.3, 327.7, 207.7, 327.6, 255.0, 239.5, 185.7, 162.4]
Completion+: 0.8800000000000001
[0.9, 0.9, 0.9, 0.8, 0.9, 0.9, 0.8, 0.8, 0.9, 0.9, 0.9, 0.9, 0.9, 0.9, 0.9, 0.9, 0.9, 0.8, 0.9, 0.9]
Idle-: 0.24500000000000002
[0.3, 0.3, 0.3, 0.2, 0.2, 0.2, 0.3, 0.2, 0.2, 0.2, 0.3, 0.2, 0.2, 0.2, 0.3, 0.3, 0.3, 0.2, 0.2, 0.3]
execution time: 12.622339725494385 seconds

sample: 200
Cost-: 252.33499999999998
[269.8, 223.7, 237.5, 193.4, 167.4, 190.7, 227.1, 207.5, 204.9, 341.9, 178.3, 435.9, 184.1, 254.9, 356.0, 179.9, 229.7, 327.2, 241.9, 394.9]
Completion+: 0.8850000000000001
[0.9, 0.9, 0.9, 0.9, 0.8, 0.9, 0.9, 0.9, 0.9, 0.8, 0.9, 0.9, 0.9, 0.9, 0.9, 0.9, 0.8, 0.9, 0.9, 0.9]
Idle-: 0.265
[0.2, 0.3, 0.3, 0.3, 0.2, 0.3, 0.3, 0.3, 0.3, 0.2, 0.3, 0.3, 0.2, 0.3, 0.2, 0.3, 0.2, 0.3, 0.2, 0.3]
execution time: 12.765939474105835 seconds

sample: 500
Cost-: 245.90499999999997
[182.2, 222.5, 282.1, 310.1, 224.0, 309.1, 146.7, 244.6, 461.3, 209.8, 208.2, 180.0, 348.7, 190.2, 308.6, 169.0, 197.1, 191.0, 230.5, 302.4]
Completion+: 0.89
[0.8, 0.9, 0.9, 0.9, 0.9, 0.9, 0.9, 0.8, 0.9, 0.9, 0.9, 0.9, 0.9, 0.9, 0.9, 0.9, 0.9, 0.9, 0.9, 0.9]
Idle-: 0.24499999999999997
[0.3, 0.2, 0.2, 0.2, 0.2, 0.2, 0.3, 0.2, 0.2, 0.3, 0.3, 0.3, 0.2, 0.3, 0.3, 0.2, 0.3, 0.3, 0.2, 0.2]
execution time: 13.067302942276001 seconds

sample: 1000
Cost-: 244.18
[242.4, 183.5, 184.8, 163.2, 185.9, 159.5, 248.4, 193.9, 181.1, 278.2, 280.6, 158.8, 249.4, 445.0, 439.2, 348.1, 216.4, 231.2, 181.1, 312.9]
Completion+: 0.9
[0.9, 0.9, 0.9, 0.9, 0.9, 0.9, 0.9, 0.9, 0.9, 0.9, 0.9, 0.9, 0.9, 0.9, 0.9, 0.9, 0.9, 0.9, 0.9, 0.9]
Idle-: 0.24000000000000007
[0.3, 0.2, 0.3, 0.3, 0.3, 0.2, 0.3, 0.3, 0.3, 0.2, 0.2, 0.2, 0.2, 0.2, 0.2, 0.2, 0.2, 0.2, 0.3, 0.2]
execution time: 13.612826824188232 seconds

