/home/etlin/Documents/ncsu/spring2023_csc791_ase/ASE_spring23_proj/src/sway2/../../data/SSM.csv

min: 0.5
far: 0.95
randomness: 0.15

sample: 10
NUMBERITERATIONS-: 6.1450000000000005
[4.5, 5.0, 4.9, 6.3, 5.6, 5.6, 6.2, 6.7, 5.4, 6.6, 5.4, 6.2, 4.9, 4.3, 4.3, 5.5, 6.7, 4.5, 5.4, 18.9]
execution time: 389.688756942749 seconds

sample: 25
NUMBERITERATIONS-: 6.345000000000001
[14.1, 5.1, 6.4, 4.5, 7.3, 8.3, 5.7, 7.3, 5.5, 7.6, 6.8, 4.5, 4.9, 6.2, 5.7, 5.9, 6.1, 5.3, 5.3, 4.4]
execution time: 440.40121388435364 seconds

sample: 50
NUMBERITERATIONS-: 5.720000000000001
[7.4, 5.1, 5.4, 4.5, 4.8, 4.4, 6.7, 5.2, 4.6, 5.7, 7.2, 5.3, 5.7, 4.6, 4.9, 7.6, 8.1, 7.4, 4.3, 5.5]
execution time: 378.8358552455902 seconds

sample: 100
NUMBERITERATIONS-: 7.1949999999999985
[5.0, 7.2, 9.4, 12.1, 14.5, 5.9, 6.0, 7.6, 13.8, 5.3, 5.5, 7.9, 4.1, 5.5, 6.3, 6.0, 8.7, 4.2, 4.1, 4.8]
execution time: 359.41404128074646 seconds

sample: 200
NUMBERITERATIONS-: 6.27
[7.8, 4.5, 8.1, 5.2, 5.1, 5.9, 7.0, 9.8, 5.3, 5.0, 6.2, 4.1, 6.2, 5.0, 12.9, 5.8, 4.8, 4.3, 5.4, 7.0]
execution time: 361.2106194496155 seconds

sample: 500
NUMBERITERATIONS-: 6.424999999999999
[8.3, 8.8, 4.6, 5.1, 5.1, 4.9, 6.0, 11.8, 6.4, 9.2, 7.1, 4.2, 5.4, 7.1, 5.3, 4.6, 6.7, 9.6, 4.1, 4.2]
execution time: 378.7040343284607 seconds

sample: 1000
NUMBERITERATIONS-: 7.635000000000001
[6.4, 7.9, 6.0, 11.6, 6.2, 5.2, 5.4, 5.4, 4.6, 6.3, 6.8, 8.3, 6.8, 4.7, 4.4, 27.1, 6.3, 5.0, 10.3, 8.0]
execution time: 377.068067073822 seconds

