/home/etlin/Documents/ncsu/spring2023_csc791_ase/ASE_spring23_proj/src/sway2/../../data/SSN.csv

min: 0.5
far: 0.95
randomness: 0.15

sample: 10
PSNR-: 44.745000000000005
[45.5, 45.0, 44.4, 45.5, 44.6, 43.3, 46.3, 45.5, 44.8, 45.2, 44.5, 43.3, 44.6, 47.3, 44.2, 45.7, 43.0, 44.1, 42.9, 45.2]
 Energy-: 1073.1100000000001
[682.8, 549.2, 1786.1, 642.8, 884.5, 1255.4, 1097.0, 544.2, 1414.4, 618.8, 731.6, 3171.8, 787.5, 1331.0, 1072.0, 547.2, 1384.6, 925.7, 1244.4, 791.2]
execution time: 108.23496270179749 seconds

sample: 25
PSNR-: 44.39999999999999
[43.0, 44.2, 44.2, 43.5, 44.3, 44.7, 44.6, 45.9, 47.2, 42.1, 43.7, 44.3, 42.8, 47.4, 48.7, 43.8, 42.1, 43.5, 43.6, 44.4]
 Energy-: 1134.73
[1337.6, 856.2, 1275.9, 1287.0, 802.5, 760.8, 794.7, 985.3, 840.0, 1365.6, 961.9, 3010.4, 1197.8, 982.0, 628.7, 985.9, 1495.5, 943.5, 1429.3, 754.0]
execution time: 111.14696645736694 seconds

sample: 50
PSNR-: 44.58999999999999
[44.3, 45.6, 44.6, 45.1, 44.5, 42.6, 42.2, 45.2, 44.7, 43.4, 47.5, 46.0, 44.3, 43.9, 42.9, 42.7, 44.9, 46.4, 45.7, 45.3]
 Energy-: 980.39
[807.9, 609.2, 668.4, 1740.8, 839.0, 1379.3, 1350.6, 758.3, 1158.4, 1164.9, 757.9, 605.8, 789.8, 1093.7, 1125.8, 1231.8, 744.5, 890.6, 1108.9, 782.2]
execution time: 106.24780297279358 seconds

sample: 100
PSNR-: 44.76
[44.0, 43.6, 45.7, 44.8, 44.7, 45.3, 42.8, 44.0, 45.5, 44.5, 47.0, 45.1, 46.0, 43.1, 43.1, 48.3, 47.9, 43.1, 43.3, 43.4]
 Energy-: 1019.375
[1221.4, 1153.9, 836.4, 857.0, 687.5, 1945.3, 1353.8, 904.1, 704.0, 881.0, 899.7, 797.4, 613.6, 1201.1, 1154.0, 705.4, 876.6, 1312.7, 1160.8, 1121.8]
execution time: 111.01057147979736 seconds

sample: 200
PSNR-: 44.535000000000004
[45.2, 43.2, 46.4, 44.6, 43.5, 47.3, 45.3, 42.2, 44.7, 42.9, 44.1, 43.1, 44.1, 43.1, 44.9, 45.6, 42.8, 48.5, 43.6, 45.6]
 Energy-: 1002.54
[663.3, 1489.9, 1507.6, 820.2, 1058.0, 968.0, 587.8, 1272.8, 811.6, 1324.7, 1076.5, 1420.6, 835.4, 1127.4, 776.8, 588.0, 1165.8, 689.1, 1196.0, 671.3]
execution time: 117.11798024177551 seconds

sample: 500
PSNR-: 44.53
[43.4, 44.7, 43.2, 45.4, 47.3, 44.8, 43.2, 43.4, 44.8, 44.3, 44.5, 48.0, 44.4, 44.8, 45.1, 44.5, 43.1, 45.1, 44.2, 42.4]
 Energy-: 1336.1799999999998
[1310.8, 667.9, 1150.7, 666.9, 785.0, 741.8, 1794.0, 4010.2, 1213.0, 821.6, 1291.6, 640.9, 2679.9, 642.4, 799.3, 2020.5, 1545.8, 662.4, 1934.3, 1344.6]
execution time: 112.61336207389832 seconds

sample: 1000
PSNR-: 44.254999999999995
[43.4, 42.9, 44.7, 43.6, 42.8, 43.9, 43.9, 43.7, 46.1, 42.5, 45.6, 47.2, 44.4, 45.0, 44.8, 42.9, 42.5, 44.7, 44.9, 45.6]
 Energy-: 1264.8449999999998
[1121.6, 1265.9, 807.5, 1090.5, 1274.2, 1200.7, 922.9, 1080.7, 1071.9, 4130.5, 1324.9, 774.5, 948.5, 977.1, 804.2, 1346.4, 1308.1, 753.7, 2410.0, 683.1]
execution time: 108.49692964553833 seconds

