/home/etlin/Documents/ncsu/spring2023_csc791_ase/ASE_spring23_proj/src/xpln2/../../data/coc1000.csv
-----------
explain = {: TOOL [[4.0, inf]]}
all               {: EFFORT- 30807.5 : AEXP- 2.97 :LOC+ 1013.05 : PLEX- 3.05 : RISK- 6.68} {: RISK- 6.37 : PLEX- 1.24 : EFFORT- 33883.81 : AEXP- 1.2 :LOC+ 571.35}
sway with 7 evals {: RISK- 5.06 : PLEX- 2.53 :LOC+ 1056.53 : AEXP- 3.18 : EFFORT- 30304.24} {:LOC+ 689.97 : EFFORT- 30554.91 : PLEX- 1.18 : AEXP- 1.19 : RISK- 6.13}
xpln on 7 evals   {: RISK- 5.9 : PLEX- 3.05 : AEXP- 2.97 : EFFORT- 25136.9 :LOC+ 1059.37} {:LOC+ 576.35 : EFFORT- 27641.63 : PLEX- 1.26 : AEXP- 1.17 : RISK- 6.28}
sort with 1000 evals {: AEXP- 1.59 :LOC+ 1580.06 : RISK- 4.76 : EFFORT- 36014.47 : PLEX- 1.35} {: AEXP- 0.62 : PLEX- 0.49 :LOC+ 285.21 : RISK- 4.56 : EFFORT- 18974.44}

-----------
explain = {: TIME [[3.0, 4.0]]}
all               {: EFFORT- 30807.5 : AEXP- 2.97 :LOC+ 1013.05 : PLEX- 3.05 : RISK- 6.68} {: RISK- 6.37 : PLEX- 1.24 : EFFORT- 33883.81 : AEXP- 1.2 :LOC+ 571.35}
sway with 7 evals {: RISK- 4.71 : PLEX- 2.94 : EFFORT- 19685.12 : AEXP- 2.94 :LOC+ 1135.59} {: AEXP- 1.09 : RISK- 4.48 : PLEX- 1.3 : EFFORT- 18679.55 :LOC+ 587.11}
xpln on 7 evals   {: RISK- 5.45 : EFFORT- 28585.82 :LOC+ 1060.23 : PLEX- 2.93 : AEXP- 2.95} {:LOC+ 581.7 : RISK- 5.94 : AEXP- 1.22 : EFFORT- 30343.87 : PLEX- 1.21}
sort with 1000 evals {: AEXP- 1.59 :LOC+ 1580.06 : RISK- 4.76 : EFFORT- 36014.47 : PLEX- 1.35} {: AEXP- 0.62 : PLEX- 0.49 :LOC+ 285.21 : RISK- 4.56 : EFFORT- 18974.44}

-----------
explain = {: PVOL [[4.0, inf]]}
all               {: EFFORT- 30807.5 : AEXP- 2.97 :LOC+ 1013.05 : PLEX- 3.05 : RISK- 6.68} {: RISK- 6.37 : PLEX- 1.24 : EFFORT- 33883.81 : AEXP- 1.2 :LOC+ 571.35}
sway with 6 evals {: EFFORT- 19587.42 : AEXP- 3.13 : RISK- 4.1 : PLEX- 3.13 :LOC+ 973.97} {: RISK- 5.31 : AEXP- 1.28 :LOC+ 504.99 : EFFORT- 16799.99 : PLEX- 1.38}
xpln on 6 evals   {:LOC+ 1045.35 : AEXP- 2.94 : RISK- 7.04 : PLEX- 3.07 : EFFORT- 35232.03} {: PLEX- 1.24 : EFFORT- 36507.86 :LOC+ 565.02 : RISK- 6.69 : AEXP- 1.2}
sort with 1000 evals {:LOC+ 1542.16 : PLEX- 1.55 : AEXP- 1.68 : RISK- 4.42 : EFFORT- 33913.48} {:LOC+ 271.53 : RISK- 4.47 : PLEX- 0.68 : EFFORT- 17227.03 : AEXP- 0.6}

-----------
explain = {: DATA [[3.0, 4.0]]}
all               {: EFFORT- 30807.5 : AEXP- 2.97 :LOC+ 1013.05 : PLEX- 3.05 : RISK- 6.68} {: RISK- 6.37 : PLEX- 1.24 : EFFORT- 33883.81 : AEXP- 1.2 :LOC+ 571.35}
sway with 6 evals {:LOC+ 1005.32 : PLEX- 2.84 : RISK- 3.74 : EFFORT- 33046.65 : AEXP- 3.06} {: RISK- 4.46 : AEXP- 1.09 : EFFORT- 33418.57 :LOC+ 619.37 : PLEX- 1.1}
xpln on 6 evals   {: PLEX- 3.02 : AEXP- 3.03 : EFFORT- 26524.61 :LOC+ 969.62 : RISK- 6.89} {: PLEX- 1.26 : RISK- 6.76 :LOC+ 570.25 : EFFORT- 30603.74 : AEXP- 1.16}
sort with 1000 evals {:LOC+ 1542.16 : PLEX- 1.55 : AEXP- 1.68 : RISK- 4.42 : EFFORT- 33913.48} {:LOC+ 271.53 : RISK- 4.47 : PLEX- 0.68 : EFFORT- 17227.03 : AEXP- 0.6}

-----------
explain = {: RELY [[3.0, 4.0]]}
all               {: EFFORT- 30807.5 : AEXP- 2.97 :LOC+ 1013.05 : PLEX- 3.05 : RISK- 6.68} {: RISK- 6.37 : PLEX- 1.24 : EFFORT- 33883.81 : AEXP- 1.2 :LOC+ 571.35}
sway with 7 evals {: PLEX- 3.53 : EFFORT- 20379.06 : AEXP- 2.94 : RISK- 5.18 :LOC+ 986.53} {: AEXP- 1.14 : PLEX- 1.01 :LOC+ 474.16 : EFFORT- 23907.49 : RISK- 4.81}
xpln on 7 evals   {: EFFORT- 29396.95 :LOC+ 983.55 : PLEX- 3.11 : RISK- 6.49 : AEXP- 2.99} {: RISK- 6.2 : PLEX- 1.27 : AEXP- 1.13 : EFFORT- 33735.14 :LOC+ 584.46}
sort with 1000 evals {: AEXP- 1.59 :LOC+ 1580.06 : RISK- 4.76 : EFFORT- 36014.47 : PLEX- 1.35} {: AEXP- 0.62 : PLEX- 0.49 :LOC+ 285.21 : RISK- 4.56 : EFFORT- 18974.44}

-----------
explain = {: SITE [[3.0, 4.0]]}
all               {: EFFORT- 30807.5 : AEXP- 2.97 :LOC+ 1013.05 : PLEX- 3.05 : RISK- 6.68} {: RISK- 6.37 : PLEX- 1.24 : EFFORT- 33883.81 : AEXP- 1.2 :LOC+ 571.35}
sway with 7 evals {:LOC+ 1217.0 : PLEX- 3.0 : EFFORT- 38539.07 : RISK- 3.87 : AEXP- 2.47} {: PLEX- 1.36 : AEXP- 0.83 : EFFORT- 45931.95 :LOC+ 543.26 : RISK- 3.8}
xpln on 7 evals   {:LOC+ 1045.78 : PLEX- 3.06 : RISK- 6.45 : AEXP- 2.95 : EFFORT- 29893.28} {:LOC+ 573.51 : RISK- 6.34 : AEXP- 1.19 : EFFORT- 29892.04 : PLEX- 1.21}
sort with 1000 evals {: EFFORT- 34128.2 : PLEX- 1.27 : AEXP- 1.67 : RISK- 5.0 :LOC+ 1595.87} {:LOC+ 300.06 : AEXP- 0.62 : PLEX- 0.46 : EFFORT- 19461.76 : RISK- 4.81}

-----------
explain = {: PVOL [[3.0, 4.0]]}
all               {: EFFORT- 30807.5 : AEXP- 2.97 :LOC+ 1013.05 : PLEX- 3.05 : RISK- 6.68} {: RISK- 6.37 : PLEX- 1.24 : EFFORT- 33883.81 : AEXP- 1.2 :LOC+ 571.35}
sway with 6 evals {: AEXP- 2.84 : PLEX- 3.06 : EFFORT- 24603.55 : RISK- 2.52 :LOC+ 1150.87} {: EFFORT- 28114.27 : AEXP- 1.21 : PLEX- 1.18 : RISK- 3.61 :LOC+ 667.78}
xpln on 6 evals   {:LOC+ 998.78 : PLEX- 3.01 : EFFORT- 28568.64 : RISK- 6.46 : AEXP- 2.93} {: PLEX- 1.24 : RISK- 6.25 : AEXP- 1.21 : EFFORT- 33171.99 :LOC+ 583.37}
sort with 1000 evals {:LOC+ 1542.16 : PLEX- 1.55 : AEXP- 1.68 : RISK- 4.42 : EFFORT- 33913.48} {:LOC+ 271.53 : RISK- 4.47 : PLEX- 0.68 : EFFORT- 17227.03 : AEXP- 0.6}

-----------
explain = {: TOOL [[4.0, inf]]}
all               {: EFFORT- 30807.5 : AEXP- 2.97 :LOC+ 1013.05 : PLEX- 3.05 : RISK- 6.68} {: RISK- 6.37 : PLEX- 1.24 : EFFORT- 33883.81 : AEXP- 1.2 :LOC+ 571.35}
sway with 7 evals {:LOC+ 1156.24 : EFFORT- 40273.94 : AEXP- 2.59 : PLEX- 3.24 : RISK- 7.0} {:LOC+ 644.66 : EFFORT- 35798.29 : AEXP- 1.28 : RISK- 6.62 : PLEX- 1.35}
xpln on 7 evals   {: RISK- 5.9 : PLEX- 3.05 : AEXP- 2.97 : EFFORT- 25136.9 :LOC+ 1059.37} {:LOC+ 576.35 : EFFORT- 27641.63 : PLEX- 1.26 : AEXP- 1.17 : RISK- 6.28}
sort with 1000 evals {: AEXP- 1.59 :LOC+ 1580.06 : RISK- 4.76 : EFFORT- 36014.47 : PLEX- 1.35} {: AEXP- 0.62 : PLEX- 0.49 :LOC+ 285.21 : RISK- 4.56 : EFFORT- 18974.44}

-----------
explain = {: ACAP [[1.0, 2.0]]}
all               {: EFFORT- 30807.5 : AEXP- 2.97 :LOC+ 1013.05 : PLEX- 3.05 : RISK- 6.68} {: RISK- 6.37 : PLEX- 1.24 : EFFORT- 33883.81 : AEXP- 1.2 :LOC+ 571.35}
sway with 7 evals {: RISK- 8.27 : AEXP- 2.73 :LOC+ 826.8 : EFFORT- 29421.27 : PLEX- 2.8} {: RISK- 6.45 : PLEX- 1.32 :LOC+ 612.23 : EFFORT- 43572.8 : AEXP- 1.33}
xpln on 7 evals   {: EFFORT- 39822.09 : PLEX- 3.08 : RISK- 13.02 : AEXP- 2.86 :LOC+ 1010.59} {: RISK- 7.47 : PLEX- 1.3 : AEXP- 1.2 :LOC+ 555.84 : EFFORT- 38444.1}
sort with 1000 evals {: EFFORT- 34128.2 : PLEX- 1.27 : AEXP- 1.67 : RISK- 5.0 :LOC+ 1595.87} {:LOC+ 300.06 : AEXP- 0.62 : PLEX- 0.46 : EFFORT- 19461.76 : RISK- 4.81}

-----------
explain = {: ACAP [[4.0, inf]]}
all               {: EFFORT- 30807.5 : AEXP- 2.97 :LOC+ 1013.05 : PLEX- 3.05 : RISK- 6.68} {: RISK- 6.37 : PLEX- 1.24 : EFFORT- 33883.81 : AEXP- 1.2 :LOC+ 571.35}
sway with 6 evals {: AEXP- 2.84 : PLEX- 3.1 : EFFORT- 32003.74 :LOC+ 843.13 : RISK- 7.13} {:LOC+ 611.18 : PLEX- 1.08 : AEXP- 1.07 : EFFORT- 52309.18 : RISK- 8.11}
xpln on 6 evals   {: PLEX- 3.02 : RISK- 4.71 : AEXP- 3.03 :LOC+ 998.03 : EFFORT- 24628.83} {: PLEX- 1.23 : AEXP- 1.21 : RISK- 5.09 : EFFORT- 28402.63 :LOC+ 570.62}
sort with 1000 evals {:LOC+ 1542.16 : PLEX- 1.55 : AEXP- 1.68 : RISK- 4.42 : EFFORT- 33913.48} {:LOC+ 271.53 : RISK- 4.47 : PLEX- 0.68 : EFFORT- 17227.03 : AEXP- 0.6}

-----------
explain = {: DOCU [[4.0, inf]]}
all               {: EFFORT- 30807.5 : AEXP- 2.97 :LOC+ 1013.05 : PLEX- 3.05 : RISK- 6.68} {: RISK- 6.37 : PLEX- 1.24 : EFFORT- 33883.81 : AEXP- 1.2 :LOC+ 571.35}
sway with 6 evals {: RISK- 3.68 :LOC+ 1001.13 : PLEX- 2.9 : AEXP- 2.55 : EFFORT- 28019.68} {: RISK- 4.39 : EFFORT- 30717.59 :LOC+ 576.84 : PLEX- 1.25 : AEXP- 1.03}
xpln on 6 evals   {: RISK- 6.65 : EFFORT- 36494.92 : PLEX- 3.01 : AEXP- 2.95 :LOC+ 1035.85} {: AEXP- 1.18 : PLEX- 1.24 : EFFORT- 37910.16 :LOC+ 584.62 : RISK- 6.16}
sort with 1000 evals {:LOC+ 1542.16 : PLEX- 1.55 : AEXP- 1.68 : RISK- 4.42 : EFFORT- 33913.48} {:LOC+ 271.53 : RISK- 4.47 : PLEX- 0.68 : EFFORT- 17227.03 : AEXP- 0.6}

-----------
explain = {: STOR [[3.0, 4.0]]}
all               {: EFFORT- 30807.5 : AEXP- 2.97 :LOC+ 1013.05 : PLEX- 3.05 : RISK- 6.68} {: RISK- 6.37 : PLEX- 1.24 : EFFORT- 33883.81 : AEXP- 1.2 :LOC+ 571.35}
sway with 6 evals {: RISK- 6.5 :LOC+ 954.97 : EFFORT- 38567.73 : AEXP- 2.97 : PLEX- 2.83} {: PLEX- 1.05 : EFFORT- 49734.2 : AEXP- 1.13 :LOC+ 587.44 : RISK- 5.95}
xpln on 6 evals   {: EFFORT- 23777.09 : AEXP- 2.97 : PLEX- 3.25 : RISK- 4.84 :LOC+ 1012.86} {: EFFORT- 22367.82 : PLEX- 1.16 : RISK- 4.57 :LOC+ 552.3 : AEXP- 1.22}
sort with 1000 evals {: AEXP- 1.67 : EFFORT- 34211.03 :LOC+ 1559.0 : RISK- 4.43 : PLEX- 1.57} {: EFFORT- 17440.32 : RISK- 4.55 : AEXP- 0.61 :LOC+ 259.19 : PLEX- 0.68}

-----------
explain = {: SCED [[3.0, 4.0]]}
all               {: EFFORT- 30807.5 : AEXP- 2.97 :LOC+ 1013.05 : PLEX- 3.05 : RISK- 6.68} {: RISK- 6.37 : PLEX- 1.24 : EFFORT- 33883.81 : AEXP- 1.2 :LOC+ 571.35}
sway with 6 evals {: PLEX- 3.1 : AEXP- 3.13 :LOC+ 886.0 : RISK- 5.67 : EFFORT- 24707.33} {: EFFORT- 23600.75 :LOC+ 498.92 : PLEX- 1.3 : RISK- 4.43 : AEXP- 1.33}
xpln on 6 evals   {: AEXP- 2.97 : RISK- 5.63 : EFFORT- 32203.82 : PLEX- 3.07 :LOC+ 1057.96} {:LOC+ 572.56 : RISK- 5.33 : PLEX- 1.23 : EFFORT- 34781.79 : AEXP- 1.16}
sort with 1000 evals {: AEXP- 1.67 : EFFORT- 34211.03 :LOC+ 1559.0 : RISK- 4.43 : PLEX- 1.57} {: EFFORT- 17440.32 : RISK- 4.55 : AEXP- 0.61 :LOC+ 259.19 : PLEX- 0.68}

-----------
explain = {: STOR [[5.0, inf]]}
all               {: EFFORT- 30807.5 : AEXP- 2.97 :LOC+ 1013.05 : PLEX- 3.05 : RISK- 6.68} {: RISK- 6.37 : PLEX- 1.24 : EFFORT- 33883.81 : AEXP- 1.2 :LOC+ 571.35}
sway with 7 evals {: EFFORT- 28276.06 :LOC+ 882.18 : PLEX- 3.12 : RISK- 15.47 : AEXP- 2.82} {: AEXP- 1.51 : RISK- 10.31 :LOC+ 463.47 : PLEX- 1.22 : EFFORT- 18896.7}
xpln on 7 evals   {:LOC+ 1020.42 : AEXP- 2.95 : PLEX- 2.98 : EFFORT- 33866.79 : RISK- 7.42} {: AEXP- 1.21 :LOC+ 575.71 : EFFORT- 36645.25 : PLEX- 1.25 : RISK- 6.52}
sort with 1000 evals {: AEXP- 1.59 :LOC+ 1580.06 : RISK- 4.76 : EFFORT- 36014.47 : PLEX- 1.35} {: AEXP- 0.62 : PLEX- 0.49 :LOC+ 285.21 : RISK- 4.56 : EFFORT- 18974.44}

-----------
explain = {: STOR [[-inf, 3.0]]}
all               {: EFFORT- 30807.5 : AEXP- 2.97 :LOC+ 1013.05 : PLEX- 3.05 : RISK- 6.68} {: RISK- 6.37 : PLEX- 1.24 : EFFORT- 33883.81 : AEXP- 1.2 :LOC+ 571.35}
sway with 7 evals {: EFFORT- 24015.82 :LOC+ 994.71 : PLEX- 2.24 : RISK- 2.53 : AEXP- 2.41} {: EFFORT- 26949.39 : RISK- 3.62 : AEXP- 1.0 :LOC+ 620.47 : PLEX- 1.09}
xpln on 7 evals   {: RISK- 0.0 : EFFORT- 0.0 :LOC+ 0.0 : PLEX- 0.0 : AEXP- 0.0} {: RISK- 0.0 : EFFORT- 0.0 :LOC+ 0.0 : PLEX- 0.0 : AEXP- 0.0}
sort with 1000 evals {: AEXP- 1.59 :LOC+ 1580.06 : RISK- 4.76 : EFFORT- 36014.47 : PLEX- 1.35} {: AEXP- 0.62 : PLEX- 0.49 :LOC+ 285.21 : RISK- 4.56 : EFFORT- 18974.44}

-----------
explain = {: STOR [[5.0, inf]]}
all               {: EFFORT- 30807.5 : AEXP- 2.97 :LOC+ 1013.05 : PLEX- 3.05 : RISK- 6.68} {: RISK- 6.37 : PLEX- 1.24 : EFFORT- 33883.81 : AEXP- 1.2 :LOC+ 571.35}
sway with 7 evals {: PLEX- 3.06 :LOC+ 1084.76 : AEXP- 3.18 : EFFORT- 23170.35 : RISK- 10.35} {: AEXP- 1.13 : EFFORT- 19655.0 : RISK- 6.7 : PLEX- 1.48 :LOC+ 517.55}
xpln on 7 evals   {:LOC+ 1020.42 : AEXP- 2.95 : PLEX- 2.98 : EFFORT- 33866.79 : RISK- 7.42} {: AEXP- 1.21 :LOC+ 575.71 : EFFORT- 36645.25 : PLEX- 1.25 : RISK- 6.52}
sort with 1000 evals {: AEXP- 1.59 :LOC+ 1580.06 : RISK- 4.76 : EFFORT- 36014.47 : PLEX- 1.35} {: AEXP- 0.62 : PLEX- 0.49 :LOC+ 285.21 : RISK- 4.56 : EFFORT- 18974.44}

-----------
explain = {: STOR [[5.0, inf]]}
all               {: EFFORT- 30807.5 : AEXP- 2.97 :LOC+ 1013.05 : PLEX- 3.05 : RISK- 6.68} {: RISK- 6.37 : PLEX- 1.24 : EFFORT- 33883.81 : AEXP- 1.2 :LOC+ 571.35}
sway with 7 evals {: EFFORT- 35375.41 : PLEX- 3.35 :LOC+ 1040.65 : AEXP- 2.76 : RISK- 10.12} {:LOC+ 661.19 : AEXP- 1.35 : RISK- 7.96 : PLEX- 1.17 : EFFORT- 34001.66}
xpln on 7 evals   {:LOC+ 1020.42 : AEXP- 2.95 : PLEX- 2.98 : EFFORT- 33866.79 : RISK- 7.42} {: AEXP- 1.21 :LOC+ 575.71 : EFFORT- 36645.25 : PLEX- 1.25 : RISK- 6.52}
sort with 1000 evals {: AEXP- 1.59 :LOC+ 1580.06 : RISK- 4.76 : EFFORT- 36014.47 : PLEX- 1.35} {: AEXP- 0.62 : PLEX- 0.49 :LOC+ 285.21 : RISK- 4.56 : EFFORT- 18974.44}

-----------
explain = {: PREC [[3.0, 5.0]]}
all               {: EFFORT- 30807.5 : AEXP- 2.97 :LOC+ 1013.05 : PLEX- 3.05 : RISK- 6.68} {: RISK- 6.37 : PLEX- 1.24 : EFFORT- 33883.81 : AEXP- 1.2 :LOC+ 571.35}
sway with 7 evals {: EFFORT- 14549.82 : PLEX- 2.65 : AEXP- 3.18 : RISK- 4.41 :LOC+ 872.88} {: EFFORT- 13341.79 : RISK- 4.56 : AEXP- 1.29 : PLEX- 1.37 :LOC+ 505.48}
xpln on 7 evals   {: PLEX- 3.01 : AEXP- 2.94 : RISK- 6.89 :LOC+ 1018.64 : EFFORT- 31046.01} {: PLEX- 1.24 : RISK- 6.64 :LOC+ 570.74 : AEXP- 1.19 : EFFORT- 35239.36}
sort with 1000 evals {: AEXP- 1.59 :LOC+ 1580.06 : RISK- 4.76 : EFFORT- 36014.47 : PLEX- 1.35} {: AEXP- 0.62 : PLEX- 0.49 :LOC+ 285.21 : RISK- 4.56 : EFFORT- 18974.44}

-----------
explain = {: RUSE [[-inf, 3.0]]}
all               {: EFFORT- 30807.5 : AEXP- 2.97 :LOC+ 1013.05 : PLEX- 3.05 : RISK- 6.68} {: RISK- 6.37 : PLEX- 1.24 : EFFORT- 33883.81 : AEXP- 1.2 :LOC+ 571.35}
sway with 7 evals {: EFFORT- 49740.24 : AEXP- 3.59 :LOC+ 1064.59 : RISK- 9.53 : PLEX- 3.29} {:LOC+ 626.74 : AEXP- 1.37 : EFFORT- 39731.07 : RISK- 8.55 : PLEX- 1.26}
xpln on 7 evals   {: AEXP- 2.96 : RISK- 5.59 :LOC+ 951.37 : EFFORT- 20163.71 : PLEX- 3.12} {: RISK- 5.58 : EFFORT- 24928.53 :LOC+ 558.37 : PLEX- 1.22 : AEXP- 1.23}
sort with 1000 evals {: AEXP- 1.59 :LOC+ 1580.06 : RISK- 4.76 : EFFORT- 36014.47 : PLEX- 1.35} {: AEXP- 0.62 : PLEX- 0.49 :LOC+ 285.21 : RISK- 4.56 : EFFORT- 18974.44}

-----------
explain = {: TOOL [[-inf, 1.0]]}
all               {: EFFORT- 30807.5 : AEXP- 2.97 :LOC+ 1013.05 : PLEX- 3.05 : RISK- 6.68} {: RISK- 6.37 : PLEX- 1.24 : EFFORT- 33883.81 : AEXP- 1.2 :LOC+ 571.35}

*** sway ***
LOC+: 999.5955
[1056.53, 1135.59, 973.97, 1005.32, 986.53, 1217.0, 1150.87, 1156.24, 826.8, 843.13, 1001.13, 954.97, 886.0, 882.18, 994.71, 1084.76, 1040.65, 872.88, 1064.59, 858.06]
 AEXP-: 2.9215
[3.18, 2.94, 3.13, 3.06, 2.94, 2.47, 2.84, 2.59, 2.73, 2.84, 2.55, 2.97, 3.13, 2.82, 2.41, 3.18, 2.76, 3.18, 3.59, 3.12]
 PLEX-: 3.0235
[2.53, 2.94, 3.13, 2.84, 3.53, 3.0, 3.06, 3.24, 2.8, 3.1, 2.9, 2.83, 3.1, 3.12, 2.24, 3.06, 3.35, 2.65, 3.29, 3.76]
 RISK-: 6.1245
[5.06, 4.71, 4.1, 3.74, 5.18, 3.87, 2.52, 7.0, 8.27, 7.13, 3.68, 6.5, 5.67, 15.47, 2.53, 10.35, 10.12, 4.41, 9.53, 2.65]
 EFFORT-: 28323.9395
[30304.24, 19685.12, 19587.42, 33046.65, 20379.06, 38539.07, 24603.55, 40273.94, 29421.27, 32003.74, 28019.68, 38567.73, 24707.33, 28276.06, 24015.82, 23170.35, 35375.41, 14549.82, 49740.24, 12212.29]
***
sway with 7 evals {: AEXP- 3.12 :LOC+ 858.06 : PLEX- 3.76 : EFFORT- 12212.29 : RISK- 2.65} {: RISK- 3.37 : PLEX- 0.97 : EFFORT- 12890.17 : AEXP- 1.54 :LOC+ 577.73}

*** xpln ***
LOC+: 918.4304999999998
[1059.37, 1060.23, 1045.35, 969.62, 983.55, 1045.78, 998.78, 1059.37, 1010.59, 998.03, 1035.85, 1012.86, 1057.96, 1020.42, 0.0, 1020.42, 1020.42, 1018.64, 951.37, 0.0]
 AEXP-: 2.6630000000000003
[2.97, 2.95, 2.94, 3.03, 2.99, 2.95, 2.93, 2.97, 2.86, 3.03, 2.95, 2.97, 2.97, 2.95, 0.0, 2.95, 2.95, 2.94, 2.96, 0.0]
 PLEX-: 2.7399999999999993
[3.05, 2.93, 3.07, 3.02, 3.11, 3.06, 3.01, 3.05, 3.08, 3.02, 3.01, 3.25, 3.07, 2.98, 0.0, 2.98, 2.98, 3.01, 3.12, 0.0]
 RISK-: 6.008500000000001
[5.9, 5.45, 7.04, 6.89, 6.49, 6.45, 6.46, 5.9, 13.02, 4.71, 6.65, 4.84, 5.63, 7.42, 0.0, 7.42, 7.42, 6.89, 5.59, 0.0]
 EFFORT-: 26910.5985
[25136.9, 28585.82, 35232.03, 26524.61, 29396.95, 29893.28, 28568.64, 25136.9, 39822.09, 24628.83, 36494.92, 23777.09, 32203.82, 33866.79, 0.0, 33866.79, 33866.79, 31046.01, 20163.71, 0.0]
***
xpln on 7 evals   {: RISK- 0.0 : EFFORT- 0.0 :LOC+ 0.0 : PLEX- 0.0 : AEXP- 0.0} {: RISK- 0.0 : EFFORT- 0.0 :LOC+ 0.0 : PLEX- 0.0 : AEXP- 0.0}

*** top ***
LOC+: 1570.0600000000004
[1580.06, 1580.06, 1542.16, 1542.16, 1580.06, 1595.87, 1542.16, 1580.06, 1595.87, 1542.16, 1542.16, 1559.0, 1559.0, 1580.06, 1580.06, 1580.06, 1580.06, 1580.06, 1580.06, 1580.06]
 AEXP-: 1.6285000000000003
[1.59, 1.59, 1.68, 1.68, 1.59, 1.67, 1.68, 1.59, 1.67, 1.68, 1.68, 1.67, 1.67, 1.59, 1.59, 1.59, 1.59, 1.59, 1.59, 1.59]
 PLEX-: 1.4140000000000006
[1.35, 1.35, 1.55, 1.55, 1.35, 1.27, 1.55, 1.35, 1.27, 1.55, 1.55, 1.57, 1.57, 1.35, 1.35, 1.35, 1.35, 1.35, 1.35, 1.35]
 RISK-: 4.666000000000002
[4.76, 4.76, 4.42, 4.42, 4.76, 5.0, 4.42, 4.76, 5.0, 4.42, 4.42, 4.43, 4.43, 4.76, 4.76, 4.76, 4.76, 4.76, 4.76, 4.76]
 EFFORT-: 35120.25149999999
[36014.47, 36014.47, 33913.48, 33913.48, 36014.47, 34128.2, 33913.48, 36014.47, 34128.2, 33913.48, 33913.48, 34211.03, 34211.03, 36014.47, 36014.47, 36014.47, 36014.47, 36014.47, 36014.47, 36014.47]
***
sort with 1000 evals {: AEXP- 1.59 :LOC+ 1580.06 : RISK- 4.76 : EFFORT- 36014.47 : PLEX- 1.35} {: AEXP- 0.62 : PLEX- 0.49 :LOC+ 285.21 : RISK- 4.56 : EFFORT- 18974.44}

