/home/etlin/Documents/ncsu/spring2023_csc791_ase/ASE_spring23_proj/src/xpln2/../../data/pom.csv
-----------
explain = {:Size [[-inf, 0.0]]}
all               {:Completion+ 0.87 :Cost- 369.99 :Idle- 0.24} {:Cost- 204.4 :Completion+ 0.13 :Idle- 0.2}
sway with 8 evals {:Cost- 188.39 :Completion+ 0.85 :Idle- 0.24} {:Completion+ 0.15 :Cost- 78.44 :Idle- 0.2}
xpln on 8 evals   {:Idle- 0.0 :Cost- 0.0 :Completion+ 0.0} {:Idle- 0.0 :Cost- 0.0 :Completion+ 0.0}

-----------
explain = {:Size [[-inf, 0.0]]}
all               {:Completion+ 0.87 :Cost- 369.99 :Idle- 0.24} {:Cost- 204.4 :Completion+ 0.13 :Idle- 0.2}
sway with 8 evals {:Cost- 244.35 :Completion+ 0.86 :Idle- 0.22} {:Completion+ 0.13 :Idle- 0.21 :Cost- 133.99}
xpln on 8 evals   {:Idle- 0.0 :Cost- 0.0 :Completion+ 0.0} {:Idle- 0.0 :Cost- 0.0 :Completion+ 0.0}

-----------
explain = {:Size [[-inf, 0.0]]}
all               {:Completion+ 0.87 :Cost- 369.99 :Idle- 0.24} {:Cost- 204.4 :Completion+ 0.13 :Idle- 0.2}
sway with 8 evals {:Idle- 0.25 :Completion+ 0.88 :Cost- 156.74} {:Completion+ 0.11 :Idle- 0.2 :Cost- 48.72}
xpln on 8 evals   {:Idle- 0.0 :Cost- 0.0 :Completion+ 0.0} {:Idle- 0.0 :Cost- 0.0 :Completion+ 0.0}

-----------
explain = {:Size [[-inf, 0.0]]}
all               {:Completion+ 0.87 :Cost- 369.99 :Idle- 0.24} {:Cost- 204.4 :Completion+ 0.13 :Idle- 0.2}
sway with 8 evals {:Idle- 0.21 :Completion+ 0.84 :Cost- 175.39} {:Cost- 80.49 :Idle- 0.21 :Completion+ 0.16}
xpln on 8 evals   {:Idle- 0.0 :Cost- 0.0 :Completion+ 0.0} {:Idle- 0.0 :Cost- 0.0 :Completion+ 0.0}

-----------
explain = {:Plan [[3.0, inf]]}
all               {:Completion+ 0.87 :Cost- 369.99 :Idle- 0.24} {:Cost- 204.4 :Completion+ 0.13 :Idle- 0.2}
sway with 8 evals {:Completion+ 0.89 :Idle- 0.26 :Cost- 292.62} {:Idle- 0.2 :Completion+ 0.11 :Cost- 122.44}
xpln on 8 evals   {:Completion+ 0.87 :Cost- 368.39 :Idle- 0.24} {:Completion+ 0.13 :Idle- 0.19 :Cost- 200.56}

-----------
explain = {:Size [[0.0, inf]]}
all               {:Completion+ 0.87 :Cost- 369.99 :Idle- 0.24} {:Cost- 204.4 :Completion+ 0.13 :Idle- 0.2}
sway with 8 evals {:Completion+ 0.89 :Idle- 0.27 :Cost- 259.65} {:Cost- 79.77 :Idle- 0.19 :Completion+ 0.09}
xpln on 8 evals   {:Completion+ 0.87 :Cost- 369.99 :Idle- 0.24} {:Cost- 204.4 :Completion+ 0.13 :Idle- 0.2}

-----------
explain = {:Size [[-inf, 0.0]]}
all               {:Completion+ 0.87 :Cost- 369.99 :Idle- 0.24} {:Cost- 204.4 :Completion+ 0.13 :Idle- 0.2}
sway with 8 evals {:Completion+ 0.87 :Cost- 484.85 :Idle- 0.27} {:Idle- 0.23 :Completion+ 0.13 :Cost- 192.62}
xpln on 8 evals   {:Idle- 0.0 :Cost- 0.0 :Completion+ 0.0} {:Idle- 0.0 :Cost- 0.0 :Completion+ 0.0}

-----------
explain = {:Size [[-inf, 0.0]]}
all               {:Completion+ 0.87 :Cost- 369.99 :Idle- 0.24} {:Cost- 204.4 :Completion+ 0.13 :Idle- 0.2}
sway with 8 evals {:Cost- 246.75 :Completion+ 0.85 :Idle- 0.24} {:Idle- 0.19 :Completion+ 0.16 :Cost- 122.33}
xpln on 8 evals   {:Idle- 0.0 :Cost- 0.0 :Completion+ 0.0} {:Idle- 0.0 :Cost- 0.0 :Completion+ 0.0}

-----------
explain = {:Size [[0.0, inf]]}
all               {:Completion+ 0.87 :Cost- 369.99 :Idle- 0.24} {:Cost- 204.4 :Completion+ 0.13 :Idle- 0.2}
sway with 8 evals {:Completion+ 0.89 :Cost- 360.74 :Idle- 0.26} {:Cost- 144.33 :Idle- 0.19 :Completion+ 0.09}
xpln on 8 evals   {:Completion+ 0.87 :Cost- 369.99 :Idle- 0.24} {:Cost- 204.4 :Completion+ 0.13 :Idle- 0.2}

-----------
explain = {:Size [[-inf, 0.0]]}
all               {:Completion+ 0.87 :Cost- 369.99 :Idle- 0.24} {:Cost- 204.4 :Completion+ 0.13 :Idle- 0.2}
sway with 8 evals {:Completion+ 0.83 :Cost- 139.73 :Idle- 0.24} {:Completion+ 0.18 :Idle- 0.21 :Cost- 50.92}
xpln on 8 evals   {:Idle- 0.0 :Cost- 0.0 :Completion+ 0.0} {:Idle- 0.0 :Cost- 0.0 :Completion+ 0.0}

-----------
explain = {:Dynamism [[-inf, 1.0]]}
all               {:Completion+ 0.87 :Cost- 369.99 :Idle- 0.24} {:Cost- 204.4 :Completion+ 0.13 :Idle- 0.2}
sway with 8 evals {:Completion+ 0.89 :Cost- 296.66 :Idle- 0.28} {:Cost- 177.91 :Completion+ 0.08 :Idle- 0.2}
xpln on 8 evals   {:Idle- 0.0 :Cost- 0.0 :Completion+ 0.0} {:Idle- 0.0 :Cost- 0.0 :Completion+ 0.0}

-----------
explain = {:Size [[-inf, 0.0]]}
all               {:Completion+ 0.87 :Cost- 369.99 :Idle- 0.24} {:Cost- 204.4 :Completion+ 0.13 :Idle- 0.2}
sway with 8 evals {:Idle- 0.21 :Completion+ 0.82 :Cost- 357.49} {:Idle- 0.21 :Cost- 119.01 :Completion+ 0.22}
xpln on 8 evals   {:Idle- 0.0 :Cost- 0.0 :Completion+ 0.0} {:Idle- 0.0 :Cost- 0.0 :Completion+ 0.0}

-----------
explain = {:Size [[-inf, 0.0]]}
all               {:Completion+ 0.87 :Cost- 369.99 :Idle- 0.24} {:Cost- 204.4 :Completion+ 0.13 :Idle- 0.2}
sway with 8 evals {:Idle- 0.25 :Cost- 188.96 :Completion+ 0.85} {:Cost- 80.86 :Idle- 0.21 :Completion+ 0.17}
xpln on 8 evals   {:Idle- 0.0 :Cost- 0.0 :Completion+ 0.0} {:Idle- 0.0 :Cost- 0.0 :Completion+ 0.0}

-----------
explain = {:Size [[0.0, inf]]}
all               {:Completion+ 0.87 :Cost- 369.99 :Idle- 0.24} {:Cost- 204.4 :Completion+ 0.13 :Idle- 0.2}
sway with 8 evals {:Cost- 281.79 :Idle- 0.19 :Completion+ 0.85} {:Cost- 113.92 :Completion+ 0.15 :Idle- 0.18}
xpln on 8 evals   {:Completion+ 0.87 :Cost- 369.99 :Idle- 0.24} {:Cost- 204.4 :Completion+ 0.13 :Idle- 0.2}

-----------
explain = {:Size [[0.0, inf]]}
all               {:Completion+ 0.87 :Cost- 369.99 :Idle- 0.24} {:Cost- 204.4 :Completion+ 0.13 :Idle- 0.2}
sway with 8 evals {:Completion+ 0.87 :Cost- 247.07 :Idle- 0.22} {:Completion+ 0.11 :Idle- 0.18 :Cost- 90.96}
xpln on 8 evals   {:Completion+ 0.87 :Cost- 369.99 :Idle- 0.24} {:Cost- 204.4 :Completion+ 0.13 :Idle- 0.2}

-----------
explain = {:Size [[0.0, inf]]}
all               {:Completion+ 0.87 :Cost- 369.99 :Idle- 0.24} {:Cost- 204.4 :Completion+ 0.13 :Idle- 0.2}
sway with 8 evals {:Completion+ 0.89 :Idle- 0.26 :Cost- 302.16} {:Idle- 0.2 :Cost- 104.3 :Completion+ 0.09}
xpln on 8 evals   {:Completion+ 0.87 :Cost- 369.99 :Idle- 0.24} {:Cost- 204.4 :Completion+ 0.13 :Idle- 0.2}

-----------
explain = {:Size [[-inf, 0.0]]}
all               {:Completion+ 0.87 :Cost- 369.99 :Idle- 0.24} {:Cost- 204.4 :Completion+ 0.13 :Idle- 0.2}
sway with 8 evals {:Idle- 0.26 :Completion+ 0.83 :Cost- 230.17} {:Idle- 0.21 :Cost- 101.43 :Completion+ 0.2}
xpln on 8 evals   {:Idle- 0.0 :Cost- 0.0 :Completion+ 0.0} {:Idle- 0.0 :Cost- 0.0 :Completion+ 0.0}

-----------
explain = {:Size [[-inf, 0.0]]}
all               {:Completion+ 0.87 :Cost- 369.99 :Idle- 0.24} {:Cost- 204.4 :Completion+ 0.13 :Idle- 0.2}
sway with 8 evals {:Cost- 210.59 :Completion+ 0.88 :Idle- 0.26} {:Idle- 0.21 :Cost- 73.6 :Completion+ 0.14}
xpln on 8 evals   {:Idle- 0.0 :Cost- 0.0 :Completion+ 0.0} {:Idle- 0.0 :Cost- 0.0 :Completion+ 0.0}

-----------
explain = {:Size [[-inf, 0.0]]}
all               {:Completion+ 0.87 :Cost- 369.99 :Idle- 0.24} {:Cost- 204.4 :Completion+ 0.13 :Idle- 0.2}
sway with 8 evals {:Cost- 141.66 :Completion+ 0.85 :Idle- 0.24} {:Cost- 43.51 :Completion+ 0.17 :Idle- 0.2}
xpln on 8 evals   {:Idle- 0.0 :Cost- 0.0 :Completion+ 0.0} {:Idle- 0.0 :Cost- 0.0 :Completion+ 0.0}

-----------
explain = {:Size [[-inf, 0.0]]}
all               {:Completion+ 0.87 :Cost- 369.99 :Idle- 0.24} {:Cost- 204.4 :Completion+ 0.13 :Idle- 0.2}

*** sway ***
Cost-: 250.779
[188.39, 244.35, 156.74, 175.39, 292.62, 259.65, 484.85, 246.75, 360.74, 139.73, 296.66, 357.49, 188.96, 281.79, 247.07, 302.16, 230.17, 210.59, 141.66, 209.82]
Completion+: 0.861
[0.85, 0.86, 0.88, 0.84, 0.89, 0.89, 0.87, 0.85, 0.89, 0.83, 0.89, 0.82, 0.85, 0.85, 0.87, 0.89, 0.83, 0.88, 0.85, 0.84]
Idle-: 0.2425
[0.24, 0.22, 0.25, 0.21, 0.26, 0.27, 0.27, 0.24, 0.26, 0.24, 0.28, 0.21, 0.25, 0.19, 0.22, 0.26, 0.26, 0.26, 0.24, 0.22]
***
sway with 8 evals {:Cost- 209.82 :Completion+ 0.84 :Idle- 0.22} {:Cost- 112.32 :Idle- 0.21 :Completion+ 0.19}

*** xpln ***
Cost-: 110.917
[0.0, 0.0, 0.0, 0.0, 368.39, 369.99, 0.0, 0.0, 369.99, 0.0, 0.0, 0.0, 0.0, 369.99, 369.99, 369.99, 0.0, 0.0, 0.0, 0.0]
Completion+: 0.261
[0.0, 0.0, 0.0, 0.0, 0.87, 0.87, 0.0, 0.0, 0.87, 0.0, 0.0, 0.0, 0.0, 0.87, 0.87, 0.87, 0.0, 0.0, 0.0, 0.0]
Idle-: 0.072
[0.0, 0.0, 0.0, 0.0, 0.24, 0.24, 0.0, 0.0, 0.24, 0.0, 0.0, 0.0, 0.0, 0.24, 0.24, 0.24, 0.0, 0.0, 0.0, 0.0]
***
xpln on 8 evals   {:Idle- 0.0 :Cost- 0.0 :Completion+ 0.0} {:Idle- 0.0 :Cost- 0.0 :Completion+ 0.0}

