{'dump': False, 'file': '../../data/repgrid4.csv', 'go': 'all', 'help': False, 'p': 2.0, 'seed': 937162211.0}
✅ pass: the
b4 {'a': 1, 'b': {'c': 2, 'd': 3}}
after {'a': 1, 'b': {'c': 2, 'd': 10000}}
✅ pass: copy
✅ pass: sym
✅ pass: num
{'at': 0, 'hi': 4, 'id': 140398371030464, 'lo': 2, 'm2': 4.833333333333334, 'mu': 3.1666666666666665, 'n': 6, 'txt': 'Num1', 'w': 1}
{'at': 1, 'hi': 4, 'id': 140398371030912, 'lo': 3, 'm2': 1.5, 'mu': 3.5, 'n': 6, 'txt': 'Num2', 'w': 1}
{'at': 2, 'hi': 5, 'id': 140398371031360, 'lo': 3, 'm2': 3.5, 'mu': 3.5, 'n': 6, 'txt': 'Num3', 'w': 1}
{'at': 3, 'hi': 4, 'id': 140398371030272, 'lo': 1, 'm2': 11.333333333333332, 'mu': 2.6666666666666665, 'n': 6, 'txt': 'Num4', 'w': 1}
{'at': 4, 'hi': 4, 'id': 140398371032000, 'lo': 1, 'm2': 4.833333333333332, 'mu': 2.833333333333333, 'n': 6, 'txt': 'Num5', 'w': 1}
{'at': 5, 'hi': 5, 'id': 140398371036992, 'lo': 1, 'm2': 12.833333333333332, 'mu': 2.166666666666667, 'n': 6, 'txt': 'Num6', 'w': 1}
{'at': 6, 'hi': 4, 'id': 140398371037376, 'lo': 2, 'm2': 2.8333333333333335, 'mu': 3.1666666666666665, 'n': 6, 'txt': 'Num7', 'w': 1}
{'at': 7, 'hi': 5, 'id': 140398371029376, 'lo': 1, 'm2': 10.0, 'mu': 3.0, 'n': 6, 'txt': 'Num8', 'w': 1}
{'at': 8, 'hi': 5, 'id': 140398370975424, 'lo': 2, 'm2': 7.499999999999998, 'mu': 3.5, 'n': 6, 'txt': 'Num9', 'w': 1}
{'at': 9, 'has': {}, 'id': 140398371972736, 'mode': None, 'most': 0, 'n': 0, 'txt': 'thingX'}
{'cells': [2, 3, 3, 1, 4, 1, 3, 5, 5, 'poor visual effect:good visual'], 'id': 140398370978112}
{'cells': [4, 4, 5, 1, 3, 1, 2, 3, 4, 'Easy to watch:Full of Suspense'], 'id': 140398370978816}
{'cells': [3, 4, 3, 4, 1, 3, 4, 1, 2, 'fake:realistic'], 'id': 140398370979136}
{'cells': [2, 3, 3, 4, 3, 1, 3, 4, 4, 'not much diversity:diversity'], 'id': 140398371036416}
{'cells': [4, 4, 3, 2, 3, 2, 3, 2, 4, 'Family Friendly:R-rated'], 'id': 140398371037248}
{'cells': [4, 3, 4, 4, 3, 5, 4, 3, 2, 'normal characters:good looking characters'], 'id': 140398371037312}
✅ pass: repcols
69
|..58
|..|..not much diversity:diversity
|..|..73
|..|..|..normal characters:good looking characters
|..|..|..poor visual effect:good visual
|..72
|..|..Easy to watch:Full of Suspense
|..|..47
|..|..|..fake:realistic
|..|..|..Family Friendly:R-rated
✅ pass: synonymns
{'at': 0, 'has': {2: 1, 3: 3, 1: 2, 4: 1, 5: 2}, 'id': 140398371044544, 'mode': 3, 'most': 3, 'n': 9, 'txt': 'poor visual effect:good visual'}
{'at': 1, 'hi': 5, 'id': 140398371044352, 'lo': 1, 'm2': 16.0, 'mu': 3.0, 'n': 9, 'txt': 'Easy to watch:Full of Suspense', 'w': 1}
{'at': 2, 'has': {3: 3, 4: 3, 1: 2, 2: 1}, 'id': 140398371044672, 'mode': 3, 'most': 3, 'n': 9, 'txt': 'fake:realistic'}
{'at': 3, 'has': {2: 1, 3: 4, 4: 3, 1: 1}, 'id': 140398371042752, 'mode': 3, 'most': 4, 'n': 9, 'txt': 'not much diversity:diversity'}
{'at': 4, 'hi': 4, 'id': 140398371042816, 'lo': 2, 'm2': 6.0, 'mu': 3.0, 'n': 9, 'txt': 'Family Friendly:R-rated', 'w': 1}
{'at': 5, 'has': {4: 4, 3: 3, 5: 1, 2: 1}, 'id': 140398371042432, 'mode': 4, 'most': 4, 'n': 9, 'txt': 'normal characters:good looking characters'}
{'at': 6, 'has': {}, 'id': 140398371042880, 'mode': None, 'most': 0, 'n': 0, 'txt': 'thingX'}
{'cells': [2, 4, 3, 2, 4, 4, 'Narcos'], 'id': 140398371043072}
{'cells': [3, 4, 4, 3, 4, 3, 'Beef'], 'id': 140398371043264}
{'cells': [3, 5, 3, 3, 3, 4, 'Better Call Saul'], 'id': 140398371043328}
{'cells': [1, 1, 4, 4, 2, 4, 'Brooklyn 99'], 'id': 140398371043392}
{'cells': [4, 3, 1, 3, 3, 3, 'Moonknight'], 'id': 140398371043456}
{'cells': [1, 1, 3, 1, 2, 5, 'Friends'], 'id': 140398371043200}
{'cells': [3, 2, 4, 3, 3, 4, 'Schitts Creek'], 'id': 140398371043136}
{'cells': [5, 3, 1, 4, 2, 3, 'The Mandaloria'], 'id': 140398371040960}
{'cells': [5, 4, 2, 4, 4, 2, 'The Last of Us'], 'id': 140398371041088}
✅ pass: reprows
87
|..84
|..|..71
|..|..|..Brooklyn 99
|..|..|..Friends
|..|..51
|..|..|..Better Call Saul
|..|..|..Schitts Creek
|..85
|..|..82
|..|..|..The Last of Us
|..|..|..Narcos
|..|..62
|..|..|..Moonknight
|..|..|..82
|..|..|..|..Beef
|..|..|..|..The Mandaloria
✅ pass: prototypes

A Narcos
B Beef
C Better Call Saul
D Brooklyn 99
E Moonknight
F Friends
G Schitts Creek
H The Mandaloria
I The Last of Us

['D', ' ', ' ', ' ', ' ', ' ', ' ', ' ', ' ', ' ', ' ', ' ', ' ', ' ', ' ', ' ', ' ', 'I', ' ', ' ', ' ']
[' ', ' ', ' ', ' ', ' ', ' ', ' ', ' ', ' ', ' ', ' ', ' ', ' ', ' ', ' ', ' ', ' ', ' ', ' ', ' ', ' ']
[' ', ' ', ' ', ' ', ' ', ' ', ' ', ' ', ' ', ' ', ' ', ' ', ' ', ' ', ' ', ' ', ' ', ' ', ' ', ' ', ' ']
[' ', ' ', ' ', ' ', ' ', ' ', ' ', ' ', ' ', ' ', ' ', ' ', ' ', ' ', ' ', ' ', ' ', ' ', ' ', ' ', ' ']
[' ', ' ', ' ', ' ', ' ', ' ', ' ', ' ', ' ', ' ', ' ', ' ', ' ', ' ', ' ', ' ', ' ', ' ', ' ', ' ', ' ']
[' ', ' ', ' ', ' ', ' ', ' ', ' ', ' ', ' ', ' ', ' ', ' ', ' ', ' ', ' ', ' ', ' ', ' ', ' ', ' ', ' ']
[' ', ' ', ' ', ' ', ' ', ' ', ' ', ' ', ' ', ' ', ' ', ' ', ' ', ' ', ' ', ' ', ' ', ' ', ' ', ' ', ' ']
[' ', ' ', ' ', ' ', ' ', ' ', ' ', ' ', ' ', ' ', ' ', ' ', ' ', ' ', ' ', ' ', ' ', ' ', ' ', ' ', ' ']
[' ', ' ', ' ', ' ', ' ', ' ', ' ', ' ', ' ', ' ', ' ', ' ', ' ', ' ', ' ', ' ', ' ', ' ', ' ', ' ', ' ']
[' ', ' ', ' ', ' ', ' ', ' ', ' ', ' ', ' ', ' ', ' ', ' ', ' ', ' ', ' ', ' ', ' ', ' ', ' ', ' ', ' ']
[' ', ' ', ' ', ' ', ' ', ' ', ' ', ' ', ' ', ' ', ' ', ' ', ' ', ' ', ' ', ' ', ' ', ' ', ' ', ' ', ' ']
[' ', ' ', ' ', ' ', 'G', ' ', ' ', ' ', ' ', 'H', ' ', ' ', ' ', ' ', ' ', ' ', ' ', ' ', ' ', ' ', ' ']
[' ', ' ', ' ', ' ', ' ', ' ', ' ', ' ', ' ', ' ', ' ', ' ', ' ', ' ', ' ', ' ', ' ', ' ', ' ', ' ', ' ']
[' ', ' ', ' ', 'F', ' ', ' ', ' ', ' ', ' ', ' ', ' ', ' ', ' ', ' ', ' ', ' ', ' ', ' ', ' ', ' ', ' ']
[' ', ' ', ' ', ' ', ' ', ' ', ' ', ' ', 'C', 'E', ' ', ' ', ' ', ' ', ' ', ' ', ' ', ' ', ' ', ' ', ' ']
✅ pass: position
87
|..62
|..|..51
|..|..|..Schitts Creek
|..|..|..Better Call Saul
|..|..87
|..|..|..Brooklyn 99
|..|..|..Beef
|..96
|..|..71
|..|..|..The Last of Us
|..|..|..The Mandaloria
|..|..87
|..|..|..Friends
|..|..|..85
|..|..|..|..Narcos
|..|..|..|..Moonknight
72
|..64
|..|..Easy to watch:Full of Suspense
|..|..57
|..|..|..poor visual effect:good visual
|..|..|..Family Friendly:R-rated
|..58
|..|..normal characters:good looking characters
|..|..60
|..|..|..not much diversity:diversity
|..|..|..fake:realistic

A Narcos
B Beef
C Better Call Saul
D Brooklyn 99
E Moonknight
F Friends
G Schitts Creek
H The Mandaloria
I The Last of Us

['G', ' ', ' ', ' ', ' ', ' ', ' ', ' ', ' ', ' ', ' ', ' ', ' ', ' ', ' ', ' ', ' ', 'I', ' ', ' ', ' ']
[' ', ' ', ' ', ' ', ' ', ' ', ' ', ' ', ' ', ' ', ' ', ' ', ' ', ' ', ' ', ' ', ' ', ' ', ' ', ' ', ' ']
[' ', ' ', ' ', ' ', ' ', ' ', ' ', ' ', ' ', ' ', ' ', ' ', ' ', ' ', ' ', ' ', ' ', ' ', ' ', ' ', ' ']
[' ', ' ', ' ', ' ', ' ', ' ', ' ', ' ', ' ', ' ', ' ', ' ', ' ', ' ', ' ', ' ', ' ', ' ', ' ', ' ', ' ']
[' ', ' ', ' ', ' ', ' ', ' ', ' ', ' ', ' ', ' ', ' ', ' ', ' ', ' ', ' ', ' ', ' ', ' ', ' ', ' ', ' ']
[' ', ' ', ' ', ' ', ' ', ' ', ' ', ' ', ' ', ' ', ' ', ' ', ' ', ' ', ' ', ' ', ' ', ' ', ' ', ' ', ' ']
[' ', ' ', ' ', ' ', ' ', ' ', ' ', ' ', ' ', ' ', ' ', ' ', ' ', ' ', ' ', ' ', ' ', ' ', ' ', ' ', ' ']
[' ', ' ', ' ', ' ', ' ', ' ', ' ', ' ', ' ', ' ', ' ', ' ', ' ', ' ', ' ', ' ', ' ', ' ', ' ', ' ', ' ']
[' ', ' ', ' ', ' ', ' ', ' ', ' ', ' ', ' ', ' ', ' ', ' ', ' ', ' ', ' ', ' ', ' ', ' ', ' ', ' ', ' ']
[' ', ' ', ' ', 'C', ' ', ' ', ' ', ' ', ' ', ' ', ' ', ' ', ' ', ' ', ' ', ' ', ' ', ' ', ' ', ' ', ' ']
[' ', ' ', ' ', ' ', ' ', ' ', ' ', ' ', ' ', ' ', ' ', ' ', ' ', ' ', ' ', ' ', ' ', ' ', ' ', ' ', ' ']
[' ', ' ', ' ', ' ', 'D', ' ', ' ', ' ', ' ', ' ', ' ', ' ', ' ', ' ', ' ', ' ', ' ', ' ', ' ', ' ', ' ']
[' ', ' ', ' ', ' ', ' ', ' ', 'E', ' ', ' ', ' ', ' ', 'H', ' ', ' ', ' ', ' ', ' ', ' ', ' ', ' ', ' ']
[' ', ' ', ' ', ' ', ' ', ' ', ' ', 'A', ' ', ' ', ' ', ' ', ' ', ' ', ' ', ' ', ' ', ' ', ' ', ' ', ' ']
[' ', ' ', ' ', ' ', ' ', ' ', ' ', ' ', ' ', ' ', ' ', ' ', ' ', ' ', ' ', ' ', ' ', ' ', ' ', ' ', ' ']
[' ', ' ', ' ', ' ', ' ', ' ', 'F', ' ', ' ', ' ', ' ', ' ', ' ', ' ', ' ', ' ', ' ', ' ', ' ', ' ', ' ']
✅ pass: every
