 {'dump': False, 'file': '../../data/repgrid1.csv', 'go': 'all', 'help': False, 'p': 2.0, 'seed': 937162211.0}
✅ pass: the
b4 {'a': 1, 'b': {'c': 2, 'd': 3}}
after {'a': 1, 'b': {'c': 2, 'd': 10000}}
✅ pass: copy
✅ pass: sym
✅ pass: num
{'at': 0, 'hi': 5, 'id': 140661243479488, 'lo': 1, 'm2': 12.833333333333332, 'mu': 3.8333333333333335, 'n': 6, 'txt': 'Num1', 'w': 1}
{'at': 1, 'hi': 5, 'id': 140661243479936, 'lo': 1, 'm2': 14.833333333333336, 'mu': 2.8333333333333335, 'n': 6, 'txt': 'Num2', 'w': 1}
{'at': 2, 'hi': 5, 'id': 140661243480384, 'lo': 3, 'm2': 3.5, 'mu': 3.5, 'n': 6, 'txt': 'Num3', 'w': 1}
{'at': 3, 'hi': 5, 'id': 140661243479296, 'lo': 2, 'm2': 6.833333333333334, 'mu': 3.166666666666667, 'n': 6, 'txt': 'Num4', 'w': 1}
{'at': 4, 'hi': 5, 'id': 140661243481024, 'lo': 1, 'm2': 12.833333333333336, 'mu': 3.1666666666666665, 'n': 6, 'txt': 'Num5', 'w': 1}
{'at': 5, 'hi': 5, 'id': 140661243486080, 'lo': 1, 'm2': 10.833333333333334, 'mu': 2.833333333333333, 'n': 6, 'txt': 'Num6', 'w': 1}
{'at': 6, 'hi': 4, 'id': 140661243486464, 'lo': 1, 'm2': 4.833333333333333, 'mu': 2.1666666666666665, 'n': 6, 'txt': 'Num7', 'w': 1}
{'at': 7, 'hi': 5, 'id': 140661243478400, 'lo': 1, 'm2': 8.833333333333334, 'mu': 2.833333333333333, 'n': 6, 'txt': 'Num8', 'w': 1}
{'at': 8, 'hi': 5, 'id': 140661243424448, 'lo': 1, 'm2': 11.333333333333332, 'mu': 3.3333333333333335, 'n': 6, 'txt': 'Num9', 'w': 1}
{'at': 9, 'has': {}, 'id': 140661244421760, 'mode': None, 'most': 0, 'n': 0, 'txt': 'thingX'}
{'cells': [1, 2, 3, 5, 2, 5, 2, 5, 1, 'No comeic effect:Comedy'], 'id': 140661243427136}
{'cells': [5, 4, 4, 2, 3, 1, 2, 1, 4, 'Easy to watch:Full of Suspense'], 'id': 140661243427840}
{'cells': [3, 1, 3, 4, 5, 4, 2, 3, 2, 'fake:realistic'], 'id': 140661243428160}
{'cells': [4, 5, 3, 3, 1, 2, 4, 3, 4, 'No novelty:Novel'], 'id': 140661243485504}
{'cells': [5, 4, 3, 2, 3, 2, 2, 2, 4, 'Family Friendly:Violent'], 'id': 140661243486336}
{'cells': [5, 1, 5, 3, 5, 3, 1, 3, 5, 'weak connection to previous seasons:strong connection'], 'id': 140661243486400}
✅ pass: repcols
68
|..62
|..|..No novelty:Novel
|..|..67
|..|..|..No comeic effect:Comedy
|..|..|..Family Friendly:Violent
|..48
|..|..weak connection to previous seasons:strong connection
|..|..56
|..|..|..fake:realistic
|..|..|..Easy to watch:Full of Suspense
✅ pass: synonymns
{'at': 0, 'hi': 5, 'id': 140661243493632, 'lo': 1, 'm2': 22.88888888888889, 'mu': 2.888888888888889, 'n': 9, 'txt': 'No comeic effect:Comedy', 'w': 1}
{'at': 1, 'hi': 5, 'id': 140661243493504, 'lo': 1, 'm2': 16.888888888888893, 'mu': 2.8888888888888893, 'n': 9, 'txt': 'Easy to watch:Full of Suspense', 'w': 1}
{'at': 2, 'has': {3: 3, 1: 1, 4: 2, 5: 1, 2: 2}, 'id': 140661243493440, 'mode': 3, 'most': 3, 'n': 9, 'txt': 'fake:realistic'}
{'at': 3, 'hi': 5, 'id': 140661243491456, 'lo': 1, 'm2': 11.555555555555555, 'mu': 3.2222222222222223, 'n': 9, 'txt': 'No novelty:Novel', 'w': 1}
{'at': 4, 'hi': 5, 'id': 140661243491840, 'lo': 2, 'm2': 10.0, 'mu': 3.0, 'n': 9, 'txt': 'Family Friendly:Violent', 'w': 1}
{'at': 5, 'has': {5: 4, 1: 2, 3: 3}, 'id': 140661243491776, 'mode': 5, 'most': 4, 'n': 9, 'txt': 'weak connection to previous seasons:strong connection'}
{'at': 6, 'has': {}, 'id': 140661243491520, 'mode': None, 'most': 0, 'n': 0, 'txt': 'thingX'}
{'cells': [1, 5, 3, 4, 5, 5, 'Breaking Bad'], 'id': 140661243491968}
{'cells': [2, 4, 1, 5, 4, 1, 'Black Mirror'], 'id': 140661243492096}
{'cells': [3, 4, 3, 3, 3, 5, 'Better Call Saul'], 'id': 140661243492160}
{'cells': [5, 2, 4, 3, 2, 3, 'Brooklyn 99'], 'id': 140661243492352}
{'cells': [2, 3, 5, 1, 3, 5, 'The Crown'], 'id': 140661243492416}
{'cells': [5, 1, 4, 2, 2, 3, 'Friends'], 'id': 140661243492480}
{'cells': [2, 2, 2, 4, 2, 1, 'The Bachelor'], 'id': 140661243492544}
{'cells': [5, 1, 3, 3, 2, 3, 'The Office'], 'id': 140661243492288}
{'cells': [1, 4, 2, 4, 4, 5, 'You'], 'id': 140661243492224}
✅ pass: reprows
88
|..66
|..|..14
|..|..|..Brooklyn 99
|..|..|..Friends
|..|..67
|..|..|..The Bachelor
|..|..|..The Office
|..62
|..|..62
|..|..|..Breaking Bad
|..|..|..Black Mirror
|..|..55
|..|..|..The Crown
|..|..|..49
|..|..|..|..You
|..|..|..|..Better Call Saul
✅ pass: prototypes

A Breaking Bad
B Black Mirror
C Better Call Saul
D Brooklyn 99
E The Crown
F Friends
G The Bachelor
H The Office
I You

['D', ' ', ' ', ' ', ' ', ' ', ' ', ' ', ' ', ' ', ' ', ' ', ' ', ' ', ' ', ' ', ' ', 'A', ' ', ' ', ' ']
[' ', ' ', ' ', ' ', ' ', ' ', ' ', ' ', ' ', ' ', ' ', ' ', ' ', ' ', ' ', ' ', ' ', ' ', ' ', ' ', ' ']
['F', ' ', ' ', ' ', ' ', ' ', ' ', ' ', ' ', ' ', ' ', ' ', ' ', ' ', ' ', ' ', ' ', ' ', ' ', ' ', ' ']
[' ', ' ', ' ', ' ', ' ', ' ', ' ', ' ', ' ', ' ', ' ', ' ', ' ', ' ', ' ', ' ', ' ', ' ', ' ', ' ', ' ']
[' ', ' ', ' ', ' ', ' ', ' ', ' ', ' ', ' ', ' ', ' ', ' ', ' ', ' ', ' ', ' ', ' ', ' ', ' ', ' ', ' ']
[' ', ' ', ' ', ' ', ' ', ' ', ' ', ' ', ' ', ' ', ' ', ' ', 'C', ' ', ' ', ' ', ' ', ' ', ' ', ' ', ' ']
[' ', ' ', ' ', ' ', ' ', ' ', ' ', ' ', ' ', ' ', ' ', ' ', ' ', ' ', ' ', ' ', ' ', ' ', ' ', ' ', ' ']
[' ', ' ', ' ', 'H', ' ', ' ', ' ', ' ', ' ', ' ', ' ', ' ', ' ', 'I', ' ', ' ', ' ', ' ', ' ', ' ', ' ']
[' ', ' ', ' ', ' ', ' ', ' ', ' ', ' ', ' ', ' ', ' ', ' ', ' ', ' ', ' ', ' ', ' ', ' ', ' ', ' ', ' ']
[' ', ' ', ' ', ' ', ' ', ' ', ' ', ' ', ' ', ' ', 'E', ' ', ' ', ' ', ' ', ' ', ' ', ' ', ' ', ' ', ' ']
[' ', ' ', ' ', ' ', ' ', ' ', ' ', ' ', ' ', ' ', ' ', 'B', ' ', ' ', ' ', ' ', ' ', ' ', ' ', ' ', ' ']
[' ', ' ', ' ', ' ', ' ', ' ', 'G', ' ', ' ', ' ', ' ', ' ', ' ', ' ', ' ', ' ', ' ', ' ', ' ', ' ', ' ']
✅ pass: position
78
|..69
|..|..67
|..|..|..The Bachelor
|..|..|..The Office
|..|..14
|..|..|..Friends
|..|..|..Brooklyn 99
|..62
|..|..62
|..|..|..Breaking Bad
|..|..|..Black Mirror
|..|..55
|..|..|..The Crown
|..|..|..49
|..|..|..|..You
|..|..|..|..Better Call Saul
75
|..45
|..|..Easy to watch:Full of Suspense
|..|..50
|..|..|..weak connection to previous seasons:strong connection
|..|..|..Family Friendly:Violent
|..62
|..|..No comeic effect:Comedy
|..|..59
|..|..|..No novelty:Novel
|..|..|..fake:realistic

A Breaking Bad
B Black Mirror
C Better Call Saul
D Brooklyn 99
E The Crown
F Friends
G The Bachelor
H The Office
I You

['G', ' ', ' ', ' ', ' ', ' ', ' ', ' ', ' ', ' ', ' ', ' ', ' ', ' ', ' ', 'A', ' ', ' ', ' ', ' ', ' ']
[' ', ' ', ' ', ' ', ' ', ' ', ' ', ' ', ' ', ' ', ' ', ' ', ' ', ' ', ' ', ' ', ' ', ' ', ' ', ' ', ' ']
[' ', ' ', ' ', ' ', ' ', ' ', ' ', ' ', ' ', ' ', ' ', ' ', ' ', ' ', ' ', ' ', ' ', ' ', ' ', ' ', ' ']
[' ', ' ', ' ', ' ', ' ', ' ', ' ', ' ', ' ', ' ', ' ', ' ', ' ', ' ', ' ', ' ', ' ', ' ', ' ', ' ', ' ']
[' ', ' ', ' ', ' ', ' ', ' ', ' ', ' ', ' ', ' ', ' ', ' ', ' ', ' ', ' ', ' ', ' ', ' ', ' ', ' ', ' ']
[' ', ' ', ' ', ' ', ' ', ' ', ' ', ' ', ' ', 'I', ' ', ' ', ' ', ' ', ' ', ' ', ' ', ' ', ' ', ' ', ' ']
[' ', ' ', ' ', ' ', ' ', ' ', ' ', ' ', ' ', ' ', ' ', 'C', ' ', ' ', ' ', ' ', ' ', ' ', ' ', ' ', ' ']
[' ', ' ', ' ', ' ', ' ', ' ', ' ', ' ', ' ', ' ', ' ', ' ', ' ', ' ', ' ', ' ', ' ', ' ', ' ', ' ', ' ']
[' ', ' ', ' ', ' ', ' ', ' ', 'B', ' ', ' ', ' ', ' ', ' ', ' ', ' ', ' ', ' ', ' ', ' ', ' ', ' ', ' ']
[' ', ' ', ' ', ' ', ' ', ' ', ' ', ' ', ' ', ' ', ' ', ' ', ' ', ' ', ' ', ' ', ' ', ' ', ' ', ' ', ' ']
[' ', ' ', ' ', ' ', ' ', ' ', ' ', ' ', 'E', ' ', ' ', ' ', ' ', ' ', ' ', ' ', ' ', ' ', ' ', ' ', ' ']
[' ', ' ', ' ', ' ', ' ', ' ', ' ', ' ', ' ', ' ', ' ', ' ', ' ', ' ', ' ', ' ', ' ', ' ', ' ', ' ', ' ']
[' ', ' ', ' ', 'D', 'H', ' ', ' ', ' ', ' ', ' ', ' ', ' ', ' ', ' ', ' ', ' ', ' ', ' ', ' ', ' ', ' ']
[' ', ' ', 'F', ' ', ' ', ' ', ' ', ' ', ' ', ' ', ' ', ' ', ' ', ' ', ' ', ' ', ' ', ' ', ' ', ' ', ' ']
✅ pass: every
