{'dump': False, 'file': '../../data/repgrid2.csv', 'go': 'all', 'help': False, 'p': 2.0, 'seed': 937162211.0}
✅ pass: the
b4 {'a': 1, 'b': {'c': 2, 'd': 3}}
after {'a': 1, 'b': {'c': 2, 'd': 10000}}
✅ pass: copy
✅ pass: sym
✅ pass: num
{'at': 0, 'hi': 4, 'id': 140417381772800, 'lo': 1, 'm2': 6.833333333333333, 'mu': 2.8333333333333335, 'n': 6, 'txt': 'Num1', 'w': 1}
{'at': 1, 'hi': 5, 'id': 140417381773248, 'lo': 1, 'm2': 9.5, 'mu': 2.5, 'n': 6, 'txt': 'Num2', 'w': 1}
{'at': 2, 'hi': 5, 'id': 140417381773696, 'lo': 1, 'm2': 10.833333333333336, 'mu': 2.8333333333333335, 'n': 6, 'txt': 'Num3', 'w': 1}
{'at': 3, 'hi': 4, 'id': 140417381772608, 'lo': 2, 'm2': 4.0, 'mu': 3.0, 'n': 6, 'txt': 'Num4', 'w': 1}
{'at': 4, 'hi': 5, 'id': 140417381774336, 'lo': 2, 'm2': 7.5, 'mu': 3.5, 'n': 6, 'txt': 'Num5', 'w': 1}
{'at': 5, 'hi': 4, 'id': 140417381861312, 'lo': 2, 'm2': 4.0, 'mu': 3.0, 'n': 6, 'txt': 'Num6', 'w': 1}
{'at': 6, 'hi': 5, 'id': 140417381861696, 'lo': 2, 'm2': 8.0, 'mu': 3.0, 'n': 6, 'txt': 'Num7', 'w': 1}
{'at': 7, 'hi': 4, 'id': 140417381771712, 'lo': 2, 'm2': 2.8333333333333335, 'mu': 2.8333333333333335, 'n': 6, 'txt': 'Num8', 'w': 1}
{'at': 8, 'hi': 4, 'id': 140417381766976, 'lo': 1, 'm2': 13.5, 'mu': 2.5, 'n': 6, 'txt': 'Num9', 'w': 1}
{'at': 9, 'has': {}, 'id': 140417382622848, 'mode': None, 'most': 0, 'n': 0, 'txt': 'thingX'}
{'cells': [3, 2, 4, 2, 4, 2, 2, 2, 4, 'short episode:long episode'], 'id': 140417381769664}
{'cells': [2, 3, 3, 4, 4, 4, 5, 4, 1, 'sad:happy'], 'id': 140417381770368}
{'cells': [3, 5, 5, 3, 2, 4, 3, 3, 1, 'fake:realistic'], 'id': 140417381770688}
{'cells': [4, 2, 2, 2, 2, 2, 2, 3, 4, 'no concern:high concern'], 'id': 140417381860736}
{'cells': [1, 2, 2, 4, 5, 3, 4, 3, 1, 'no comedy:comedy'], 'id': 140417381861568}
{'cells': [4, 1, 1, 3, 4, 3, 2, 2, 4, 'weak connection to previous seasons:strong connection'], 'id': 140417381861632}
✅ pass: repcols
76
|..38
|..|..no concern:high concern
|..|..37
|..|..|..weak connection to previous seasons:strong connection
|..|..|..short episode:long episode
|..47
|..|..no comedy:comedy
|..|..47
|..|..|..fake:realistic
|..|..|..sad:happy
✅ pass: synonymns
{'at': 0, 'has': {3: 1, 2: 5, 4: 3}, 'id': 140417381868864, 'mode': 2, 'most': 5, 'n': 9, 'txt': 'short episode:long episode'}
{'at': 1, 'has': {2: 1, 3: 2, 4: 4, 5: 1, 1: 1}, 'id': 140417381868672, 'mode': 4, 'most': 4, 'n': 9, 'txt': 'sad:happy'}
{'at': 2, 'has': {3: 4, 5: 2, 2: 1, 4: 1, 1: 1}, 'id': 140417381866688, 'mode': 3, 'most': 4, 'n': 9, 'txt': 'fake:realistic'}
{'at': 3, 'has': {4: 2, 2: 6, 3: 1}, 'id': 140417381867008, 'mode': 2, 'most': 6, 'n': 9, 'txt': 'no concern:high concern'}
{'at': 4, 'has': {1: 2, 2: 2, 4: 2, 5: 1, 3: 2}, 'id': 140417381866752, 'mode': 2, 'most': 2, 'n': 9, 'txt': 'no comedy:comedy'}
{'at': 5, 'has': {4: 3, 1: 2, 3: 2, 2: 2}, 'id': 140417381867200, 'mode': 4, 'most': 3, 'n': 9, 'txt': 'weak connection to previous seasons:strong connection'}
{'at': 6, 'has': {}, 'id': 140417381867392, 'mode': None, 'most': 0, 'n': 0, 'txt': 'thingX'}
{'cells': [3, 2, 3, 4, 1, 4, 'You'], 'id': 140417381867648}
{'cells': [2, 3, 5, 2, 2, 1, 'The Bachelor'], 'id': 140417381867712}
{'cells': [4, 3, 5, 2, 2, 1, 'Love is Blind'], 'id': 140417381867776}
{'cells': [2, 4, 3, 2, 4, 3, 'Trailer Park Boys'], 'id': 140417381867520}
{'cells': [4, 4, 2, 2, 5, 4, 'East Bound & Down'], 'id': 140417381867456}
{'cells': [2, 4, 4, 2, 3, 3, 'New Girl'], 'id': 140417381865280}
{'cells': [2, 5, 3, 2, 4, 2, 'The Office'], 'id': 140417381865408}
{'cells': [2, 4, 3, 3, 3, 2, 'Parks and Recreation'], 'id': 140417381865664}
{'cells': [4, 1, 1, 4, 1, 4, 'The Haunting of Hill House'], 'id': 140417381865792}
✅ pass: reprows
100
|..71
|..|..58
|..|..|..Trailer Park Boys
|..|..|..New Girl
|..|..71
|..|..|..Parks and Recreation
|..|..|..The Office
|..100
|..|..71
|..|..|..The Haunting of Hill House
|..|..|..You
|..|..91
|..|..|..The Bachelor
|..|..|..82
|..|..|..|..East Bound & Down
|..|..|..|..Love is Blind
✅ pass: prototypes

A You
B The Bachelor
C Love is Blind
D Trailer Park Boys
E East Bound & Down
F New Girl
G The Office
H Parks and Recreation
I The Haunting of Hill House

['D', ' ', ' ', ' ', ' ', ' ', ' ', ' ', ' ', ' ', ' ', ' ', ' ', ' ', ' ', ' ', ' ', ' ', ' ', ' ', 'I']
[' ', ' ', ' ', ' ', ' ', ' ', ' ', ' ', ' ', ' ', ' ', ' ', ' ', ' ', ' ', ' ', ' ', ' ', ' ', ' ', ' ']
[' ', ' ', ' ', ' ', ' ', ' ', ' ', ' ', ' ', ' ', ' ', ' ', ' ', ' ', ' ', ' ', ' ', ' ', ' ', ' ', ' ']
[' ', ' ', ' ', ' ', ' ', ' ', ' ', ' ', ' ', ' ', ' ', ' ', ' ', ' ', ' ', ' ', ' ', ' ', ' ', ' ', ' ']
[' ', ' ', ' ', ' ', ' ', ' ', ' ', ' ', ' ', ' ', ' ', ' ', ' ', ' ', ' ', ' ', ' ', ' ', ' ', ' ', ' ']
[' ', ' ', ' ', ' ', ' ', ' ', ' ', ' ', ' ', ' ', ' ', ' ', ' ', ' ', ' ', ' ', ' ', ' ', ' ', ' ', ' ']
[' ', ' ', ' ', ' ', ' ', ' ', ' ', ' ', ' ', ' ', ' ', ' ', ' ', ' ', ' ', ' ', ' ', ' ', ' ', ' ', ' ']
[' ', ' ', ' ', ' ', ' ', ' ', ' ', ' ', ' ', ' ', ' ', ' ', ' ', ' ', ' ', ' ', ' ', ' ', ' ', ' ', ' ']
[' ', ' ', ' ', ' ', ' ', ' ', ' ', ' ', ' ', ' ', ' ', ' ', ' ', ' ', ' ', ' ', ' ', ' ', ' ', ' ', ' ']
[' ', ' ', ' ', ' ', ' ', ' ', ' ', ' ', ' ', ' ', ' ', ' ', ' ', ' ', ' ', ' ', ' ', ' ', ' ', ' ', ' ']
[' ', ' ', ' ', ' ', ' ', ' ', ' ', ' ', ' ', ' ', ' ', ' ', ' ', ' ', ' ', ' ', ' ', ' ', ' ', ' ', ' ']
[' ', ' ', ' ', 'G', ' ', ' ', ' ', ' ', ' ', ' ', ' ', ' ', ' ', ' ', ' ', ' ', ' ', ' ', ' ', ' ', ' ']
[' ', ' ', ' ', ' ', ' ', ' ', ' ', ' ', ' ', 'E', ' ', ' ', ' ', 'A', ' ', ' ', ' ', ' ', ' ', ' ', ' ']
[' ', ' ', ' ', ' ', ' ', 'H', ' ', ' ', ' ', ' ', ' ', ' ', ' ', ' ', ' ', ' ', ' ', ' ', ' ', ' ', ' ']
[' ', ' ', ' ', ' ', ' ', ' ', 'B', ' ', ' ', ' ', ' ', ' ', ' ', ' ', ' ', ' ', ' ', ' ', ' ', ' ', ' ']
[' ', ' ', ' ', ' ', ' ', ' ', ' ', ' ', ' ', ' ', 'C', ' ', ' ', ' ', ' ', ' ', ' ', ' ', ' ', ' ', ' ']
✅ pass: position
100
|..82
|..|..58
|..|..|..The Office
|..|..|..Trailer Park Boys
|..|..91
|..|..|..The Bachelor
|..|..|..Parks and Recreation
|..100
|..|..71
|..|..|..The Haunting of Hill House
|..|..|..You
|..|..91
|..|..|..New Girl
|..|..|..82
|..|..|..|..Love is Blind
|..|..|..|..East Bound & Down
76
|..47
|..|..sad:happy
|..|..59
|..|..|..fake:realistic
|..|..|..no comedy:comedy
|..38
|..|..no concern:high concern
|..|..37
|..|..|..weak connection to previous seasons:strong connection
|..|..|..short episode:long episode

A You
B The Bachelor
C Love is Blind
D Trailer Park Boys
E East Bound & Down
F New Girl
G The Office
H Parks and Recreation
I The Haunting of Hill House

['G', ' ', ' ', ' ', ' ', ' ', ' ', ' ', ' ', ' ', ' ', ' ', ' ', ' ', ' ', ' ', ' ', ' ', ' ', ' ', 'I']
[' ', ' ', ' ', ' ', ' ', ' ', ' ', ' ', ' ', ' ', ' ', ' ', ' ', ' ', ' ', ' ', ' ', ' ', ' ', ' ', ' ']
[' ', ' ', ' ', ' ', ' ', ' ', ' ', ' ', ' ', ' ', ' ', ' ', ' ', ' ', ' ', ' ', ' ', ' ', ' ', ' ', ' ']
[' ', ' ', ' ', ' ', ' ', ' ', ' ', ' ', ' ', ' ', ' ', ' ', ' ', ' ', ' ', ' ', ' ', ' ', ' ', ' ', ' ']
[' ', ' ', ' ', ' ', ' ', ' ', ' ', ' ', ' ', ' ', ' ', ' ', ' ', ' ', ' ', ' ', ' ', ' ', ' ', ' ', ' ']
[' ', ' ', ' ', ' ', ' ', ' ', ' ', ' ', ' ', ' ', ' ', ' ', ' ', ' ', ' ', ' ', ' ', ' ', ' ', ' ', ' ']
[' ', ' ', ' ', ' ', ' ', ' ', ' ', ' ', ' ', ' ', ' ', ' ', ' ', ' ', ' ', ' ', ' ', ' ', ' ', ' ', ' ']
[' ', ' ', ' ', ' ', ' ', ' ', ' ', ' ', ' ', ' ', ' ', ' ', ' ', ' ', ' ', ' ', ' ', ' ', ' ', ' ', ' ']
[' ', ' ', ' ', ' ', ' ', ' ', ' ', ' ', ' ', ' ', ' ', ' ', ' ', ' ', ' ', ' ', ' ', ' ', ' ', ' ', ' ']
[' ', ' ', ' ', ' ', ' ', ' ', ' ', ' ', ' ', ' ', ' ', ' ', ' ', ' ', ' ', ' ', ' ', ' ', ' ', ' ', ' ']
[' ', ' ', ' ', ' ', ' ', ' ', ' ', ' ', ' ', ' ', ' ', ' ', ' ', ' ', ' ', ' ', ' ', ' ', ' ', ' ', ' ']
[' ', ' ', ' ', 'D', ' ', ' ', ' ', ' ', ' ', ' ', ' ', ' ', ' ', ' ', ' ', ' ', ' ', ' ', ' ', ' ', ' ']
[' ', ' ', ' ', ' ', ' ', ' ', ' ', ' ', ' ', ' ', ' ', ' ', ' ', 'A', ' ', ' ', ' ', ' ', ' ', ' ', ' ']
[' ', ' ', ' ', ' ', ' ', 'H', ' ', ' ', ' ', ' ', ' ', ' ', ' ', ' ', ' ', ' ', ' ', ' ', ' ', ' ', ' ']
[' ', ' ', ' ', ' ', ' ', ' ', 'F', ' ', ' ', ' ', ' ', 'E', ' ', ' ', ' ', ' ', ' ', ' ', ' ', ' ', ' ']
[' ', ' ', ' ', ' ', ' ', ' ', ' ', ' ', ' ', ' ', 'C', ' ', ' ', ' ', ' ', ' ', ' ', ' ', ' ', ' ', ' ']
✅ pass: every
