{'dump': False, 'file': '../../data/repgrid5.csv', 'go': 'all', 'help': False, 'p': 2.0, 'seed': 937162211.0}
✅ pass: the
b4 {'a': 1, 'b': {'c': 2, 'd': 3}}
after {'a': 1, 'b': {'c': 2, 'd': 10000}}
✅ pass: copy
✅ pass: sym
✅ pass: num
{'at': 0, 'hi': 4, 'id': 139867157480896, 'lo': 2, 'm2': 4.833333333333333, 'mu': 3.166666666666667, 'n': 6, 'txt': 'Num1', 'w': 1}
{'at': 1, 'hi': 5, 'id': 139867157481344, 'lo': 2, 'm2': 9.333333333333332, 'mu': 3.3333333333333335, 'n': 6, 'txt': 'Num2', 'w': 1}
{'at': 2, 'hi': 3, 'id': 139867157481792, 'lo': 2, 'm2': 1.333333333333333, 'mu': 2.666666666666667, 'n': 6, 'txt': 'Num3', 'w': 1}
{'at': 3, 'hi': 5, 'id': 139867157480704, 'lo': 2, 'm2': 8.0, 'mu': 3.0, 'n': 6, 'txt': 'Num4', 'w': 1}
{'at': 4, 'hi': 4, 'id': 139867157482432, 'lo': 2, 'm2': 2.8333333333333335, 'mu': 3.1666666666666665, 'n': 6, 'txt': 'Num5', 'w': 1}
{'at': 5, 'hi': 5, 'id': 139867157487360, 'lo': 2, 'm2': 5.333333333333333, 'mu': 3.3333333333333335, 'n': 6, 'txt': 'Num6', 'w': 1}
{'at': 6, 'hi': 4, 'id': 139867157487744, 'lo': 2, 'm2': 2.833333333333333, 'mu': 2.833333333333333, 'n': 6, 'txt': 'Num7', 'w': 1}
{'at': 7, 'hi': 4, 'id': 139867157479808, 'lo': 2, 'm2': 3.3333333333333335, 'mu': 2.666666666666667, 'n': 6, 'txt': 'Num8', 'w': 1}
{'at': 8, 'hi': 5, 'id': 139867157425920, 'lo': 2, 'm2': 7.499999999999998, 'mu': 3.5, 'n': 6, 'txt': 'Num9', 'w': 1}
{'at': 9, 'has': {}, 'id': 139867158439552, 'mode': None, 'most': 0, 'n': 0, 'txt': 'thingX'}
{'cells': [2, 3, 3, 2, 4, 4, 3, 3, 5, 'poor visual effect:good visual'], 'id': 139867157428608}
{'cells': [4, 5, 2, 2, 3, 3, 2, 2, 4, 'Easy to watch:Full of Suspense'], 'id': 139867157429312}
{'cells': [4, 2, 3, 5, 2, 3, 4, 4, 2, 'short total length:long'], 'id': 139867157429632}
{'cells': [2, 3, 2, 4, 3, 2, 3, 2, 4, 'not much diversity:diversity'], 'id': 139867157486784}
{'cells': [4, 5, 3, 2, 3, 3, 2, 2, 4, 'Family Friendly:violent'], 'id': 139867157487616}
{'cells': [3, 2, 3, 3, 4, 5, 3, 3, 2, 'normal characters:good looking characters'], 'id': 139867157487680}
✅ pass: repcols
69
|..53
|..|..not much diversity:diversity
|..|..62
|..|..|..poor visual effect:good visual
|..|..|..Easy to watch:Full of Suspense
|..72
|..|..short total length:long
|..|..58
|..|..|..Family Friendly:violent
|..|..|..normal characters:good looking characters
✅ pass: synonymns
{'at': 0, 'has': {2: 2, 3: 4, 4: 2, 5: 1}, 'id': 139867157494912, 'mode': 3, 'most': 4, 'n': 9, 'txt': 'poor visual effect:good visual'}
{'at': 1, 'hi': 5, 'id': 139867157494720, 'lo': 2, 'm2': 10.0, 'mu': 3.0000000000000004, 'n': 9, 'txt': 'Easy to watch:Full of Suspense', 'w': 1}
{'at': 2, 'has': {4: 3, 2: 3, 3: 2, 5: 1}, 'id': 139867157495040, 'mode': 4, 'most': 3, 'n': 9, 'txt': 'short total length:long'}
{'at': 3, 'has': {2: 4, 3: 3, 4: 2}, 'id': 139867157493120, 'mode': 2, 'most': 4, 'n': 9, 'txt': 'not much diversity:diversity'}
{'at': 4, 'hi': 5, 'id': 139867157493184, 'lo': 2, 'm2': 8.888888888888888, 'mu': 3.111111111111111, 'n': 9, 'txt': 'Family Friendly:violent', 'w': 1}
{'at': 5, 'has': {3: 5, 2: 2, 4: 1, 5: 1}, 'id': 139867157492800, 'mode': 3, 'most': 5, 'n': 9, 'txt': 'normal characters:good looking characters'}
{'at': 6, 'has': {}, 'id': 139867157493248, 'mode': None, 'most': 0, 'n': 0, 'txt': 'thingX'}
{'cells': [2, 4, 4, 2, 4, 3, 'Narcos'], 'id': 139867157493440}
{'cells': [3, 5, 2, 3, 5, 2, 'Beef'], 'id': 139867157493632}
{'cells': [3, 2, 3, 2, 3, 3, 'Ted Lasso'], 'id': 139867157493696}
{'cells': [2, 2, 5, 4, 2, 3, 'Greys Anatomy'], 'id': 139867157493760}
{'cells': [4, 3, 2, 3, 3, 4, 'Moonknight'], 'id': 139867157493824}
{'cells': [4, 3, 3, 2, 3, 5, 'Loki'], 'id': 139867157493568}
{'cells': [3, 2, 4, 3, 2, 3, 'Schitts Creek'], 'id': 139867157493504}
{'cells': [3, 2, 4, 2, 2, 3, 'New Girl'], 'id': 139867157491328}
{'cells': [5, 4, 2, 4, 4, 2, 'The Last of Us'], 'id': 139867157491456}
✅ pass: reprows
100
|..72
|..|..69
|..|..|..Greys Anatomy
|..|..|..Narcos
|..|..43
|..|..|..Ted Lasso
|..|..|..New Girl
|..90
|..|..61
|..|..|..Beef
|..|..|..The Last of Us
|..|..84
|..|..|..Loki
|..|..|..73
|..|..|..|..Schitts Creek
|..|..|..|..Moonknight
✅ pass: prototypes

A Narcos
B Beef
C Ted Lasso
D Greys Anatomy
E Moonknight
F Loki
G Schitts Creek
H New Girl
I The Last of Us

['D', ' ', ' ', ' ', ' ', ' ', ' ', ' ', ' ', ' ', ' ', ' ', ' ', ' ', ' ', ' ', ' ', ' ', ' ', ' ', 'B']
[' ', ' ', ' ', ' ', ' ', ' ', ' ', ' ', ' ', ' ', ' ', ' ', ' ', ' ', ' ', ' ', ' ', ' ', ' ', ' ', ' ']
[' ', ' ', ' ', ' ', ' ', ' ', ' ', ' ', ' ', ' ', ' ', ' ', ' ', ' ', ' ', ' ', ' ', ' ', ' ', ' ', ' ']
[' ', ' ', ' ', ' ', ' ', ' ', ' ', ' ', ' ', ' ', ' ', ' ', ' ', ' ', ' ', ' ', ' ', ' ', ' ', ' ', ' ']
[' ', ' ', ' ', ' ', ' ', ' ', ' ', ' ', ' ', ' ', ' ', ' ', ' ', ' ', ' ', ' ', ' ', ' ', ' ', ' ', ' ']
[' ', ' ', ' ', ' ', ' ', ' ', ' ', ' ', ' ', ' ', ' ', ' ', ' ', ' ', ' ', ' ', ' ', ' ', ' ', ' ', ' ']
[' ', ' ', ' ', ' ', ' ', ' ', ' ', ' ', ' ', ' ', ' ', ' ', ' ', ' ', ' ', ' ', ' ', ' ', ' ', ' ', ' ']
[' ', ' ', ' ', ' ', ' ', ' ', ' ', ' ', ' ', ' ', ' ', ' ', ' ', ' ', ' ', ' ', ' ', ' ', ' ', ' ', ' ']
[' ', ' ', ' ', ' ', ' ', ' ', ' ', ' ', ' ', ' ', ' ', ' ', ' ', ' ', ' ', ' ', ' ', ' ', ' ', ' ', ' ']
[' ', ' ', ' ', ' ', ' ', ' ', ' ', ' ', ' ', ' ', ' ', ' ', 'I', ' ', ' ', ' ', ' ', ' ', ' ', ' ', ' ']
[' ', ' ', ' ', ' ', ' ', ' ', ' ', ' ', ' ', ' ', ' ', ' ', ' ', ' ', ' ', ' ', ' ', ' ', ' ', ' ', ' ']
[' ', ' ', ' ', ' ', ' ', ' ', ' ', 'A', 'G', ' ', ' ', ' ', 'E', ' ', ' ', ' ', ' ', ' ', ' ', ' ', ' ']
[' ', ' ', ' ', ' ', ' ', ' ', 'H', 'C', ' ', ' ', ' ', ' ', ' ', ' ', ' ', ' ', ' ', ' ', ' ', ' ', ' ']
[' ', ' ', ' ', ' ', ' ', ' ', ' ', ' ', ' ', ' ', ' ', ' ', ' ', ' ', ' ', ' ', ' ', ' ', ' ', ' ', ' ']
[' ', ' ', ' ', ' ', ' ', ' ', ' ', ' ', 'F', ' ', ' ', ' ', ' ', ' ', ' ', ' ', ' ', ' ', ' ', ' ', ' ']
✅ pass: position
90
|..69
|..|..41
|..|..|..Schitts Creek
|..|..|..New Girl
|..|..65
|..|..|..Narcos
|..|..|..Ted Lasso
|..84
|..|..61
|..|..|..The Last of Us
|..|..|..Beef
|..|..84
|..|..|..Loki
|..|..|..84
|..|..|..|..Greys Anatomy
|..|..|..|..Moonknight
80
|..50
|..|..Easy to watch:Full of Suspense
|..|..60
|..|..|..not much diversity:diversity
|..|..|..Family Friendly:violent
|..72
|..|..short total length:long
|..|..42
|..|..|..poor visual effect:good visual
|..|..|..normal characters:good looking characters

A Narcos
B Beef
C Ted Lasso
D Greys Anatomy
E Moonknight
F Loki
G Schitts Creek
H New Girl
I The Last of Us

['G', ' ', ' ', ' ', ' ', ' ', ' ', ' ', ' ', ' ', ' ', ' ', ' ', ' ', ' ', ' ', ' ', ' ', 'I', ' ', ' ']
[' ', ' ', ' ', ' ', ' ', ' ', ' ', ' ', ' ', ' ', ' ', ' ', ' ', ' ', ' ', ' ', ' ', ' ', ' ', ' ', ' ']
[' ', ' ', ' ', ' ', ' ', ' ', ' ', ' ', ' ', ' ', ' ', ' ', ' ', ' ', ' ', ' ', ' ', ' ', ' ', ' ', ' ']
[' ', ' ', ' ', ' ', ' ', ' ', ' ', ' ', ' ', ' ', ' ', ' ', ' ', ' ', ' ', ' ', ' ', ' ', ' ', ' ', ' ']
[' ', ' ', ' ', ' ', ' ', ' ', ' ', ' ', ' ', ' ', ' ', ' ', ' ', ' ', ' ', ' ', ' ', ' ', ' ', ' ', ' ']
[' ', ' ', ' ', ' ', ' ', ' ', ' ', ' ', ' ', ' ', ' ', ' ', ' ', ' ', ' ', ' ', ' ', ' ', ' ', ' ', ' ']
[' ', ' ', ' ', ' ', ' ', ' ', ' ', ' ', ' ', ' ', ' ', ' ', ' ', ' ', ' ', ' ', ' ', ' ', ' ', ' ', ' ']
[' ', 'H', ' ', ' ', ' ', ' ', ' ', ' ', ' ', ' ', ' ', ' ', ' ', ' ', ' ', ' ', ' ', ' ', ' ', ' ', ' ']
[' ', ' ', ' ', ' ', ' ', ' ', ' ', ' ', ' ', ' ', ' ', ' ', ' ', ' ', ' ', ' ', ' ', ' ', ' ', ' ', ' ']
[' ', ' ', ' ', ' ', ' ', ' ', ' ', ' ', ' ', ' ', ' ', ' ', ' ', ' ', ' ', ' ', ' ', ' ', ' ', ' ', ' ']
[' ', ' ', ' ', ' ', 'C', ' ', ' ', ' ', ' ', ' ', ' ', ' ', 'B', ' ', ' ', ' ', ' ', ' ', ' ', ' ', ' ']
[' ', ' ', ' ', ' ', ' ', ' ', 'A', ' ', ' ', 'E', ' ', ' ', ' ', ' ', ' ', ' ', ' ', ' ', ' ', ' ', ' ']
[' ', ' ', ' ', ' ', ' ', ' ', ' ', 'D', ' ', ' ', ' ', ' ', ' ', ' ', ' ', ' ', ' ', ' ', ' ', ' ', ' ']
[' ', ' ', ' ', ' ', ' ', ' ', ' ', ' ', ' ', ' ', ' ', ' ', ' ', ' ', ' ', ' ', ' ', ' ', ' ', ' ', ' ']
[' ', ' ', ' ', ' ', ' ', ' ', ' ', ' ', ' ', 'F', ' ', ' ', ' ', ' ', ' ', ' ', ' ', ' ', ' ', ' ', ' ']
✅ pass: every
