{'dump': False, 'file': '../../data/repgrid3.csv', 'go': 'all', 'help': False, 'p': 2.0, 'seed': 937162211.0}
✅ pass: the
b4 {'a': 1, 'b': {'c': 2, 'd': 3}}
after {'a': 1, 'b': {'c': 2, 'd': 10000}}
✅ pass: copy
✅ pass: sym
✅ pass: num
{'at': 0, 'hi': 5, 'id': 140618853008832, 'lo': 1, 'm2': 15.5, 'mu': 3.5, 'n': 6, 'txt': 'Num1', 'w': 1}
{'at': 1, 'hi': 4, 'id': 140618853009280, 'lo': 1, 'm2': 8.0, 'mu': 3.0, 'n': 6, 'txt': 'Num2', 'w': 1}
{'at': 2, 'hi': 5, 'id': 140618853009728, 'lo': 3, 'm2': 3.5, 'mu': 3.5, 'n': 6, 'txt': 'Num3', 'w': 1}
{'at': 3, 'hi': 5, 'id': 140618853008640, 'lo': 2, 'm2': 7.333333333333332, 'mu': 3.333333333333333, 'n': 6, 'txt': 'Num4', 'w': 1}
{'at': 4, 'hi': 5, 'id': 140618853010368, 'lo': 2, 'm2': 9.333333333333332, 'mu': 3.3333333333333335, 'n': 6, 'txt': 'Num5', 'w': 1}
{'at': 5, 'hi': 4, 'id': 140618853015360, 'lo': 1, 'm2': 5.5, 'mu': 2.5, 'n': 6, 'txt': 'Num6', 'w': 1}
{'at': 6, 'hi': 5, 'id': 140618853015744, 'lo': 2, 'm2': 5.5, 'mu': 3.5, 'n': 6, 'txt': 'Num7', 'w': 1}
{'at': 7, 'hi': 4, 'id': 140618853007744, 'lo': 1, 'm2': 5.5, 'mu': 2.5, 'n': 6, 'txt': 'Num8', 'w': 1}
{'at': 8, 'hi': 4, 'id': 140618852953792, 'lo': 1, 'm2': 8.0, 'mu': 3.0, 'n': 6, 'txt': 'Num9', 'w': 1}
{'at': 9, 'has': {}, 'id': 140618853951104, 'mode': None, 'most': 0, 'n': 0, 'txt': 'thingX'}
{'cells': [1, 2, 3, 5, 2, 4, 5, 4, 3, 'No comeic effect:Comedy'], 'id': 140618852956480}
{'cells': [5, 4, 4, 2, 3, 1, 2, 1, 4, 'Easy to watch:Full of Suspense'], 'id': 140618852957184}
{'cells': [3, 4, 3, 4, 5, 3, 4, 2, 2, 'fake:realistic'], 'id': 140618852957504}
{'cells': [2, 3, 3, 4, 2, 2, 3, 3, 4, 'not much diversity:diversity'], 'id': 140618853014784}
{'cells': [5, 4, 3, 2, 3, 2, 3, 2, 4, 'Family Friendly:R-rated'], 'id': 140618853015616}
{'cells': [5, 1, 5, 3, 5, 3, 4, 3, 1, 'weak connection to previous seasons:strong connection'], 'id': 140618853015680}
✅ pass: repcols
69
|..39
|..|..not much diversity:diversity
|..|..67
|..|..|..No comeic effect:Comedy
|..|..|..Family Friendly:R-rated
|..68
|..|..weak connection to previous seasons:strong connection
|..|..56
|..|..|..Easy to watch:Full of Suspense
|..|..|..fake:realistic
✅ pass: synonymns
{'at': 0, 'hi': 5, 'id': 140618853022912, 'lo': 1, 'm2': 15.555555555555554, 'mu': 3.2222222222222223, 'n': 9, 'txt': 'No comeic effect:Comedy', 'w': 1}
{'at': 1, 'hi': 5, 'id': 140618853022784, 'lo': 1, 'm2': 16.888888888888893, 'mu': 2.8888888888888893, 'n': 9, 'txt': 'Easy to watch:Full of Suspense', 'w': 1}
{'at': 2, 'has': {3: 3, 4: 3, 5: 1, 2: 2}, 'id': 140618853022720, 'mode': 3, 'most': 3, 'n': 9, 'txt': 'fake:realistic'}
{'at': 3, 'has': {2: 3, 3: 4, 4: 2}, 'id': 140618853020736, 'mode': 3, 'most': 4, 'n': 9, 'txt': 'not much diversity:diversity'}
{'at': 4, 'hi': 5, 'id': 140618853021056, 'lo': 2, 'm2': 8.88888888888889, 'mu': 3.111111111111111, 'n': 9, 'txt': 'Family Friendly:R-rated', 'w': 1}
{'at': 5, 'has': {5: 3, 1: 2, 3: 3, 4: 1}, 'id': 140618853021184, 'mode': 5, 'most': 3, 'n': 9, 'txt': 'weak connection to previous seasons:strong connection'}
{'at': 6, 'has': {}, 'id': 140618853021312, 'mode': None, 'most': 0, 'n': 0, 'txt': 'thingX'}
{'cells': [1, 5, 3, 2, 5, 5, 'Breaking Bad'], 'id': 140618853021376}
{'cells': [2, 4, 4, 3, 4, 1, 'Beef'], 'id': 140618853021440}
{'cells': [3, 4, 3, 3, 3, 5, 'Better Call Saul'], 'id': 140618853021632}
{'cells': [5, 2, 4, 4, 2, 3, 'Brooklyn 99'], 'id': 140618853021696}
{'cells': [2, 3, 5, 2, 3, 5, 'The Crown'], 'id': 140618853021760}
{'cells': [4, 1, 3, 2, 2, 3, 'Friends'], 'id': 140618853021824}
{'cells': [5, 2, 4, 3, 3, 4, 'Schitts Creek'], 'id': 140618853021568}
{'cells': [4, 1, 2, 3, 2, 3, 'The Office'], 'id': 140618853021504}
{'cells': [3, 4, 2, 4, 4, 1, 'The Last of Us'], 'id': 140618853019328}
✅ pass: reprows
96
|..60
|..|..59
|..|..|..Brooklyn 99
|..|..|..Schitts Creek
|..|..58
|..|..|..Friends
|..|..|..The Office
|..76
|..|..54
|..|..|..Breaking Bad
|..|..|..The Crown
|..|..72
|..|..|..The Last of Us
|..|..|..60
|..|..|..|..Better Call Saul
|..|..|..|..Beef
✅ pass: prototypes

A Breaking Bad
B Beef
C Better Call Saul
D Brooklyn 99
E The Crown
F Friends
G Schitts Creek
H The Office
I The Last of Us

['D', ' ', ' ', ' ', ' ', ' ', ' ', ' ', ' ', ' ', ' ', ' ', ' ', ' ', ' ', ' ', ' ', ' ', ' ', 'A', ' ']
[' ', ' ', ' ', ' ', ' ', ' ', ' ', ' ', ' ', ' ', ' ', ' ', ' ', ' ', ' ', ' ', ' ', ' ', ' ', ' ', ' ']
[' ', ' ', ' ', ' ', ' ', ' ', ' ', ' ', ' ', ' ', ' ', ' ', ' ', ' ', ' ', ' ', ' ', ' ', ' ', ' ', ' ']
[' ', ' ', ' ', ' ', ' ', ' ', ' ', ' ', ' ', ' ', ' ', ' ', ' ', ' ', ' ', ' ', ' ', ' ', ' ', ' ', ' ']
[' ', ' ', ' ', ' ', ' ', ' ', ' ', ' ', ' ', ' ', ' ', ' ', ' ', ' ', ' ', ' ', ' ', ' ', ' ', ' ', ' ']
[' ', ' ', ' ', ' ', ' ', ' ', ' ', ' ', ' ', ' ', ' ', ' ', ' ', ' ', ' ', ' ', ' ', ' ', ' ', ' ', ' ']
[' ', ' ', ' ', ' ', ' ', ' ', ' ', ' ', ' ', ' ', ' ', ' ', ' ', ' ', ' ', ' ', ' ', ' ', ' ', ' ', ' ']
[' ', ' ', ' ', ' ', ' ', ' ', ' ', ' ', ' ', ' ', ' ', ' ', ' ', ' ', ' ', ' ', ' ', ' ', ' ', ' ', ' ']
[' ', ' ', ' ', ' ', ' ', ' ', ' ', ' ', ' ', ' ', ' ', ' ', 'C', 'E', ' ', ' ', ' ', ' ', ' ', ' ', ' ']
[' ', ' ', ' ', ' ', ' ', ' ', ' ', 'F', ' ', ' ', ' ', ' ', ' ', ' ', ' ', ' ', ' ', ' ', ' ', ' ', ' ']
[' ', ' ', ' ', ' ', 'G', ' ', ' ', ' ', 'I', ' ', ' ', ' ', ' ', ' ', ' ', ' ', ' ', ' ', ' ', ' ', ' ']
[' ', ' ', ' ', 'H', ' ', ' ', ' ', ' ', ' ', 'B', ' ', ' ', ' ', ' ', ' ', ' ', ' ', ' ', ' ', ' ', ' ']
✅ pass: position
91
|..61
|..|..57
|..|..|..Schitts Creek
|..|..|..Beef
|..|..60
|..|..|..The Office
|..|..|..Brooklyn 99
|..77
|..|..54
|..|..|..Breaking Bad
|..|..|..Better Call Saul
|..|..82
|..|..|..Friends
|..|..|..73
|..|..|..|..The Last of Us
|..|..|..|..The Crown
81
|..68
|..|..Easy to watch:Full of Suspense
|..|..66
|..|..|..weak connection to previous seasons:strong connection
|..|..|..Family Friendly:R-rated
|..54
|..|..No comeic effect:Comedy
|..|..47
|..|..|..fake:realistic
|..|..|..not much diversity:diversity

A Breaking Bad
B Beef
C Better Call Saul
D Brooklyn 99
E The Crown
F Friends
G Schitts Creek
H The Office
I The Last of Us

['G', ' ', ' ', ' ', ' ', ' ', ' ', ' ', ' ', ' ', ' ', ' ', ' ', ' ', ' ', ' ', ' ', ' ', 'A', ' ', ' ']
[' ', ' ', ' ', ' ', ' ', ' ', ' ', ' ', ' ', ' ', ' ', ' ', ' ', ' ', ' ', ' ', ' ', ' ', ' ', ' ', ' ']
[' ', ' ', ' ', ' ', ' ', ' ', ' ', ' ', ' ', ' ', ' ', ' ', ' ', ' ', ' ', ' ', ' ', ' ', ' ', ' ', ' ']
[' ', ' ', ' ', ' ', ' ', ' ', ' ', ' ', ' ', ' ', ' ', ' ', ' ', ' ', ' ', ' ', ' ', ' ', ' ', ' ', ' ']
[' ', ' ', ' ', ' ', ' ', ' ', ' ', ' ', ' ', ' ', ' ', ' ', ' ', ' ', ' ', ' ', ' ', ' ', ' ', ' ', ' ']
[' ', ' ', ' ', ' ', ' ', ' ', ' ', ' ', ' ', ' ', ' ', ' ', ' ', ' ', ' ', ' ', ' ', ' ', ' ', ' ', ' ']
[' ', ' ', ' ', ' ', ' ', ' ', ' ', ' ', ' ', ' ', ' ', ' ', ' ', ' ', ' ', ' ', ' ', ' ', ' ', ' ', ' ']
[' ', ' ', ' ', ' ', ' ', ' ', ' ', ' ', ' ', ' ', 'C', ' ', ' ', ' ', ' ', ' ', ' ', ' ', ' ', ' ', ' ']
[' ', ' ', ' ', ' ', ' ', ' ', ' ', ' ', ' ', ' ', ' ', ' ', ' ', ' ', ' ', ' ', ' ', ' ', ' ', ' ', ' ']
[' ', ' ', ' ', ' ', ' ', ' ', 'B', ' ', ' ', ' ', ' ', ' ', 'E', ' ', ' ', ' ', ' ', ' ', ' ', ' ', ' ']
[' ', ' ', ' ', ' ', ' ', ' ', ' ', ' ', ' ', ' ', ' ', ' ', ' ', ' ', ' ', ' ', ' ', ' ', ' ', ' ', ' ']
[' ', ' ', 'D', 'H', ' ', ' ', ' ', ' ', 'F', ' ', ' ', ' ', ' ', ' ', ' ', ' ', ' ', ' ', ' ', ' ', ' ']
[' ', ' ', ' ', ' ', ' ', ' ', ' ', ' ', ' ', 'I', ' ', ' ', ' ', ' ', ' ', ' ', ' ', ' ', ' ', ' ', ' ']
✅ pass: every
