/home/etlin/Documents/ncsu/spring2023_csc791_ase/ASE_spring23_proj/src/xpln1/../../data/coc1000.csv
-----------
explain = {: PMAT [[1.0, 2.0]]}
all               {: AEXP- 2.97 : RISK- 6.68 : PLEX- 3.05 : EFFORT- 30807.5 :LOC+ 1013.05} {: PLEX- 1.24 : EFFORT- 33883.81 :LOC+ 571.35 : AEXP- 1.2 : RISK- 6.37}
sway with 7 evals {: PLEX- 2.24 : AEXP- 3.0 : RISK- 4.41 : EFFORT- 33447.94 :LOC+ 942.88} {: RISK- 3.95 : EFFORT- 31806.55 :LOC+ 688.29 : AEXP- 1.12 : PLEX- 0.97}
xpln on 7 evals   {: AEXP- 3.03 : EFFORT- 32977.21 : RISK- 7.36 : PLEX- 2.99 :LOC+ 1007.43} {: EFFORT- 33630.14 :LOC+ 574.86 : RISK- 5.61 : PLEX- 1.3 : AEXP- 1.2}
sort with 1000 evals {: RISK- 4.76 : EFFORT- 36014.47 :LOC+ 1580.06 : PLEX- 1.35 : AEXP- 1.59} {: PLEX- 0.49 :LOC+ 285.21 : EFFORT- 18974.44 : AEXP- 0.62 : RISK- 4.56}

-----------
explain = {: PMAT [[4.0, 5.0]]}
all               {: AEXP- 2.97 : RISK- 6.68 : PLEX- 3.05 : EFFORT- 30807.5 :LOC+ 1013.05} {: PLEX- 1.24 : EFFORT- 33883.81 :LOC+ 571.35 : AEXP- 1.2 : RISK- 6.37}
sway with 6 evals {:LOC+ 1049.26 : EFFORT- 31116.45 : RISK- 4.48 : AEXP- 2.65 : PLEX- 3.16} {: RISK- 4.26 :LOC+ 617.07 : AEXP- 0.98 : PLEX- 0.93 : EFFORT- 29079.42}
xpln on 6 evals   {: EFFORT- 30885.13 :LOC+ 1017.62 : AEXP- 2.96 : RISK- 6.2 : PLEX- 3.06} {: AEXP- 1.16 : PLEX- 1.12 : RISK- 5.78 : EFFORT- 34046.0 :LOC+ 576.26}
sort with 1000 evals {: RISK- 4.42 : AEXP- 1.68 : EFFORT- 33913.48 :LOC+ 1542.16 : PLEX- 1.55} {: PLEX- 0.68 : RISK- 4.47 :LOC+ 271.53 : EFFORT- 17227.03 : AEXP- 0.6}

-----------
explain = {: PVOL [[2.0, 3.0]]}
all               {: AEXP- 2.97 : RISK- 6.68 : PLEX- 3.05 : EFFORT- 30807.5 :LOC+ 1013.05} {: PLEX- 1.24 : EFFORT- 33883.81 :LOC+ 571.35 : AEXP- 1.2 : RISK- 6.37}
sway with 6 evals {: AEXP- 2.94 : RISK- 3.23 :LOC+ 1030.48 : EFFORT- 22055.9 : PLEX- 3.26} {: PLEX- 1.37 : RISK- 3.41 :LOC+ 630.28 : EFFORT- 24107.32 : AEXP- 1.15}
xpln on 6 evals   {: EFFORT- 21159.78 : PLEX- 3.07 :LOC+ 937.95 : AEXP- 3.12 : RISK- 6.01} {: RISK- 5.45 : AEXP- 1.16 : EFFORT- 22008.1 :LOC+ 560.11 : PLEX- 1.21}
sort with 1000 evals {: RISK- 4.42 : AEXP- 1.68 : EFFORT- 33913.48 :LOC+ 1542.16 : PLEX- 1.55} {: PLEX- 0.68 : RISK- 4.47 :LOC+ 271.53 : EFFORT- 17227.03 : AEXP- 0.6}

-----------
explain = {: ACAP [[4.0, inf]]}
all               {: AEXP- 2.97 : RISK- 6.68 : PLEX- 3.05 : EFFORT- 30807.5 :LOC+ 1013.05} {: PLEX- 1.24 : EFFORT- 33883.81 :LOC+ 571.35 : AEXP- 1.2 : RISK- 6.37}
sway with 6 evals {: RISK- 6.65 :LOC+ 951.55 : EFFORT- 26258.19 : PLEX- 2.9 : AEXP- 3.26} {: AEXP- 1.24 : RISK- 5.61 : EFFORT- 27488.37 :LOC+ 509.03 : PLEX- 1.08}
xpln on 6 evals   {: AEXP- 3.03 : RISK- 4.71 : PLEX- 3.02 :LOC+ 998.03 : EFFORT- 24628.83} {: PLEX- 1.23 :LOC+ 570.62 : RISK- 5.09 : EFFORT- 28402.63 : AEXP- 1.21}
sort with 1000 evals {: RISK- 4.42 : AEXP- 1.68 : EFFORT- 33913.48 :LOC+ 1542.16 : PLEX- 1.55} {: PLEX- 0.68 : RISK- 4.47 :LOC+ 271.53 : EFFORT- 17227.03 : AEXP- 0.6}

-----------
explain = {: SITE [[-inf, 1.0]]}
all               {: AEXP- 2.97 : RISK- 6.68 : PLEX- 3.05 : EFFORT- 30807.5 :LOC+ 1013.05} {: PLEX- 1.24 : EFFORT- 33883.81 :LOC+ 571.35 : AEXP- 1.2 : RISK- 6.37}
sway with 7 evals {: RISK- 10.12 : AEXP- 3.0 : PLEX- 2.88 : EFFORT- 58755.06 :LOC+ 1025.47} {: EFFORT- 50824.1 :LOC+ 644.06 : AEXP- 1.22 : RISK- 5.67 : PLEX- 1.11}
xpln on 7 evals   {: AEXP- 0.0 :LOC+ 0.0 : RISK- 0.0 : EFFORT- 0.0 : PLEX- 0.0} {: AEXP- 0.0 :LOC+ 0.0 : RISK- 0.0 : EFFORT- 0.0 : PLEX- 0.0}
sort with 1000 evals {: RISK- 4.76 : EFFORT- 36014.47 :LOC+ 1580.06 : PLEX- 1.35 : AEXP- 1.59} {: PLEX- 0.49 :LOC+ 285.21 : EFFORT- 18974.44 : AEXP- 0.62 : RISK- 4.56}

-----------
explain = {: PCON [[2.0, 3.0]]}
all               {: AEXP- 2.97 : RISK- 6.68 : PLEX- 3.05 : EFFORT- 30807.5 :LOC+ 1013.05} {: PLEX- 1.24 : EFFORT- 33883.81 :LOC+ 571.35 : AEXP- 1.2 : RISK- 6.37}
sway with 7 evals {: AEXP- 3.0 : RISK- 9.0 : EFFORT- 37863.47 : PLEX- 2.59 :LOC+ 1112.35} {: RISK- 5.43 : PLEX- 1.37 : AEXP- 1.27 : EFFORT- 37230.32 :LOC+ 610.07}
xpln on 7 evals   {: PLEX- 3.15 : AEXP- 2.86 : RISK- 6.26 : EFFORT- 35268.47 :LOC+ 1017.71} {: PLEX- 1.23 : AEXP- 1.19 : RISK- 6.33 : EFFORT- 38576.71 :LOC+ 574.42}
sort with 1000 evals {: RISK- 4.76 : EFFORT- 36014.47 :LOC+ 1580.06 : PLEX- 1.35 : AEXP- 1.59} {: PLEX- 0.49 :LOC+ 285.21 : EFFORT- 18974.44 : AEXP- 0.62 : RISK- 4.56}

-----------
explain = {: STOR [[5.0, inf]]}
all               {: AEXP- 2.97 : RISK- 6.68 : PLEX- 3.05 : EFFORT- 30807.5 :LOC+ 1013.05} {: PLEX- 1.24 : EFFORT- 33883.81 :LOC+ 571.35 : AEXP- 1.2 : RISK- 6.37}
sway with 7 evals {: RISK- 5.88 : EFFORT- 34359.24 :LOC+ 1251.71 : AEXP- 3.24 : PLEX- 2.88} {: PLEX- 1.45 :LOC+ 481.17 : EFFORT- 44955.93 : RISK- 4.48 : AEXP- 1.15}
xpln on 7 evals   {:LOC+ 1020.42 : AEXP- 2.95 : PLEX- 2.98 : RISK- 7.42 : EFFORT- 33866.79} {: PLEX- 1.25 : EFFORT- 36645.25 : AEXP- 1.21 :LOC+ 575.71 : RISK- 6.52}
sort with 1000 evals {: RISK- 4.76 : EFFORT- 36014.47 :LOC+ 1580.06 : PLEX- 1.35 : AEXP- 1.59} {: PLEX- 0.49 :LOC+ 285.21 : EFFORT- 18974.44 : AEXP- 0.62 : RISK- 4.56}

-----------
explain = {: ACAP [[3.0, 4.0]]}
all               {: AEXP- 2.97 : RISK- 6.68 : PLEX- 3.05 : EFFORT- 30807.5 :LOC+ 1013.05} {: PLEX- 1.24 : EFFORT- 33883.81 :LOC+ 571.35 : AEXP- 1.2 : RISK- 6.37}
sway with 7 evals {: AEXP- 3.38 : PLEX- 3.25 : RISK- 3.31 : EFFORT- 14741.31 :LOC+ 1100.69} {: PLEX- 1.13 : AEXP- 1.45 : RISK- 3.72 :LOC+ 632.88 : EFFORT- 10479.44}
xpln on 7 evals   {: EFFORT- 33293.52 : PLEX- 3.1 :LOC+ 1083.53 : RISK- 5.31 : AEXP- 3.01} {: PLEX- 1.22 :LOC+ 562.82 : RISK- 5.55 : EFFORT- 33602.9 : AEXP- 1.17}
sort with 1000 evals {: AEXP- 1.62 : PLEX- 1.31 : EFFORT- 35220.63 :LOC+ 1591.69 : RISK- 4.94} {: EFFORT- 19302.95 : PLEX- 0.48 :LOC+ 290.37 : RISK- 4.65 : AEXP- 0.62}

-----------
explain = {: PVOL [[-inf, 2.0]]}
all               {: AEXP- 2.97 : RISK- 6.68 : PLEX- 3.05 : EFFORT- 30807.5 :LOC+ 1013.05} {: PLEX- 1.24 : EFFORT- 33883.81 :LOC+ 571.35 : AEXP- 1.2 : RISK- 6.37}
sway with 7 evals {: RISK- 4.47 :LOC+ 966.06 : EFFORT- 20383.18 : AEXP- 3.06 : PLEX- 3.12} {:LOC+ 617.63 : RISK- 4.09 : AEXP- 1.3 : EFFORT- 20700.04 : PLEX- 1.5}
xpln on 7 evals   {: AEXP- 0.0 :LOC+ 0.0 : RISK- 0.0 : EFFORT- 0.0 : PLEX- 0.0} {: AEXP- 0.0 :LOC+ 0.0 : RISK- 0.0 : EFFORT- 0.0 : PLEX- 0.0}
sort with 1000 evals {: RISK- 4.76 : EFFORT- 36014.47 :LOC+ 1580.06 : PLEX- 1.35 : AEXP- 1.59} {: PLEX- 0.49 :LOC+ 285.21 : EFFORT- 18974.44 : AEXP- 0.62 : RISK- 4.56}

-----------
explain = {: TEAM [[4.0, inf]]}
all               {: AEXP- 2.97 : RISK- 6.68 : PLEX- 3.05 : EFFORT- 30807.5 :LOC+ 1013.05} {: PLEX- 1.24 : EFFORT- 33883.81 :LOC+ 571.35 : AEXP- 1.2 : RISK- 6.37}
sway with 7 evals {: AEXP- 2.88 : PLEX- 2.76 :LOC+ 873.18 : EFFORT- 14355.88 : RISK- 2.47} {:LOC+ 628.55 : RISK- 3.3 : EFFORT- 12634.25 : AEXP- 1.22 : PLEX- 1.56}
xpln on 7 evals   {: EFFORT- 27860.04 :LOC+ 1000.57 : AEXP- 2.95 : PLEX- 2.99 : RISK- 6.51} {: PLEX- 1.25 :LOC+ 577.39 : RISK- 6.44 : EFFORT- 31421.49 : AEXP- 1.22}
sort with 1000 evals {: RISK- 4.76 : EFFORT- 36014.47 :LOC+ 1580.06 : PLEX- 1.35 : AEXP- 1.59} {: PLEX- 0.49 :LOC+ 285.21 : EFFORT- 18974.44 : AEXP- 0.62 : RISK- 4.56}

-----------
explain = {: PREC [[5.0, inf]]}
all               {: AEXP- 2.97 : RISK- 6.68 : PLEX- 3.05 : EFFORT- 30807.5 :LOC+ 1013.05} {: PLEX- 1.24 : EFFORT- 33883.81 :LOC+ 571.35 : AEXP- 1.2 : RISK- 6.37}
sway with 7 evals {:LOC+ 1043.76 : PLEX- 2.71 : EFFORT- 35670.94 : RISK- 6.71 : AEXP- 3.35} {: PLEX- 1.1 : RISK- 7.55 :LOC+ 656.11 : EFFORT- 44472.73 : AEXP- 1.06}
xpln on 7 evals   {: PLEX- 3.09 :LOC+ 1006.48 : AEXP- 2.95 : RISK- 6.25 : EFFORT- 26130.53} {: AEXP- 1.19 :LOC+ 609.37 : RISK- 6.12 : PLEX- 1.25 : EFFORT- 30469.08}
sort with 1000 evals {: RISK- 4.76 : EFFORT- 36014.47 :LOC+ 1580.06 : PLEX- 1.35 : AEXP- 1.59} {: PLEX- 0.49 :LOC+ 285.21 : EFFORT- 18974.44 : AEXP- 0.62 : RISK- 4.56}

-----------
explain = {: TIME [[5.0, inf]]}
all               {: AEXP- 2.97 : RISK- 6.68 : PLEX- 3.05 : EFFORT- 30807.5 :LOC+ 1013.05} {: PLEX- 1.24 : EFFORT- 33883.81 :LOC+ 571.35 : AEXP- 1.2 : RISK- 6.37}
sway with 6 evals {:LOC+ 1044.1 : EFFORT- 34440.9 : AEXP- 2.81 : PLEX- 3.23 : RISK- 5.13} {: EFFORT- 33116.61 :LOC+ 641.67 : PLEX- 1.31 : RISK- 3.64 : AEXP- 1.25}
xpln on 6 evals   {: EFFORT- 34003.38 : PLEX- 3.14 :LOC+ 995.43 : RISK- 7.85 : AEXP- 2.99} {: PLEX- 1.18 : RISK- 6.64 : EFFORT- 36324.7 : AEXP- 1.2 :LOC+ 580.54}
sort with 1000 evals {: RISK- 4.42 : AEXP- 1.68 : EFFORT- 33913.48 :LOC+ 1542.16 : PLEX- 1.55} {: PLEX- 0.68 : RISK- 4.47 :LOC+ 271.53 : EFFORT- 17227.03 : AEXP- 0.6}

-----------
explain = {: ACAP [[4.0, inf]]}
all               {: AEXP- 2.97 : RISK- 6.68 : PLEX- 3.05 : EFFORT- 30807.5 :LOC+ 1013.05} {: PLEX- 1.24 : EFFORT- 33883.81 :LOC+ 571.35 : AEXP- 1.2 : RISK- 6.37}
sway with 7 evals {:LOC+ 1025.82 : RISK- 2.41 : PLEX- 2.88 : AEXP- 2.82 : EFFORT- 18276.29} {: RISK- 3.24 : PLEX- 1.22 : AEXP- 1.38 :LOC+ 719.6 : EFFORT- 14434.95}
xpln on 7 evals   {: AEXP- 3.03 : RISK- 4.71 : PLEX- 3.02 :LOC+ 998.03 : EFFORT- 24628.83} {: PLEX- 1.23 :LOC+ 570.62 : RISK- 5.09 : EFFORT- 28402.63 : AEXP- 1.21}
sort with 1000 evals {: RISK- 4.76 : EFFORT- 36014.47 :LOC+ 1580.06 : PLEX- 1.35 : AEXP- 1.59} {: PLEX- 0.49 :LOC+ 285.21 : EFFORT- 18974.44 : AEXP- 0.62 : RISK- 4.56}

-----------
explain = {: STOR [[4.0, 5.0]]}
all               {: AEXP- 2.97 : RISK- 6.68 : PLEX- 3.05 : EFFORT- 30807.5 :LOC+ 1013.05} {: PLEX- 1.24 : EFFORT- 33883.81 :LOC+ 571.35 : AEXP- 1.2 : RISK- 6.37}
sway with 7 evals {: EFFORT- 32875.67 : RISK- 6.8 : PLEX- 2.4 : AEXP- 3.2 :LOC+ 954.07} {: RISK- 6.07 : PLEX- 0.99 :LOC+ 684.45 : AEXP- 1.21 : EFFORT- 30917.44}
xpln on 7 evals   {:LOC+ 1000.05 : EFFORT- 29115.65 : AEXP- 3.0 : PLEX- 3.05 : RISK- 6.35} {: PLEX- 1.24 : RISK- 6.72 : EFFORT- 33275.49 : AEXP- 1.17 :LOC+ 575.17}
sort with 1000 evals {: PLEX- 1.27 : AEXP- 1.67 :LOC+ 1595.87 : RISK- 5.0 : EFFORT- 34128.2} {:LOC+ 300.06 : EFFORT- 19461.76 : AEXP- 0.62 : RISK- 4.81 : PLEX- 0.46}

-----------
explain = {: PCON [[3.0, 4.0]]}
all               {: AEXP- 2.97 : RISK- 6.68 : PLEX- 3.05 : EFFORT- 30807.5 :LOC+ 1013.05} {: PLEX- 1.24 : EFFORT- 33883.81 :LOC+ 571.35 : AEXP- 1.2 : RISK- 6.37}
sway with 6 evals {:LOC+ 1035.9 : AEXP- 3.1 : RISK- 4.32 : EFFORT- 21436.94 : PLEX- 2.84} {: AEXP- 1.19 : PLEX- 1.27 :LOC+ 612.26 : EFFORT- 20495.9 : RISK- 5.02}
xpln on 6 evals   {:LOC+ 993.21 : EFFORT- 30602.46 : RISK- 6.55 : PLEX- 2.98 : AEXP- 3.01} {:LOC+ 561.24 : PLEX- 1.25 : EFFORT- 33942.6 : RISK- 5.76 : AEXP- 1.21}
sort with 1000 evals {: RISK- 4.42 : AEXP- 1.68 : EFFORT- 33913.48 :LOC+ 1542.16 : PLEX- 1.55} {: PLEX- 0.68 : RISK- 4.47 :LOC+ 271.53 : EFFORT- 17227.03 : AEXP- 0.6}

-----------
explain = {: DOCU [[3.0, 4.0]]}
all               {: AEXP- 2.97 : RISK- 6.68 : PLEX- 3.05 : EFFORT- 30807.5 :LOC+ 1013.05} {: PLEX- 1.24 : EFFORT- 33883.81 :LOC+ 571.35 : AEXP- 1.2 : RISK- 6.37}
sway with 7 evals {:LOC+ 1190.07 : EFFORT- 41276.93 : AEXP- 3.07 : PLEX- 3.0 : RISK- 3.4} {: RISK- 3.94 : PLEX- 1.07 : AEXP- 0.88 : EFFORT- 46458.07 :LOC+ 681.41}
xpln on 7 evals   {: RISK- 6.86 : PLEX- 3.14 : EFFORT- 29963.94 :LOC+ 1041.28 : AEXP- 3.04} {: PLEX- 1.24 : RISK- 6.5 : EFFORT- 31478.79 :LOC+ 556.36 : AEXP- 1.21}
sort with 1000 evals {: PLEX- 1.27 : AEXP- 1.67 :LOC+ 1595.87 : RISK- 5.0 : EFFORT- 34128.2} {:LOC+ 300.06 : EFFORT- 19461.76 : AEXP- 0.62 : RISK- 4.81 : PLEX- 0.46}

-----------
explain = {: TIME [[3.0, 4.0]]}
all               {: AEXP- 2.97 : RISK- 6.68 : PLEX- 3.05 : EFFORT- 30807.5 :LOC+ 1013.05} {: PLEX- 1.24 : EFFORT- 33883.81 :LOC+ 571.35 : AEXP- 1.2 : RISK- 6.37}
sway with 6 evals {: PLEX- 2.52 :LOC+ 874.77 : AEXP- 3.06 : RISK- 3.71 : EFFORT- 16745.84} {: AEXP- 1.24 : PLEX- 1.34 : RISK- 4.52 : EFFORT- 14531.01 :LOC+ 518.49}
xpln on 6 evals   {: RISK- 5.45 : PLEX- 2.93 : AEXP- 2.95 : EFFORT- 28585.82 :LOC+ 1060.23} {: EFFORT- 30343.87 : AEXP- 1.22 : RISK- 5.94 :LOC+ 581.7 : PLEX- 1.21}
sort with 1000 evals {: RISK- 4.42 : AEXP- 1.68 : EFFORT- 33913.48 :LOC+ 1542.16 : PLEX- 1.55} {: PLEX- 0.68 : RISK- 4.47 :LOC+ 271.53 : EFFORT- 17227.03 : AEXP- 0.6}

-----------
explain = {: PREC [[1.0, 2.0]]}
all               {: AEXP- 2.97 : RISK- 6.68 : PLEX- 3.05 : EFFORT- 30807.5 :LOC+ 1013.05} {: PLEX- 1.24 : EFFORT- 33883.81 :LOC+ 571.35 : AEXP- 1.2 : RISK- 6.37}
sway with 7 evals {: EFFORT- 25763.41 :LOC+ 903.53 : AEXP- 3.18 : RISK- 7.24 : PLEX- 3.0} {: AEXP- 0.81 : EFFORT- 19197.49 : RISK- 5.03 :LOC+ 537.34 : PLEX- 1.32}
xpln on 7 evals   {:LOC+ 1032.68 : RISK- 6.79 : EFFORT- 37038.48 : PLEX- 2.86 : AEXP- 2.84} {: PLEX- 1.16 : EFFORT- 39331.87 : RISK- 6.93 : AEXP- 1.22 :LOC+ 540.89}
sort with 1000 evals {: RISK- 4.76 : EFFORT- 36014.47 :LOC+ 1580.06 : PLEX- 1.35 : AEXP- 1.59} {: PLEX- 0.49 :LOC+ 285.21 : EFFORT- 18974.44 : AEXP- 0.62 : RISK- 4.56}

-----------
explain = {: PVOL [[4.0, inf]]}
all               {: AEXP- 2.97 : RISK- 6.68 : PLEX- 3.05 : EFFORT- 30807.5 :LOC+ 1013.05} {: PLEX- 1.24 : EFFORT- 33883.81 :LOC+ 571.35 : AEXP- 1.2 : RISK- 6.37}
sway with 7 evals {: AEXP- 2.76 : RISK- 3.06 :LOC+ 1285.35 : EFFORT- 34868.47 : PLEX- 3.29} {:LOC+ 578.78 : PLEX- 1.16 : EFFORT- 28290.86 : AEXP- 1.3 : RISK- 2.59}
xpln on 7 evals   {: AEXP- 2.94 : EFFORT- 35232.03 : PLEX- 3.07 :LOC+ 1045.35 : RISK- 7.04} {: PLEX- 1.24 : EFFORT- 36507.86 : AEXP- 1.2 : RISK- 6.69 :LOC+ 565.02}
sort with 1000 evals {: RISK- 4.76 : EFFORT- 36014.47 :LOC+ 1580.06 : PLEX- 1.35 : AEXP- 1.59} {: PLEX- 0.49 :LOC+ 285.21 : EFFORT- 18974.44 : AEXP- 0.62 : RISK- 4.56}

-----------
explain = {: PCON [[2.0, 4.0]]}
all               {: AEXP- 2.97 : RISK- 6.68 : PLEX- 3.05 : EFFORT- 30807.5 :LOC+ 1013.05} {: PLEX- 1.24 : EFFORT- 33883.81 :LOC+ 571.35 : AEXP- 1.2 : RISK- 6.37}

*** sway ***
LOC+: 1027.7404999999999
[942.88, 1049.26, 1030.48, 951.55, 1025.47, 1112.35, 1251.71, 1100.69, 966.06, 873.18, 1043.76, 1044.1, 1025.82, 954.07, 1035.9, 1190.07, 874.77, 903.53, 1285.35, 893.81]
 AEXP-: 3.0505000000000004
[3.0, 2.65, 2.94, 3.26, 3.0, 3.0, 3.24, 3.38, 3.06, 2.88, 3.35, 2.81, 2.82, 3.2, 3.1, 3.07, 3.06, 3.18, 2.76, 3.25]
 PLEX-: 2.886
[2.24, 3.16, 3.26, 2.9, 2.88, 2.59, 2.88, 3.25, 3.12, 2.76, 2.71, 3.23, 2.88, 2.4, 2.84, 3.0, 2.52, 3.0, 3.29, 2.81]
 RISK-: 5.086999999999999
[4.41, 4.48, 3.23, 6.65, 10.12, 9.0, 5.88, 3.31, 4.47, 2.47, 6.71, 5.13, 2.41, 6.8, 4.32, 3.4, 3.71, 7.24, 3.06, 4.94]
 EFFORT-: 29321.057
[33447.94, 31116.45, 22055.9, 26258.19, 58755.06, 37863.47, 34359.24, 14741.31, 20383.18, 14355.88, 35670.94, 34440.9, 18276.29, 32875.67, 21436.94, 41276.93, 16745.84, 25763.41, 34868.47, 31729.13]
***
sway with 7 evals {: AEXP- 3.25 :LOC+ 893.81 : EFFORT- 31729.13 : RISK- 4.94 : PLEX- 2.81} {:LOC+ 434.59 : PLEX- 1.22 : EFFORT- 40172.01 : AEXP- 1.39 : RISK- 5.41}

*** xpln ***
LOC+: 913.1129999999999
[1007.43, 1017.62, 937.95, 998.03, 0.0, 1017.71, 1020.42, 1083.53, 0.0, 1000.57, 1006.48, 995.43, 998.03, 1000.05, 993.21, 1041.28, 1060.23, 1032.68, 1045.35, 1006.26]
 AEXP-: 2.6795
[3.03, 2.96, 3.12, 3.03, 0.0, 2.86, 2.95, 3.01, 0.0, 2.95, 2.95, 2.99, 3.03, 3.0, 3.01, 3.04, 2.95, 2.84, 2.94, 2.93]
 PLEX-: 2.7354999999999996
[2.99, 3.06, 3.07, 3.02, 0.0, 3.15, 2.98, 3.1, 0.0, 2.99, 3.09, 3.14, 3.02, 3.05, 2.98, 3.14, 2.93, 2.86, 3.07, 3.07]
 RISK-: 5.701500000000001
[7.36, 6.2, 6.01, 4.71, 0.0, 6.26, 7.42, 5.31, 0.0, 6.51, 6.25, 7.85, 4.71, 6.35, 6.55, 6.86, 5.45, 6.79, 7.04, 6.4]
 EFFORT-: 27416.453
[32977.21, 30885.13, 21159.78, 24628.83, 0.0, 35268.47, 33866.79, 33293.52, 0.0, 27860.04, 26130.53, 34003.38, 24628.83, 29115.65, 30602.46, 29963.94, 28585.82, 37038.48, 35232.03, 33088.17]
***
xpln on 7 evals   {:LOC+ 1006.26 : PLEX- 3.07 : RISK- 6.4 : EFFORT- 33088.17 : AEXP- 2.93} {: PLEX- 1.24 : RISK- 6.06 :LOC+ 567.91 : EFFORT- 36526.35 : AEXP- 1.2}

*** top ***
LOC+: 1571.434
[1580.06, 1542.16, 1542.16, 1542.16, 1580.06, 1580.06, 1580.06, 1591.69, 1580.06, 1580.06, 1580.06, 1542.16, 1580.06, 1595.87, 1542.16, 1595.87, 1542.16, 1580.06, 1580.06, 1591.69]
 AEXP-: 1.6279999999999997
[1.59, 1.68, 1.68, 1.68, 1.59, 1.59, 1.59, 1.62, 1.59, 1.59, 1.59, 1.68, 1.59, 1.67, 1.68, 1.67, 1.68, 1.59, 1.59, 1.62]
 PLEX-: 1.3980000000000001
[1.35, 1.55, 1.55, 1.55, 1.35, 1.35, 1.35, 1.31, 1.35, 1.35, 1.35, 1.55, 1.35, 1.27, 1.55, 1.27, 1.55, 1.35, 1.35, 1.31]
 RISK-: 4.7
[4.76, 4.42, 4.42, 4.42, 4.76, 4.76, 4.76, 4.94, 4.76, 4.76, 4.76, 4.42, 4.76, 5.0, 4.42, 5.0, 4.42, 4.76, 4.76, 4.94]
 EFFORT-: 35116.162
[36014.47, 33913.48, 33913.48, 33913.48, 36014.47, 36014.47, 36014.47, 35220.63, 36014.47, 36014.47, 36014.47, 33913.48, 36014.47, 34128.2, 33913.48, 34128.2, 33913.48, 36014.47, 36014.47, 35220.63]
***
sort with 1000 evals {: AEXP- 1.62 : PLEX- 1.31 : EFFORT- 35220.63 :LOC+ 1591.69 : RISK- 4.94} {: EFFORT- 19302.95 : PLEX- 0.48 :LOC+ 290.37 : RISK- 4.65 : AEXP- 0.62}

