/home/etlin/Documents/ncsu/spring2023_csc791_ase/ASE_spring23_proj/src/sway2/../../data/auto2.csv

min: 0.5
far: 0.95

sample: 10
 CityMPG+: 21.975000000000005
[21.4, 22.1, 21.8, 23.8, 22.5, 22.9, 21.6, 22.3, 20.9, 22.8, 21.3, 22.7, 20.7, 20.1, 22.8, 20.6, 22.6, 22.3, 21.6, 22.7]
 HighwayMPG+: 28.829999999999995
[27.8, 29.0, 28.7, 30.2, 29.2, 30.4, 28.7, 29.4, 28.1, 29.0, 28.7, 28.8, 28.6, 26.6, 30.5, 27.9, 28.5, 29.3, 28.8, 28.4]
 Weight-: 3123.5299999999997
[3197.2, 3158.7, 3226.4, 2780.0, 3270.0, 3036.6, 3180.0, 3055.9, 3184.4, 3158.3, 3109.3, 3127.5, 3103.5, 3256.7, 2894.6, 3157.9, 3168.8, 3267.7, 3164.5, 2972.6]
 Class-: 19.88
[21.8, 20.9, 19.2, 15.4, 20.2, 22.2, 20.6, 19.7, 19.8, 20.1, 22.5, 22.7, 19.8, 22.2, 18.1, 18.0, 19.1, 19.0, 17.9, 18.4]
execution time: 0.22209596633911133 seconds

sample: 25
 CityMPG+: 22.499999999999996
[20.4, 23.7, 21.7, 24.2, 22.2, 23.4, 22.7, 21.5, 20.8, 23.9, 22.1, 21.4, 27.0, 21.7, 22.8, 21.8, 20.4, 20.7, 23.4, 24.2]
 HighwayMPG+: 29.084999999999997
[27.0, 30.1, 29.5, 30.1, 28.5, 28.9, 29.3, 27.0, 27.9, 30.1, 28.9, 28.8, 33.2, 28.1, 29.2, 29.0, 27.5, 27.8, 29.8, 31.0]
 Weight-: 3065.08
[3269.7, 2928.2, 3102.7, 2914.4, 3085.7, 3038.6, 2901.3, 3175.6, 3207.7, 2969.5, 3125.4, 3176.9, 2716.5, 3111.1, 2976.0, 3150.5, 3200.4, 3267.9, 2969.3, 3014.2]
 Class-: 18.645
[19.9, 15.6, 18.8, 15.0, 19.5, 17.6, 17.2, 23.8, 22.9, 17.6, 17.2, 19.0, 12.4, 18.8, 16.7, 20.4, 19.9, 24.1, 18.3, 18.2]
execution time: 0.24627375602722168 seconds

sample: 50
 CityMPG+: 22.409999999999997
[23.1, 22.7, 21.8, 21.6, 21.7, 24.9, 21.8, 23.6, 23.5, 19.1, 22.5, 22.4, 23.4, 22.4, 23.9, 21.8, 22.9, 21.0, 23.0, 21.1]
 HighwayMPG+: 29.240000000000002
[29.9, 29.3, 28.6, 28.8, 28.3, 32.1, 28.5, 30.0, 30.6, 25.6, 28.7, 29.1, 30.4, 29.5, 30.4, 28.8, 30.4, 27.7, 29.7, 28.4]
 Weight-: 3088.1149999999993
[3077.1, 2970.3, 3152.2, 3093.3, 3090.8, 2956.1, 3106.3, 3085.8, 2889.1, 3458.1, 2979.2, 3163.9, 2908.0, 3002.9, 3090.0, 3341.0, 2922.5, 3182.2, 3065.9, 3227.6]
 Class-: 19.119999999999997
[17.9, 20.1, 17.6, 19.7, 17.7, 18.6, 18.1, 16.5, 18.2, 24.0, 18.9, 18.1, 15.8, 20.9, 20.0, 19.3, 19.2, 23.2, 18.8, 19.8]
execution time: 0.28348326683044434 seconds

sample: 100
 CityMPG+: 23.020000000000003
[24.8, 21.1, 24.1, 23.4, 25.3, 21.7, 24.0, 21.2, 22.9, 23.6, 25.8, 23.1, 24.7, 23.4, 19.3, 24.3, 22.3, 21.5, 19.1, 24.8]
 HighwayMPG+: 29.674999999999994
[31.7, 27.4, 30.8, 30.5, 32.0, 29.1, 30.4, 27.9, 29.4, 30.5, 31.8, 28.9, 30.9, 29.3, 26.9, 31.0, 29.5, 28.8, 25.9, 30.8]
 Weight-: 3009.4900000000002
[2984.6, 3062.5, 2909.6, 2856.0, 2720.0, 3175.0, 2920.3, 3157.5, 3075.7, 2891.7, 2863.8, 2917.7, 2840.0, 3052.5, 3342.9, 2968.0, 3139.6, 3080.0, 3438.9, 2793.5]
 Class-: 18.530000000000005
[18.1, 16.1, 17.8, 17.6, 12.9, 20.8, 15.2, 19.9, 16.1, 18.4, 18.1, 17.3, 16.5, 22.5, 24.3, 18.6, 18.2, 20.3, 25.8, 16.1]
execution time: 0.3385145664215088 seconds

sample: 200
 CityMPG+: 21.965
[21.6, 23.9, 21.2, 21.0, 26.5, 23.2, 20.2, 22.3, 21.4, 19.8, 21.1, 19.7, 20.3, 25.4, 20.0, 25.7, 21.7, 20.0, 21.1, 23.2]
 HighwayMPG+: 28.49
[28.6, 30.9, 28.1, 26.9, 32.3, 29.9, 27.9, 28.3, 28.2, 25.6, 27.4, 26.2, 27.2, 31.6, 27.0, 31.9, 27.3, 27.1, 28.0, 29.4]
 Weight-: 3137.64
[3111.7, 3044.7, 3317.5, 3244.4, 2857.1, 2939.1, 3167.8, 3193.3, 3226.4, 3352.5, 3182.2, 3230.8, 3246.0, 2950.0, 3409.5, 2750.9, 3006.7, 3350.6, 3192.0, 2979.6]
 Class-: 20.565
[18.0, 19.9, 20.7, 17.9, 18.1, 16.5, 23.8, 26.8, 21.1, 22.5, 22.8, 23.1, 22.2, 18.9, 20.0, 16.1, 20.0, 24.7, 20.2, 18.0]
execution time: 0.4306509494781494 seconds

sample: 500
 CityMPG+: 22.174999999999997
[18.2, 22.0, 23.3, 22.9, 23.2, 21.3, 22.7, 20.9, 23.3, 21.6, 26.0, 22.6, 21.2, 20.7, 22.5, 21.2, 22.5, 23.4, 21.2, 22.8]
 HighwayMPG+: 28.830000000000002
[24.4, 28.5, 30.0, 29.1, 30.7, 28.4, 29.3, 27.3, 30.1, 27.4, 32.0, 28.9, 29.0, 27.8, 29.1, 28.6, 28.5, 30.5, 27.6, 29.4]
 Weight-: 3104.6350000000007
[3661.8, 3132.5, 3046.3, 3075.9, 3181.7, 3178.8, 2959.6, 3161.4, 2920.5, 3135.0, 2709.3, 3080.0, 3025.8, 3198.3, 3013.9, 3090.0, 3051.8, 3056.8, 3329.2, 3084.1]
 Class-: 19.395
[24.1, 19.3, 18.6, 17.3, 18.8, 22.3, 18.5, 19.6, 16.1, 18.5, 13.7, 22.1, 21.2, 23.8, 16.2, 20.8, 19.8, 16.0, 19.5, 21.7]
execution time: 0.7944185733795166 seconds

sample: 1000
 CityMPG+: 22.849999999999998
[26.0, 21.9, 22.2, 23.6, 21.2, 21.0, 23.6, 20.1, 21.9, 24.4, 21.4, 23.9, 22.7, 23.5, 24.6, 24.9, 23.2, 22.1, 23.4, 21.4]
 HighwayMPG+: 29.505000000000006
[32.0, 28.6, 28.9, 30.2, 27.8, 28.0, 29.9, 27.4, 28.6, 31.2, 27.6, 30.3, 29.2, 30.3, 31.8, 31.3, 30.5, 29.3, 29.6, 27.6]
 Weight-: 3030.9950000000003
[2788.9, 3186.8, 3032.5, 3058.3, 3117.6, 3237.1, 2859.3, 3322.5, 3189.6, 2809.5, 3234.5, 2949.2, 3109.3, 3101.1, 2794.4, 2822.9, 2927.3, 2973.5, 2890.3, 3215.3]
 Class-: 18.610000000000003
[17.9, 19.7, 17.2, 17.4, 17.5, 18.1, 18.7, 26.0, 19.7, 14.9, 21.0, 16.9, 20.4, 20.8, 15.0, 16.3, 16.5, 20.3, 16.1, 21.8]
execution time: 1.3385193347930908 seconds

