/home/etlin/Documents/ncsu/spring2023_csc791_ase/ASE_spring23_proj/src/sway2/../../data/auto93.csv

min: 0.5
far: 0.95

sample: 10
Lbs-: 2894.47
[2716.1, 3003.6, 3141.8, 3022.5, 2830.2, 2927.4, 2839.3, 2937.2, 3044.0, 2703.1, 2938.6, 3024.8, 2763.9, 3018.1, 2930.7, 2975.7, 2706.6, 2516.1, 2941.4, 2908.3]
Acc+: 15.734999999999996
[15.9, 15.0, 15.9, 15.7, 15.7, 14.6, 16.3, 16.1, 15.2, 16.5, 15.4, 15.8, 15.8, 15.8, 15.6, 15.5, 15.9, 15.9, 16.4, 15.7]
Mpg+: 24.2
[25.7, 22.8, 22.4, 23.0, 25.2, 24.5, 24.6, 25.2, 21.7, 25.5, 23.7, 23.2, 24.3, 22.9, 24.5, 24.4, 23.8, 26.5, 25.0, 25.1]
execution time: 0.46880078315734863 seconds

sample: 25
Lbs-: 2975.225
[2728.6, 2824.2, 3073.2, 2839.3, 2976.6, 3364.2, 2987.2, 3085.2, 2863.5, 3161.9, 2937.7, 2645.0, 3174.8, 2848.5, 2991.7, 2867.9, 3099.4, 2726.6, 3216.0, 3093.0]
Acc+: 15.555000000000001
[15.3, 15.3, 14.9, 16.0, 16.0, 15.2, 15.7, 14.7, 16.0, 16.8, 15.2, 16.5, 15.3, 15.9, 14.9, 15.6, 15.3, 15.5, 16.1, 14.9]
Mpg+: 23.82
[26.8, 25.6, 22.4, 24.7, 22.9, 20.7, 23.6, 22.1, 25.2, 22.7, 23.1, 25.2, 21.9, 25.2, 24.1, 24.8, 22.9, 26.1, 23.1, 23.3]
execution time: 0.5159766674041748 seconds

sample: 50
Lbs-: 3007.58
[2642.9, 3051.4, 3097.0, 3094.5, 3011.0, 2931.8, 2956.1, 3025.8, 2781.6, 2861.2, 2679.1, 3031.3, 3067.9, 3214.5, 2898.5, 3048.0, 3144.4, 3257.3, 3024.1, 3333.2]
Acc+: 15.449999999999998
[16.2, 15.0, 16.0, 14.8, 14.9, 15.9, 16.0, 16.0, 16.1, 15.6, 15.8, 15.1, 15.7, 14.8, 15.4, 16.2, 14.9, 14.9, 15.4, 14.3]
Mpg+: 23.560000000000002
[28.2, 22.0, 23.6, 23.5, 22.9, 25.0, 24.4, 21.4, 25.9, 25.2, 27.1, 22.3, 23.2, 21.6, 23.5, 23.5, 21.9, 21.5, 22.9, 21.6]
execution time: 0.5186388492584229 seconds

sample: 100
Lbs-: 2952.7149999999997
[3090.0, 2863.2, 2779.6, 2894.4, 2857.0, 2810.5, 3152.1, 3545.0, 2924.0, 2930.9, 2896.4, 2936.7, 3158.9, 3021.2, 2760.2, 2818.3, 3057.4, 2921.0, 2815.8, 2821.7]
Acc+: 15.405000000000001
[15.0, 15.4, 15.8, 15.4, 15.9, 15.3, 14.9, 14.9, 15.1, 15.4, 16.2, 15.3, 15.9, 15.0, 15.9, 15.2, 14.4, 15.8, 15.7, 15.6]
Mpg+: 24.039999999999996
[22.3, 25.6, 25.0, 23.9, 26.3, 25.6, 21.6, 19.2, 24.2, 25.7, 24.6, 25.2, 23.0, 22.4, 24.8, 23.9, 23.7, 24.5, 23.9, 25.4]
execution time: 0.4522535800933838 seconds

sample: 200
Lbs-: 2957.795
[3192.9, 3012.0, 2829.5, 2897.4, 3027.1, 2972.5, 3121.2, 2817.4, 2754.1, 2883.7, 2757.5, 3204.9, 2554.6, 2826.7, 3238.4, 3146.4, 3212.7, 3037.9, 2852.9, 2816.1]
Acc+: 15.359999999999996
[14.7, 15.0, 15.0, 16.3, 15.4, 15.1, 15.2, 16.7, 14.7, 15.2, 15.6, 15.0, 15.6, 15.1, 15.0, 16.3, 14.7, 15.3, 15.4, 15.9]
Mpg+: 24.395
[22.9, 24.1, 24.8, 25.2, 24.1, 24.2, 22.2, 26.0, 24.2, 25.2, 24.8, 21.8, 28.2, 25.9, 21.8, 23.6, 22.5, 25.6, 26.2, 24.6]
execution time: 0.4749276638031006 seconds

sample: 500
Lbs-: 2954.8999999999987
[3081.1, 2879.9, 2579.7, 3080.6, 3075.2, 3090.0, 2897.2, 3153.1, 2669.6, 2980.5, 3031.2, 2860.1, 2998.2, 2934.7, 3146.2, 2894.7, 3220.7, 2974.0, 2850.7, 2700.6]
Acc+: 15.639999999999997
[15.4, 15.5, 16.7, 15.9, 16.7, 15.7, 15.4, 15.4, 16.3, 15.6, 15.2, 15.5, 15.2, 15.6, 15.5, 15.1, 15.5, 15.3, 15.3, 16.0]
Mpg+: 23.57
[21.9, 23.3, 26.4, 22.6, 23.6, 22.3, 25.0, 22.4, 26.7, 23.1, 23.7, 23.3, 22.4, 22.5, 22.6, 24.4, 22.6, 21.4, 24.8, 26.4]
execution time: 0.6062815189361572 seconds

sample: 1000
Lbs-: 2970.655
[3276.9, 2565.2, 2866.4, 2914.7, 3375.7, 3090.9, 2968.5, 2957.7, 2926.7, 3018.5, 2943.6, 2926.3, 3206.7, 3038.0, 3075.1, 2863.5, 2733.2, 2906.3, 2913.9, 2845.3]
Acc+: 15.61
[14.8, 16.2, 15.9, 16.0, 15.1, 15.9, 15.4, 15.5, 14.7, 15.3, 16.8, 15.0, 15.2, 16.3, 15.9, 15.5, 15.3, 15.9, 15.6, 15.9]
Mpg+: 24.080000000000002
[23.3, 27.9, 25.2, 23.8, 21.0, 21.0, 23.5, 24.3, 22.7, 23.5, 23.7, 24.6, 22.6, 25.2, 25.0, 24.3, 24.0, 25.2, 25.5, 25.3]
execution time: 0.7814669609069824 seconds

