/home/etlin/Documents/ncsu/spring2023_csc791_ase/ASE_spring23_proj/src/sway2/../../data/china.csv

min: 0.5
far: 0.95

sample: 10
N_effort-: 3820.755
[3155.3, 2915.8, 4543.6, 5046.4, 4658.7, 2684.2, 3733.7, 2707.1, 3607.2, 4074.1, 2452.8, 4287.8, 3774.4, 4572.1, 2673.1, 3629.3, 3531.4, 3463.2, 5323.1, 5581.8]
execution time: 1.1852269172668457 seconds

sample: 25
N_effort-: 4369.35
[3787.7, 2852.9, 3573.3, 2942.9, 6021.4, 7106.8, 3231.8, 4181.1, 4028.3, 4556.3, 4513.4, 6414.7, 5941.4, 2960.1, 4854.2, 4163.2, 4244.5, 5559.5, 2722.7, 3730.8]
execution time: 1.1446762084960938 seconds

sample: 50
N_effort-: 4393.865
[4065.2, 3270.7, 3502.5, 3234.9, 7683.1, 5469.3, 3133.1, 3710.1, 7415.4, 3996.2, 2448.1, 6837.3, 3457.9, 4380.7, 4313.8, 5503.5, 4146.7, 4034.5, 4215.0, 3059.3]
execution time: 1.1793022155761719 seconds

sample: 100
N_effort-: 3793.2000000000007
[3616.5, 1856.9, 3305.4, 3332.2, 3688.2, 3612.2, 2417.2, 3311.4, 6053.1, 4179.5, 3991.5, 2171.1, 5925.4, 4442.1, 3258.8, 5627.3, 3684.3, 3503.5, 4721.1, 3166.3]
execution time: 1.2757234573364258 seconds

sample: 200
N_effort-: 4267.924999999999
[4773.1, 5898.3, 4653.2, 2680.5, 4285.9, 4445.0, 2378.8, 3129.9, 4624.8, 3097.1, 3967.9, 2194.5, 4002.5, 5157.1, 3232.0, 5109.7, 5985.5, 4983.7, 5586.1, 5172.9]
execution time: 1.485891342163086 seconds

sample: 500
N_effort-: 3884.6950000000006
[2270.1, 4799.0, 2237.3, 4317.3, 2909.2, 3073.9, 3259.1, 5425.1, 3785.8, 2046.4, 4819.9, 4491.8, 4865.7, 2729.0, 3799.4, 4191.9, 3799.9, 4851.0, 3438.0, 6584.1]
execution time: 1.8351004123687744 seconds

sample: 1000
N_effort-: 4123.2699999999995
[3741.3, 5205.6, 4128.9, 3136.9, 4339.6, 5670.2, 1823.7, 3998.0, 3352.2, 3757.6, 5838.8, 3984.1, 4107.6, 3490.6, 4066.6, 4942.3, 3801.3, 4330.2, 3913.9, 4836.0]
execution time: 2.434709072113037 seconds

