/home/etlin/Documents/ncsu/spring2023_csc791_ase/ASE_spring23_proj/src/sway2/../../data/coc10000.csv

min: 0.5
far: 0.95

sample: 10
Loc+: 1007.8700000000002
[1085.8, 1033.1, 1001.1, 1051.5, 952.5, 992.5, 1025.5, 982.2, 1041.4, 1023.0, 1015.6, 905.3, 974.6, 1023.7, 1069.7, 917.1, 957.4, 962.5, 1161.9, 981.0]
 Risk-: 6.69
[6.1, 6.8, 6.0, 6.0, 6.3, 6.5, 6.5, 7.5, 6.4, 6.9, 6.3, 7.0, 5.4, 6.9, 7.1, 7.7, 6.8, 7.4, 7.5, 6.7]
 Effort-: 30319.52
[33141.5, 32407.4, 25022.0, 30812.0, 26072.0, 31901.1, 30411.9, 29212.3, 28008.9, 32675.7, 24094.4, 27920.2, 29015.3, 31834.7, 34441.1, 27327.4, 30334.5, 29657.4, 42526.4, 29574.2]
execution time: 31.971312761306763 seconds

sample: 25
Loc+: 1024.9299999999998
[1010.6, 1021.6, 1072.1, 1076.0, 998.4, 1014.5, 1007.6, 943.9, 1087.8, 1064.4, 961.3, 965.8, 1082.7, 953.7, 1002.8, 1029.0, 1085.4, 1040.1, 1032.5, 1048.4]
 Risk-: 6.604999999999999
[6.6, 6.2, 7.1, 6.3, 6.2, 7.8, 6.2, 7.1, 6.9, 6.7, 7.0, 6.8, 6.1, 6.3, 6.7, 6.2, 6.2, 6.1, 6.1, 7.5]
 Effort-: 30307.910000000003
[28168.0, 33034.8, 28937.6, 28639.7, 27720.7, 32008.2, 31729.1, 28717.6, 32612.9, 32669.0, 28220.7, 30160.3, 32569.0, 28481.8, 29450.3, 28657.5, 29141.9, 29743.0, 31571.0, 33925.1]
execution time: 31.516682386398315 seconds

sample: 50
Loc+: 1003.21
[1032.1, 1001.6, 1000.5, 1045.7, 1037.8, 1028.2, 1030.9, 945.5, 962.5, 980.1, 1142.4, 1018.7, 1001.4, 922.8, 980.3, 996.7, 955.9, 1036.2, 1034.9, 910.0]
 Risk-: 6.524999999999999
[5.9, 5.7, 6.8, 6.7, 7.2, 7.8, 6.9, 6.8, 6.3, 7.0, 6.6, 6.1, 6.3, 6.6, 5.8, 6.5, 6.3, 6.3, 6.4, 6.5]
 Effort-: 30044.335
[29691.9, 31113.3, 31638.6, 34751.6, 31111.1, 33798.8, 31496.8, 27135.1, 27191.5, 31228.3, 31722.8, 30149.6, 29171.7, 29176.0, 28212.1, 29526.2, 28608.7, 26865.3, 30504.4, 27792.9]
execution time: 34.66922354698181 seconds

sample: 100
Loc+: 1014.6750000000002
[964.0, 1057.1, 1065.1, 1002.9, 1046.4, 1036.7, 1065.1, 884.6, 1021.0, 1005.4, 982.2, 1066.9, 995.4, 1032.1, 1032.7, 1041.2, 988.6, 1028.3, 996.4, 981.4]
 Risk-: 6.5200000000000005
[6.4, 6.5, 7.0, 6.4, 7.1, 6.8, 6.0, 6.3, 6.8, 5.5, 6.7, 7.1, 6.7, 6.5, 6.7, 6.2, 6.5, 6.4, 6.4, 6.4]
 Effort-: 30081.505000000005
[27980.2, 29366.2, 28771.7, 31921.4, 32753.4, 32155.0, 31843.8, 24507.7, 28315.2, 31373.9, 35587.6, 31960.7, 29693.6, 27236.2, 26851.2, 26766.0, 28652.7, 31137.4, 30788.3, 33967.9]
execution time: 39.01759958267212 seconds

sample: 200
Loc+: 999.5200000000001
[930.0, 1100.7, 968.4, 1027.0, 980.5, 924.6, 959.6, 1037.9, 1074.7, 958.1, 952.7, 986.6, 991.2, 958.9, 1036.9, 988.2, 1022.6, 1070.2, 1076.1, 945.5]
 Risk-: 6.62
[7.0, 5.8, 6.2, 7.2, 6.4, 7.2, 6.0, 6.6, 6.6, 7.0, 6.2, 5.8, 6.7, 7.0, 7.8, 7.0, 6.4, 6.7, 6.4, 6.4]
 Effort-: 30865.444999999996
[30402.4, 31880.5, 26120.6, 33792.2, 31998.8, 30240.5, 24650.6, 37482.9, 31049.8, 26761.5, 29652.8, 28853.5, 30112.9, 30266.1, 36254.6, 29878.0, 30809.1, 34129.6, 33171.1, 29801.4]
execution time: 32.034364461898804 seconds

sample: 500
Loc+: 1008.05
[981.2, 939.2, 1033.5, 1003.3, 1008.9, 946.5, 1012.0, 905.8, 1007.2, 968.1, 983.2, 1063.2, 944.5, 1021.8, 1081.5, 1146.3, 1063.1, 1043.6, 1036.7, 971.4]
 Risk-: 6.470000000000001
[6.6, 6.1, 7.3, 6.9, 5.6, 6.3, 6.5, 6.0, 5.7, 7.4, 5.9, 6.7, 5.9, 7.2, 7.0, 6.1, 7.3, 6.2, 6.5, 6.2]
 Effort-: 29261.07
[32068.9, 28271.5, 31678.9, 27048.2, 26755.0, 26219.0, 29069.6, 26002.4, 26604.2, 32065.7, 27861.1, 29100.2, 27471.8, 30505.6, 32507.7, 30809.8, 30354.2, 32132.1, 34006.2, 24689.3]
execution time: 32.71361422538757 seconds

sample: 1000
Loc+: 997.7049999999999
[1005.6, 998.2, 972.4, 999.7, 969.4, 942.6, 980.9, 985.4, 1033.5, 988.3, 994.4, 1016.4, 996.8, 953.6, 1078.0, 941.8, 1011.8, 1022.1, 1021.7, 1041.5]
 Risk-: 6.529999999999999
[6.0, 6.1, 6.6, 6.6, 6.8, 6.1, 7.2, 6.6, 6.9, 6.4, 7.1, 6.9, 7.2, 6.3, 5.8, 6.8, 6.4, 6.7, 5.7, 6.4]
 Effort-: 29495.605000000003
[26111.1, 33215.5, 28614.8, 29037.2, 29726.9, 27481.8, 29824.3, 29671.0, 29873.4, 29488.9, 33039.6, 30661.3, 29837.9, 28754.9, 29210.4, 28603.4, 29630.0, 27999.7, 30388.4, 28741.6]
execution time: 35.368733406066895 seconds

