/home/etlin/Documents/ncsu/spring2023_csc791_ase/ASE_spring23_proj/src/sway2/../../data/coc1000.csv

min: 0.5
far: 0.95

sample: 10
LOC+: 1021.2549999999999
[1019.3, 1191.1, 1060.5, 966.0, 1081.9, 952.2, 1114.0, 944.2, 1095.2, 1053.8, 912.2, 967.6, 1103.3, 1031.6, 1032.1, 1171.5, 932.6, 836.7, 930.6, 1028.7]
 AEXP-: 2.975
[2.8, 3.2, 3.1, 3.0, 3.1, 2.8, 2.8, 3.0, 2.9, 2.9, 2.9, 3.0, 3.0, 2.9, 3.1, 3.1, 3.0, 3.0, 3.0, 2.9]
 PLEX-: 3.03
[3.1, 3.2, 3.3, 3.0, 2.8, 3.2, 2.9, 3.0, 3.4, 3.0, 3.0, 2.9, 2.9, 3.2, 3.1, 2.9, 3.0, 2.9, 2.9, 2.9]
 RISK-: 6.8199999999999985
[6.3, 6.4, 6.7, 6.1, 7.6, 6.2, 7.3, 4.9, 5.7, 8.2, 6.7, 6.8, 6.9, 5.7, 7.3, 8.5, 7.6, 6.6, 8.2, 6.7]
 EFFORT-: 31977.194999999996
[30448.7, 36591.9, 31223.5, 27328.5, 42365.9, 28287.8, 35468.6, 25012.2, 28652.2, 41653.4, 26685.9, 30151.3, 34853.6, 37360.5, 29723.7, 43921.5, 29581.7, 19220.8, 30192.2, 30820.0]
execution time: 2.9074645042419434 seconds

sample: 25
LOC+: 1024.7849999999999
[1004.5, 899.1, 986.3, 1038.9, 1107.7, 1131.8, 931.9, 1039.9, 974.2, 937.1, 1097.4, 1074.4, 919.8, 1057.5, 1045.4, 1081.8, 1138.7, 1006.6, 985.3, 1037.4]
 AEXP-: 2.915
[2.5, 2.7, 3.1, 2.9, 2.8, 2.6, 3.0, 2.9, 3.0, 2.8, 2.7, 2.7, 3.1, 3.0, 2.6, 3.3, 2.8, 3.4, 3.3, 3.1]
 PLEX-: 3.0599999999999996
[2.9, 3.0, 3.0, 3.1, 3.2, 3.3, 3.0, 3.4, 2.8, 3.1, 3.2, 3.1, 2.8, 2.9, 3.0, 3.1, 2.9, 3.1, 2.9, 3.4]
 RISK-: 6.595000000000001
[6.5, 8.0, 6.9, 8.0, 6.9, 7.0, 6.2, 5.8, 6.8, 5.0, 6.1, 6.5, 6.2, 7.2, 6.7, 6.2, 5.8, 5.2, 8.1, 6.8]
 EFFORT-: 30534.704999999998
[33883.1, 31176.4, 26567.6, 32592.4, 37645.7, 37349.3, 28215.0, 24502.4, 29790.3, 20453.9, 24930.6, 41022.0, 30943.0, 33187.2, 35064.4, 33332.3, 32332.1, 29844.7, 21776.0, 26085.7]
execution time: 2.91300106048584 seconds

sample: 50
LOC+: 1021.6700000000001
[1033.3, 1002.4, 1001.0, 1149.8, 1180.9, 984.8, 973.1, 908.3, 1091.6, 1054.9, 1029.4, 1118.5, 916.3, 967.4, 1076.0, 1035.3, 887.0, 1074.6, 898.4, 1050.4]
 AEXP-: 2.995
[2.6, 3.1, 3.2, 3.3, 3.2, 3.1, 2.9, 3.1, 3.0, 2.9, 3.0, 2.9, 3.2, 2.9, 2.6, 2.9, 2.6, 3.1, 3.4, 2.9]
 PLEX-: 2.995
[3.3, 2.9, 2.8, 3.0, 2.8, 3.3, 3.1, 2.8, 3.2, 3.0, 2.9, 3.0, 2.9, 3.1, 3.2, 3.0, 2.8, 3.0, 2.8, 3.0]
 RISK-: 6.534999999999999
[5.9, 7.8, 6.0, 6.0, 5.7, 8.1, 6.4, 6.3, 8.1, 4.8, 6.8, 7.6, 6.6, 6.2, 5.7, 7.2, 6.8, 6.5, 6.8, 5.4]
 EFFORT-: 30262.19000000001
[22165.1, 32529.2, 25916.2, 34494.8, 27840.7, 33457.9, 32989.0, 31279.2, 35308.1, 29982.8, 27660.4, 38210.4, 26276.7, 26779.5, 27549.2, 30070.7, 27443.9, 32821.2, 27418.5, 35050.3]
execution time: 2.722810745239258 seconds

sample: 100
LOC+: 1028.4900000000002
[1069.7, 1143.9, 941.4, 1114.5, 879.0, 997.4, 919.9, 1037.9, 1068.8, 916.6, 1018.7, 1238.6, 1014.4, 895.9, 1154.6, 984.7, 1044.9, 1179.4, 999.8, 949.7]
 AEXP-: 3.0149999999999997
[2.9, 2.9, 3.2, 2.8, 3.3, 3.2, 2.9, 3.1, 3.2, 2.8, 3.1, 3.3, 2.7, 2.9, 3.1, 2.9, 2.9, 2.9, 3.2, 3.0]
 PLEX-: 2.9950000000000006
[2.9, 3.1, 2.9, 3.2, 3.0, 3.1, 2.7, 3.0, 3.2, 3.1, 3.0, 2.9, 2.6, 3.1, 2.9, 3.2, 3.2, 2.7, 2.7, 3.4]
 RISK-: 6.709999999999999
[8.6, 6.7, 6.8, 6.6, 6.3, 7.7, 6.3, 5.9, 8.7, 10.1, 6.1, 6.4, 6.2, 5.7, 7.3, 5.4, 6.3, 5.3, 5.7, 6.1]
 EFFORT-: 31512.78
[32662.3, 34349.3, 32565.5, 33184.0, 25583.5, 30262.4, 27108.5, 33888.4, 36536.9, 39001.8, 29138.7, 37238.3, 22860.8, 26867.7, 39187.9, 23913.6, 35493.2, 38718.4, 29814.6, 21879.8]
execution time: 2.740405797958374 seconds

sample: 200
LOC+: 1021.0949999999999
[966.3, 1249.5, 946.2, 1084.1, 1000.4, 1102.4, 980.1, 1051.2, 967.6, 952.0, 1032.8, 984.9, 1091.6, 938.7, 1023.9, 905.2, 1036.7, 1066.1, 1115.1, 927.1]
 AEXP-: 2.9450000000000003
[2.9, 3.1, 2.9, 3.2, 2.8, 3.1, 3.0, 2.5, 2.7, 2.8, 2.9, 3.0, 3.2, 2.9, 3.2, 3.0, 3.0, 2.8, 3.0, 2.9]
 PLEX-: 2.9900000000000007
[2.5, 2.7, 2.8, 3.0, 2.9, 3.0, 3.1, 3.0, 3.1, 2.8, 3.0, 2.9, 3.2, 3.2, 3.2, 3.3, 3.1, 3.2, 2.8, 3.0]
 RISK-: 6.565000000000002
[7.6, 5.3, 7.0, 7.4, 7.1, 6.7, 4.9, 7.9, 7.2, 7.8, 7.2, 6.4, 5.9, 6.4, 6.4, 6.8, 6.2, 7.2, 3.7, 6.2]
 EFFORT-: 29948.054999999993
[43451.3, 31651.3, 25152.4, 33832.3, 34564.5, 30214.6, 24455.5, 31421.9, 28704.5, 30606.8, 32232.4, 28771.0, 32419.9, 21625.1, 29003.6, 24688.6, 28274.7, 31053.0, 30463.5, 26374.2]
execution time: 2.864177703857422 seconds

sample: 500
LOC+: 1027.9650000000001
[1108.1, 908.2, 1255.4, 1036.7, 874.6, 1039.1, 962.4, 936.3, 939.1, 1107.1, 1020.5, 972.1, 1110.1, 989.7, 984.5, 1070.4, 994.5, 1213.2, 1103.1, 934.2]
 AEXP-: 2.925
[3.0, 3.1, 3.0, 2.5, 2.9, 3.2, 2.9, 3.0, 3.4, 2.7, 2.7, 3.1, 3.4, 2.8, 2.6, 2.8, 2.9, 2.9, 2.9, 2.7]
 PLEX-: 3.11
[3.4, 3.1, 3.3, 3.0, 2.8, 3.2, 3.4, 2.6, 3.3, 2.8, 2.9, 3.1, 3.3, 2.9, 3.1, 2.9, 3.3, 3.1, 3.4, 3.3]
 RISK-: 6.5600000000000005
[6.6, 6.3, 5.8, 7.7, 7.6, 7.5, 6.7, 7.2, 6.2, 6.4, 5.9, 7.0, 4.9, 7.6, 5.4, 6.1, 6.8, 5.3, 6.5, 7.7]
 EFFORT-: 31719.57
[31598.2, 27040.4, 31193.8, 35234.6, 31648.5, 26413.5, 36064.9, 26683.8, 23833.6, 36654.9, 25555.4, 30013.2, 28783.1, 33931.8, 36373.7, 36460.8, 28848.6, 39277.7, 34442.5, 34338.4]
execution time: 3.3798105716705322 seconds

sample: 1000
LOC+: 987.3449999999997
[769.3, 949.8, 985.8, 953.3, 999.9, 920.2, 920.2, 1025.1, 1085.3, 912.8, 956.4, 1030.2, 974.9, 1043.7, 1093.9, 934.1, 1052.0, 964.8, 1005.6, 1169.6]
 AEXP-: 2.9899999999999998
[2.9, 2.9, 3.0, 3.0, 2.9, 3.2, 3.2, 3.0, 3.0, 3.0, 2.9, 2.7, 2.9, 3.0, 3.1, 3.1, 2.9, 2.9, 2.9, 3.3]
 PLEX-: 2.9850000000000003
[2.7, 3.1, 3.1, 3.2, 3.1, 3.4, 2.8, 3.0, 2.9, 2.6, 2.7, 2.9, 3.0, 3.1, 3.1, 2.8, 2.9, 3.1, 3.2, 3.0]
 RISK-: 6.675
[8.0, 7.2, 5.3, 7.1, 7.0, 6.0, 6.2, 7.2, 5.3, 6.1, 6.3, 9.3, 5.9, 6.0, 6.6, 7.1, 6.4, 6.6, 6.9, 7.0]
 EFFORT-: 30132.909999999996
[22511.1, 28580.2, 26164.6, 25650.9, 33374.1, 19302.5, 25829.7, 36991.9, 28857.0, 31810.6, 35695.8, 37472.3, 32932.4, 32949.6, 33595.1, 33009.4, 30357.2, 27443.7, 29876.9, 30253.2]
execution time: 3.9496397972106934 seconds

