/home/etlin/Documents/ncsu/spring2023_csc791_ase/ASE_spring23_proj/src/sway2/../../data/healthCloseIsses12mths0001-hard.csv

min: 0.5
far: 0.95

sample: 10
MRE-: 82.37499999999999
[82.0, 83.2, 82.0, 81.3, 81.5, 82.9, 83.0, 81.6, 82.7, 80.3, 83.3, 84.6, 84.6, 81.6, 81.3, 80.9, 83.6, 82.6, 82.1, 82.4]
ACC+: 5.125
[5.3, 4.9, 5.1, 5.4, 5.4, 5.0, 5.0, 5.3, 5.0, 5.7, 4.8, 4.5, 4.5, 5.3, 5.6, 5.7, 4.7, 5.1, 5.2, 5.0]
PRED40+: 22.47
[23.6, 22.6, 22.6, 22.2, 22.2, 23.3, 21.1, 22.3, 22.2, 20.5, 23.2, 23.3, 22.5, 22.7, 24.1, 21.9, 21.4, 23.0, 22.7, 22.0]
execution time: 11.92552924156189 seconds

sample: 25
MRE-: 82.29499999999999
[82.1, 82.1, 81.2, 84.1, 83.7, 82.0, 83.0, 80.9, 81.0, 81.1, 83.4, 82.6, 83.1, 80.6, 83.3, 82.1, 81.8, 82.1, 83.4, 82.3]
ACC+: 5.159999999999999
[5.2, 5.3, 5.4, 4.5, 4.8, 5.3, 4.9, 5.6, 5.4, 5.6, 4.9, 5.0, 4.9, 5.7, 4.8, 5.2, 5.3, 5.3, 5.0, 5.1]
PRED40+: 22.315
[22.3, 22.3, 23.4, 23.3, 23.4, 22.2, 22.3, 22.0, 21.8, 22.0, 22.7, 22.1, 21.3, 21.4, 23.5, 22.5, 21.5, 22.3, 22.1, 21.9]
execution time: 11.017215728759766 seconds

sample: 50
MRE-: 82.37499999999999
[83.4, 81.8, 80.9, 81.2, 82.9, 81.8, 82.3, 81.0, 83.5, 81.0, 84.1, 83.5, 81.8, 82.8, 82.8, 82.8, 82.2, 82.6, 82.5, 82.6]
ACC+: 5.12
[4.9, 5.2, 5.4, 5.4, 5.0, 5.3, 5.1, 5.6, 4.8, 5.5, 4.6, 4.7, 5.4, 5.1, 5.0, 4.9, 5.4, 5.1, 5.0, 5.0]
PRED40+: 21.935
[23.2, 21.5, 20.9, 19.6, 22.2, 20.3, 23.5, 21.6, 21.0, 21.3, 22.2, 23.5, 21.0, 22.5, 22.1, 21.1, 23.3, 21.6, 23.4, 22.9]
execution time: 11.234102249145508 seconds

sample: 100
MRE-: 82.23
[82.3, 82.3, 82.3, 84.0, 81.5, 82.8, 82.7, 82.4, 83.3, 82.1, 81.1, 81.4, 83.1, 83.2, 81.2, 81.0, 81.5, 80.9, 83.9, 81.6]
ACC+: 5.17
[5.1, 5.0, 5.2, 4.7, 5.5, 5.2, 5.1, 5.1, 4.9, 5.2, 5.4, 5.5, 4.9, 4.9, 5.6, 5.6, 5.2, 5.5, 4.6, 5.2]
PRED40+: 22.220000000000002
[21.1, 22.9, 21.0, 23.9, 20.7, 23.8, 21.8, 23.5, 22.3, 22.3, 22.8, 22.6, 22.8, 21.2, 23.4, 21.5, 18.2, 22.8, 22.7, 23.1]
execution time: 12.021117925643921 seconds

sample: 200
MRE-: 82.215
[82.9, 82.4, 81.1, 82.7, 82.5, 84.8, 81.7, 82.7, 81.0, 81.9, 83.6, 82.2, 80.4, 82.8, 80.9, 81.6, 81.1, 82.4, 81.6, 84.0]
ACC+: 5.175
[4.8, 5.2, 5.5, 5.0, 5.5, 4.3, 5.5, 4.9, 5.5, 5.3, 4.5, 5.1, 5.6, 4.9, 5.7, 5.3, 5.5, 5.4, 5.4, 4.6]
PRED40+: 22.005000000000003
[23.1, 22.1, 22.1, 22.3, 21.7, 22.3, 21.7, 21.6, 21.8, 21.9, 24.2, 23.1, 22.0, 19.4, 21.3, 21.4, 20.4, 21.6, 21.8, 24.3]
execution time: 11.90557336807251 seconds

sample: 500
MRE-: 82.42999999999999
[80.7, 82.3, 82.4, 80.3, 81.7, 81.7, 81.6, 81.6, 82.8, 82.0, 83.0, 83.9, 83.4, 83.2, 82.3, 83.7, 82.3, 83.8, 83.5, 82.4]
ACC+: 5.05
[5.6, 5.3, 5.0, 5.6, 5.1, 5.2, 5.2, 5.3, 5.1, 5.2, 5.0, 4.5, 4.8, 4.9, 5.0, 4.8, 5.1, 4.6, 4.7, 5.0]
PRED40+: 22.379999999999995
[22.2, 22.8, 20.7, 22.1, 23.4, 21.3, 23.9, 21.6, 23.6, 21.0, 23.2, 24.4, 24.0, 22.7, 22.1, 20.9, 21.7, 21.2, 22.9, 21.9]
execution time: 12.017227411270142 seconds

sample: 1000
MRE-: 81.9
[83.6, 81.5, 80.8, 81.0, 83.6, 82.4, 82.7, 81.1, 80.7, 81.6, 82.4, 81.5, 81.7, 82.6, 81.4, 82.0, 82.0, 82.6, 81.9, 80.9]
ACC+: 5.244999999999999
[4.6, 5.4, 5.5, 5.4, 4.6, 5.1, 5.0, 5.4, 5.6, 5.3, 5.1, 5.7, 5.3, 5.0, 5.3, 5.3, 5.3, 5.1, 5.2, 5.7]
PRED40+: 21.990000000000002
[22.8, 21.8, 21.8, 21.7, 22.6, 23.7, 21.1, 23.5, 22.2, 21.8, 22.3, 22.5, 22.3, 20.7, 21.5, 22.3, 22.2, 21.1, 21.0, 20.9]
execution time: 11.348515033721924 seconds

