/home/etlin/Documents/ncsu/spring2023_csc791_ase/ASE_spring23_proj/src/sway2/../../data/healthCloseIsses12mths0011-easy.csv

min: 0.5
far: 0.95

sample: 10
MRE-: 92.62500000000001
[96.2, 94.3, 90.6, 95.1, 94.6, 100.7, 88.7, 90.1, 97.1, 90.0, 90.0, 91.2, 92.4, 87.4, 93.4, 89.6, 93.2, 94.3, 97.3, 86.3]
ACC+: -8.584999999999999
[-8.9, -8.6, -9.0, -8.9, -8.8, -9.1, -8.5, -8.2, -9.0, -8.5, -8.6, -8.3, -8.3, -8.3, -8.4, -8.4, -8.5, -8.7, -8.9, -7.8]
PRED40+: 17.56
[14.9, 16.2, 19.8, 16.0, 16.2, 11.5, 20.8, 19.1, 14.6, 19.6, 19.7, 18.4, 17.4, 21.5, 16.7, 19.8, 16.9, 16.3, 14.1, 21.7]
execution time: 11.36610221862793 seconds

sample: 25
MRE-: 91.54
[94.2, 87.8, 88.6, 97.3, 91.1, 95.4, 92.5, 90.8, 96.2, 92.6, 92.2, 90.4, 87.8, 91.5, 89.9, 84.8, 92.6, 91.9, 93.2, 90.0]
ACC+: -8.445
[-8.4, -7.6, -8.3, -8.8, -8.8, -8.9, -8.7, -8.1, -8.6, -8.6, -8.8, -8.4, -8.2, -8.6, -8.3, -7.7, -8.5, -8.4, -8.8, -8.4]
PRED40+: 18.269999999999996
[15.9, 20.2, 20.6, 13.9, 19.2, 15.6, 17.8, 18.3, 14.5, 17.7, 18.2, 19.2, 21.1, 18.5, 19.4, 22.9, 17.5, 18.0, 17.4, 19.5]
execution time: 10.85274362564087 seconds

sample: 50
MRE-: 92.59499999999998
[94.3, 90.7, 102.2, 91.0, 88.3, 84.8, 91.8, 90.8, 95.1, 99.8, 91.2, 90.6, 98.3, 87.5, 91.1, 92.3, 95.3, 97.3, 89.5, 90.0]
ACC+: -8.529999999999998
[-8.8, -8.4, -9.4, -8.5, -8.4, -7.6, -8.5, -8.6, -9.1, -9.6, -8.6, -8.3, -9.2, -7.8, -8.2, -8.2, -8.6, -9.0, -7.8, -8.0]
PRED40+: 17.534999999999993
[16.5, 18.9, 10.7, 18.8, 21.0, 22.8, 18.1, 19.2, 16.2, 13.0, 18.7, 18.9, 13.7, 20.7, 18.4, 17.4, 15.5, 14.2, 19.1, 18.9]
execution time: 11.67056918144226 seconds

sample: 100
MRE-: 92.46499999999999
[87.1, 92.4, 97.4, 90.8, 92.2, 91.8, 91.3, 82.7, 88.1, 96.4, 101.2, 95.6, 91.1, 93.0, 85.5, 94.0, 99.8, 94.1, 92.5, 92.3]
ACC+: -8.52
[-8.2, -8.8, -8.7, -8.5, -8.5, -8.7, -8.6, -7.3, -7.8, -8.9, -9.6, -8.9, -8.3, -8.2, -7.9, -8.9, -9.3, -8.5, -8.6, -8.2]
PRED40+: 17.65
[21.7, 18.1, 13.7, 18.9, 18.1, 18.5, 18.8, 24.3, 20.4, 14.7, 11.8, 15.5, 18.5, 16.7, 22.6, 16.9, 12.6, 16.2, 17.7, 17.3]
execution time: 10.647394895553589 seconds

sample: 200
MRE-: 92.12499999999997
[87.0, 98.9, 94.0, 95.1, 90.6, 93.6, 87.3, 92.1, 85.8, 100.0, 97.0, 92.7, 89.6, 92.5, 88.1, 99.8, 85.1, 91.5, 87.0, 94.8]
ACC+: -8.55
[-7.9, -9.4, -9.1, -9.2, -8.8, -8.6, -7.9, -8.7, -7.8, -9.3, -9.2, -8.4, -8.3, -7.9, -8.4, -9.4, -7.6, -8.3, -8.3, -8.5]
PRED40+: 17.965
[21.3, 13.4, 17.2, 16.3, 19.5, 16.8, 21.1, 18.2, 22.1, 12.4, 14.7, 17.6, 19.9, 16.8, 21.1, 12.7, 22.6, 18.1, 21.9, 15.6]
execution time: 10.704006671905518 seconds

sample: 500
MRE-: 92.18
[83.7, 92.4, 94.5, 87.8, 93.4, 92.3, 85.5, 91.0, 92.2, 94.5, 92.0, 98.0, 93.6, 91.6, 95.6, 93.9, 92.0, 98.0, 86.4, 95.2]
ACC+: -8.465000000000002
[-7.8, -8.3, -8.5, -8.2, -8.5, -8.8, -7.5, -8.2, -8.7, -8.2, -8.4, -8.9, -8.9, -8.5, -8.8, -8.7, -8.4, -9.3, -7.9, -8.8]
PRED40+: 17.805
[24.0, 17.3, 15.8, 21.2, 16.8, 18.2, 22.1, 18.3, 18.3, 15.5, 17.8, 13.6, 17.1, 18.4, 15.5, 16.7, 17.9, 14.0, 21.9, 15.7]
execution time: 10.974743604660034 seconds

sample: 1000
MRE-: 91.155
[90.6, 92.7, 83.6, 86.3, 95.1, 90.9, 93.0, 90.4, 90.9, 87.6, 95.9, 88.1, 90.9, 95.1, 88.5, 97.4, 93.7, 88.7, 92.6, 91.1]
ACC+: -8.319999999999999
[-8.6, -8.9, -7.5, -8.0, -8.8, -7.4, -8.6, -8.2, -7.9, -7.8, -8.9, -7.8, -8.3, -9.0, -8.4, -9.3, -8.6, -8.1, -8.6, -7.7]
PRED40+: 18.494999999999997
[19.4, 17.9, 23.6, 22.3, 15.8, 17.5, 17.5, 18.9, 18.0, 20.7, 15.2, 20.2, 18.9, 16.2, 20.9, 14.6, 16.8, 20.2, 17.6, 17.7]
execution time: 11.323487997055054 seconds

