/home/etlin/Documents/ncsu/spring2023_csc791_ase/ASE_spring23_proj/src/sway2/../../data/nasa93dem.csv

min: 0.5
far: 0.95

sample: 10
Kloc+: 85.46000000000001
[88.3, 46.0, 147.8, 52.6, 100.3, 93.8, 83.6, 131.9, 65.5, 87.9, 66.1, 66.3, 65.8, 56.7, 50.0, 78.2, 87.6, 127.5, 64.3, 149.0]
Effort-: 582.1850000000001
[1351.3, 249.7, 832.1, 387.9, 421.5, 1368.1, 349.9, 916.4, 339.4, 727.1, 485.3, 512.1, 418.7, 456.4, 337.6, 216.8, 360.7, 228.2, 251.3, 1433.2]
Defects-: 3448.45
[3578.5, 1944.8, 6506.8, 1980.9, 3981.8, 4068.8, 3703.9, 5639.5, 2690.0, 3114.1, 3140.7, 2492.5, 2399.1, 2486.3, 2050.5, 2798.3, 2859.6, 4200.0, 2308.2, 7024.7]
Months-: 23.439999999999998
[24.7, 18.5, 28.6, 19.6, 23.9, 27.7, 23.6, 28.0, 19.5, 24.7, 22.7, 22.5, 21.5, 23.0, 20.9, 21.2, 22.4, 23.6, 21.8, 30.4]
execution time: 0.23421645164489746 seconds

sample: 25
Kloc+: 81.19000000000001
[64.5, 27.2, 124.5, 56.3, 73.4, 101.9, 120.2, 33.8, 44.5, 81.7, 43.1, 118.7, 109.2, 66.6, 131.4, 75.2, 73.1, 46.0, 155.4, 77.1]
Effort-: 595.545
[397.7, 115.7, 1021.9, 585.5, 586.7, 646.0, 745.8, 393.3, 162.7, 464.3, 475.9, 1019.3, 461.3, 396.7, 1149.9, 523.6, 671.8, 270.3, 1036.2, 786.3]
Defects-: 3255.1950000000006
[2878.2, 1029.7, 4935.0, 2173.8, 2891.2, 4243.4, 5162.6, 1321.9, 1866.2, 3480.2, 1834.2, 5425.7, 3794.8, 2236.7, 4746.2, 2786.0, 2652.4, 2022.8, 6392.4, 3230.5]
Months-: 23.404999999999994
[23.8, 15.8, 28.7, 23.1, 24.2, 26.3, 26.8, 17.6, 18.0, 23.9, 19.1, 28.4, 24.4, 21.0, 30.2, 22.7, 21.9, 19.0, 30.4, 22.8]
execution time: 0.23115301132202148 seconds

sample: 50
Kloc+: 84.405
[161.8, 129.9, 70.3, 49.2, 97.5, 63.7, 88.8, 96.4, 51.0, 126.4, 42.6, 71.2, 89.0, 101.2, 80.3, 87.4, 48.1, 92.0, 73.0, 68.3]
Effort-: 664.2049999999999
[1182.1, 1198.8, 855.3, 272.7, 992.9, 740.0, 967.1, 455.0, 268.0, 741.1, 188.0, 568.0, 492.3, 499.0, 448.8, 769.6, 1109.8, 308.4, 546.2, 681.0]
Defects-: 3317.905
[7981.2, 5863.7, 2970.2, 1808.8, 3478.9, 2158.6, 3430.8, 2905.0, 1941.1, 4979.7, 1630.8, 2793.5, 3572.3, 3608.0, 2986.3, 3582.4, 1862.5, 3212.8, 2887.8, 2703.7]
Months-: 23.820000000000007
[33.2, 27.7, 23.1, 18.0, 26.5, 22.9, 25.1, 23.8, 19.9, 28.5, 17.5, 24.3, 23.8, 24.1, 22.8, 23.3, 23.3, 22.3, 22.5, 23.8]
execution time: 0.27471494674682617 seconds

sample: 100
Kloc+: 84.05000000000003
[91.8, 167.4, 99.0, 58.4, 46.4, 118.1, 93.1, 44.2, 51.5, 57.2, 86.7, 140.2, 53.2, 73.4, 64.7, 67.0, 93.7, 97.7, 88.4, 88.9]
Effort-: 596.2250000000001
[814.9, 764.7, 553.7, 734.9, 350.9, 631.0, 503.5, 346.2, 183.6, 490.8, 375.6, 974.1, 468.8, 544.3, 186.9, 304.2, 1304.6, 308.6, 1292.3, 790.9]
Defects-: 3538.75
[3953.4, 7503.6, 4275.9, 2094.2, 2271.5, 4749.7, 3255.3, 1852.7, 2257.3, 2784.1, 3663.8, 6896.5, 2365.4, 3028.9, 2687.0, 2741.8, 3535.3, 4212.7, 3332.0, 3313.9]
Months-: 23.675000000000004
[26.1, 28.8, 26.4, 22.3, 21.8, 24.5, 25.0, 19.1, 19.5, 20.1, 23.2, 29.7, 21.0, 23.1, 20.3, 21.7, 26.2, 22.8, 25.8, 26.1]
execution time: 0.3614776134490967 seconds

sample: 200
Kloc+: 76.7
[146.1, 42.1, 71.0, 102.2, 63.3, 34.4, 78.0, 63.0, 142.7, 50.4, 109.1, 51.2, 47.2, 90.6, 82.5, 110.8, 89.4, 58.1, 22.2, 79.7]
Effort-: 541.1350000000001
[1173.1, 438.9, 470.0, 932.7, 886.0, 302.3, 586.3, 330.4, 876.7, 729.9, 456.4, 247.5, 219.0, 504.5, 475.7, 488.0, 446.7, 350.2, 272.7, 635.7]
Defects-: 2956.9300000000003
[5267.7, 1693.8, 2970.5, 3773.5, 2023.3, 1374.6, 3110.7, 2437.2, 5219.5, 2219.6, 4083.7, 2291.9, 2159.5, 3458.0, 3564.8, 3499.7, 3764.0, 2055.3, 1078.0, 3093.3]
Months-: 22.490000000000002
[29.6, 20.8, 24.5, 23.6, 20.1, 19.4, 23.0, 21.2, 29.6, 21.3, 25.1, 21.2, 18.5, 22.0, 21.9, 24.6, 22.5, 20.3, 18.3, 22.3]
execution time: 0.4240899085998535 seconds

sample: 500
Kloc+: 95.41999999999999
[93.3, 93.1, 85.7, 64.7, 82.6, 33.3, 76.6, 134.6, 98.4, 100.9, 153.5, 85.1, 84.6, 60.3, 102.4, 96.6, 128.9, 50.2, 88.6, 195.0]
Effort-: 681.325
[334.8, 666.1, 393.1, 649.5, 586.2, 212.9, 358.0, 921.9, 409.3, 1200.0, 679.0, 630.0, 736.0, 521.9, 596.7, 557.8, 1276.5, 313.7, 678.5, 1904.6]
Defects-: 3854.59
[3564.8, 3543.4, 3551.8, 2486.3, 3322.6, 1461.6, 3479.3, 6004.6, 3116.3, 4119.6, 5329.1, 3649.1, 3760.1, 2001.1, 4551.3, 3965.1, 4786.8, 1915.4, 3703.9, 8779.6]
Months-: 24.269999999999996
[23.7, 22.3, 23.8, 22.8, 21.3, 18.6, 23.3, 29.5, 23.6, 27.2, 28.2, 25.7, 24.2, 20.0, 25.9, 23.9, 27.2, 18.2, 23.1, 32.9]
execution time: 0.6372396945953369 seconds

sample: 1000
Kloc+: 94.51499999999997
[112.0, 70.0, 104.4, 54.6, 85.2, 126.6, 103.7, 71.4, 96.4, 87.0, 97.3, 94.3, 95.1, 104.3, 76.0, 95.7, 59.1, 158.5, 57.1, 141.6]
Effort-: 658.4599999999999
[758.8, 492.3, 510.8, 276.7, 516.1, 706.2, 670.5, 592.9, 1195.6, 356.0, 1346.5, 475.6, 488.3, 650.8, 868.4, 932.4, 354.7, 977.4, 310.5, 688.7]
Defects-: 3774.2850000000008
[5326.9, 2813.5, 3024.6, 1998.1, 3629.3, 5976.3, 3761.7, 2700.5, 3757.7, 3024.0, 4025.4, 2944.8, 3410.1, 4309.2, 3183.6, 3896.3, 2126.0, 7401.8, 2060.6, 6115.3]
Months-: 24.355
[27.6, 21.1, 23.6, 18.8, 24.3, 27.0, 25.8, 23.6, 25.4, 24.6, 26.6, 22.5, 25.1, 23.7, 24.4, 25.3, 20.7, 30.0, 19.2, 27.8]
execution time: 1.1068735122680664 seconds

