/home/etlin/Documents/ncsu/spring2023_csc791_ase/ASE_spring23_proj/src/sway2/../../data/pom.csv

min: 0.5
far: 0.95

sample: 10
Cost-: 371.2800000000001
[369.1, 370.2, 349.3, 403.1, 356.4, 352.2, 394.8, 375.4, 364.7, 386.4, 362.1, 393.6, 358.5, 353.7, 364.6, 362.3, 380.3, 377.1, 392.8, 359.0]
Completion+: 0.89
[0.9, 0.9, 0.9, 0.9, 0.9, 0.8, 0.9, 0.9, 0.9, 0.9, 0.9, 0.9, 0.9, 0.9, 0.9, 0.8, 0.9, 0.9, 0.9, 0.9]
Idle-: 0.23500000000000001
[0.3, 0.3, 0.2, 0.2, 0.2, 0.2, 0.2, 0.2, 0.3, 0.2, 0.3, 0.3, 0.3, 0.2, 0.2, 0.3, 0.2, 0.2, 0.2, 0.2]
execution time: 18.296322107315063 seconds

sample: 25
Cost-: 364.31499999999994
[364.0, 354.7, 355.2, 331.9, 361.9, 324.1, 369.5, 400.2, 384.2, 385.7, 356.8, 367.9, 365.2, 368.6, 379.8, 358.2, 358.7, 370.9, 350.9, 377.9]
Completion+: 0.9
[0.9, 0.9, 0.9, 0.9, 0.9, 0.9, 0.9, 0.9, 0.9, 0.9, 0.9, 0.9, 0.9, 0.9, 0.9, 0.9, 0.9, 0.9, 0.9, 0.9]
Idle-: 0.23000000000000007
[0.2, 0.2, 0.2, 0.2, 0.3, 0.3, 0.2, 0.3, 0.2, 0.2, 0.2, 0.3, 0.2, 0.2, 0.2, 0.2, 0.2, 0.3, 0.2, 0.3]
execution time: 18.313124895095825 seconds

sample: 50
Cost-: 368.65
[346.5, 396.0, 361.1, 365.1, 382.9, 357.4, 351.9, 403.6, 367.4, 348.3, 360.7, 362.3, 365.4, 368.0, 370.9, 391.0, 355.5, 368.0, 379.6, 371.4]
Completion+: 0.89
[0.9, 0.9, 0.9, 0.9, 0.9, 0.9, 0.9, 0.9, 0.9, 0.9, 0.9, 0.9, 0.9, 0.8, 0.8, 0.9, 0.9, 0.9, 0.9, 0.9]
Idle-: 0.21000000000000005
[0.2, 0.2, 0.2, 0.2, 0.2, 0.2, 0.2, 0.3, 0.2, 0.2, 0.3, 0.2, 0.2, 0.2, 0.2, 0.2, 0.2, 0.2, 0.2, 0.2]
execution time: 18.32889699935913 seconds

sample: 100
Cost-: 369.47999999999996
[356.9, 368.6, 358.9, 380.7, 358.5, 354.8, 363.6, 346.1, 346.6, 382.4, 364.6, 373.5, 385.4, 375.4, 374.8, 407.5, 383.3, 368.5, 365.0, 374.5]
Completion+: 0.9
[0.9, 0.9, 0.9, 0.9, 0.9, 0.9, 0.9, 0.9, 0.9, 0.9, 0.9, 0.9, 0.9, 0.9, 0.9, 0.9, 0.9, 0.9, 0.9, 0.9]
Idle-: 0.22500000000000003
[0.2, 0.2, 0.2, 0.2, 0.2, 0.3, 0.2, 0.2, 0.3, 0.2, 0.3, 0.3, 0.2, 0.2, 0.2, 0.2, 0.2, 0.2, 0.2, 0.3]
execution time: 18.631940841674805 seconds

sample: 200
Cost-: 368.005
[355.6, 371.2, 385.1, 369.0, 347.2, 368.1, 368.2, 338.2, 342.7, 352.8, 360.9, 369.0, 380.1, 366.5, 374.4, 412.0, 378.9, 364.0, 382.2, 374.0]
Completion+: 0.8800000000000002
[0.8, 0.9, 0.9, 0.9, 0.9, 0.9, 0.9, 0.9, 0.9, 0.9, 0.9, 0.8, 0.9, 0.9, 0.8, 0.9, 0.9, 0.8, 0.9, 0.9]
Idle-: 0.23500000000000004
[0.2, 0.2, 0.2, 0.2, 0.2, 0.2, 0.3, 0.3, 0.3, 0.3, 0.2, 0.2, 0.2, 0.2, 0.2, 0.3, 0.3, 0.2, 0.2, 0.3]
execution time: 18.705625534057617 seconds

sample: 500
Cost-: 369.06000000000006
[391.6, 346.0, 365.9, 364.2, 360.6, 365.4, 369.9, 358.3, 385.0, 352.5, 348.3, 385.8, 391.6, 377.3, 373.3, 387.4, 365.5, 354.8, 386.0, 351.8]
Completion+: 0.9
[0.9, 0.9, 0.9, 0.9, 0.9, 0.9, 0.9, 0.9, 0.9, 0.9, 0.9, 0.9, 0.9, 0.9, 0.9, 0.9, 0.9, 0.9, 0.9, 0.9]
Idle-: 0.24000000000000005
[0.2, 0.2, 0.2, 0.2, 0.3, 0.3, 0.2, 0.3, 0.2, 0.3, 0.2, 0.2, 0.3, 0.3, 0.3, 0.2, 0.3, 0.2, 0.2, 0.2]
execution time: 18.236544847488403 seconds

sample: 1000
Cost-: 377.5949999999999
[386.2, 370.4, 385.3, 369.5, 374.1, 373.8, 351.7, 372.8, 382.1, 375.0, 374.6, 375.9, 383.4, 337.3, 414.5, 403.2, 387.7, 383.4, 378.8, 372.2]
Completion+: 0.8800000000000002
[0.9, 0.9, 0.9, 0.9, 0.9, 0.9, 0.9, 0.9, 0.8, 0.9, 0.9, 0.9, 0.9, 0.8, 0.8, 0.9, 0.9, 0.9, 0.9, 0.8]
Idle-: 0.21500000000000002
[0.2, 0.2, 0.2, 0.2, 0.2, 0.2, 0.2, 0.2, 0.2, 0.2, 0.3, 0.2, 0.3, 0.2, 0.2, 0.2, 0.2, 0.3, 0.2, 0.2]
execution time: 19.654078722000122 seconds

